*************************************************************************
*****        G A M M A   S P E C T R U M    A N A L Y S I S         *****
*************************************************************************


Filename: DSA1000A                                                     

Report Generated On             : 4/16/2019   9:34:38 AM

Sample Title                    : Sample title.                          
Sample Description              :                                 
Sample Identification           :                 
Sample Type                     :                 
Sample Geometry                 :                 

Peak Locate Threshold           :  2.50
Peak Locate Range (in channels) :     1 - 65535
Peak Area Range (in channels)   :   100 -  8172
Identification Energy Tolerance :    3.000 keV

Sample Size                     :  1.000E+000 Unit    

Sample Taken On                 :                       
Acquisition Started             : 4/13/2019  12:26:51 PM

Live Time                       :   248422.4 seconds
Real Time                       :   248854.7 seconds

Dead Time                       :   0.17 %


              Energy Calibration Used Done On       : 6/23/2018 
              Efficiency Calibration Used Done On   : 2/21/2019 
              Efficiency ID                         :                        

Peak Analysis Report             4/16/2019   9:34:41 AM            Page  2


**************************************************************************
*****           P E A K    A N A L Y S I S    R E P O R T            *****
**************************************************************************


     Detector Name:  DSA1000A                        
     Sample Title:   Sample title.                                     
     Peak Analysis Performed on:  4/16/2019   9:34:40 AM
               Peak Analysis From Channel:    290
               Peak Analysis To Channel:     8192

   Peak  ROI  ROI    Peak    Energy   FWHM  Net Peak  Net Area  Continuum 
    No. start end  centroid   (keV)   (keV)  Area     Uncert.    Counts 

    1   303-  316   311.41    84.71   1.11      7650.6  331.24   3.70E+004 
    2   317-  332   320.62    87.22   0.65     -2090.9  366.41   4.52E+004 
    3   334-  346   340.32    92.60   1.45      1507.1  300.96   3.38E+004 
    4   447-  454   450.31   122.60   0.27      -149.3  231.71   2.67E+004 
    5   525-  537   530.02   144.35   0.33       477.6  343.81   4.47E+004 
    6   623-  633   627.44   170.93   0.32        73.0  289.72   3.52E+004 
    7   652-  668   660.77   180.02   0.27      -251.5  406.57   5.29E+004 
    8   677-  686   680.29   185.35   1.06      2493.9  266.42   3.03E+004 
    9   763-  774   766.50   208.87   0.63       462.9  287.02   3.26E+004 
   10   853-  861   856.57   233.44   0.27       -20.9  216.15   2.19E+004 
   11   868-  881   875.24   238.53   1.15      4475.7  312.04   3.37E+004 
   12   883-  896   887.62   241.91   0.96      1389.9  300.73   3.23E+004 
   13  1073- 1089  1082.61   295.11   1.22      3518.1  307.75   2.91E+004 
   14  1097- 1105  1101.06   300.14   0.55       420.3  179.67   1.49E+004 
 M 15  1137- 1150  1142.05   311.33   0.74       298.6   99.31   1.55E+004 
 m 16  1137- 1150  1145.74   312.33   0.74       167.4   88.37   1.39E+004 
   17  1195- 1206  1201.27   327.48   0.98       503.1  211.30   1.76E+004 
   18  1235- 1248  1240.76   338.26   1.10      1459.3  236.36   1.97E+004 
   19  1280- 1299  1290.18   351.74   1.32      8195.8  313.32   2.57E+004 
   20  1320- 1331  1327.97   362.05   0.63       241.2  192.36   1.46E+004 
 M 21  1497- 1517  1503.92   410.05   1.12       192.6   88.44   1.46E+004 
 m 22  1497- 1517  1510.07   411.73   1.12      1442.5  113.94   1.44E+004 
   23  1603- 1623  1610.18   439.04   0.55       519.8  271.72   2.02E+004 
   24  1692- 1705  1698.41   463.12   1.03       505.2  188.52   1.27E+004 
   25  1863- 1883  1873.60   510.91   2.46     16935.7  284.26   1.76E+004 
   26  1998- 2007  2002.39   546.05   0.39        60.9  124.92   6.87E+003 
   27  2017- 2026  2021.20   551.18   1.00       206.9  123.33   6.63E+003 
   28  2031- 2046  2035.81   555.17   0.69       154.4  177.35   1.04E+004 
   29  2083- 2093  2088.38   569.51   0.40       109.9  131.02   7.15E+003 
   30  2105- 2114  2109.30   575.22   0.99       101.9  118.92   6.21E+003 
   31  2131- 2147  2138.16   583.09   1.40      5045.4  198.30   1.09E+004 
   32  2161- 2171  2165.36   590.51   0.27        25.4  126.40   6.68E+003 
   33  2179- 2192  2185.05   595.89   0.76       195.0  155.02   8.64E+003 
   34  2224- 2244  2233.90   609.21   1.41     12138.8  240.89   1.26E+004 
 M 35  2415- 2445  2425.88   661.59   1.46     28517.6  190.83   8.82E+003 
 m 36  2415- 2445  2439.75   665.37   1.46       380.3   73.65   7.62E+003 
   37  2468- 2477  2472.17   674.22   0.32        49.8  106.18   4.97E+003 
   38  2506- 2524  2517.64   686.62   0.42       119.6  176.55   9.18E+003 
   39  2662- 2671  2666.97   727.36   1.40      1169.7  107.34   4.58E+003 
   40  2752- 2776  2760.58   752.90   0.68       185.3  211.52   1.08E+004 
   41  2806- 2824  2817.32   768.38   1.63      1418.6  170.07   8.15E+003 
   42  2824- 2849  2831.34   772.21   0.37      -321.3  221.24   1.16E+004 
Peak Analysis Report             4/16/2019   9:34:41 AM            Page  3


   Peak  ROI  ROI    Peak    Energy   FWHM  Net Peak  Net Area  Continuum 
    No. start end  centroid   (keV)   (keV)  Area     Uncert.    Counts 

   43  2874- 2887  2880.98   785.75   1.13       428.6  128.21   5.80E+003 
 M 44  2907- 2937  2914.71   794.95   1.49       867.2   68.71   6.46E+003 
 m 45  2907- 2937  2928.24   798.65   1.49        25.3   49.15   6.92E+003 
   46  2945- 2962  2956.67   806.40   1.42       431.5  154.99   7.25E+003 
   47  3039- 3049  3044.64   830.40   0.27       170.8  100.44   4.15E+003 
   48  3148- 3166  3155.16   860.55   1.50       989.8  156.41   6.93E+003 
   49  3256- 3286  3275.12   893.28   0.88       515.2  229.90   1.07E+004 
   50  3311- 3321  3315.20   904.22   0.47        36.3   97.87   4.00E+003 
   51  3329- 3352  3341.38   911.36   1.61      5514.1  196.54   8.28E+003 
   52  3417- 3434  3425.53   934.32   1.26      1189.2  143.18   5.93E+003 
   53  3472- 3491  3483.87   950.23   1.50       451.1  154.88   6.72E+003 
   54  3532- 3545  3537.58   964.89   1.44       813.8  121.41   5.02E+003 
   55  3545- 3565  3553.32   969.18   1.65      2989.3  170.09   7.13E+003 
   56  3599- 3613  3606.39   983.66   0.28        68.6  117.03   4.73E+003 
   57  3663- 3676  3670.96  1001.28   0.46       345.5  111.90   4.42E+003 
   58  3985- 3995  3990.19  1088.37   0.64       205.0   88.86   3.23E+003 
   59  4096- 4120  4108.75  1120.72   1.72      5457.1  189.27   7.36E+003 
   60  4228- 4248  4235.94  1155.42   1.26       605.6  151.71   6.17E+003 
   61  4293- 4312  4302.83  1173.67   1.16       288.8  148.84   6.24E+003 
   62  4458- 4469  4462.28  1217.17   0.28        -9.1   98.09   3.84E+003 
   63  4529- 4551  4541.68  1238.83   1.71      2520.9  169.09   6.73E+003 
   64  4687- 4716  4698.46  1281.60   0.96       621.3  173.51   6.20E+003 
   65  4880- 4900  4887.98  1333.31   1.21       498.0  110.28   3.21E+003 
   66  5039- 5065  5052.81  1378.28   1.82      1556.3  126.29   3.29E+003 
   67  5068- 5093  5081.08  1385.99   1.06       224.5  118.63   3.26E+003 
   68  5133- 5152  5141.82  1402.57   1.54       386.9   93.33   2.37E+003 
   69  5153- 5175  5164.38  1408.72   1.81      1113.0  104.22   2.51E+003 
   70  5340- 5371  5358.51  1461.68   1.94     94797.5  331.96   2.93E+003 
   71  5474- 5495  5485.88  1496.43   1.50       229.3   70.53   1.26E+003 
 M 72  5525- 5556  5535.96  1510.10   1.70       698.1   41.40   1.23E+003 
 m 73  5525- 5556  5548.87  1513.62   1.70       100.6   27.80   1.05E+003 
 M 74  5633- 5673  5643.28  1539.38   2.64       241.9   35.34   1.26E+003 
 m 75  5633- 5673  5659.82  1543.89   2.64       189.7   33.37   1.41E+003 
   76  5673- 5686  5679.51  1549.26   0.34        -4.9   44.12   7.09E+002 
   77  5802- 5815  5809.07  1584.61   0.40       118.2   49.27   8.36E+002 
   78  5815- 5833  5826.18  1589.28   1.69       602.3   67.49   1.17E+003 
   79  5835- 5858  5842.28  1593.67   1.67       675.2   76.72   1.29E+003 
   80  5858- 5875  5867.68  1600.60   0.50       104.7   53.62   8.52E+002 
   81  5931- 5953  5944.58  1621.58   0.61       327.8   67.70   1.10E+003 
   82  5973- 5992  5982.52  1631.93   1.16       375.5   57.17   8.26E+002 
   83  6086- 6102  6094.10  1662.37   2.56       435.2   48.71   6.18E+002 
   84  6130- 6142  6135.59  1673.69   0.62        54.7   36.18   4.75E+002 
   85  6335- 6358  6345.86  1731.06   2.22      1182.9   68.84   8.82E+002 
   86  6455- 6487  6473.59  1765.91   2.17      6280.2  109.23   1.10E+003 
   87  6760- 6790  6778.30  1849.04   2.20       854.6   76.36   1.02E+003 
   88  7696- 7735  7717.28  2105.22   2.85      1259.7   86.30   1.03E+003 
   89  7759- 7788  7772.56  2120.30   1.72       570.6   62.89   7.12E+002 
   90  7920- 7932  7926.39  2162.27   0.27        19.8   28.52   3.01E+002 
   91  8064- 8102  8088.22  2206.42   2.30      1920.8   89.53   1.01E+003 

M = First peak in a multiplet region
m = Other peak in a multiplet region
F = Fitted singlet

Peak Analysis Report             4/16/2019   9:34:41 AM            Page  4

Errors quoted at  1.000 sigma
Nuclide Identification Report        4/16/2019   9:34:42 AM        Page  5


No nuclide identification results available for reporting purposes
*************************************************************************
*****        G A M M A   S P E C T R U M    A N A L Y S I S         *****
*************************************************************************


Filename: DSA1000A                                                     

Report Generated On             : 4/16/2019   9:34:43 AM

Sample Title                    : Sample title.                          
Sample Description              :                                 
Sample Identification           :                 
Sample Type                     :                 
Sample Geometry                 :                 

Peak Locate Threshold           :  2.50
Peak Locate Range (in channels) :     1 - 65535
Peak Area Range (in channels)   :   290 -  8192
Identification Energy Tolerance :    3.000 keV

Sample Size                     :  1.000E+000 Unit    

Sample Taken On                 :                       
Acquisition Started             : 4/13/2019  12:26:51 PM

Live Time                       :   248422.4 seconds
Real Time                       :   248854.7 seconds

Dead Time                       :   0.17 %


              Energy Calibration Used Done On       : 6/23/2018 
              Efficiency Calibration Used Done On   : 2/21/2019 
              Efficiency ID                         :                        

Energy Calibration Report            4/16/2019   9:34:43 AM       Page  6


**************************************************************************
*****       E N E R G Y   C A L I B R A T I O N   R E P O R T        *****
**************************************************************************

     Detector Name:  DSA1000A                        
     Sample Title:   Sample title.                                     

       *************  ENERGY CALIBRATION COEFFICIENTS  *************

               Energy Calibrate Performed on:  6/23/2018  12:56:08 PM
                       by:                       
               Energy Calibrate Type:          POLY    

   Energy(keV) =    -0.253 +     0.273*ch +  0.00E+000*ch^2 +  0.00E+000*ch^3

       *************  SHAPE CALIBRATION COEFFICIENTS   *************

               Shape Calibrate Performed on:  6/23/2018  12:56:08 PM
                       by:                        

               FWHM     =     0.795  +   0.026*E^1/2

               LOW TAIL =   0.0E+000 +  0.0E+000*E

****************     ENERGY CALIBRATION RESULTS TABLE     ****************

                    Centroid      Centroid         Energy
                    Channel       error            (keV )
                      220.59        0.07             60.01
                      317.99        0.02             86.54
                      386.80        0.01            105.31
                      451.84        0.03            122.06
                     2426.14        0.01            661.66
                     3062.96        0.38            834.83

       *********     SHAPE CALIBRATION RESULTS TABLE      *********

             Energy     FWHM       FWHM         TAIL        TAIL
             (keV )     channels   error        channels    error
               60.01      3.13      0.17           0.00      0.00
               86.54      3.87      0.04           0.00      0.00
              105.31      3.88      0.01           0.00      0.00
              122.06      3.92      0.07           0.00      0.00
              661.66      5.34      0.01           0.00      0.00
              834.83      1.36      0.55           0.00      0.00
Efficiency Calibration Report             4/16/2019   9:34:43 AM   Page  7


**************************************************************************
*****   E F F I C I E N C Y   C A L I B R A T I O N    R E P O R T   *****
**************************************************************************

     Detector Name:  DSA1000A                        
     Sample Title:   Sample title.                                     

     Geometry Description:                 
     Efficiency Calibration Performed on:  2/21/2019   3:50:31 PM
                       by:                         
     Geometry Type Used:   INTERPOL        

                            Efficiency Triplets
                            ===================

                   Energy         Efficiency        Error

                     60.01         1.99E-002      1.47E-003
                     86.55         7.35E-002      3.68E-003
                    105.31         9.20E-002      4.60E-003
                    176.33         9.74E-002      4.89E-003
                    427.89         4.81E-002      2.41E-003
                    463.38         4.48E-002      2.26E-003
                    600.56         3.53E-002      1.77E-003
                    606.64         3.50E-002      1.78E-003
                    635.90         3.41E-002      1.72E-003
                    834.85         2.61E-002      1.38E-003
                   1173.24         1.85E-002      9.27E-004
                   1332.50         1.66E-002      8.32E-004

                      DUAL Efficiency Calibration Equation
                      ====================================

         Single Equation Terms ->   Offset:     -594.233
                                     Slope:      481.755
                                 Quadratic:     -156.075
                                     Cubic:       25.207
                                 4th Order:       -2.032
                                 5th Order:        0.065
                                 6th Order:        0.000
                                 7th Order:        0.000
                                 8th Order:        0.000
                                 9th Order:        0.000
Efficiency Calibration Report             4/16/2019   9:34:43 AM   Page  8


                      EMPIRICAL Efficiency Calibration Equation
                      =========================================

      Empirical Equation Terms ->  Scaling:      696.255
                                    Offset:       -3.475
                                     Slope:        0.951
                                 Quadratic:       -0.096
                                     Cubic:       -0.022
                                 4th Order:        0.109
                                 5th Order:       -0.065

                      LINEAR Efficiency Calibration Equation
                      ======================================

         Linear Equation Terms ->   Offset:       -0.000
                                     Slope:       -1.666
                                 Quadratic:      257.368
                                     Cubic:   -32179.611
                                 4th Order:  1699257.375
                                 5th Order:  -41984524.0
                                 6th Order:        0.000
                                 7th Order:        0.000
                                 8th Order:        0.000
                                 9th Order:        0.000
Peak-to-Total Calibration Report          4/16/2019   9:34:43 AM   Page  9


**************************************************************************
**   P E A K - T O - T O T A L   C A L I B R A T I O N   R E P O R T   ***
**************************************************************************

     Detector Name:  DSA1000A                        
     Sample Title:   Sample title.                                     


                  Peak-to-Total Calibration Equation
                  =============================================

                                 No Peak-to-Total Equation

Peak Locate Analysis Report             4/16/2019   9:34:43 AM     Page 10

**************************************************************************
*****             P E A K    L O C A T E    R E P O R T              *****
**************************************************************************

     Detector Name:  DSA1000A                        
     Sample Title:   Sample title.                                     
               Peak Locate Performed on:  4/16/2019   9:34:39 AM
               Peak Locate From Channel:      1
               Peak Locate To Channel:    65535
               Peak Search Sensitivity:     2.50

     Peak   Centroid    Centroid     Energy       Peak
      No.    Channel   Uncertainty   (keV)    Significance

       1      311.41      <NA>         84.71      <NA> 
       2      320.62      <NA>         87.22      <NA> 
       3      340.32      <NA>         92.60      <NA> 
       4      450.31      <NA>        122.60      <NA> 
       5      530.02      <NA>        144.35      <NA> 
       6      627.44      <NA>        170.93      <NA> 
       7      660.77      <NA>        180.02      <NA> 
       8      680.29      <NA>        185.35      <NA> 
       9      766.50      <NA>        208.87      <NA> 
      10      856.57      <NA>        233.44      <NA> 
      11      875.24      <NA>        238.53      <NA> 
      12      887.62      <NA>        241.91      <NA> 
      13     1082.61      <NA>        295.11      <NA> 
      14     1101.06      <NA>        300.14      <NA> 
      15     1141.00      <NA>        311.33      <NA> 
      16     1145.77      <NA>        312.33      <NA> 
      17     1201.27      <NA>        327.48      <NA> 
      18     1240.76      <NA>        338.26      <NA> 
      19     1290.18      <NA>        351.74      <NA> 
      20     1327.97      <NA>        362.05      <NA> 
      21     1503.00      <NA>        410.05      <NA> 
      22     1510.25      <NA>        411.73      <NA> 
      23     1610.18      <NA>        439.04      <NA> 
      24     1698.41      <NA>        463.12      <NA> 
      25     1873.60      <NA>        510.91      <NA> 
      26     2002.39      <NA>        546.05      <NA> 
      27     2021.20      <NA>        551.18      <NA> 
      28     2035.81      <NA>        555.17      <NA> 
      29     2088.38      <NA>        569.51      <NA> 
      30     2109.30      <NA>        575.22      <NA> 
      31     2138.16      <NA>        583.09      <NA> 
      32     2165.36      <NA>        590.51      <NA> 
      33     2185.05      <NA>        595.89      <NA> 
      34     2233.90      <NA>        609.21      <NA> 
      35     2425.89      <NA>        661.59      <NA> 
      36     2439.82      <NA>        665.37      <NA> 
      37     2472.17      <NA>        674.22      <NA> 
      38     2517.64      <NA>        686.62      <NA> 
      39     2666.97      <NA>        727.36      <NA> 
      40     2760.58      <NA>        752.90      <NA> 
      41     2817.32      <NA>        768.38      <NA> 
Peak Locate Analysis Report             4/16/2019   9:34:43 AM     Page 11


     Peak   Centroid    Centroid     Energy       Peak
      No.    Channel   Uncertainty   (keV)    Significance

      42     2831.34      <NA>        772.21      <NA> 
      43     2880.98      <NA>        785.75      <NA> 
      44     2913.98      <NA>        794.95      <NA> 
      45     2926.03      <NA>        798.65      <NA> 
      46     2956.67      <NA>        806.40      <NA> 
      47     3044.64      <NA>        830.40      <NA> 
      48     3155.16      <NA>        860.55      <NA> 
      49     3275.12      <NA>        893.28      <NA> 
      50     3315.20      <NA>        904.22      <NA> 
      51     3341.38      <NA>        911.36      <NA> 
      52     3425.53      <NA>        934.32      <NA> 
      53     3483.87      <NA>        950.23      <NA> 
      54     3537.58      <NA>        964.89      <NA> 
      55     3553.32      <NA>        969.18      <NA> 
      56     3606.39      <NA>        983.66      <NA> 
      57     3670.96      <NA>       1001.28      <NA> 
      58     3990.19      <NA>       1088.37      <NA> 
      59     4108.75      <NA>       1120.72      <NA> 
      60     4235.94      <NA>       1155.42      <NA> 
      61     4302.83      <NA>       1173.67      <NA> 
      62     4462.28      <NA>       1217.17      <NA> 
      63     4541.68      <NA>       1238.83      <NA> 
      64     4698.46      <NA>       1281.60      <NA> 
      65     4887.98      <NA>       1333.31      <NA> 
      66     5052.81      <NA>       1378.28      <NA> 
      67     5081.08      <NA>       1385.99      <NA> 
      68     5141.82      <NA>       1402.57      <NA> 
      69     5164.38      <NA>       1408.72      <NA> 
      70     5358.51      <NA>       1461.68      <NA> 
      71     5485.88      <NA>       1496.43      <NA> 
      72     5535.33      <NA>       1510.10      <NA> 
      73     5547.77      <NA>       1513.62      <NA> 
      74     5643.12      <NA>       1539.38      <NA> 
      75     5657.87      <NA>       1543.89      <NA> 
      76     5679.51      <NA>       1549.26      <NA> 
      77     5809.07      <NA>       1584.61      <NA> 
      78     5826.18      <NA>       1589.28      <NA> 
      79     5842.28      <NA>       1593.67      <NA> 
      80     5867.68      <NA>       1600.60      <NA> 
      81     5944.58      <NA>       1621.58      <NA> 
      82     5982.52      <NA>       1631.93      <NA> 
      83     6094.10      <NA>       1662.37      <NA> 
      84     6135.59      <NA>       1673.69      <NA> 
      85     6345.86      <NA>       1731.06      <NA> 
      86     6473.59      <NA>       1765.91      <NA> 
      87     6778.30      <NA>       1849.04      <NA> 
      88     7717.28      <NA>       2105.22      <NA> 
      89     7772.56      <NA>       2120.30      <NA> 
      90     7926.39      <NA>       2162.27      <NA> 
      91     8088.22      <NA>       2206.42      <NA> 
Peak Locate Analysis Report             4/16/2019   9:34:43 AM     Page 12


     Peak   Centroid    Centroid     Energy       Peak
      No.    Channel   Uncertainty   (keV)    Significance


? = Adjacent peak noted

Errors quoted at  1.000 sigma
Peak Analysis Report             4/16/2019   9:34:43 AM            Page 13


**************************************************************************
*****           P E A K    A N A L Y S I S    R E P O R T            *****
**************************************************************************


     Detector Name:  DSA1000A                        
     Sample Title:   Sample title.                                     
     Peak Analysis Performed on:  4/16/2019   9:34:40 AM
               Peak Analysis From Channel:    290
               Peak Analysis To Channel:     8192

   Peak  ROI  ROI    Peak    Energy   FWHM  Net Peak  Net Area  Continuum 
    No. start end  centroid   (keV)   (keV)  Area     Uncert.    Counts 

    1   303-  316   311.41    84.71   1.11      7650.6  331.24   3.70E+004 
    2   317-  332   320.62    87.22   0.65     -2090.9  366.41   4.52E+004 
    3   334-  346   340.32    92.60   1.45      1507.1  300.96   3.38E+004 
    4   447-  454   450.31   122.60   0.27      -149.3  231.71   2.67E+004 
    5   525-  537   530.02   144.35   0.33       477.6  343.81   4.47E+004 
    6   623-  633   627.44   170.93   0.32        73.0  289.72   3.52E+004 
    7   652-  668   660.77   180.02   0.27      -251.5  406.57   5.29E+004 
    8   677-  686   680.29   185.35   1.06      2493.9  266.42   3.03E+004 
    9   763-  774   766.50   208.87   0.63       462.9  287.02   3.26E+004 
   10   853-  861   856.57   233.44   0.27       -20.9  216.15   2.19E+004 
   11   868-  881   875.24   238.53   1.15      4475.7  312.04   3.37E+004 
   12   883-  896   887.62   241.91   0.96      1389.9  300.73   3.23E+004 
   13  1073- 1089  1082.61   295.11   1.22      3518.1  307.75   2.91E+004 
   14  1097- 1105  1101.06   300.14   0.55       420.3  179.67   1.49E+004 
 M 15  1137- 1150  1142.05   311.33   0.74       298.6   99.31   1.55E+004 
 m 16  1137- 1150  1145.74   312.33   0.74       167.4   88.37   1.39E+004 
   17  1195- 1206  1201.27   327.48   0.98       503.1  211.30   1.76E+004 
   18  1235- 1248  1240.76   338.26   1.10      1459.3  236.36   1.97E+004 
   19  1280- 1299  1290.18   351.74   1.32      8195.8  313.32   2.57E+004 
   20  1320- 1331  1327.97   362.05   0.63       241.2  192.36   1.46E+004 
 M 21  1497- 1517  1503.92   410.05   1.12       192.6   88.44   1.46E+004 
 m 22  1497- 1517  1510.07   411.73   1.12      1442.5  113.94   1.44E+004 
   23  1603- 1623  1610.18   439.04   0.55       519.8  271.72   2.02E+004 
   24  1692- 1705  1698.41   463.12   1.03       505.2  188.52   1.27E+004 
   25  1863- 1883  1873.60   510.91   2.46     16935.7  284.26   1.76E+004 
   26  1998- 2007  2002.39   546.05   0.39        60.9  124.92   6.87E+003 
   27  2017- 2026  2021.20   551.18   1.00       206.9  123.33   6.63E+003 
   28  2031- 2046  2035.81   555.17   0.69       154.4  177.35   1.04E+004 
   29  2083- 2093  2088.38   569.51   0.40       109.9  131.02   7.15E+003 
   30  2105- 2114  2109.30   575.22   0.99       101.9  118.92   6.21E+003 
   31  2131- 2147  2138.16   583.09   1.40      5045.4  198.30   1.09E+004 
   32  2161- 2171  2165.36   590.51   0.27        25.4  126.40   6.68E+003 
   33  2179- 2192  2185.05   595.89   0.76       195.0  155.02   8.64E+003 
   34  2224- 2244  2233.90   609.21   1.41     12138.8  240.89   1.26E+004 
 M 35  2415- 2445  2425.88   661.59   1.46     28517.6  190.83   8.82E+003 
 m 36  2415- 2445  2439.75   665.37   1.46       380.3   73.65   7.62E+003 
   37  2468- 2477  2472.17   674.22   0.32        49.8  106.18   4.97E+003 
   38  2506- 2524  2517.64   686.62   0.42       119.6  176.55   9.18E+003 
   39  2662- 2671  2666.97   727.36   1.40      1169.7  107.34   4.58E+003 
   40  2752- 2776  2760.58   752.90   0.68       185.3  211.52   1.08E+004 
   41  2806- 2824  2817.32   768.38   1.63      1418.6  170.07   8.15E+003 
   42  2824- 2849  2831.34   772.21   0.37      -321.3  221.24   1.16E+004 
Peak Analysis Report             4/16/2019   9:34:43 AM            Page 14


   Peak  ROI  ROI    Peak    Energy   FWHM  Net Peak  Net Area  Continuum 
    No. start end  centroid   (keV)   (keV)  Area     Uncert.    Counts 

   43  2874- 2887  2880.98   785.75   1.13       428.6  128.21   5.80E+003 
 M 44  2907- 2937  2914.71   794.95   1.49       867.2   68.71   6.46E+003 
 m 45  2907- 2937  2928.24   798.65   1.49        25.3   49.15   6.92E+003 
   46  2945- 2962  2956.67   806.40   1.42       431.5  154.99   7.25E+003 
   47  3039- 3049  3044.64   830.40   0.27       170.8  100.44   4.15E+003 
   48  3148- 3166  3155.16   860.55   1.50       989.8  156.41   6.93E+003 
   49  3256- 3286  3275.12   893.28   0.88       515.2  229.90   1.07E+004 
   50  3311- 3321  3315.20   904.22   0.47        36.3   97.87   4.00E+003 
   51  3329- 3352  3341.38   911.36   1.61      5514.1  196.54   8.28E+003 
   52  3417- 3434  3425.53   934.32   1.26      1189.2  143.18   5.93E+003 
   53  3472- 3491  3483.87   950.23   1.50       451.1  154.88   6.72E+003 
   54  3532- 3545  3537.58   964.89   1.44       813.8  121.41   5.02E+003 
   55  3545- 3565  3553.32   969.18   1.65      2989.3  170.09   7.13E+003 
   56  3599- 3613  3606.39   983.66   0.28        68.6  117.03   4.73E+003 
   57  3663- 3676  3670.96  1001.28   0.46       345.5  111.90   4.42E+003 
   58  3985- 3995  3990.19  1088.37   0.64       205.0   88.86   3.23E+003 
   59  4096- 4120  4108.75  1120.72   1.72      5457.1  189.27   7.36E+003 
   60  4228- 4248  4235.94  1155.42   1.26       605.6  151.71   6.17E+003 
   61  4293- 4312  4302.83  1173.67   1.16       288.8  148.84   6.24E+003 
   62  4458- 4469  4462.28  1217.17   0.28        -9.1   98.09   3.84E+003 
   63  4529- 4551  4541.68  1238.83   1.71      2520.9  169.09   6.73E+003 
   64  4687- 4716  4698.46  1281.60   0.96       621.3  173.51   6.20E+003 
   65  4880- 4900  4887.98  1333.31   1.21       498.0  110.28   3.21E+003 
   66  5039- 5065  5052.81  1378.28   1.82      1556.3  126.29   3.29E+003 
   67  5068- 5093  5081.08  1385.99   1.06       224.5  118.63   3.26E+003 
   68  5133- 5152  5141.82  1402.57   1.54       386.9   93.33   2.37E+003 
   69  5153- 5175  5164.38  1408.72   1.81      1113.0  104.22   2.51E+003 
   70  5340- 5371  5358.51  1461.68   1.94     94797.5  331.96   2.93E+003 
   71  5474- 5495  5485.88  1496.43   1.50       229.3   70.53   1.26E+003 
 M 72  5525- 5556  5535.96  1510.10   1.70       698.1   41.40   1.23E+003 
 m 73  5525- 5556  5548.87  1513.62   1.70       100.6   27.80   1.05E+003 
 M 74  5633- 5673  5643.28  1539.38   2.64       241.9   35.34   1.26E+003 
 m 75  5633- 5673  5659.82  1543.89   2.64       189.7   33.37   1.41E+003 
   76  5673- 5686  5679.51  1549.26   0.34        -4.9   44.12   7.09E+002 
   77  5802- 5815  5809.07  1584.61   0.40       118.2   49.27   8.36E+002 
   78  5815- 5833  5826.18  1589.28   1.69       602.3   67.49   1.17E+003 
   79  5835- 5858  5842.28  1593.67   1.67       675.2   76.72   1.29E+003 
   80  5858- 5875  5867.68  1600.60   0.50       104.7   53.62   8.52E+002 
   81  5931- 5953  5944.58  1621.58   0.61       327.8   67.70   1.10E+003 
   82  5973- 5992  5982.52  1631.93   1.16       375.5   57.17   8.26E+002 
   83  6086- 6102  6094.10  1662.37   2.56       435.2   48.71   6.18E+002 
   84  6130- 6142  6135.59  1673.69   0.62        54.7   36.18   4.75E+002 
   85  6335- 6358  6345.86  1731.06   2.22      1182.9   68.84   8.82E+002 
   86  6455- 6487  6473.59  1765.91   2.17      6280.2  109.23   1.10E+003 
   87  6760- 6790  6778.30  1849.04   2.20       854.6   76.36   1.02E+003 
   88  7696- 7735  7717.28  2105.22   2.85      1259.7   86.30   1.03E+003 
   89  7759- 7788  7772.56  2120.30   1.72       570.6   62.89   7.12E+002 
   90  7920- 7932  7926.39  2162.27   0.27        19.8   28.52   3.01E+002 
   91  8064- 8102  8088.22  2206.42   2.30      1920.8   89.53   1.01E+003 

M = First peak in a multiplet region
m = Other peak in a multiplet region
F = Fitted singlet

Peak Analysis Report             4/16/2019   9:34:43 AM            Page 15

Errors quoted at  1.000 sigma

*******************************************************************************
*****  S T A N D A R D   V M S   P E A K   A N A L Y S I S   R E P O R T  *****
*******************************************************************************

        Configuration Title:                                         
        Spectrum Title:              Sample title.            
        Peak Analysis Performed on:  4/16/19   9:34:40 AM
        Peak Analysis From Channel:    290    To Channel:     8192
        Peak Search Sensitivity:      2.50    Gaussian Sensitivity:  1.00
        Max Iterations: 15  Fit Singlets: No  Critical Level Test: No 
        Use Fixed FWHM: No  FWHM Reject:  No  FWHM Reject Ratio:  0.00 
        Peak Fit Engine Name: PANOLIN1        Continuum Type: STEP   

   Pk IT  Energy      Area   Bkgnd  FWHM Channel  Left  PW  Cts/Sec  %err   Fit

    1  0    84.71     7651   37013  1.11  311.41   303  14 3.1E-002   4.3   0.0
    2  0    87.22    -2091   45207  0.65  320.62   317  16-8.4E-003 -17.5   0.0
    3  0    92.60     1507   33801  1.45  340.32   334  13 6.1E-003  20.0   0.0
    4  0   122.60     -149   26696  0.27  450.31   447   8-6.0E-004 -155.   0.0
    5  0   144.35      478   44671  0.33  530.02   525  13 1.9E-003  72.0   0.0
    6  0   170.93       73   35173  0.32  627.44   623  11 2.9E-004 396.9   0.0
    7  0   180.02     -252   52853  0.27  660.77   652  17-1.0E-003 -161.   0.0
    8  0   185.35     2494   30279  1.06  680.29   677  10 1.0E-002  10.7   0.0
    9  0   208.87      463   32626  0.63  766.50   763  12 1.9E-003  62.0   0.0
   10  0   233.44      -21   21852  0.27  856.57   853   9-8.4E-005 -1033   0.0
   11  0   238.53     4476   33704  1.15  875.24   868  14 1.8E-002   7.0   0.0
   12  0   241.91     1390   32258  0.96  887.62   883  14 5.6E-003  21.6   0.0
   13  0   295.11     3518   29140  1.22 1082.61  1073  17 1.4E-002   8.7   0.0
   14  0   300.14      420   14896  0.55 1101.06  1097   9 1.7E-003  42.7   0.0
 M 15 10   311.33      299   15506  0.74 1142.05  1137  14 1.2E-003  33.3   0.7
 m 16 10   312.33      167   13884  0.74 1145.74  1137  14 6.7E-004  52.8   0.7
   17  0   327.48      503   17600  0.98 1201.27  1195  12 2.0E-003  42.0   0.0
   18  0   338.26     1459   19705  1.10 1240.76  1235  14 5.9E-003  16.2   0.0
   19  0   351.74     8196   25693  1.32 1290.18  1280  20 3.3E-002   3.8   0.0
   20  0   362.05      241   14649  0.63 1327.97  1320  12 9.7E-004  79.7   0.0
 M 21 10   410.05      193   14647  1.12 1503.92  1497  21 7.8E-004  45.9   1.3
 m 22 10   411.73     1442   14381  1.12 1510.07  1497  21 5.8E-003   7.9   1.3
   23  0   439.04      520   20192  0.55 1610.18  1603  21 2.1E-003  52.3   0.0
   24  0   463.12      505   12686  1.03 1698.41  1692  14 2.0E-003  37.3   0.0
   25  0   510.91    16936   17608  2.46 1873.60  1863  21 6.8E-002   1.7   0.0
   26  0   546.05       61    6872  0.39 2002.39  1998  10 2.5E-004 205.2   0.0
   27  0   551.18      207    6629  1.00 2021.20  2017  10 8.3E-004  59.6   0.0
   28  0   555.17      154   10402  0.69 2035.81  2031  16 6.2E-004 114.9   0.0
   29  0   569.51      110    7151  0.40 2088.38  2083  11 4.4E-004 119.2   0.0
   30  0   575.22      102    6205  0.99 2109.30  2105  10 4.1E-004 116.7   0.0
   31  0   583.09     5045   10916  1.40 2138.16  2131  17 2.0E-002   3.9   0.0
   32  0   590.51       25    6680  0.27 2165.36  2161  11 1.0E-004 497.2   0.0
   33  0   595.89      195    8642  0.76 2185.05  2179  14 7.9E-004  79.5   0.0
   34  0   609.21    12139   12645  1.41 2233.90  2224  21 4.9E-002   2.0   0.0
 M 35  6   661.59    28518    8816  1.46 2425.88  2415  31 1.1E-001   0.7   1.2
 m 36  6   665.37      380    7624  1.46 2439.75  2415  31 1.5E-003  19.4   1.2
   37  0   674.22       50    4969  0.32 2472.17  2468  10 2.0E-004 213.3   0.0
   38  0   686.62      120    9179  0.42 2517.64  2506  19 4.8E-004 147.7   0.0
Peak Analysis Report                    4/16/2019   9:34:43 AM          Page 16


   Pk IT  Energy      Area   Bkgnd  FWHM Channel  Left  PW  Cts/Sec  %err   Fit

   39  0   727.36     1170    4579  1.40 2666.97  2662  10 4.7E-003   9.2   0.0
   40  0   752.90      185   10790  0.68 2760.58  2752  25 7.5E-004 114.1   0.0
   41  0   768.38     1419    8145  1.63 2817.32  2806  19 5.7E-003  12.0   0.0
   42  0   772.21     -321   11585  0.37 2831.34  2824  26-1.3E-003 -68.8   0.0
   43  0   785.75      429    5802  1.13 2880.98  2874  14 1.7E-003  29.9   0.0
 M 44 32   794.95      867    6456  1.49 2914.71  2907  31 3.5E-003   7.9   1.2
 m 45 32   798.65       25    6917  1.49 2928.24  2907  31 1.0E-004 194.3   1.2
   46  0   806.40      432    7248  1.42 2956.67  2945  18 1.7E-003  35.9   0.0
   47  0   830.40      171    4153  0.27 3044.64  3039  11 6.9E-004  58.8   0.0
   48  0   860.55      990    6934  1.50 3155.16  3148  19 4.0E-003  15.8   0.0
   49  0   893.28      515   10730  0.88 3275.12  3256  31 2.1E-003  44.6   0.0
   50  0   904.22       36    3998  0.47 3315.20  3311  11 1.5E-004 269.3   0.0
   51  0   911.36     5514    8278  1.61 3341.38  3329  24 2.2E-002   3.6   0.0
   52  0   934.32     1189    5927  1.26 3425.53  3417  18 4.8E-003  12.0   0.0
   53  0   950.23      451    6718  1.50 3483.87  3472  20 1.8E-003  34.3   0.0
   54  0   964.89      814    5021  1.44 3537.58  3532  14 3.3E-003  14.9   0.0
   55  0   969.18     2989    7129  1.65 3553.32  3545  21 1.2E-002   5.7   0.0
   56  0   983.66       69    4727  0.28 3606.39  3599  15 2.8E-004 170.7   0.0
   57  0  1001.28      345    4419  0.46 3670.96  3663  14 1.4E-003  32.4   0.0
   58  0  1088.37      205    3230  0.64 3990.19  3985  11 8.3E-004  43.3   0.0
   59  0  1120.72     5457    7359  1.72 4108.75  4096  25 2.2E-002   3.5   0.0
   60  0  1155.42      606    6170  1.26 4235.94  4228  21 2.4E-003  25.1   0.0
   61  0  1173.67      289    6236  1.16 4302.83  4293  20 1.2E-003  51.5   0.0
   62  0  1217.17       -9    3838  0.28 4462.28  4458  12-3.7E-005 -1074   0.0
   63  0  1238.83     2521    6727  1.71 4541.68  4529  23 1.0E-002   6.7   0.0
   64  0  1281.60      621    6197  0.96 4698.46  4687  30 2.5E-003  27.9   0.0
   65  0  1333.31      498    3207  1.21 4887.98  4880  21 2.0E-003  22.1   0.0
   66  0  1378.28     1556    3290  1.82 5052.81  5039  27 6.3E-003   8.1   0.0
   67  0  1385.99      224    3258  1.06 5081.08  5068  26 9.0E-004  52.9   0.0
   68  0  1402.57      387    2370  1.54 5141.82  5133  20 1.6E-003  24.1   0.0
   69  0  1408.72     1113    2515  1.81 5164.38  5153  23 4.5E-003   9.4   0.0
   70  0  1461.68    94797    2927  1.94 5358.51  5340  32 3.8E-001   0.4   0.0
   71  0  1496.43      229    1265  1.50 5485.88  5474  22 9.2E-004  30.8   0.0
 M 72  7  1510.10      698    1227  1.70 5535.96  5525  32 2.8E-003   5.9   1.0
 m 73  7  1513.62      101    1055  1.70 5548.87  5525  32 4.0E-004  27.6   1.0
 M 74  9  1539.38      242    1260  2.64 5643.28  5633  41 9.7E-004  14.6   1.3
 m 75  9  1543.89      190    1410  2.64 5659.82  5633  41 7.6E-004  17.6   1.3
   76  0  1549.26       -5     709  0.34 5679.51  5673  14-2.0E-005 -901.   0.0
   77  0  1584.61      118     836  0.40 5809.07  5802  14 4.8E-004  41.7   0.0
   78  0  1589.28      602    1167  1.69 5826.18  5815  19 2.4E-003  11.2   0.0
   79  0  1593.67      675    1294  1.67 5842.28  5835  24 2.7E-003  11.4   0.0
   80  0  1600.60      105     852  0.50 5867.68  5858  18 4.2E-004  51.2   0.0
   81  0  1621.58      328    1098  0.61 5944.58  5931  23 1.3E-003  20.7   0.0
   82  0  1631.93      375     826  1.16 5982.52  5973  20 1.5E-003  15.2   0.0
   83  0  1662.37      435     618  2.56 6094.10  6086  17 1.8E-003  11.2   0.0
   84  0  1673.69       55     475  0.62 6135.59  6130  13 2.2E-004  66.2   0.0
   85  0  1731.06     1183     882  2.22 6345.86  6335  24 4.8E-003   5.8   0.0
   86  0  1765.91     6280    1099  2.17 6473.59  6455  33 2.5E-002   1.7   0.0
   87  0  1849.04      855    1018  2.20 6778.30  6760  31 3.4E-003   8.9   0.0
   88  0  2105.22     1260    1031  2.85 7717.28  7696  40 5.1E-003   6.9   0.0
   89  0  2120.30      571     712  1.72 7772.56  7759  30 2.3E-003  11.0   0.0
Peak Analysis Report                    4/16/2019   9:34:43 AM          Page 17


   Pk IT  Energy      Area   Bkgnd  FWHM Channel  Left  PW  Cts/Sec  %err   Fit

   90  0  2162.27       20     301  0.27 7926.39  7920  13 8.0E-005 143.7   0.0
   91  0  2206.42     1921    1009  2.30 8088.22  8064  39 7.7E-003   4.7   0.0

M = First peak in a multiplet region
m = Other peak in a multiplet region
F = Fitted singlet

Errors quoted at  1.000 sigma
Peak Analysis Report             4/16/2019   9:34:43 AM            Page 18


**************************************************************************
*****           P E A K    A N A L Y S I S    R E P O R T            *****
**************************************************************************


     Detector Name:  DSA1000A                        
     Sample Title:   Sample title.                                     
     Peak Analysis Performed on:  4/16/2019   9:34:40 AM
               Peak Analysis From Channel:    290
               Peak Analysis To Channel:     8192

   Peak  ROI  ROI   Energy   Net Peak Net Area  Continuum  Critical 
    No. start end    (keV)     Area    Uncert.    Counts     Level

    1   303-  316    84.71      7650.6  331.24   3.70E+004  5.26E+002 
    2   317-  332    87.22     -2090.9  366.41   4.52E+004  6.07E+002 
    3   334-  346    92.60      1507.1  300.96   3.38E+004  4.91E+002 
    4   447-  454   122.60      -149.3  231.71   2.67E+004  3.82E+002 
    5   525-  537   144.35       477.6  343.81   4.47E+004  5.64E+002 
    6   623-  633   170.93        73.0  289.72   3.52E+004  4.76E+002 
    7   652-  668   180.02      -251.5  406.57   5.29E+004  6.69E+002 
    8   677-  686   185.35      2493.9  266.42   3.03E+004  4.30E+002 
    9   763-  774   208.87       462.9  287.02   3.26E+004  4.71E+002 
   10   853-  861   233.44       -20.9  216.15   2.19E+004  3.56E+002 
   11   868-  881   238.53      4475.7  312.04   3.37E+004  5.01E+002 
   12   883-  896   241.91      1389.9  300.73   3.23E+004  4.91E+002 
   13  1073- 1089   295.11      3518.1  307.75   2.91E+004  4.97E+002 
   14  1097- 1105   300.14       420.3  179.67   1.49E+004  2.94E+002 
 M 15  1137- 1150   311.33       298.6   99.31   1.55E+004  2.90E+002 
 m 16  1137- 1150   312.33       167.4   88.37   1.39E+004  2.74E+002 
   17  1195- 1206   327.48       503.1  211.30   1.76E+004  3.46E+002 
   18  1235- 1248   338.26      1459.3  236.36   1.97E+004  3.84E+002 
   19  1280- 1299   351.74      8195.8  313.32   2.57E+004  4.93E+002 
   20  1320- 1331   362.05       241.2  192.36   1.46E+004  3.15E+002 
 M 21  1497- 1517   410.05       192.6   88.44   1.46E+004  2.82E+002 
 m 22  1497- 1517   411.73      1442.5  113.94   1.44E+004  2.79E+002 
   23  1603- 1623   439.04       519.8  271.72   2.02E+004  4.45E+002 
   24  1692- 1705   463.12       505.2  188.52   1.27E+004  3.08E+002 
   25  1863- 1883   510.91     16935.7  284.26   1.76E+004  4.16E+002 
   26  1998- 2007   546.05        60.9  124.92   6.87E+003  2.05E+002 
   27  2017- 2026   551.18       206.9  123.33   6.63E+003  2.02E+002 
   28  2031- 2046   555.17       154.4  177.35   1.04E+004  2.91E+002 
   29  2083- 2093   569.51       109.9  131.02   7.15E+003  2.15E+002 
   30  2105- 2114   575.22       101.9  118.92   6.21E+003  1.95E+002 
   31  2131- 2147   583.09      5045.4  198.30   1.09E+004  3.05E+002 
   32  2161- 2171   590.51        25.4  126.40   6.68E+003  2.08E+002 
   33  2179- 2192   595.89       195.0  155.02   8.64E+003  2.54E+002 
   34  2224- 2244   609.21     12138.8  240.89   1.26E+004  3.52E+002 
 M 35  2415- 2445   661.59     28517.6  190.83   8.82E+003  2.18E+002 
 m 36  2415- 2445   665.37       380.3   73.65   7.62E+003  2.03E+002 
   37  2468- 2477   674.22        49.8  106.18   4.97E+003  1.74E+002 
   38  2506- 2524   686.62       119.6  176.55   9.18E+003  2.90E+002 
   39  2662- 2671   727.36      1169.7  107.34   4.58E+003  1.67E+002 
   40  2752- 2776   752.90       185.3  211.52   1.08E+004  3.47E+002 
   41  2806- 2824   768.38      1418.6  170.07   8.15E+003  2.73E+002 
   42  2824- 2849   772.21      -321.3  221.24   1.16E+004  3.65E+002 
Peak Analysis Report             4/16/2019   9:34:43 AM            Page 19


   Peak  ROI  ROI   Energy   Net Peak Net Area  Continuum  Critical 
    No. start end    (keV)     Area    Uncert.    Counts     Level

   43  2874- 2887   785.75       428.6  128.21   5.80E+003  2.08E+002 
 M 44  2907- 2937   794.95       867.2   68.71   6.46E+003  1.87E+002 
 m 45  2907- 2937   798.65        25.3   49.15   6.92E+003  1.93E+002 
   46  2945- 2962   806.40       431.5  154.99   7.25E+003  2.53E+002 
   47  3039- 3049   830.40       170.8  100.44   4.15E+003  1.64E+002 
   48  3148- 3166   860.55       989.8  156.41   6.93E+003  2.52E+002 
   49  3256- 3286   893.28       515.2  229.90   1.07E+004  3.76E+002 
   50  3311- 3321   904.22        36.3   97.87   4.00E+003  1.61E+002 
   51  3329- 3352   911.36      5514.1  196.54   8.28E+003  2.99E+002 
   52  3417- 3434   934.32      1189.2  143.18   5.93E+003  2.29E+002 
   53  3472- 3491   950.23       451.1  154.88   6.72E+003  2.52E+002 
   54  3532- 3545   964.89       813.8  121.41   5.02E+003  1.94E+002 
   55  3545- 3565   969.18      2989.3  170.09   7.13E+003  2.65E+002 
   56  3599- 3613   983.66        68.6  117.03   4.73E+003  1.92E+002 
   57  3663- 3676  1001.28       345.5  111.90   4.42E+003  1.82E+002 
   58  3985- 3995  1088.37       205.0   88.86   3.23E+003  1.44E+002 
   59  4096- 4120  1120.72      5457.1  189.27   7.36E+003  2.87E+002 
   60  4228- 4248  1155.42       605.6  151.71   6.17E+003  2.46E+002 
   61  4293- 4312  1173.67       288.8  148.84   6.24E+003  2.43E+002 
   62  4458- 4469  1217.17        -9.1   98.09   3.84E+003  1.61E+002 
   63  4529- 4551  1238.83      2520.9  169.09   6.73E+003  2.66E+002 
   64  4687- 4716  1281.60       621.3  173.51   6.20E+003  2.82E+002 
   65  4880- 4900  1333.31       498.0  110.28   3.21E+003  1.78E+002 
   66  5039- 5065  1378.28      1556.3  126.29   3.29E+003  1.97E+002 
   67  5068- 5093  1385.99       224.5  118.63   3.26E+003  1.94E+002 
   68  5133- 5152  1402.57       386.9   93.33   2.37E+003  1.50E+002 
   69  5153- 5175  1408.72      1113.0  104.22   2.51E+003  1.62E+002 
   70  5340- 5371  1461.68     94797.5  331.96   2.93E+003  2.04E+002 
   71  5474- 5495  1496.43       229.3   70.53   1.26E+003  1.13E+002 
 M 72  5525- 5556  1510.10       698.1   41.40   1.23E+003  8.15E+001 
 m 73  5525- 5556  1513.62       100.6   27.80   1.05E+003  7.55E+001 
 M 74  5633- 5673  1539.38       241.9   35.34   1.26E+003  8.26E+001 
 m 75  5633- 5673  1543.89       189.7   33.37   1.41E+003  8.74E+001 
   76  5673- 5686  1549.26        -4.9   44.12   7.09E+002  7.27E+001 
   77  5802- 5815  1584.61       118.2   49.27   8.36E+002  7.91E+001 
   78  5815- 5833  1589.28       602.3   67.49   1.17E+003  1.03E+002 
   79  5835- 5858  1593.67       675.2   76.72   1.29E+003  1.19E+002 
   80  5858- 5875  1600.60       104.7   53.62   8.52E+002  8.66E+001 
   81  5931- 5953  1621.58       327.8   67.70   1.10E+003  1.07E+002 
   82  5973- 5992  1631.93       375.5   57.17   8.26E+002  8.85E+001 
   83  6086- 6102  1662.37       435.2   48.71   6.18E+002  7.24E+001 
   84  6130- 6142  1673.69        54.7   36.18   4.75E+002  5.83E+001 
   85  6335- 6358  1731.06      1182.9   68.84   8.82E+002  9.81E+001 
   86  6455- 6487  1765.91      6280.2  109.23   1.10E+003  1.24E+002 
   87  6760- 6790  1849.04       854.6   76.36   1.02E+003  1.16E+002 
   88  7696- 7735  2105.22      1259.7   86.30   1.03E+003  1.29E+002 
   89  7759- 7788  2120.30       570.6   62.89   7.12E+002  9.57E+001 
   90  7920- 7932  2162.27        19.8   28.52   3.01E+002  4.63E+001 
   91  8064- 8102  2206.42      1920.8   89.53   1.01E+003  1.28E+002 

M = First peak in a multiplet region
m = Other peak in a multiplet region
F = Fitted singlet

Peak Analysis Report             4/16/2019   9:34:43 AM            Page 20

Errors quoted at  1.000 sigma

**************************************************************************
*****           P E A K    W I T H   N I D    R E P O R T            *****
**************************************************************************


     Detector Name:  DSA1000A                        
     Sample Title:   Sample title.                                     
     Peak Analysis Performed on:  4/16/2019   9:34:40 AM
               Peak Analysis From Channel:    290
               Peak Analysis To Channel:     8192
     Tentative NID Library:   C:\GENIE2K\CAMFILES\NAA LIB LONG.NLB     
     Peak Match Tolerance :    3.000 keV

   Peak  ROI  ROI    Peak    Energy   Net Peak Net Area  Continuum  Tentative
    No. Start End  Centroid   (keV)     Area    Uncert.    Counts    Nuclide 

    1   303-  316   311.41    84.71  7.65E+003  331.24   3.70E+004   .....    
    2   317-  332   320.62    87.22 -2.09E+003  366.41   4.52E+004   .....    
    3   334-  346   340.32    92.60  1.51E+003  300.96   3.38E+004   ND-147   
    4   447-  454   450.31   122.60 -1.49E+002  231.71   2.67E+004   EU-154   
                                                                     EU-152x  
                                                                     BA-131   
                                                                     SE-75    
    5   525-  537   530.02   144.35  4.78E+002  343.81   4.47E+004   CE-141   
    6   623-  633   627.44   170.93  7.30E+001  289.72   3.52E+004   LU-177x  
                                                                     XE-127   
    7   652-  668   660.77   180.02 -2.52E+002  406.57   5.29E+004   AU-198m  
                                                                     MO-99    
                                                                     YB-169   
    8   677-  686   680.29   185.35  2.49E+003  266.42   3.03E+004   HO-166   
    9   763-  774   766.50   208.87  4.63E+002  287.02   3.26E+004   LU-177x  
                                                                     LU-177   
                                                                     GE-77    
   10   853-  861   856.57   233.44 -2.09E+001  216.15   2.19E+004   XE-133m  
                                                                     LU-177x  
   11   868-  881   875.24   238.53  4.48E+003  312.04   3.37E+004   AS-77    
                                                                     TE-131x  
   12   883-  896   887.62   241.91  1.39E+003  300.73   3.23E+004   TE-131x  
                                                                     XE-125   
                                                                     EU-152x  
                                                                     AS-77    
   13  1073- 1089  1082.61   295.11  3.52E+003  307.75   2.91E+004   IR-192   
                                                                     LU-177x  
                                                                     CE-143   
   14  1097- 1105  1101.06   300.14  4.20E+002  179.67   1.49E+004   TB-160   
                                                                     BA-133   
 M 15  1137- 1150  1142.05   311.33  2.99E+002   99.31   1.55E+004   IR-192   
 m 16  1137- 1150  1145.74   312.33  1.67E+002   88.37   1.39E+004   .....    
   17  1195- 1206  1201.27   327.48  5.03E+002  211.30   1.76E+004   LU-177x  
                                                                     IR-194   
                                                                     LA-140   
                                                                     RU-97    
   18  1235- 1248  1240.76   338.26  1.46E+003  236.36   1.97E+004   PM-151   
                                                                     CD-115   
   19  1280- 1299  1290.18   351.74  8.20E+003  313.32   2.57E+004   .....    
   20  1320- 1331  1327.97   362.05  2.41E+002  192.36   1.46E+004   GD-159   
Peak with NID Report             4/16/2019   9:34:43 AM            Page 21

 M 21  1497- 1517  1503.92   410.05  1.93E+002   88.44   1.46E+004   HO-166   
                                                                     AU-198   
 m 22  1497- 1517  1510.07   411.73  1.44E+003  113.94   1.44E+004   AU-198   
                                                                     HO-166   
                                                                     LU-177x  
   23  1603- 1623  1610.18   439.04  5.20E+002  271.72   2.02E+004   ZN-69m   
   24  1692- 1705  1698.41   463.12  5.05E+002  188.52   1.27E+004   SB-125   
   25  1863- 1883  1873.60   510.91  1.69E+004  284.26   1.76E+004   AS-71    
                                                                     ZN-65    
   26  1998- 2007  2002.39   546.05  6.09E+001  124.92   6.87E+003   .....    
   27  2017- 2026  2021.20   551.18  2.07E+002  123.33   6.63E+003   W-187    
   28  2031- 2046  2035.81   555.17  1.54E+002  177.35   1.04E+004   BR-82x   
                                                                     GE-77    
   29  2083- 2093  2088.38   569.51  1.10E+002  131.02   7.15E+003   CS-134   
                                                                     HO-166   
   30  2105- 2114  2109.30   575.22  1.02E+002  118.92   6.21E+003   TE-121   
   31  2131- 2147  2138.16   583.09  5.05E+003  198.30   1.09E+004   PA-232   
   32  2161- 2171  2165.36   590.51  2.54E+001  126.40   6.68E+003   .....    
   33  2179- 2192  2185.05   595.89  1.95E+002  155.02   8.64E+003   .....    
   34  2224- 2244  2233.90   609.21  1.21E+004  240.89   1.26E+004   RU-103   
                                                                     SB-125   
 M 35  2415- 2445  2425.88   661.59  2.85E+004  190.83   8.82E+003   CE-143   
 m 36  2415- 2445  2439.75   665.37  3.80E+002   73.65   7.62E+003   CE-143   
   37  2468- 2477  2472.17   674.22  4.98E+001  106.18   4.97E+003   .....    
   38  2506- 2524  2517.64   686.62  1.20E+002  176.55   9.18E+003   AG-110m  
                                                                     W-187    
Peak with NID Report             4/16/2019   9:34:43 AM            Page 22


   Peak  ROI  ROI    Peak    Energy   Net Peak Net Area  Continuum  Tentative
    No. start end  centroid   (keV)     Area    Uncert.    Counts    Nuclide 

   39  2662- 2671  2666.97   727.36  1.17E+003  107.34   4.58E+003   IN-114m  
   40  2752- 2776  2760.58   752.90  1.85E+002  211.52   1.08E+004   HO-166   
   41  2806- 2824  2817.32   768.38  1.42E+003  170.07   8.15E+003   .....    
   42  2824- 2849  2831.34   772.21 -3.21E+002  221.24   1.16E+004   TE-131x  
   43  2874- 2887  2880.98   785.75  4.29E+002  128.21   5.80E+003   .....    
 M 44  2907- 2937  2914.71   794.95  8.67E+002   68.71   6.46E+003   CS-134   
                                                                     TE-131x  
 m 45  2907- 2937  2928.24   798.65  2.53E+001   49.15   6.92E+003   CS-134   
   46  2945- 2962  2956.67   806.40  4.32E+002  154.99   7.25E+003   Ca-47    
   47  3039- 3049  3044.64   830.40  1.71E+002  100.44   4.15E+003   HO-166   
                                                                     BR-82x   
   48  3148- 3166  3155.16   860.55  9.90E+002  156.41   6.93E+003   .....    
   49  3256- 3286  3275.12   893.28  5.15E+002  229.90   1.07E+004   GA-72    
                                                                     PA-232   
   50  3311- 3321  3315.20   904.22  3.63E+001   97.87   4.00E+003   .....    
   51  3329- 3352  3341.38   911.36  5.51E+003  196.54   8.28E+003   .....    
   52  3417- 3434  3425.53   934.32  1.19E+003  143.18   5.93E+003   .....    
   53  3472- 3491  3483.87   950.23  4.51E+002  154.88   6.72E+003   .....    
   54  3532- 3545  3537.58   964.89  8.14E+002  121.41   5.02E+003   EU-152x  
                                                                     TB-160   
   55  3545- 3565  3553.32   969.18  2.99E+003  170.09   7.13E+003   PA-232   
   56  3599- 3613  3606.39   983.66  6.86E+001  117.03   4.73E+003   .....    
   57  3663- 3676  3670.96  1001.28  3.45E+002  111.90   4.42E+003   .....    
   58  3985- 3995  3990.19  1088.37  2.05E+002   88.86   3.23E+003   EU-152x  
   59  4096- 4120  4108.75  1120.72  5.46E+003  189.27   7.36E+003   SC-46    
                                                                     TA-182   
   60  4228- 4248  4235.94  1155.42  6.06E+002  151.71   6.17E+003   .....    
   61  4293- 4312  4302.83  1173.67  2.89E+002  148.84   6.24E+003   CO-60    
   62  4458- 4469  4462.28  1217.17 -9.13E+000   98.09   3.84E+003   .....    
   63  4529- 4551  4541.68  1238.83  2.52E+003  169.09   6.73E+003   .....    
   64  4687- 4716  4698.46  1281.60  6.21E+002  173.51   6.20E+003   .....    
   65  4880- 4900  4887.98  1333.31  4.98E+002  110.28   3.21E+003   CO-60    
   66  5039- 5065  5052.81  1378.28  1.56E+003  126.29   3.29E+003   .....    
   67  5068- 5093  5081.08  1385.99  2.24E+002  118.63   3.26E+003   AG-110m  
   68  5133- 5152  5141.82  1402.57  3.87E+002   93.33   2.37E+003   .....    
   69  5153- 5175  5164.38  1408.72  1.11E+003  104.22   2.51E+003   EU-152x  
   70  5340- 5371  5358.51  1461.68  9.48E+004  331.96   2.93E+003   .....    
   71  5474- 5495  5485.88  1496.43  2.29E+002   70.53   1.26E+003   .....    
 M 72  5525- 5556  5535.96  1510.10  6.98E+002   41.40   1.23E+003   .....    
 m 73  5525- 5556  5548.87  1513.62  1.01E+002   27.80   1.05E+003   .....    
 M 74  5633- 5673  5643.28  1539.38  2.42E+002   35.34   1.26E+003   .....    
 m 75  5633- 5673  5659.82  1543.89  1.90E+002   33.37   1.41E+003   .....    
   76  5673- 5686  5679.51  1549.26 -4.90E+000   44.12   7.09E+002   .....    
   77  5802- 5815  5809.07  1584.61  1.18E+002   49.27   8.36E+002   .....    
   78  5815- 5833  5826.18  1589.28  6.02E+002   67.49   1.17E+003   .....    
   79  5835- 5858  5842.28  1593.67  6.75E+002   76.72   1.29E+003   LA-140   
   80  5858- 5875  5867.68  1600.60  1.05E+002   53.62   8.52E+002   .....    
   81  5931- 5953  5944.58  1621.58  3.28E+002   67.70   1.10E+003   .....    
   82  5973- 5992  5982.52  1631.93  3.75E+002   57.17   8.26E+002   .....    
   83  6086- 6102  6094.10  1662.37  4.35E+002   48.71   6.18E+002   .....    
   84  6130- 6142  6135.59  1673.69  5.47E+001   36.18   4.75E+002   .....    
   85  6335- 6358  6345.86  1731.06  1.18E+003   68.84   8.82E+002   .....    
   86  6455- 6487  6473.59  1765.91  6.28E+003  109.23   1.10E+003   .....    
   87  6760- 6790  6778.30  1849.04  8.55E+002   76.36   1.02E+003   .....    
Peak with NID Report             4/16/2019   9:34:43 AM            Page 23

   88  7696- 7735  7717.28  2105.22  1.26E+003   86.30   1.03E+003   .....    
Peak with NID Report             4/16/2019   9:34:43 AM            Page 24


   Peak  ROI  ROI    Peak    Energy   Net Peak Net Area  Continuum  Tentative
    No. start end  centroid   (keV)     Area    Uncert.    Counts    Nuclide 

   89  7759- 7788  7772.56  2120.30  5.71E+002   62.89   7.12E+002   .....    
   90  7920- 7932  7926.39  2162.27  1.98E+001   28.52   3.01E+002   .....    
   91  8064- 8102  8088.22  2206.42  1.92E+003   89.53   1.01E+003   .....    

M = First peak in a multiplet region
m = Other peak in a multiplet region
F = Fitted singlet

Errors quoted at  1.000 sigma
Peak Efficiency Report             4/16/2019   9:34:43 AM          Page 25


**************************************************************************
*****         P E A K    E F F I C I E N C Y    R E P O R T          *****
**************************************************************************

     Detector Name:  DSA1000A                        
     Sample Title:   Sample title.                                     
     Peak Analysis Performed on:  4/16/2019   9:34:40 AM


 Peak  Energy   Net Peak  Net Area       Peak     Efficiency
 No.   (keV)      Area   Uncertainty  Efficiency  Uncertainty

    1    84.71  7.65E+003   331.24     6.81E-002    3.49E-003
    2    87.22 -2.09E+003   366.41     7.42E-002    3.71E-003
    3    92.60  1.51E+003   300.96     7.94E-002    3.97E-003
    4   122.60 -1.49E+002   231.71     9.36E-002    4.68E-003
    5   144.35  4.78E+002   343.81     9.53E-002    4.77E-003
    6   170.93  7.30E+001   289.72     9.71E-002    4.87E-003
    7   180.02 -2.52E+002   406.57     9.58E-002    4.81E-003
    8   185.35  2.49E+003   266.42     9.36E-002    4.70E-003
    9   208.87  4.63E+002   287.02     8.51E-002    4.27E-003
   10   233.44 -2.09E+001   216.15     7.79E-002    3.91E-003
   11   238.53  4.48E+003   312.04     7.66E-002    3.84E-003
   12   241.91  1.39E+003   300.73     7.57E-002    3.80E-003
   13   295.11  3.52E+003   307.75     6.47E-002    3.24E-003
   14   300.14  4.20E+002   179.67     6.38E-002    3.20E-003
 M 15   311.33  2.99E+002    99.31     6.20E-002    3.11E-003
 m 16   312.33  1.67E+002    88.37     6.18E-002    3.10E-003
   17   327.48  5.03E+002   211.30     5.95E-002    2.98E-003
   18   338.26  1.46E+003   236.36     5.80E-002    2.91E-003
   19   351.74  8.20E+003   313.32     5.62E-002    2.82E-003
   20   362.05  2.41E+002   192.36     5.50E-002    2.75E-003
 M 21   410.05  1.93E+002    88.44     4.98E-002    2.49E-003
 m 22   411.73  1.44E+003   113.94     4.96E-002    2.49E-003
   23   439.04  5.20E+002   271.72     4.70E-002    2.36E-003
   24   463.12  5.05E+002   188.52     4.48E-002    2.26E-003
   25   510.91  1.69E+004   284.26     4.10E-002    2.06E-003
   26   546.05  6.09E+001   124.92     3.85E-002    1.94E-003
   27   551.18  2.07E+002   123.33     3.82E-002    1.92E-003
   28   555.17  1.54E+002   177.35     3.80E-002    1.91E-003
   29   569.51  1.10E+002   131.02     3.71E-002    1.86E-003
   30   575.22  1.02E+002   118.92     3.67E-002    1.84E-003
   31   583.09  5.05E+003   198.30     3.63E-002    1.82E-003
   32   590.51  2.54E+001   126.40     3.59E-002    1.80E-003
   33   595.89  1.95E+002   155.02     3.56E-002    1.78E-003
   34   609.21  1.21E+004   240.89     3.50E-002    1.77E-003
 M 35   661.59  2.85E+004   190.83     3.28E-002    1.67E-003
 m 36   665.37  3.80E+002    73.65     3.26E-002    1.66E-003
   37   674.22  4.98E+001   106.18     3.22E-002    1.64E-003
   38   686.62  1.20E+002   176.55     3.16E-002    1.62E-003
   39   727.36  1.17E+003   107.34     2.99E-002    1.54E-003
   40   752.90  1.85E+002   211.52     2.89E-002    1.50E-003
   41   768.38  1.42E+003   170.07     2.83E-002    1.47E-003
   42   772.21 -3.21E+002   221.24     2.82E-002    1.47E-003
Peak Efficiency Report             4/16/2019   9:34:43 AM          Page 26


 Peak  Energy   Net Peak  Net Area       Peak     Efficiency
 No.   (keV)      Area   Uncertainty  Efficiency  Uncertainty

   43   785.75  4.29E+002   128.21     2.77E-002    1.45E-003
 M 44   794.95  8.67E+002    68.71     2.74E-002    1.43E-003
 m 45   798.65  2.53E+001    49.15     2.73E-002    1.43E-003
   46   806.40  4.32E+002   154.99     2.70E-002    1.42E-003
   47   830.40  1.71E+002   100.44     2.63E-002    1.38E-003
   48   860.55  9.90E+002   156.41     2.53E-002    1.33E-003
   49   893.28  5.15E+002   229.90     2.44E-002    1.27E-003
   50   904.22  3.63E+001    97.87     2.41E-002    1.25E-003
   51   911.36  5.51E+003   196.54     2.39E-002    1.24E-003
   52   934.32  1.19E+003   143.18     2.33E-002    1.21E-003
   53   950.23  4.51E+002   154.88     2.29E-002    1.18E-003
   54   964.89  8.14E+002   121.41     2.26E-002    1.16E-003
   55   969.18  2.99E+003   170.09     2.25E-002    1.16E-003
   56   983.66  6.86E+001   117.03     2.21E-002    1.14E-003
   57  1001.28  3.45E+002   111.90     2.17E-002    1.11E-003
   58  1088.37  2.05E+002    88.86     2.00E-002    1.01E-003
   59  1120.72  5.46E+003   189.27     1.94E-002    9.77E-004
   60  1155.42  6.06E+002   151.71     1.88E-002    9.43E-004
   61  1173.67  2.89E+002   148.84     1.85E-002    9.26E-004
   62  1217.17 -9.13E+000    98.09     1.80E-002    8.98E-004
   63  1238.83  2.52E+003   169.09     1.77E-002    8.85E-004
   64  1281.60  6.21E+002   173.51     1.72E-002    8.60E-004
   65  1333.31  4.98E+002   110.28     1.66E-002    8.32E-004
   66  1378.28  1.56E+003   126.29     1.66E-002    8.32E-004
   67  1385.99  2.24E+002   118.63     1.66E-002    8.32E-004
   68  1402.57  3.87E+002    93.33     1.66E-002    8.32E-004
   69  1408.72  1.11E+003   104.22     1.66E-002    8.32E-004
   70  1461.68  9.48E+004   331.96     1.66E-002    8.32E-004
   71  1496.43  2.29E+002    70.53     1.66E-002    8.32E-004
 M 72  1510.10  6.98E+002    41.40     1.66E-002    8.32E-004
 m 73  1513.62  1.01E+002    27.80     1.66E-002    8.32E-004
 M 74  1539.38  2.42E+002    35.34     1.66E-002    8.32E-004
 m 75  1543.89  1.90E+002    33.37     1.66E-002    8.32E-004
   76  1549.26 -4.90E+000    44.12     1.66E-002    8.32E-004
   77  1584.61  1.18E+002    49.27     1.66E-002    8.32E-004
   78  1589.28  6.02E+002    67.49     1.66E-002    8.32E-004
   79  1593.67  6.75E+002    76.72     1.66E-002    8.32E-004
   80  1600.60  1.05E+002    53.62     1.66E-002    8.32E-004
   81  1621.58  3.28E+002    67.70     1.66E-002    8.32E-004
   82  1631.93  3.75E+002    57.17     1.66E-002    8.32E-004
   83  1662.37  4.35E+002    48.71     1.66E-002    8.32E-004
   84  1673.69  5.47E+001    36.18     1.66E-002    8.32E-004
   85  1731.06  1.18E+003    68.84     1.66E-002    8.32E-004
   86  1765.91  6.28E+003   109.23     1.66E-002    8.32E-004
   87  1849.04  8.55E+002    76.36     1.66E-002    8.32E-004
   88  2105.22  1.26E+003    86.30     1.66E-002    8.32E-004
   89  2120.30  5.71E+002    62.89     1.66E-002    8.32E-004
   90  2162.27  1.98E+001    28.52     1.66E-002    8.32E-004
   91  2206.42  1.92E+003    89.53     1.66E-002    8.32E-004


M = First peak in a multiplet region
m = Other peak in a multiplet region
F = Fitted singlet
Peak Efficiency Report             4/16/2019   9:34:43 AM          Page 27


Errors quoted at  1.000 sigma
Background Subtract Report             4/16/2019   9:34:43 AM      Page 28

No background subtract performed on this spectrum.
No area correction performed on this spectrum.
Nuclide Identification Report        4/16/2019   9:34:43 AM        Page 29


*************************************************************************
*****   N U C L I D E   I D E N T I F I C A T I O N   R E P O R T   *****
*************************************************************************

     Sample Title:         Sample title.                           
     Nuclide Library Used: C:\GENIE2K\CAMFILES\MGS_2_Cal_and_Au_Act

   ....................    IDENTIFIED NUCLIDES     ....................

   Nuclide    Id       Energy   Yield     Activity     Activity
   Name    Confidence  (keV)     (%)     (uCi/Unit)   Uncertainty

   CO-60     0.993   1173.24*   99.90    1.698E-006   8.795E-007
                     1332.50*   99.98    3.260E-006   7.402E-007
   Eu-155    0.308     60.01     1.22
                       86.55*   30.70   -9.989E-006   1.820E-006
                      105.31    21.10
   AU-198    1.000    411.80*   95.58    4.685E-006   4.382E-007

       * = Energy line found in the spectrum.
       Energy Tolerance :    3.000 keV
       Nuclide confidence index threshold =   0.05
       Errors quoted at  1.000 sigma

Nuclide Identification Report        4/16/2019   9:34:43 AM        Page 30


   **********   U N I D E N T I F I E D   P E A K S   **********

               Peak Locate Performed on:  4/16/2019   9:34:39 AM
               Peak Locate From Channel:      1
               Peak Locate To Channel:    65535

       Peak   Energy           Peak Size in        Peak CPS
        No.   (keV)          Counts per Second   % Uncertainty

         1    84.71             3.0797E-002           4.33
         3    92.60             6.0668E-003          19.97
         4   122.60            -6.0092E-004        -155.22
         5   144.35             1.9227E-003          71.98
         6   170.93             2.9385E-004         396.87
         7   180.02            -1.0126E-003        -161.63
         8   185.35             1.0039E-002          10.68
         9   208.87             1.8633E-003          62.01
        10   233.44            -8.4164E-005        -1033.7
        11   238.53             1.8017E-002           6.97
        12   241.91             5.5949E-003          21.64
        13   295.11             1.4162E-002           8.75
        14   300.14             1.6921E-003          42.74
      M 15   311.33             1.2022E-003          33.25
      m 16   312.33             6.7384E-004          52.79
        17   327.48             2.0250E-003          42.00
        18   338.26             5.8745E-003          16.20
        19   351.74             3.2991E-002           3.82
        20   362.05             9.7100E-004          79.74
      M 21   410.05             7.7539E-004          45.91
        23   439.04             2.0922E-003          52.28
        24   463.12             2.0335E-003          37.32
        25   510.91             6.8173E-002           1.68
        26   546.05             2.4503E-004         205.22
        27   551.18             8.3274E-004          59.62
        28   555.17             6.2158E-004         114.85
        29   569.51             4.4259E-004         119.17
        30   575.22             4.1036E-004         116.66
        31   583.09             2.0310E-002           3.93
        32   590.51             1.0234E-004         497.20
        33   595.89             7.8508E-004          79.49
        34   609.21             4.8863E-002           1.98
      M 35   661.59             1.1479E-001           0.67
      m 36   665.37             1.5310E-003          19.37
        37   674.22             2.0042E-004         213.27
        38   686.62             4.8132E-004         147.65
        39   727.36             4.7086E-003           9.18
        40   752.90             7.4595E-004         114.15
        41   768.38             5.7104E-003          11.99
        42   772.21            -1.2935E-003         -68.85
        43   785.75             1.7252E-003          29.91
      M 44   794.95             3.4909E-003           7.92
      m 45   798.65             1.0181E-004         194.34
        46   806.40             1.7371E-003          35.92
        47   830.40             6.8744E-004          58.82
        48   860.55             3.9842E-003          15.80
        49   893.28             2.0740E-003          44.62
        50   904.22             1.4631E-004         269.28
Nuclide Identification Report        4/16/2019   9:34:43 AM        Page 31

        51   911.36             2.2196E-002           3.56
Nuclide Identification Report        4/16/2019   9:34:43 AM        Page 32


       Peak   Energy               Peak Size in        Peak CPS
        No.   (keV)    Channel   Counts per Second   % Uncertainty

        52   934.32             4.7871E-003          12.04
        53   950.23             1.8157E-003          34.34
        54   964.89             3.2758E-003          14.92
        55   969.18             1.2033E-002           5.69
        56   983.66             2.7607E-004         170.65
        57  1001.28             1.3908E-003          32.39
        58  1088.37             8.2534E-004          43.34
        59  1120.72             2.1967E-002           3.47
        60  1155.42             2.4377E-003          25.05
        62  1217.17            -3.6736E-005        -1074.8
        63  1238.83             1.0148E-002           6.71
        64  1281.60             2.5009E-003          27.93
        66  1378.28             6.2647E-003           8.11
        67  1385.99             9.0353E-004          52.85
        68  1402.57             1.5573E-003          24.12
        69  1408.72             4.4804E-003           9.36
        70  1461.68             3.8160E-001           0.35
        71  1496.43             9.2303E-004          30.76
      M 72  1510.10             2.8101E-003           5.93
      m 73  1513.62             4.0484E-004          27.64
      M 74  1539.38             9.7390E-004          14.61
      m 75  1543.89             7.6362E-004          17.59
        76  1549.26            -1.9707E-005        -901.26
        77  1584.61             4.7566E-004          41.70
        78  1589.28             2.4244E-003          11.21
        79  1593.67             2.7180E-003          11.36
        80  1600.60             4.2148E-004          51.21
        81  1621.58             1.3197E-003          20.65
        82  1631.93             1.5115E-003          15.22
        83  1662.37             1.7520E-003          11.19
        84  1673.69             2.2017E-004          66.15
        85  1731.06             4.7615E-003           5.82
        86  1765.91             2.5280E-002           1.74
        87  1849.04             3.4399E-003           8.94
        88  2105.22             5.0706E-003           6.85
        89  2120.30             2.2969E-003          11.02
        90  2162.27             7.9894E-005         143.71
        91  2206.42             7.7319E-003           4.66

       M = First peak in a multiplet region
       m = Other peak in a multiplet region
       F = Fitted singlet

       Errors quoted at  1.000 sigma
Interference Corrected Activity Report    4/16/2019   9:34:43 AM   Page 33


*************************************************************************
*****   N U C L I D E   I D E N T I F I C A T I O N   R E P O R T   *****
*************************************************************************

     Sample Title:         Sample title.                           
     Nuclide Library Used: C:\GENIE2K\CAMFILES\MGS_2_Cal_and_Au_Act

   ....................    IDENTIFIED NUCLIDES     ....................

   Nuclide    Id       Energy    Yield     Activity     Activity
   Name    Confidence  (keV)      (%)     (uCi/Unit)   Uncertainty

   CO-60     0.993   1173.24*    99.90   1.69843E-006  8.79478E-007
                     1332.50*    99.98   3.26006E-006  7.40165E-007
   Eu-155    0.308     60.01      1.22
                       86.55*    30.70  -9.98913E-006  1.82046E-006
                      105.31     21.10
   AU-198    1.000    411.80*    95.58   4.68455E-006  4.38203E-007

       * = Energy line found in the spectrum.
       @ = Energy line not used for Weighted Mean Activity
       Energy Tolerance :    3.000 keV
       Nuclide confidence index threshold =   0.05
       Errors quoted at  1.000 sigma

Interference Corrected Activity Report    4/16/2019   9:34:43 AM   Page 34


*************************************************************************
*****   I N T E R F E R E N C E   C O R R E C T E D   R E P O R T   *****
*************************************************************************


                 Nuclide       Wt mean         Wt mean
       Nuclide     Id          Activity        Activity
       Name     Confidence    (uCi/Unit)      Uncertainty

       CO-60      0.993      2.612579E-006   5.663027E-007
       Eu-155     0.308     -9.989130E-006   1.820458E-006
       AU-198     1.000      4.684547E-006   4.382031E-007

       ? = nuclide is part of an undetermined solution
       X = nuclide rejected by the interference analysis
       @ = nuclide contains energy lines not used in Weighted Mean Activity

       Errors quoted at  1.000 sigma

Interference Corrected Activity Report    4/16/2019   9:34:43 AM   Page 35


   **********   U N I D E N T I F I E D   P E A K S   **********

               Peak Locate Performed on:  4/16/2019   9:34:39 AM
               Peak Locate From Channel:      1
               Peak Locate To Channel:    65535

       Peak   Energy           Peak Size in        Peak CPS
        No.   (keV)          Counts per Second   % Uncertainty

         1    84.71             3.0797E-002           4.33
         3    92.60             6.0668E-003          19.97
         4   122.60            -6.0092E-004        -155.22
         5   144.35             1.9227E-003          71.98
         6   170.93             2.9385E-004         396.87
         7   180.02            -1.0126E-003        -161.63
         8   185.35             1.0039E-002          10.68
         9   208.87             1.8633E-003          62.01
        10   233.44            -8.4164E-005        -1033.7
        11   238.53             1.8017E-002           6.97
        12   241.91             5.5949E-003          21.64
        13   295.11             1.4162E-002           8.75
        14   300.14             1.6921E-003          42.74
      M 15   311.33             1.2022E-003          33.25
      m 16   312.33             6.7384E-004          52.79
        17   327.48             2.0250E-003          42.00
        18   338.26             5.8745E-003          16.20
        19   351.74             3.2991E-002           3.82
        20   362.05             9.7100E-004          79.74
      M 21   410.05             7.7539E-004          45.91
        23   439.04             2.0922E-003          52.28
        24   463.12             2.0335E-003          37.32
        25   510.91             6.8173E-002           1.68
        26   546.05             2.4503E-004         205.22
        27   551.18             8.3274E-004          59.62
        28   555.17             6.2158E-004         114.85
        29   569.51             4.4259E-004         119.17
        30   575.22             4.1036E-004         116.66
        31   583.09             2.0310E-002           3.93
        32   590.51             1.0234E-004         497.20
        33   595.89             7.8508E-004          79.49
        34   609.21             4.8863E-002           1.98
      M 35   661.59             1.1479E-001           0.67
      m 36   665.37             1.5310E-003          19.37
        37   674.22             2.0042E-004         213.27
        38   686.62             4.8132E-004         147.65
        39   727.36             4.7086E-003           9.18
        40   752.90             7.4595E-004         114.15
        41   768.38             5.7104E-003          11.99
        42   772.21            -1.2935E-003         -68.85
        43   785.75             1.7252E-003          29.91
      M 44   794.95             3.4909E-003           7.92
      m 45   798.65             1.0181E-004         194.34
        46   806.40             1.7371E-003          35.92
        47   830.40             6.8744E-004          58.82
        48   860.55             3.9842E-003          15.80
        49   893.28             2.0740E-003          44.62
        50   904.22             1.4631E-004         269.28
Interference Corrected Activity Report    4/16/2019   9:34:43 AM   Page 36

        51   911.36             2.2196E-002           3.56
Interference Corrected Activity Report    4/16/2019   9:34:43 AM   Page 37


       Peak   Energy               Peak Size in        Peak CPS
        No.   (keV)    Channel   Counts per Second   % Uncertainty

        52   934.32             4.7871E-003          12.04
        53   950.23             1.8157E-003          34.34
        54   964.89             3.2758E-003          14.92
        55   969.18             1.2033E-002           5.69
        56   983.66             2.7607E-004         170.65
        57  1001.28             1.3908E-003          32.39
        58  1088.37             8.2534E-004          43.34
        59  1120.72             2.1967E-002           3.47
        60  1155.42             2.4377E-003          25.05
        62  1217.17            -3.6736E-005        -1074.8
        63  1238.83             1.0148E-002           6.71
        64  1281.60             2.5009E-003          27.93
        66  1378.28             6.2647E-003           8.11
        67  1385.99             9.0353E-004          52.85
        68  1402.57             1.5573E-003          24.12
        69  1408.72             4.4804E-003           9.36
        70  1461.68             3.8160E-001           0.35
        71  1496.43             9.2303E-004          30.76
      M 72  1510.10             2.8101E-003           5.93
      m 73  1513.62             4.0484E-004          27.64
      M 74  1539.38             9.7390E-004          14.61
      m 75  1543.89             7.6362E-004          17.59
        76  1549.26            -1.9707E-005        -901.26
        77  1584.61             4.7566E-004          41.70
        78  1589.28             2.4244E-003          11.21
        79  1593.67             2.7180E-003          11.36
        80  1600.60             4.2148E-004          51.21
        81  1621.58             1.3197E-003          20.65
        82  1631.93             1.5115E-003          15.22
        83  1662.37             1.7520E-003          11.19
        84  1673.69             2.2017E-004          66.15
        85  1731.06             4.7615E-003           5.82
        86  1765.91             2.5280E-002           1.74
        87  1849.04             3.4399E-003           8.94
        88  2105.22             5.0706E-003           6.85
        89  2120.30             2.2969E-003          11.02
        90  2162.27             7.9894E-005         143.71
        91  2206.42             7.7319E-003           4.66

       M = First peak in a multiplet region
       m = Other peak in a multiplet region
       F = Fitted singlet

       Errors quoted at  1.000 sigma
Nuclide MDA Report                      4/16/2019   9:34:43 AM     Page 38


No MDA analysis results available for reporting purposes
Nuclide MDA Report                      4/16/2019   9:34:43 AM     Page 39


No MDA analysis results available for reporting purposes
Action Level Summary Report             4/16/2019   9:34:43 AM     Page 40


No Action Level results available for reporting purposes
Auto Gain Adjust                     4/16/2019   9:34:43 AM       Page 41


*************************************************************************
*****                 A U T O  G A I N   A D J U S T                *****
*************************************************************************

Report Generated On:                               4/16/2019   9:34:43 AM


Status:                                                                 
No AGA results for reporting.


This report is valid only if a Certificate was the source of the true values.


Status:                                                                 
No AGA results for reporting.

