*************************************************************************
*****        G A M M A   S P E C T R U M    A N A L Y S I S         *****
*************************************************************************


Filename: DSA1000A                                                     

Report Generated On             : 4/5/2019    2:30:31 PM

Sample Title                    : Sample title.                          
Sample Description              :                                 
Sample Identification           :                 
Sample Type                     :                 
Sample Geometry                 :                 

Peak Locate Threshold           :  2.50
Peak Locate Range (in channels) :     1 - 65535
Peak Area Range (in channels)   :   100 -  8172
Identification Energy Tolerance :    3.000 keV

Sample Size                     :  1.000E+000 Unit    

Sample Taken On                 :                       
Acquisition Started             : 4/5/2019    1:24:10 PM

Live Time                       :     3950.1 seconds
Real Time                       :     3957.3 seconds

Dead Time                       :   0.18 %


              Energy Calibration Used Done On       : 6/23/2018 
              Efficiency Calibration Used Done On   : 2/21/2019 
              Efficiency ID                         :                        

Peak Analysis Report             4/5/2019    2:30:32 PM            Page  2


**************************************************************************
*****           P E A K    A N A L Y S I S    R E P O R T            *****
**************************************************************************


     Detector Name:  DSA1000A                        
     Sample Title:   Sample title.                                     
     Peak Analysis Performed on:  4/5/2019    2:30:32 PM
               Peak Analysis From Channel:    290
               Peak Analysis To Channel:     8192

   Peak  ROI  ROI    Peak    Energy   FWHM  Net Peak  Net Area  Continuum 
    No. start end  centroid   (keV)   (keV)  Area     Uncert.    Counts 

    1   306-  320   313.41    85.25   1.04        90.2   51.51   8.88E+002 
    2   328-  336   332.38    90.43   0.40       -46.7   33.06   5.26E+002 
    3   384-  397   390.08   106.17   0.35        34.2   49.48   8.74E+002 
    4   432-  441   435.82   118.65   0.75        -8.2   39.07   6.77E+002 
    5   615-  623   618.73   168.55   0.41        27.5   36.99   6.26E+002 
    6   640-  650   643.51   175.31   0.63       -33.3   41.20   7.25E+002 
    7   677-  687   681.94   185.80   0.66        37.3   41.24   6.95E+002 
    8   763-  771   766.52   208.87   0.27        -0.6   34.44   5.55E+002 
    9   831-  839   835.81   227.78   0.36       -18.6   33.62   5.39E+002 
   10   867-  879   875.47   238.60   0.72        18.8   45.70   7.86E+002 
   11   953-  964   960.06   261.68   0.93        35.3   35.75   4.96E+002 
   12  1057- 1071  1064.54   290.18   0.41        23.7   38.78   5.12E+002 
   13  1250- 1267  1259.46   343.36   0.37       -86.0   40.93   5.41E+002 
   14  1281- 1296  1290.41   351.80   0.78        64.8   36.51   4.22E+002 
   15  1331- 1341  1334.68   363.88   0.30        22.3   23.40   2.20E+002 
   16  1412- 1424  1416.38   386.17   0.29        -3.1   27.75   2.93E+002 
   17  1502- 1519  1509.86   411.67   1.27     10917.4  109.69   3.47E+002 
   18  1545- 1554  1550.72   422.82   0.27        18.9   19.44   1.59E+002 
   19  1571- 1591  1575.00   429.45   0.49        11.5   33.95   3.14E+002 
   20  1627- 1634  1630.85   444.68   0.62        -1.6   15.37   1.18E+002 
   21  1663- 1672  1668.86   455.05   0.75        30.8   18.34   1.35E+002 
   22  1683- 1693  1689.24   460.61   0.72        21.4   19.99   1.58E+002 
   23  1755- 1770  1765.02   481.29   0.44         3.8   26.09   2.25E+002 
   24  1804- 1818  1811.66   494.01   0.27         8.2   23.74   1.93E+002 
   25  1864- 1889  1874.44   511.14   2.17       348.0   39.63   2.84E+002 
   26  1968- 1980  1972.18   537.81   0.29         5.5   19.30   1.40E+002 
   27  2019- 2034  2028.51   553.18   0.32        13.0   22.07   1.58E+002 
   28  2044- 2060  2055.21   560.46   1.00         8.4   23.50   1.74E+002 
   29  2079- 2089  2083.48   568.17   0.28         1.9   16.76   1.12E+002 
   30  2132- 2148  2139.81   583.54   0.83        60.0   23.56   1.58E+002 
   31  2189- 2200  2195.54   598.75   0.51       -10.5   16.86   1.17E+002 
   32  2224- 2244  2233.64   609.14   1.04       162.6   29.47   1.94E+002 
   33  2386- 2399  2394.51   653.03   0.27       -26.5   17.94   1.26E+002 
   34  2418- 2434  2426.10   661.65   1.27       401.3   30.13   1.62E+002 
   35  2447- 2459  2451.50   668.58   0.27        16.6   16.25   9.14E+001 
   36  2470- 2483  2476.84   675.49   0.29        35.0   19.56   1.25E+002 
   37  2505- 2517  2511.63   684.98   0.64        -7.3   17.07   1.12E+002 
   38  2561- 2575  2570.39   701.01   0.27         1.4   18.28   1.15E+002 
   39  2662- 2678  2669.43   728.04   0.64        45.4   20.55   1.20E+002 
   40  2796- 2805  2800.72   763.85   0.27        13.0   12.63   6.40E+001 
   41  2812- 2825  2816.25   768.09   0.73        34.6   15.77   7.74E+001 
   42  2831- 2844  2837.34   773.85   0.36        20.1   14.67   6.69E+001 
Peak Analysis Report             4/5/2019    2:30:32 PM            Page  3


   Peak  ROI  ROI    Peak    Energy   FWHM  Net Peak  Net Area  Continuum 
    No. start end  centroid   (keV)   (keV)  Area     Uncert.    Counts 

   43  3014- 3026  3018.02   823.14   0.27       -30.9   14.86   9.59E+001 
   44  3088- 3103  3095.91   844.39   0.69        19.6   16.07   7.94E+001 
   45  3129- 3140  3135.43   855.17   0.27         3.4   12.67   6.06E+001 
   46  3169- 3179  3174.16   865.74   0.27        -6.6   12.41   6.66E+001 
   47  3189- 3205  3200.00   872.79   0.42        31.0   17.06   8.30E+001 
   48  3223- 3237  3228.47   880.56   0.27        -8.6   15.44   8.56E+001 
   49  3253- 3264  3259.90   889.13   0.40        -1.1   14.24   7.81E+001 
   50  3335- 3351  3340.94   911.24   0.85        73.1   18.60   8.69E+001 
   51  3546- 3560  3554.24   969.43   0.71        53.4   15.75   6.76E+001 
   52  3603- 3619  3608.00   984.10   0.31        -8.8   15.46   7.68E+001 
   53  3622- 3631  3626.90   989.26   0.33        -0.2    9.55   3.92E+001 
   54  3635- 3646  3640.00   992.83   0.27       -14.0   11.42   5.70E+001 
   55  3848- 3860  3855.59  1051.65   0.37        24.3   12.36   4.88E+001 
   56  3984- 3996  3991.65  1088.77   1.26        19.4   12.66   5.36E+001 
   57  4021- 4031  4026.20  1098.20   0.68        10.3   11.27   4.87E+001 
   58  4101- 4116  4110.55  1121.21   1.06        66.9   19.64   1.06E+002 
   59  5160- 5172  5166.75  1409.37   0.72        29.0    9.37   2.20E+001 
   60  5346- 5371  5358.43  1461.66   2.03      1499.2   40.26   2.88E+001 
   61  5485- 5496  5490.16  1497.60   0.56        12.7    5.12   5.31E+000 
   62  5641- 5652  5646.13  1540.15   0.72         4.1    7.02   1.69E+001 
   63  5750- 5761  5755.68  1570.04   0.76         4.8    5.41   8.25E+000 
   64  5822- 5833  5827.62  1589.67   0.33        14.1    6.56   1.09E+001 
   65  6088- 6099  6093.23  1662.13   0.29        18.6    5.92   5.38E+000 
   66  6465- 6483  6474.45  1766.14   1.52       101.4   12.80   1.86E+001 
   67  8081- 8093  8087.23  2206.15   1.16        27.4    7.69   1.16E+001 

M = First peak in a multiplet region
m = Other peak in a multiplet region
F = Fitted singlet

Errors quoted at  1.000 sigma
Nuclide Identification Report        4/5/2019    2:30:32 PM        Page  4


No nuclide identification results available for reporting purposes
*************************************************************************
*****        G A M M A   S P E C T R U M    A N A L Y S I S         *****
*************************************************************************


Filename: DSA1000A                                                     

Report Generated On             : 4/5/2019    2:30:33 PM

Sample Title                    : Sample title.                          
Sample Description              :                                 
Sample Identification           :                 
Sample Type                     :                 
Sample Geometry                 :                 

Peak Locate Threshold           :  2.50
Peak Locate Range (in channels) :     1 - 65535
Peak Area Range (in channels)   :   290 -  8192
Identification Energy Tolerance :    3.000 keV

Sample Size                     :  1.000E+000 Unit    

Sample Taken On                 :                       
Acquisition Started             : 4/5/2019    1:24:10 PM

Live Time                       :     3950.1 seconds
Real Time                       :     3957.3 seconds

Dead Time                       :   0.18 %


              Energy Calibration Used Done On       : 6/23/2018 
              Efficiency Calibration Used Done On   : 2/21/2019 
              Efficiency ID                         :                        

Energy Calibration Report            4/5/2019    2:30:33 PM       Page  5


**************************************************************************
*****       E N E R G Y   C A L I B R A T I O N   R E P O R T        *****
**************************************************************************

     Detector Name:  DSA1000A                        
     Sample Title:   Sample title.                                     

       *************  ENERGY CALIBRATION COEFFICIENTS  *************

               Energy Calibrate Performed on:  6/23/2018  12:56:08 PM
                       by:                       
               Energy Calibrate Type:          POLY    

   Energy(keV) =    -0.253 +     0.273*ch +  0.00E+000*ch^2 +  0.00E+000*ch^3

       *************  SHAPE CALIBRATION COEFFICIENTS   *************

               Shape Calibrate Performed on:  6/23/2018  12:56:08 PM
                       by:                        

               FWHM     =     0.795  +   0.026*E^1/2

               LOW TAIL =   0.0E+000 +  0.0E+000*E

****************     ENERGY CALIBRATION RESULTS TABLE     ****************

                    Centroid      Centroid         Energy
                    Channel       error            (keV )
                      220.59        0.07             60.01
                      317.99        0.02             86.54
                      386.80        0.01            105.31
                      451.84        0.03            122.06
                     2426.14        0.01            661.66
                     3062.96        0.38            834.83

       *********     SHAPE CALIBRATION RESULTS TABLE      *********

             Energy     FWHM       FWHM         TAIL        TAIL
             (keV )     channels   error        channels    error
               60.01      3.13      0.17           0.00      0.00
               86.54      3.87      0.04           0.00      0.00
              105.31      3.88      0.01           0.00      0.00
              122.06      3.92      0.07           0.00      0.00
              661.66      5.34      0.01           0.00      0.00
              834.83      1.36      0.55           0.00      0.00
Efficiency Calibration Report             4/5/2019    2:30:33 PM   Page  6


**************************************************************************
*****   E F F I C I E N C Y   C A L I B R A T I O N    R E P O R T   *****
**************************************************************************

     Detector Name:  DSA1000A                        
     Sample Title:   Sample title.                                     

     Geometry Description:                 
     Efficiency Calibration Performed on:  2/21/2019   3:50:31 PM
                       by:                         
     Geometry Type Used:   INTERPOL        

                            Efficiency Triplets
                            ===================

                   Energy         Efficiency        Error

                     60.01         1.99E-002      1.47E-003
                     86.55         7.35E-002      3.68E-003
                    105.31         9.20E-002      4.60E-003
                    176.33         9.74E-002      4.89E-003
                    427.89         4.81E-002      2.41E-003
                    463.38         4.48E-002      2.26E-003
                    600.56         3.53E-002      1.77E-003
                    606.64         3.50E-002      1.78E-003
                    635.90         3.41E-002      1.72E-003
                    834.85         2.61E-002      1.38E-003
                   1173.24         1.85E-002      9.27E-004
                   1332.50         1.66E-002      8.32E-004

                      DUAL Efficiency Calibration Equation
                      ====================================

         Single Equation Terms ->   Offset:     -594.233
                                     Slope:      481.755
                                 Quadratic:     -156.075
                                     Cubic:       25.207
                                 4th Order:       -2.032
                                 5th Order:        0.065
                                 6th Order:        0.000
                                 7th Order:        0.000
                                 8th Order:        0.000
                                 9th Order:        0.000
Efficiency Calibration Report             4/5/2019    2:30:33 PM   Page  7


                      EMPIRICAL Efficiency Calibration Equation
                      =========================================

      Empirical Equation Terms ->  Scaling:      696.255
                                    Offset:       -3.475
                                     Slope:        0.951
                                 Quadratic:       -0.096
                                     Cubic:       -0.022
                                 4th Order:        0.109
                                 5th Order:       -0.065

                      LINEAR Efficiency Calibration Equation
                      ======================================

         Linear Equation Terms ->   Offset:       -0.000
                                     Slope:       -1.666
                                 Quadratic:      257.368
                                     Cubic:   -32179.611
                                 4th Order:  1699257.375
                                 5th Order:  -41984524.0
                                 6th Order:        0.000
                                 7th Order:        0.000
                                 8th Order:        0.000
                                 9th Order:        0.000
Peak-to-Total Calibration Report          4/5/2019    2:30:33 PM   Page  8


**************************************************************************
**   P E A K - T O - T O T A L   C A L I B R A T I O N   R E P O R T   ***
**************************************************************************

     Detector Name:  DSA1000A                        
     Sample Title:   Sample title.                                     


                  Peak-to-Total Calibration Equation
                  =============================================

                                 No Peak-to-Total Equation

Peak Locate Analysis Report             4/5/2019    2:30:33 PM     Page  9

**************************************************************************
*****             P E A K    L O C A T E    R E P O R T              *****
**************************************************************************

     Detector Name:  DSA1000A                        
     Sample Title:   Sample title.                                     
               Peak Locate Performed on:  4/5/2019    2:30:31 PM
               Peak Locate From Channel:      1
               Peak Locate To Channel:    65535
               Peak Search Sensitivity:     2.50

     Peak   Centroid    Centroid     Energy       Peak
      No.    Channel   Uncertainty   (keV)    Significance

       1      313.41      <NA>         85.25      <NA> 
       2      332.38      <NA>         90.43      <NA> 
       3      390.08      <NA>        106.17      <NA> 
       4      435.82      <NA>        118.65      <NA> 
       5      618.73      <NA>        168.55      <NA> 
       6      643.51      <NA>        175.31      <NA> 
       7      681.94      <NA>        185.80      <NA> 
       8      766.52      <NA>        208.87      <NA> 
       9      835.81      <NA>        227.78      <NA> 
      10      875.47      <NA>        238.60      <NA> 
      11      960.06      <NA>        261.68      <NA> 
      12     1064.54      <NA>        290.18      <NA> 
      13     1259.46      <NA>        343.36      <NA> 
      14     1290.41      <NA>        351.80      <NA> 
      15     1334.68      <NA>        363.88      <NA> 
      16     1416.38      <NA>        386.17      <NA> 
      17     1509.86      <NA>        411.67      <NA> 
      18     1550.72      <NA>        422.82      <NA> 
      19     1575.00      <NA>        429.45      <NA> 
      20     1630.85      <NA>        444.68      <NA> 
      21     1668.86      <NA>        455.05      <NA> 
      22     1689.24      <NA>        460.61      <NA> 
      23     1765.02      <NA>        481.29      <NA> 
      24     1811.66      <NA>        494.01      <NA> 
      25     1874.44      <NA>        511.14      <NA> 
      26     1972.18      <NA>        537.81      <NA> 
      27     2028.51      <NA>        553.18      <NA> 
      28     2055.21      <NA>        560.46      <NA> 
      29     2083.48      <NA>        568.17      <NA> 
      30     2139.81      <NA>        583.54      <NA> 
      31     2195.54      <NA>        598.75      <NA> 
      32     2233.64      <NA>        609.14      <NA> 
      33     2394.51      <NA>        653.03      <NA> 
      34     2426.10      <NA>        661.65      <NA> 
      35     2451.50      <NA>        668.58      <NA> 
      36     2476.84      <NA>        675.49      <NA> 
      37     2511.63      <NA>        684.98      <NA> 
      38     2570.39      <NA>        701.01      <NA> 
      39     2669.43      <NA>        728.04      <NA> 
      40     2800.72      <NA>        763.85      <NA> 
      41     2816.25      <NA>        768.09      <NA> 
Peak Locate Analysis Report             4/5/2019    2:30:33 PM     Page 10


     Peak   Centroid    Centroid     Energy       Peak
      No.    Channel   Uncertainty   (keV)    Significance

      42     2837.34      <NA>        773.85      <NA> 
      43     3018.02      <NA>        823.14      <NA> 
      44     3095.91      <NA>        844.39      <NA> 
      45     3135.43      <NA>        855.17      <NA> 
      46     3174.16      <NA>        865.74      <NA> 
      47     3200.00      <NA>        872.79      <NA> 
      48     3228.47      <NA>        880.56      <NA> 
      49     3259.90      <NA>        889.13      <NA> 
      50     3340.94      <NA>        911.24      <NA> 
      51     3554.24      <NA>        969.43      <NA> 
      52     3608.00      <NA>        984.10      <NA> 
      53     3626.90      <NA>        989.26      <NA> 
      54     3640.00      <NA>        992.83      <NA> 
      55     3855.59      <NA>       1051.65      <NA> 
      56     3991.65      <NA>       1088.77      <NA> 
      57     4026.20      <NA>       1098.20      <NA> 
      58     4110.55      <NA>       1121.21      <NA> 
      59     5166.75      <NA>       1409.37      <NA> 
      60     5358.43      <NA>       1461.66      <NA> 
      61     5490.16      <NA>       1497.60      <NA> 
      62     5646.13      <NA>       1540.15      <NA> 
      63     5755.68      <NA>       1570.04      <NA> 
      64     5827.62      <NA>       1589.67      <NA> 
      65     6093.23      <NA>       1662.13      <NA> 
      66     6474.45      <NA>       1766.14      <NA> 
      67     8087.23      <NA>       2206.15      <NA> 

? = Adjacent peak noted

Errors quoted at  1.000 sigma
Peak Analysis Report             4/5/2019    2:30:33 PM            Page 11


**************************************************************************
*****           P E A K    A N A L Y S I S    R E P O R T            *****
**************************************************************************


     Detector Name:  DSA1000A                        
     Sample Title:   Sample title.                                     
     Peak Analysis Performed on:  4/5/2019    2:30:32 PM
               Peak Analysis From Channel:    290
               Peak Analysis To Channel:     8192

   Peak  ROI  ROI    Peak    Energy   FWHM  Net Peak  Net Area  Continuum 
    No. start end  centroid   (keV)   (keV)  Area     Uncert.    Counts 

    1   306-  320   313.41    85.25   1.04        90.2   51.51   8.88E+002 
    2   328-  336   332.38    90.43   0.40       -46.7   33.06   5.26E+002 
    3   384-  397   390.08   106.17   0.35        34.2   49.48   8.74E+002 
    4   432-  441   435.82   118.65   0.75        -8.2   39.07   6.77E+002 
    5   615-  623   618.73   168.55   0.41        27.5   36.99   6.26E+002 
    6   640-  650   643.51   175.31   0.63       -33.3   41.20   7.25E+002 
    7   677-  687   681.94   185.80   0.66        37.3   41.24   6.95E+002 
    8   763-  771   766.52   208.87   0.27        -0.6   34.44   5.55E+002 
    9   831-  839   835.81   227.78   0.36       -18.6   33.62   5.39E+002 
   10   867-  879   875.47   238.60   0.72        18.8   45.70   7.86E+002 
   11   953-  964   960.06   261.68   0.93        35.3   35.75   4.96E+002 
   12  1057- 1071  1064.54   290.18   0.41        23.7   38.78   5.12E+002 
   13  1250- 1267  1259.46   343.36   0.37       -86.0   40.93   5.41E+002 
   14  1281- 1296  1290.41   351.80   0.78        64.8   36.51   4.22E+002 
   15  1331- 1341  1334.68   363.88   0.30        22.3   23.40   2.20E+002 
   16  1412- 1424  1416.38   386.17   0.29        -3.1   27.75   2.93E+002 
   17  1502- 1519  1509.86   411.67   1.27     10917.4  109.69   3.47E+002 
   18  1545- 1554  1550.72   422.82   0.27        18.9   19.44   1.59E+002 
   19  1571- 1591  1575.00   429.45   0.49        11.5   33.95   3.14E+002 
   20  1627- 1634  1630.85   444.68   0.62        -1.6   15.37   1.18E+002 
   21  1663- 1672  1668.86   455.05   0.75        30.8   18.34   1.35E+002 
   22  1683- 1693  1689.24   460.61   0.72        21.4   19.99   1.58E+002 
   23  1755- 1770  1765.02   481.29   0.44         3.8   26.09   2.25E+002 
   24  1804- 1818  1811.66   494.01   0.27         8.2   23.74   1.93E+002 
   25  1864- 1889  1874.44   511.14   2.17       348.0   39.63   2.84E+002 
   26  1968- 1980  1972.18   537.81   0.29         5.5   19.30   1.40E+002 
   27  2019- 2034  2028.51   553.18   0.32        13.0   22.07   1.58E+002 
   28  2044- 2060  2055.21   560.46   1.00         8.4   23.50   1.74E+002 
   29  2079- 2089  2083.48   568.17   0.28         1.9   16.76   1.12E+002 
   30  2132- 2148  2139.81   583.54   0.83        60.0   23.56   1.58E+002 
   31  2189- 2200  2195.54   598.75   0.51       -10.5   16.86   1.17E+002 
   32  2224- 2244  2233.64   609.14   1.04       162.6   29.47   1.94E+002 
   33  2386- 2399  2394.51   653.03   0.27       -26.5   17.94   1.26E+002 
   34  2418- 2434  2426.10   661.65   1.27       401.3   30.13   1.62E+002 
   35  2447- 2459  2451.50   668.58   0.27        16.6   16.25   9.14E+001 
   36  2470- 2483  2476.84   675.49   0.29        35.0   19.56   1.25E+002 
   37  2505- 2517  2511.63   684.98   0.64        -7.3   17.07   1.12E+002 
   38  2561- 2575  2570.39   701.01   0.27         1.4   18.28   1.15E+002 
   39  2662- 2678  2669.43   728.04   0.64        45.4   20.55   1.20E+002 
   40  2796- 2805  2800.72   763.85   0.27        13.0   12.63   6.40E+001 
   41  2812- 2825  2816.25   768.09   0.73        34.6   15.77   7.74E+001 
   42  2831- 2844  2837.34   773.85   0.36        20.1   14.67   6.69E+001 
Peak Analysis Report             4/5/2019    2:30:33 PM            Page 12


   Peak  ROI  ROI    Peak    Energy   FWHM  Net Peak  Net Area  Continuum 
    No. start end  centroid   (keV)   (keV)  Area     Uncert.    Counts 

   43  3014- 3026  3018.02   823.14   0.27       -30.9   14.86   9.59E+001 
   44  3088- 3103  3095.91   844.39   0.69        19.6   16.07   7.94E+001 
   45  3129- 3140  3135.43   855.17   0.27         3.4   12.67   6.06E+001 
   46  3169- 3179  3174.16   865.74   0.27        -6.6   12.41   6.66E+001 
   47  3189- 3205  3200.00   872.79   0.42        31.0   17.06   8.30E+001 
   48  3223- 3237  3228.47   880.56   0.27        -8.6   15.44   8.56E+001 
   49  3253- 3264  3259.90   889.13   0.40        -1.1   14.24   7.81E+001 
   50  3335- 3351  3340.94   911.24   0.85        73.1   18.60   8.69E+001 
   51  3546- 3560  3554.24   969.43   0.71        53.4   15.75   6.76E+001 
   52  3603- 3619  3608.00   984.10   0.31        -8.8   15.46   7.68E+001 
   53  3622- 3631  3626.90   989.26   0.33        -0.2    9.55   3.92E+001 
   54  3635- 3646  3640.00   992.83   0.27       -14.0   11.42   5.70E+001 
   55  3848- 3860  3855.59  1051.65   0.37        24.3   12.36   4.88E+001 
   56  3984- 3996  3991.65  1088.77   1.26        19.4   12.66   5.36E+001 
   57  4021- 4031  4026.20  1098.20   0.68        10.3   11.27   4.87E+001 
   58  4101- 4116  4110.55  1121.21   1.06        66.9   19.64   1.06E+002 
   59  5160- 5172  5166.75  1409.37   0.72        29.0    9.37   2.20E+001 
   60  5346- 5371  5358.43  1461.66   2.03      1499.2   40.26   2.88E+001 
   61  5485- 5496  5490.16  1497.60   0.56        12.7    5.12   5.31E+000 
   62  5641- 5652  5646.13  1540.15   0.72         4.1    7.02   1.69E+001 
   63  5750- 5761  5755.68  1570.04   0.76         4.8    5.41   8.25E+000 
   64  5822- 5833  5827.62  1589.67   0.33        14.1    6.56   1.09E+001 
   65  6088- 6099  6093.23  1662.13   0.29        18.6    5.92   5.38E+000 
   66  6465- 6483  6474.45  1766.14   1.52       101.4   12.80   1.86E+001 
   67  8081- 8093  8087.23  2206.15   1.16        27.4    7.69   1.16E+001 

M = First peak in a multiplet region
m = Other peak in a multiplet region
F = Fitted singlet

Errors quoted at  1.000 sigma
Peak Analysis Report                    4/5/2019    2:30:33 PM          Page 13


*******************************************************************************
*****  S T A N D A R D   V M S   P E A K   A N A L Y S I S   R E P O R T  *****
*******************************************************************************

        Configuration Title:                                         
        Spectrum Title:              Sample title.            
        Peak Analysis Performed on:  4/5/19    2:30:32 PM
        Peak Analysis From Channel:    290    To Channel:     8192
        Peak Search Sensitivity:      2.50    Gaussian Sensitivity:  1.00
        Max Iterations: 15  Fit Singlets: No  Critical Level Test: No 
        Use Fixed FWHM: No  FWHM Reject:  No  FWHM Reject Ratio:  0.00 
        Peak Fit Engine Name: PANOLIN1        Continuum Type: STEP   

   Pk IT  Energy      Area   Bkgnd  FWHM Channel  Left  PW  Cts/Sec  %err   Fit

    1  0    85.25       90     888  1.04  313.41   306  15 2.3E-002  57.1   0.0
    2  0    90.43      -47     526  0.40  332.38   328   9-1.2E-002 -70.8   0.0
    3  0   106.17       34     874  0.35  390.08   384  14 8.7E-003 144.5   0.0
    4  0   118.65       -8     677  0.75  435.82   432  10-2.1E-003 -475.   0.0
    5  0   168.55       28     626  0.41  618.73   615   9 7.0E-003 134.4   0.0
    6  0   175.31      -33     725  0.63  643.51   640  11-8.4E-003 -123.   0.0
    7  0   185.80       37     695  0.66  681.94   677  11 9.4E-003 110.7   0.0
    8  0   208.87       -1     555  0.27  766.52   763   9-1.6E-004 -5367   0.0
    9  0   227.78      -19     539  0.36  835.81   831   9-4.7E-003 -181.   0.0
   10  0   238.60       19     786  0.72  875.47   867  13 4.8E-003 243.3   0.0
   11  0   261.68       35     496  0.93  960.06   953  12 8.9E-003 101.2   0.0
   12  0   290.18       24     512  0.41 1064.54  1057  15 6.0E-003 163.5   0.0
   13  0   343.36      -86     541  0.37 1259.46  1250  18-2.2E-002 -47.6   0.0
   14  0   351.80       65     422  0.78 1290.41  1281  16 1.6E-002  56.3   0.0
   15  0   363.88       22     220  0.30 1334.68  1331  11 5.7E-003 104.9   0.0
   16  0   386.17       -3     293  0.29 1416.38  1412  13-7.9E-004 -894.   0.0
   17  0   411.67    10917     347  1.27 1509.86  1502  18 2.8E+000   1.0   0.0
   18  0   422.82       19     159  0.27 1550.72  1545  10 4.8E-003 102.6   0.0
   19  0   429.45       11     314  0.49 1575.00  1571  21 2.9E-003 296.1   0.0
   20  0   444.68       -2     118  0.62 1630.85  1627   8-4.2E-004 -936.   0.0
   21  0   455.05       31     135  0.75 1668.86  1663  10 7.8E-003  59.5   0.0
   22  0   460.61       21     158  0.72 1689.24  1683  11 5.4E-003  93.5   0.0
   23  0   481.29        4     225  0.44 1765.02  1755  16 9.6E-004 690.8   0.0
   24  0   494.01        8     193  0.27 1811.66  1804  15 2.1E-003 288.6   0.0
   25  0   511.14      348     284  2.17 1874.44  1864  26 8.8E-002  11.4   0.0
   26  0   537.81        5     140  0.29 1972.18  1968  13 1.4E-003 351.9   0.0
   27  0   553.18       13     158  0.32 2028.51  2019  16 3.3E-003 169.4   0.0
   28  0   560.46        8     174  1.00 2055.21  2044  17 2.1E-003 278.4   0.0
   29  0   568.17        2     112  0.28 2083.48  2079  11 4.7E-004 903.3   0.0
   30  0   583.54       60     158  0.83 2139.81  2132  17 1.5E-002  39.3   0.0
   31  0   598.75      -11     117  0.51 2195.54  2189  12-2.7E-003 -159.   0.0
   32  0   609.14      163     194  1.04 2233.64  2224  21 4.1E-002  18.1   0.0
   33  0   653.03      -27     126  0.27 2394.51  2386  14-6.7E-003 -67.6   0.0
   34  0   661.65      401     162  1.27 2426.10  2418  17 1.0E-001   7.5   0.0
   35  0   668.58       17      91  0.27 2451.50  2447  13 4.2E-003  98.1   0.0
   36  0   675.49       35     125  0.29 2476.84  2470  14 8.9E-003  55.9   0.0
   37  0   684.98       -7     112  0.64 2511.63  2505  13-1.9E-003 -232.   0.0
   38  0   701.01        1     115  0.27 2570.39  2561  15 3.6E-004 1299.   0.0
Peak Analysis Report                    4/5/2019    2:30:33 PM          Page 14


   Pk IT  Energy      Area   Bkgnd  FWHM Channel  Left  PW  Cts/Sec  %err   Fit

   39  0   728.04       45     120  0.64 2669.43  2662  17 1.1E-002  45.3   0.0
   40  0   763.85       13      64  0.27 2800.72  2796  10 3.3E-003  96.9   0.0
   41  0   768.09       35      77  0.73 2816.25  2812  14 8.8E-003  45.6   0.0
   42  0   773.85       20      67  0.36 2837.34  2831  14 5.1E-003  73.0   0.0
   43  0   823.14      -31      96  0.27 3018.02  3014  13-7.8E-003 -48.1   0.0
   44  0   844.39       20      79  0.69 3095.91  3088  16 5.0E-003  82.2   0.0
   45  0   855.17        3      61  0.27 3135.43  3129  12 8.5E-004 375.3   0.0
   46  0   865.74       -7      67  0.27 3174.16  3169  11-1.7E-003 -188.   0.0
   47  0   872.79       31      83  0.42 3200.00  3189  17 7.9E-003  54.9   0.0
   48  0   880.56       -9      86  0.27 3228.47  3223  15-2.2E-003 -180.   0.0
   49  0   889.13       -1      78  0.40 3259.90  3253  12-2.9E-004 -1245   0.0
   50  0   911.24       73      87  0.85 3340.94  3335  17 1.9E-002  25.5   0.0
   51  0   969.43       53      68  0.71 3554.24  3546  15 1.4E-002  29.5   0.0
   52  0   984.10       -9      77  0.31 3608.00  3603  17-2.2E-003 -175.   0.0
   53  0   989.26       -0      39  0.33 3626.90  3622  10-3.9E-005 -6204   0.0
   54  0   992.83      -14      57  0.27 3640.00  3635  12-3.5E-003 -81.6   0.0
   55  0  1051.65       24      49  0.37 3855.59  3848  13 6.1E-003  51.0   0.0
   56  0  1088.77       19      54  1.26 3991.65  3984  13 4.9E-003  65.2   0.0
   57  0  1098.20       10      49  0.68 4026.20  4021  11 2.6E-003 109.2   0.0
   58  0  1121.21       67     106  1.06 4110.55  4101  16 1.7E-002  29.4   0.0
   59  0  1409.37       29      22  0.72 5166.75  5160  13 7.3E-003  32.4   0.0
   60  0  1461.66     1499      29  2.03 5358.43  5346  26 3.8E-001   2.7   0.0
   61  0  1497.60       13       5  0.56 5490.16  5485  12 3.2E-003  40.4   0.0
   62  0  1540.15        4      17  0.72 5646.13  5641  12 1.0E-003 172.4   0.0
   63  0  1570.04        5       8  0.76 5755.68  5750  12 1.2E-003 113.8   0.0
   64  0  1589.67       14      11  0.33 5827.62  5822  12 3.6E-003  46.5   0.0
   65  0  1662.13       19       5  0.29 6093.23  6088  12 4.7E-003  31.8   0.0
   66  0  1766.14      101      19  1.52 6474.45  6465  19 2.6E-002  12.6   0.0
   67  0  2206.15       27      12  1.16 8087.23  8081  13 6.9E-003  28.1   0.0

M = First peak in a multiplet region
m = Other peak in a multiplet region
F = Fitted singlet

Errors quoted at  1.000 sigma
Peak Analysis Report             4/5/2019    2:30:33 PM            Page 15


**************************************************************************
*****           P E A K    A N A L Y S I S    R E P O R T            *****
**************************************************************************


     Detector Name:  DSA1000A                        
     Sample Title:   Sample title.                                     
     Peak Analysis Performed on:  4/5/2019    2:30:32 PM
               Peak Analysis From Channel:    290
               Peak Analysis To Channel:     8192

   Peak  ROI  ROI   Energy   Net Peak Net Area  Continuum  Critical 
    No. start end    (keV)     Area    Uncert.    Counts     Level

    1   306-  320    85.25        90.2   51.51   8.88E+002  8.33E+001 
    2   328-  336    90.43       -46.7   33.06   5.26E+002  5.55E+001 
    3   384-  397   106.17        34.2   49.48   8.74E+002  8.08E+001 
    4   432-  441   118.65        -8.2   39.07   6.77E+002  6.44E+001 
    5   615-  623   168.55        27.5   36.99   6.26E+002  6.02E+001 
    6   640-  650   175.31       -33.3   41.20   7.25E+002  6.84E+001 
    7   677-  687   185.80        37.3   41.24   6.95E+002  6.71E+001 
    8   763-  771   208.87        -0.6   34.44   5.55E+002  5.67E+001 
    9   831-  839   227.78       -18.6   33.62   5.39E+002  5.58E+001 
   10   867-  879   238.60        18.8   45.70   7.86E+002  7.48E+001 
   11   953-  964   261.68        35.3   35.75   4.96E+002  5.80E+001 
   12  1057- 1071   290.18        23.7   38.78   5.12E+002  6.33E+001 
   13  1250- 1267   343.36       -86.0   40.93   5.41E+002  6.90E+001 
   14  1281- 1296   351.80        64.8   36.51   4.22E+002  5.86E+001 
   15  1331- 1341   363.88        22.3   23.40   2.20E+002  3.77E+001 
   16  1412- 1424   386.17        -3.1   27.75   2.93E+002  4.57E+001 
   17  1502- 1519   411.67     10917.4  109.69   3.47E+002  5.49E+001 
   18  1545- 1554   422.82        18.9   19.44   1.59E+002  3.12E+001 
   19  1571- 1591   429.45        11.5   33.95   3.14E+002  5.56E+001 
   20  1627- 1634   444.68        -1.6   15.37   1.18E+002  2.54E+001 
   21  1663- 1672   455.05        30.8   18.34   1.35E+002  2.88E+001 
   22  1683- 1693   460.61        21.4   19.99   1.58E+002  3.20E+001 
   23  1755- 1770   481.29         3.8   26.09   2.25E+002  4.28E+001 
   24  1804- 1818   494.01         8.2   23.74   1.93E+002  3.88E+001 
   25  1864- 1889   511.14       348.0   39.63   2.84E+002  5.75E+001 
   26  1968- 1980   537.81         5.5   19.30   1.40E+002  3.15E+001 
   27  2019- 2034   553.18        13.0   22.07   1.58E+002  3.58E+001 
   28  2044- 2060   560.46         8.4   23.50   1.74E+002  3.84E+001 
   29  2079- 2089   568.17         1.9   16.76   1.12E+002  2.75E+001 
   30  2132- 2148   583.54        60.0   23.56   1.58E+002  3.66E+001 
   31  2189- 2200   598.75       -10.5   16.86   1.17E+002  2.82E+001 
   32  2224- 2244   609.14       162.6   29.47   1.94E+002  4.37E+001 
   33  2386- 2399   653.03       -26.5   17.94   1.26E+002  3.07E+001 
   34  2418- 2434   661.65       401.3   30.13   1.62E+002  3.70E+001 
   35  2447- 2459   668.58        16.6   16.25   9.14E+001  2.59E+001 
   36  2470- 2483   675.49        35.0   19.56   1.25E+002  3.07E+001 
   37  2505- 2517   684.98        -7.3   17.07   1.12E+002  2.84E+001 
   38  2561- 2575   701.01         1.4   18.28   1.15E+002  3.00E+001 
   39  2662- 2678   728.04        45.4   20.55   1.20E+002  3.19E+001 
   40  2796- 2805   763.85        13.0   12.63   6.40E+001  1.99E+001 
   41  2812- 2825   768.09        34.6   15.77   7.74E+001  2.41E+001 
   42  2831- 2844   773.85        20.1   14.67   6.69E+001  2.30E+001 
Peak Analysis Report             4/5/2019    2:30:33 PM            Page 16


   Peak  ROI  ROI   Energy   Net Peak Net Area  Continuum  Critical 
    No. start end    (keV)     Area    Uncert.    Counts     Level

   43  3014- 3026   823.14       -30.9   14.86   9.59E+001  2.61E+001 
   44  3088- 3103   844.39        19.6   16.07   7.94E+001  2.54E+001 
   45  3129- 3140   855.17         3.4   12.67   6.06E+001  2.06E+001 
   46  3169- 3179   865.74        -6.6   12.41   6.66E+001  2.09E+001 
   47  3189- 3205   872.79        31.0   17.06   8.30E+001  2.65E+001 
   48  3223- 3237   880.56        -8.6   15.44   8.56E+001  2.59E+001 
   49  3253- 3264   889.13        -1.1   14.24   7.81E+001  2.35E+001 
   50  3335- 3351   911.24        73.1   18.60   8.69E+001  2.72E+001 
   51  3546- 3560   969.43        53.4   15.75   6.76E+001  2.30E+001 
   52  3603- 3619   984.10        -8.8   15.46   7.68E+001  2.59E+001 
   53  3622- 3631   989.26        -0.2    9.55   3.92E+001  1.57E+001 
   54  3635- 3646   992.83       -14.0   11.42   5.70E+001  1.98E+001 
   55  3848- 3860  1051.65        24.3   12.36   4.88E+001  1.86E+001 
   56  3984- 3996  1088.77        19.4   12.66   5.36E+001  1.95E+001 
   57  4021- 4031  1098.20        10.3   11.27   4.87E+001  1.78E+001 
   58  4101- 4116  1121.21        66.9   19.64   1.06E+002  2.94E+001 
   59  5160- 5172  1409.37        29.0    9.37   2.20E+001  1.26E+001 
   60  5346- 5371  1461.66      1499.2   40.26   2.88E+001  1.81E+001 
   61  5485- 5496  1497.60        12.7    5.12   5.31E+000  6.06E+000 
   62  5641- 5652  1540.15         4.1    7.02   1.69E+001  1.11E+001 
   63  5750- 5761  1570.04         4.8    5.41   8.25E+000  8.14E+000 
   64  5822- 5833  1589.67        14.1    6.56   1.09E+001  8.85E+000 
   65  6088- 6099  1662.13        18.6    5.92   5.38E+000  6.66E+000 
   66  6465- 6483  1766.14       101.4   12.80   1.86E+001  1.30E+001 
   67  8081- 8093  2206.15        27.4    7.69   1.16E+001  9.27E+000 

M = First peak in a multiplet region
m = Other peak in a multiplet region
F = Fitted singlet

Errors quoted at  1.000 sigma
Peak with NID Report             4/5/2019    2:30:33 PM            Page 17


**************************************************************************
*****           P E A K    W I T H   N I D    R E P O R T            *****
**************************************************************************


     Detector Name:  DSA1000A                        
     Sample Title:   Sample title.                                     
     Peak Analysis Performed on:  4/5/2019    2:30:32 PM
               Peak Analysis From Channel:    290
               Peak Analysis To Channel:     8192
     Tentative NID Library:   C:\GENIE2K\CAMFILES\NAA LIB LONG.NLB     
     Peak Match Tolerance :    3.000 keV

   Peak  ROI  ROI    Peak    Energy   Net Peak Net Area  Continuum  Tentative
    No. Start End  Centroid   (keV)     Area    Uncert.    Counts    Nuclide 

    1   306-  320   313.41    85.25  9.02E+001   51.51   8.88E+002   .....    
    2   328-  336   332.38    90.43 -4.67E+001   33.06   5.26E+002   ND-147   
    3   384-  397   390.08   106.17  3.42E+001   49.48   8.74E+002   LU-177x  
                                                                     GD-153   
                                                                     SM-153   
    4   432-  441   435.82   118.65 -8.21E+000   39.07   6.77E+002   SE-75    
    5   615-  623   618.73   168.55  2.75E+001   36.99   6.26E+002   PM-151   
                                                                     CE-139   
    6   640-  650   643.51   175.31 -3.33E+001   41.20   7.25E+002   AS-71    
                                                                     LU-177x  
                                                                     SB-125   
                                                                     YB-169   
    7   677-  687   681.94   185.80  3.73E+001   41.24   6.95E+002   HO-166   
                                                                     XE-125   
    8   763-  771   766.52   208.87 -6.42E-001   34.44   5.55E+002   LU-177x  
                                                                     LU-177   
                                                                     GE-77    
    9   831-  839   835.81   227.78 -1.86E+001   33.62   5.39E+002   LU-177x  
   10   867-  879   875.47   238.60  1.88E+001   45.70   7.86E+002   AS-77    
                                                                     TE-131x  
   11   953-  964   960.06   261.68  3.53E+001   35.75   4.96E+002   GE-77    
                                                                     SE-75    
   12  1057- 1071  1064.54   290.18  2.37E+001   38.78   5.12E+002   .....    
   13  1250- 1267  1259.46   343.36 -8.60E+001   40.93   5.41E+002   HF-175   
                                                                     EU-152x  
                                                                     HF-181   
   14  1281- 1296  1290.41   351.80  6.48E+001   36.51   4.22E+002   .....    
   15  1331- 1341  1334.68   363.88  2.23E+001   23.40   2.20E+002   GD-159   
   16  1412- 1424  1416.38   386.17 -3.10E+000   27.75   2.93E+002   PA-232   
                                                                     BA-133   
   17  1502- 1519  1509.86   411.67  1.09E+004  109.69   3.47E+002   AU-198   
                                                                     HO-166   
                                                                     LU-177x  
   18  1545- 1554  1550.72   422.82  1.89E+001   19.44   1.59E+002   .....    
   19  1571- 1591  1575.00   429.45  1.15E+001   33.95   3.14E+002   SB-125   
   20  1627- 1634  1630.85   444.68 -1.64E+000   15.37   1.18E+002   AG-110m  
   21  1663- 1672  1668.86   455.05  3.08E+001   18.34   1.35E+002   PA-232   
   22  1683- 1693  1689.24   460.61  2.14E+001   19.99   1.58E+002   SB-125   
   23  1755- 1770  1765.02   481.29  3.78E+000   26.09   2.25E+002   HF-181   
                                                                     W-187    
   24  1804- 1818  1811.66   494.01  8.22E+000   23.74   1.93E+002   BA-131   
Peak with NID Report             4/5/2019    2:30:33 PM            Page 18

   25  1864- 1889  1874.44   511.14  3.48E+002   39.63   2.84E+002   AS-71    
                                                                     ZN-65    
                                                                     SR-85x   
   26  1968- 1980  1972.18   537.81  5.49E+000   19.30   1.40E+002   .....    
   27  2019- 2034  2028.51   553.18  1.30E+001   22.07   1.58E+002   BR-82x   
                                                                     W-187    
   28  2044- 2060  2055.21   560.46  8.44E+000   23.50   1.74E+002   AS-76    
                                                                     IN-114m  
                                                                     GE-77    
                                                                     CS-134   
   29  2079- 2089  2083.48   568.17  1.86E+000   16.76   1.12E+002   CS-134   
                                                                     HO-166   
   30  2132- 2148  2139.81   583.54  6.00E+001   23.56   1.58E+002   PA-232   
   31  2189- 2200  2195.54   598.75 -1.05E+001   16.86   1.17E+002   SB-125   
                                                                     GA-72    
   32  2224- 2244  2233.64   609.14  1.63E+002   29.47   1.94E+002   RU-103   
                                                                     SB-125   
   33  2386- 2399  2394.51   653.03 -2.65E+001   17.94   1.26E+002   .....    
   34  2418- 2434  2426.10   661.65  4.01E+002   30.13   1.62E+002   CE-143   
   35  2447- 2459  2451.50   668.58  1.66E+001   16.25   9.14E+001   HO-166   
   36  2470- 2483  2476.84   675.49  3.50E+001   19.56   1.25E+002   AG-110m  
   37  2505- 2517  2511.63   684.98 -7.35E+000   17.07   1.12E+002   W-187    
                                                                     AG-110m  
   38  2561- 2575  2570.39   701.01  1.41E+000   18.28   1.15E+002   NB-94x   
                                                                     BR-82x   
Peak with NID Report             4/5/2019    2:30:33 PM            Page 19


   Peak  ROI  ROI    Peak    Energy   Net Peak Net Area  Continuum  Tentative
    No. start end  centroid   (keV)     Area    Uncert.    Counts    Nuclide 

   39  2662- 2678  2669.43   728.04  4.54E+001   20.55   1.20E+002   IN-114m  
   40  2796- 2805  2800.72   763.85  1.30E+001   12.63   6.40E+001   AG-110m  
   41  2812- 2825  2816.25   768.09  3.46E+001   15.77   7.74E+001   .....    
   42  2831- 2844  2837.34   773.85  2.01E+001   14.67   6.69E+001   TE-131x  
                                                                     BR-82x   
   43  3014- 3026  3018.02   823.14 -3.09E+001   14.86   9.59E+001   .....    
   44  3088- 3103  3095.91   844.39  1.96E+001   16.07   7.94E+001   .....    
   45  3129- 3140  3135.43   855.17  3.38E+000   12.67   6.06E+001   TE-131x  
   46  3169- 3179  3174.16   865.74 -6.58E+000   12.41   6.66E+001   PA-232   
                                                                     LA-140   
   47  3189- 3205  3200.00   872.79  3.10E+001   17.06   8.30E+001   EU-154   
                                                                     NB-94x   
                                                                     OS-185   
   48  3223- 3237  3228.47   880.56 -8.58E+000   15.44   8.56E+001   OS-185   
                                                                     TB-160   
   49  3253- 3264  3259.90   889.13 -1.14E+000   14.24   7.81E+001   SC-46    
   50  3335- 3351  3340.94   911.24  7.31E+001   18.60   8.69E+001   .....    
   51  3546- 3560  3554.24   969.43  5.34E+001   15.75   6.76E+001   PA-232   
   52  3603- 3619  3608.00   984.10 -8.79E+000   15.46   7.68E+001   .....    
   53  3622- 3631  3626.90   989.26 -1.54E-001    9.55   3.92E+001   .....    
   54  3635- 3646  3640.00   992.83 -1.40E+001   11.42   5.70E+001   .....    
   55  3848- 3860  3855.59  1051.65  2.43E+001   12.36   4.88E+001   GA-72    
   56  3984- 3996  3991.65  1088.77  1.94E+001   12.66   5.36E+001   EU-152x  
   57  4021- 4031  4026.20  1098.20  1.03E+001   11.27   4.87E+001   FE-59    
   58  4101- 4116  4110.55  1121.21  6.69E+001   19.64   1.06E+002   TA-182   
                                                                     SC-46    
   59  5160- 5172  5166.75  1409.37  2.90E+001    9.37   2.20E+001   EU-152x  
   60  5346- 5371  5358.43  1461.66  1.50E+003   40.26   2.88E+001   .....    
   61  5485- 5496  5490.16  1497.60  1.27E+001    5.12   5.31E+000   .....    
   62  5641- 5652  5646.13  1540.15  4.07E+000    7.02   1.69E+001   .....    
   63  5750- 5761  5755.68  1570.04  4.75E+000    5.41   8.25E+000   .....    
   64  5822- 5833  5827.62  1589.67  1.41E+001    6.56   1.09E+001   .....    
   65  6088- 6099  6093.23  1662.13  1.86E+001    5.92   5.38E+000   .....    
   66  6465- 6483  6474.45  1766.14  1.01E+002   12.80   1.86E+001   .....    
   67  8081- 8093  8087.23  2206.15  2.74E+001    7.69   1.16E+001   .....    

M = First peak in a multiplet region
m = Other peak in a multiplet region
F = Fitted singlet

Errors quoted at  1.000 sigma
Peak Efficiency Report             4/5/2019    2:30:33 PM          Page 20


**************************************************************************
*****         P E A K    E F F I C I E N C Y    R E P O R T          *****
**************************************************************************

     Detector Name:  DSA1000A                        
     Sample Title:   Sample title.                                     
     Peak Analysis Performed on:  4/5/2019    2:30:32 PM


 Peak  Energy   Net Peak  Net Area       Peak     Efficiency
 No.   (keV)      Area   Uncertainty  Efficiency  Uncertainty

    1    85.25  9.02E+001    51.51     6.97E-002    3.54E-003
    2    90.43 -4.67E+001    33.06     7.73E-002    3.87E-003
    3   106.17  3.42E+001    49.48     9.21E-002    4.61E-003
    4   118.65 -8.21E+000    39.07     9.32E-002    4.67E-003
    5   168.55  2.75E+001    36.99     9.69E-002    4.86E-003
    6   175.31 -3.33E+001    41.20     9.73E-002    4.88E-003
    7   185.80  3.73E+001    41.24     9.34E-002    4.69E-003
    8   208.87 -6.42E-001    34.44     8.51E-002    4.27E-003
    9   227.78 -1.86E+001    33.62     7.95E-002    3.98E-003
   10   238.60  1.88E+001    45.70     7.66E-002    3.84E-003
   11   261.68  3.53E+001    35.75     7.12E-002    3.57E-003
   12   290.18  2.37E+001    38.78     6.55E-002    3.29E-003
   13   343.36 -8.60E+001    40.93     5.73E-002    2.87E-003
   14   351.80  6.48E+001    36.51     5.62E-002    2.82E-003
   15   363.88  2.23E+001    23.40     5.48E-002    2.74E-003
   16   386.17 -3.10E+000    27.75     5.22E-002    2.62E-003
   17   411.67  1.09E+004   109.69     4.96E-002    2.49E-003
   18   422.82  1.89E+001    19.44     4.86E-002    2.43E-003
   19   429.45  1.15E+001    33.95     4.80E-002    2.40E-003
   20   444.68 -1.64E+000    15.37     4.65E-002    2.34E-003
   21   455.05  3.08E+001    18.34     4.55E-002    2.29E-003
   22   460.61  2.14E+001    19.99     4.50E-002    2.27E-003
   23   481.29  3.78E+000    26.09     4.33E-002    2.18E-003
   24   494.01  8.22E+000    23.74     4.22E-002    2.13E-003
   25   511.14  3.48E+002    39.63     4.09E-002    2.06E-003
   26   537.81  5.49E+000    19.30     3.91E-002    1.96E-003
   27   553.18  1.30E+001    22.07     3.81E-002    1.91E-003
   28   560.46  8.44E+000    23.50     3.76E-002    1.89E-003
   29   568.17  1.86E+000    16.76     3.72E-002    1.87E-003
   30   583.54  6.00E+001    23.56     3.63E-002    1.82E-003
   31   598.75 -1.05E+001    16.86     3.54E-002    1.78E-003
   32   609.14  1.63E+002    29.47     3.50E-002    1.77E-003
   33   653.03 -2.65E+001    17.94     3.32E-002    1.69E-003
   34   661.65  4.01E+002    30.13     3.28E-002    1.67E-003
   35   668.58  1.66E+001    16.25     3.25E-002    1.65E-003
   36   675.49  3.50E+001    19.56     3.21E-002    1.64E-003
   37   684.98 -7.35E+000    17.07     3.17E-002    1.62E-003
   38   701.01  1.41E+000    18.28     3.10E-002    1.59E-003
   39   728.04  4.54E+001    20.55     2.99E-002    1.54E-003
   40   763.85  1.30E+001    12.63     2.85E-002    1.48E-003
   41   768.09  3.46E+001    15.77     2.84E-002    1.47E-003
   42   773.85  2.01E+001    14.67     2.82E-002    1.47E-003
Peak Efficiency Report             4/5/2019    2:30:33 PM          Page 21


 Peak  Energy   Net Peak  Net Area       Peak     Efficiency
 No.   (keV)      Area   Uncertainty  Efficiency  Uncertainty

   43   823.14 -3.09E+001    14.86     2.65E-002    1.39E-003
   44   844.39  1.96E+001    16.07     2.58E-002    1.36E-003
   45   855.17  3.38E+000    12.67     2.55E-002    1.34E-003
   46   865.74 -6.58E+000    12.41     2.52E-002    1.32E-003
   47   872.79  3.10E+001    17.06     2.50E-002    1.31E-003
   48   880.56 -8.58E+000    15.44     2.48E-002    1.29E-003
   49   889.13 -1.14E+000    14.24     2.45E-002    1.28E-003
   50   911.24  7.31E+001    18.60     2.39E-002    1.24E-003
   51   969.43  5.34E+001    15.75     2.25E-002    1.16E-003
   52   984.10 -8.79E+000    15.46     2.21E-002    1.14E-003
   53   989.26 -1.54E-001     9.55     2.20E-002    1.13E-003
   54   992.83 -1.40E+001    11.42     2.19E-002    1.13E-003
   55  1051.65  2.43E+001    12.36     2.07E-002    1.05E-003
   56  1088.77  1.94E+001    12.66     2.00E-002    1.01E-003
   57  1098.20  1.03E+001    11.27     1.98E-002    1.00E-003
   58  1121.21  6.69E+001    19.64     1.94E-002    9.77E-004
   59  1409.37  2.90E+001     9.37     1.66E-002    8.32E-004
   60  1461.66  1.50E+003    40.26     1.66E-002    8.32E-004
   61  1497.60  1.27E+001     5.12     1.66E-002    8.32E-004
   62  1540.15  4.07E+000     7.02     1.66E-002    8.32E-004
   63  1570.04  4.75E+000     5.41     1.66E-002    8.32E-004
   64  1589.67  1.41E+001     6.56     1.66E-002    8.32E-004
   65  1662.13  1.86E+001     5.92     1.66E-002    8.32E-004
   66  1766.14  1.01E+002    12.80     1.66E-002    8.32E-004
   67  2206.15  2.74E+001     7.69     1.66E-002    8.32E-004


M = First peak in a multiplet region
m = Other peak in a multiplet region
F = Fitted singlet

Errors quoted at  1.000 sigma
Background Subtract Report             4/5/2019    2:30:33 PM      Page 22

No background subtract performed on this spectrum.
No area correction performed on this spectrum.
Nuclide Identification Report        4/5/2019    2:30:33 PM        Page 23


*************************************************************************
*****   N U C L I D E   I D E N T I F I C A T I O N   R E P O R T   *****
*************************************************************************

     Sample Title:         Sample title.                           
     Nuclide Library Used: C:\GENIE2K\CAMFILES\MGS_2_Cal_and_Au_Act

   ....................    IDENTIFIED NUCLIDES     ....................

   Nuclide    Id       Energy   Yield     Activity     Activity
   Name    Confidence  (keV)     (%)     (uCi/Unit)   Uncertainty

   SB-125    0.752    176.33*    6.79   -3.442E-005   4.269E-005
                      427.89*   29.40    5.562E-006   1.647E-005
                      463.38*   10.45    3.109E-005   2.909E-005
                      600.56*   17.78   -1.146E-005   1.833E-005
                      606.64*    5.02    6.339E-004   1.196E-004
                      635.90    11.32
   Eu-155    0.978     60.01     1.22
                       86.55*   30.70    2.885E-005   1.654E-005
                      105.31*   21.10    1.206E-005   1.743E-005
   AU-198    1.000    411.80*   95.58    1.584E-003   8.095E-005

       * = Energy line found in the spectrum.
       Energy Tolerance :    3.000 keV
       Nuclide confidence index threshold =   0.05
       Errors quoted at  1.000 sigma


   **********   U N I D E N T I F I E D   P E A K S   **********

               Peak Locate Performed on:  4/5/2019    2:30:31 PM
               Peak Locate From Channel:      1
               Peak Locate To Channel:    65535

       Peak   Energy           Peak Size in        Peak CPS
        No.   (keV)          Counts per Second   % Uncertainty

         2    90.43            -1.1819E-002         -70.82
         4   118.65            -2.0790E-003        -475.74
         5   168.55             6.9658E-003         134.45
         7   185.80             9.4313E-003         110.70
         8   208.87            -1.6246E-004        -5367.5
         9   227.78            -4.7032E-003        -180.97
        10   238.60             4.7558E-003         243.28
        11   261.68             8.9485E-003         101.15
        12   290.18             6.0041E-003         163.50
        13   343.36            -2.1772E-002         -47.59
        14   351.80             1.6407E-002          56.33
        15   363.88             5.6506E-003         104.86
        16   386.17            -7.8523E-004        -894.75
        18   422.82             4.7951E-003         102.64
        20   444.68            -4.1520E-004        -936.92
        21   455.05             7.8041E-003          59.51
        23   481.29             9.5599E-004         690.79
        24   494.01             2.0820E-003         288.62
        25   511.14             8.8093E-002          11.39
Nuclide Identification Report        4/5/2019    2:30:33 PM        Page 24

        26   537.81             1.3889E-003         351.85
        27   553.18             3.2981E-003         169.39
        28   560.46             2.1373E-003         278.38
        29   568.17             4.6968E-004         903.29
        30   583.54             1.5179E-002          39.29
        33   653.03            -6.7203E-003         -67.58
        34   661.65             1.0159E-001           7.51
        35   668.58             4.1953E-003          98.08
        36   675.49             8.8547E-003          55.92
        37   684.98            -1.8595E-003        -232.36
        38   701.01             3.5628E-004        1299.00
        39   728.04             1.1483E-002          45.31
        40   763.85             3.3001E-003          96.91
Nuclide Identification Report        4/5/2019    2:30:33 PM        Page 25


       Peak   Energy               Peak Size in        Peak CPS
        No.   (keV)    Channel   Counts per Second   % Uncertainty

        41   768.09             8.7578E-003          45.58
        42   773.85             5.0887E-003          72.98
        43   823.14            -7.8149E-003         -48.14
        44   844.39             4.9507E-003          82.20
        45   855.17             8.5442E-004         375.32
        46   865.74            -1.6666E-003        -188.56
        47   872.79             7.8596E-003          54.94
        48   880.56            -2.1724E-003        -179.96
        49   889.13            -2.8933E-004        -1245.8
        50   911.24             1.8502E-002          25.45
        51   969.43             1.3521E-002          29.49
        52   984.10            -2.2263E-003        -175.82
        53   989.26            -3.8948E-005        -6204.3
        54   992.83            -3.5443E-003         -81.58
        55  1051.65             6.1391E-003          50.95
        56  1088.77             4.9193E-003          65.17
        57  1098.20             2.6131E-003         109.22
        58  1121.21             1.6938E-002          29.35
        59  1409.37             7.3293E-003          32.36
        60  1461.66             3.7953E-001           2.69
        61  1497.60             3.2137E-003          40.37
        62  1540.15             1.0307E-003         172.38
        63  1570.04             1.2025E-003         113.83
        64  1589.67             3.5746E-003          46.47
        65  1662.13             4.7151E-003          31.77
        66  1766.14             2.5661E-002          12.63
        67  2206.15             6.9278E-003          28.11

       M = First peak in a multiplet region
       m = Other peak in a multiplet region
       F = Fitted singlet

       Errors quoted at  1.000 sigma
Interference Corrected Activity Report    4/5/2019    2:30:33 PM   Page 26


*************************************************************************
*****   N U C L I D E   I D E N T I F I C A T I O N   R E P O R T   *****
*************************************************************************

     Sample Title:         Sample title.                           
     Nuclide Library Used: C:\GENIE2K\CAMFILES\MGS_2_Cal_and_Au_Act

   ....................    IDENTIFIED NUCLIDES     ....................

   Nuclide    Id       Energy    Yield     Activity     Activity
   Name    Confidence  (keV)      (%)     (uCi/Unit)   Uncertainty

   SB-125    0.752    176.33*     6.79  -3.44218E-005  4.26918E-005
                      427.89*    29.40   5.56173E-006  1.64712E-005
                      463.38*    10.45   3.10851E-005  2.90940E-005
                      600.56*    17.78  -1.14567E-005  1.83341E-005
                      606.64*     5.02   6.33864E-004  1.19556E-004
                      635.90     11.32
   Eu-155    0.978     60.01      1.22
                       86.55*    30.70   2.88548E-005  1.65418E-005
                      105.31*    21.10   1.20578E-005  1.74302E-005
   AU-198    1.000    411.80*    95.58   1.58386E-003  8.09457E-005

       * = Energy line found in the spectrum.
       @ = Energy line not used for Weighted Mean Activity
       Energy Tolerance :    3.000 keV
       Nuclide confidence index threshold =   0.05
       Errors quoted at  1.000 sigma

Interference Corrected Activity Report    4/5/2019    2:30:33 PM   Page 27


*************************************************************************
*****   I N T E R F E R E N C E   C O R R E C T E D   R E P O R T   *****
*************************************************************************


                 Nuclide       Wt mean         Wt mean
       Nuclide     Id          Activity        Activity
       Name     Confidence    (uCi/Unit)      Uncertainty

       SB-125     0.752      2.057197E-005   1.423167E-005
       Eu-155     0.978      2.089530E-005   1.199860E-005
       AU-198     1.000      1.583858E-003   8.094567E-005

       ? = nuclide is part of an undetermined solution
       X = nuclide rejected by the interference analysis
       @ = nuclide contains energy lines not used in Weighted Mean Activity

       Errors quoted at  1.000 sigma


   **********   U N I D E N T I F I E D   P E A K S   **********

               Peak Locate Performed on:  4/5/2019    2:30:31 PM
               Peak Locate From Channel:      1
               Peak Locate To Channel:    65535

       Peak   Energy           Peak Size in        Peak CPS
        No.   (keV)          Counts per Second   % Uncertainty

         2    90.43            -1.1819E-002         -70.82
         4   118.65            -2.0790E-003        -475.74
         5   168.55             6.9658E-003         134.45
         7   185.80             9.4313E-003         110.70
         8   208.87            -1.6246E-004        -5367.5
         9   227.78            -4.7032E-003        -180.97
        10   238.60             4.7558E-003         243.28
        11   261.68             8.9485E-003         101.15
        12   290.18             6.0041E-003         163.50
        13   343.36            -2.1772E-002         -47.59
        14   351.80             1.6407E-002          56.33
        15   363.88             5.6506E-003         104.86
        16   386.17            -7.8523E-004        -894.75
        18   422.82             4.7951E-003         102.64
        20   444.68            -4.1520E-004        -936.92
        21   455.05             7.8041E-003          59.51
        23   481.29             9.5599E-004         690.79
        24   494.01             2.0820E-003         288.62
        25   511.14             8.8093E-002          11.39
        26   537.81             1.3889E-003         351.85
        27   553.18             3.2981E-003         169.39
        28   560.46             2.1373E-003         278.38
        29   568.17             4.6968E-004         903.29
        30   583.54             1.5179E-002          39.29
        33   653.03            -6.7203E-003         -67.58
        34   661.65             1.0159E-001           7.51
        35   668.58             4.1953E-003          98.08
        36   675.49             8.8547E-003          55.92
Interference Corrected Activity Report    4/5/2019    2:30:33 PM   Page 28

        37   684.98            -1.8595E-003        -232.36
        38   701.01             3.5628E-004        1299.00
        39   728.04             1.1483E-002          45.31
        40   763.85             3.3001E-003          96.91
        41   768.09             8.7578E-003          45.58
        42   773.85             5.0887E-003          72.98
        43   823.14            -7.8149E-003         -48.14
        44   844.39             4.9507E-003          82.20
        45   855.17             8.5442E-004         375.32
        46   865.74            -1.6666E-003        -188.56
        47   872.79             7.8596E-003          54.94
        48   880.56            -2.1724E-003        -179.96
Interference Corrected Activity Report    4/5/2019    2:30:33 PM   Page 29


       Peak   Energy               Peak Size in        Peak CPS
        No.   (keV)    Channel   Counts per Second   % Uncertainty

        49   889.13            -2.8933E-004        -1245.8
        50   911.24             1.8502E-002          25.45
        51   969.43             1.3521E-002          29.49
        52   984.10            -2.2263E-003        -175.82
        53   989.26            -3.8948E-005        -6204.3
        54   992.83            -3.5443E-003         -81.58
        55  1051.65             6.1391E-003          50.95
        56  1088.77             4.9193E-003          65.17
        57  1098.20             2.6131E-003         109.22
        58  1121.21             1.6938E-002          29.35
        59  1409.37             7.3293E-003          32.36
        60  1461.66             3.7953E-001           2.69
        61  1497.60             3.2137E-003          40.37
        62  1540.15             1.0307E-003         172.38
        63  1570.04             1.2025E-003         113.83
        64  1589.67             3.5746E-003          46.47
        65  1662.13             4.7151E-003          31.77
        66  1766.14             2.5661E-002          12.63
        67  2206.15             6.9278E-003          28.11

       M = First peak in a multiplet region
       m = Other peak in a multiplet region
       F = Fitted singlet

       Errors quoted at  1.000 sigma
Nuclide MDA Report                      4/5/2019    2:30:33 PM     Page 30


No MDA analysis results available for reporting purposes
Nuclide MDA Report                      4/5/2019    2:30:33 PM     Page 31


No MDA analysis results available for reporting purposes
Action Level Summary Report             4/5/2019    2:30:33 PM     Page 32


No Action Level results available for reporting purposes
Auto Gain Adjust                     4/5/2019    2:30:33 PM       Page 33


*************************************************************************
*****                 A U T O  G A I N   A D J U S T                *****
*************************************************************************

Report Generated On:                               4/5/2019    2:30:33 PM


Status:                                                                 
No AGA results for reporting.


This report is valid only if a Certificate was the source of the true values.


Status:                                                                 
No AGA results for reporting.

