*************************************************************************
*****        G A M M A   S P E C T R U M    A N A L Y S I S         *****
*************************************************************************


Filename: DSA1000A                                                     

Report Generated On             : 4/5/2019    1:19:40 PM

Sample Title                    : Sample title.                          
Sample Description              :                                 
Sample Identification           :                 
Sample Type                     :                 
Sample Geometry                 :                 

Peak Locate Threshold           :  2.50
Peak Locate Range (in channels) :     1 - 65535
Peak Area Range (in channels)   :   100 -  8172
Identification Energy Tolerance :    3.000 keV

Sample Size                     :  1.000E+000 Unit    

Sample Taken On                 :                       
Acquisition Started             : 4/5/2019    1:08:44 PM

Live Time                       :      600.0 seconds
Real Time                       :      602.6 seconds

Dead Time                       :   0.43 %


              Energy Calibration Used Done On       : 6/23/2018 
              Efficiency Calibration Used Done On   : 2/21/2019 
              Efficiency ID                         :                        

Peak Analysis Report             4/5/2019    1:19:41 PM            Page  2


**************************************************************************
*****           P E A K    A N A L Y S I S    R E P O R T            *****
**************************************************************************


     Detector Name:  DSA1000A                        
     Sample Title:   Sample title.                                     
     Peak Analysis Performed on:  4/5/2019    1:19:41 PM
               Peak Analysis From Channel:    290
               Peak Analysis To Channel:     8192

   Peak  ROI  ROI    Peak    Energy   FWHM  Net Peak  Net Area  Continuum 
    No. start end  centroid   (keV)   (keV)  Area     Uncert.    Counts 

    1   381-  389   385.53   104.93   0.46        36.5   35.37   5.69E+002 
    2   516-  534   526.26   143.33   0.27       -47.7   64.96   1.26E+003 
    3   710-  717   713.40   194.38   0.60        45.8   34.83   5.80E+002 
    4   983-  992   987.64   269.20   0.27       -30.0   31.44   4.46E+002 
    5  1081- 1093  1085.37   295.86   0.27        16.0   31.99   3.82E+002 
    6  1146- 1155  1150.11   313.53   0.35        -2.4   22.61   2.25E+002 
    7  1169- 1184  1176.84   320.82   0.27        10.7   30.49   3.03E+002 
    8  1211- 1225  1221.19   332.92   0.87        27.2   28.64   2.75E+002 
    9  1299- 1311  1302.96   355.23   0.34       -31.4   25.90   2.65E+002 
 M 10  1327- 1342  1333.23   363.49   0.32         8.6    0.72   9.57E+001 
 m 11  1327- 1342  1338.31   364.87   0.33        19.8    1.03   9.14E+001 
   12  1391- 1401  1397.71   381.08   0.90        41.1   20.71   1.63E+002 
   13  1495- 1519  1509.86   411.67   1.31     42195.9  208.80   3.10E+002 
   14  1626- 1633  1629.61   444.35   0.31         6.9    6.44   1.71E+001 
   15  1729- 1738  1732.58   472.44   0.36         4.4    8.10   2.66E+001 
   16  1762- 1770  1766.76   481.76   0.44        -4.5    7.71   2.85E+001 
   17  1931- 1945  1940.51   529.17   0.70         1.3    9.47   2.87E+001 
   18  1979- 1988  1983.26   540.83   0.27        -7.0    8.74   3.00E+001 
   19  2070- 2079  2074.97   565.85   0.27         2.4    6.74   1.76E+001 
   20  2083- 2092  2087.36   569.23   0.32         1.8    7.44   2.12E+001 
   21  2113- 2130  2118.00   577.59   0.52        14.3    9.73   2.47E+001 
   22  2140- 2149  2144.29   584.77   0.27       -10.8    8.10   3.18E+001 
   23  2165- 2175  2170.08   591.80   0.35         1.9    7.55   2.11E+001 
   24  2231- 2241  2236.08   609.81   0.82        32.6    8.59   1.64E+001 
   25  2300- 2309  2304.16   628.38   0.74         2.5    5.58   1.25E+001 
   26  2390- 2409  2394.74   653.09   0.31        19.4    8.02   1.26E+001 
   27  2419- 2433  2426.24   661.69   1.18        64.5   11.49   2.35E+001 
   28  2471- 2489  2478.66   675.99   1.27       215.6   17.89   3.04E+001 
   29  2547- 2556  2551.13   695.76   0.42         4.6    5.44   1.04E+001 
   30  2638- 2647  2642.37   720.65   0.27         5.1    6.63   1.49E+001 
   31  2872- 2881  2876.76   784.60   0.27         8.3    5.03   6.72E+000 
   32  2940- 2949  2944.37   803.05   0.68         5.0    5.43   1.00E+001 
   33  2983- 2992  2987.48   814.81   0.27        -4.0    5.47   1.50E+001 
   34  3019- 3038  3023.95   824.76   0.71         9.0    8.33   1.70E+001 
   35  3238- 3247  3242.50   884.38   0.45         0.7    4.75   8.28E+000 
   36  3338- 3347  3342.06   911.55   0.58        17.5    4.81   2.50E+000 
   37  3402- 3421  3416.11   931.75   0.27        -1.5    9.22   2.35E+001 
   38  3425- 3434  3429.57   935.42   0.50         0.8    4.24   6.21E+000 
   39  3452- 3461  3456.82   942.85   0.78         8.5    3.82   2.50E+000 
   40  3530- 3539  3534.52   964.05   0.27        -2.7    5.88   1.37E+001 
   41  3982- 3997  3990.15  1088.36   0.44        53.2    8.39   5.80E+000 
   42  4017- 4032  4022.00  1097.05   0.53        10.7    6.56   1.03E+001 
Peak Analysis Report             4/5/2019    1:19:41 PM            Page  3


   Peak  ROI  ROI    Peak    Energy   FWHM  Net Peak  Net Area  Continuum 
    No. start end  centroid   (keV)   (keV)  Area     Uncert.    Counts 

   43  5348- 5368  5358.24  1461.61   1.67       216.9   15.33   5.10E+000 

M = First peak in a multiplet region
m = Other peak in a multiplet region
F = Fitted singlet

Errors quoted at  1.000 sigma
Nuclide Identification Report        4/5/2019    1:19:41 PM        Page  4


No nuclide identification results available for reporting purposes
*************************************************************************
*****        G A M M A   S P E C T R U M    A N A L Y S I S         *****
*************************************************************************


Filename: DSA1000A                                                     

Report Generated On             : 4/5/2019    1:19:42 PM

Sample Title                    : Sample title.                          
Sample Description              :                                 
Sample Identification           :                 
Sample Type                     :                 
Sample Geometry                 :                 

Peak Locate Threshold           :  2.50
Peak Locate Range (in channels) :     1 - 65535
Peak Area Range (in channels)   :   290 -  8192
Identification Energy Tolerance :    3.000 keV

Sample Size                     :  1.000E+000 Unit    

Sample Taken On                 :                       
Acquisition Started             : 4/5/2019    1:08:44 PM

Live Time                       :      600.0 seconds
Real Time                       :      602.6 seconds

Dead Time                       :   0.43 %


              Energy Calibration Used Done On       : 6/23/2018 
              Efficiency Calibration Used Done On   : 2/21/2019 
              Efficiency ID                         :                        

Energy Calibration Report            4/5/2019    1:19:42 PM       Page  5


**************************************************************************
*****       E N E R G Y   C A L I B R A T I O N   R E P O R T        *****
**************************************************************************

     Detector Name:  DSA1000A                        
     Sample Title:   Sample title.                                     

       *************  ENERGY CALIBRATION COEFFICIENTS  *************

               Energy Calibrate Performed on:  6/23/2018  12:56:08 PM
                       by:                       
               Energy Calibrate Type:          POLY    

   Energy(keV) =    -0.253 +     0.273*ch +  0.00E+000*ch^2 +  0.00E+000*ch^3

       *************  SHAPE CALIBRATION COEFFICIENTS   *************

               Shape Calibrate Performed on:  6/23/2018  12:56:08 PM
                       by:                        

               FWHM     =     0.795  +   0.026*E^1/2

               LOW TAIL =   0.0E+000 +  0.0E+000*E

****************     ENERGY CALIBRATION RESULTS TABLE     ****************

                    Centroid      Centroid         Energy
                    Channel       error            (keV )
                      220.59        0.07             60.01
                      317.99        0.02             86.54
                      386.80        0.01            105.31
                      451.84        0.03            122.06
                     2426.14        0.01            661.66
                     3062.96        0.38            834.83

       *********     SHAPE CALIBRATION RESULTS TABLE      *********

             Energy     FWHM       FWHM         TAIL        TAIL
             (keV )     channels   error        channels    error
               60.01      3.13      0.17           0.00      0.00
               86.54      3.87      0.04           0.00      0.00
              105.31      3.88      0.01           0.00      0.00
              122.06      3.92      0.07           0.00      0.00
              661.66      5.34      0.01           0.00      0.00
              834.83      1.36      0.55           0.00      0.00
Efficiency Calibration Report             4/5/2019    1:19:42 PM   Page  6


**************************************************************************
*****   E F F I C I E N C Y   C A L I B R A T I O N    R E P O R T   *****
**************************************************************************

     Detector Name:  DSA1000A                        
     Sample Title:   Sample title.                                     

     Geometry Description:                 
     Efficiency Calibration Performed on:  2/21/2019   3:50:31 PM
                       by:                         
     Geometry Type Used:   INTERPOL        

                            Efficiency Triplets
                            ===================

                   Energy         Efficiency        Error

                     60.01         1.99E-002      1.47E-003
                     86.55         7.35E-002      3.68E-003
                    105.31         9.20E-002      4.60E-003
                    176.33         9.74E-002      4.89E-003
                    427.89         4.81E-002      2.41E-003
                    463.38         4.48E-002      2.26E-003
                    600.56         3.53E-002      1.77E-003
                    606.64         3.50E-002      1.78E-003
                    635.90         3.41E-002      1.72E-003
                    834.85         2.61E-002      1.38E-003
                   1173.24         1.85E-002      9.27E-004
                   1332.50         1.66E-002      8.32E-004

                      DUAL Efficiency Calibration Equation
                      ====================================

         Single Equation Terms ->   Offset:     -594.233
                                     Slope:      481.755
                                 Quadratic:     -156.075
                                     Cubic:       25.207
                                 4th Order:       -2.032
                                 5th Order:        0.065
                                 6th Order:        0.000
                                 7th Order:        0.000
                                 8th Order:        0.000
                                 9th Order:        0.000
Efficiency Calibration Report             4/5/2019    1:19:42 PM   Page  7


                      EMPIRICAL Efficiency Calibration Equation
                      =========================================

      Empirical Equation Terms ->  Scaling:      696.255
                                    Offset:       -3.475
                                     Slope:        0.951
                                 Quadratic:       -0.096
                                     Cubic:       -0.022
                                 4th Order:        0.109
                                 5th Order:       -0.065

                      LINEAR Efficiency Calibration Equation
                      ======================================

         Linear Equation Terms ->   Offset:       -0.000
                                     Slope:       -1.666
                                 Quadratic:      257.368
                                     Cubic:   -32179.611
                                 4th Order:  1699257.375
                                 5th Order:  -41984524.0
                                 6th Order:        0.000
                                 7th Order:        0.000
                                 8th Order:        0.000
                                 9th Order:        0.000
Peak-to-Total Calibration Report          4/5/2019    1:19:42 PM   Page  8


**************************************************************************
**   P E A K - T O - T O T A L   C A L I B R A T I O N   R E P O R T   ***
**************************************************************************

     Detector Name:  DSA1000A                        
     Sample Title:   Sample title.                                     


                  Peak-to-Total Calibration Equation
                  =============================================

                                 No Peak-to-Total Equation

Peak Locate Analysis Report             4/5/2019    1:19:42 PM     Page  9

**************************************************************************
*****             P E A K    L O C A T E    R E P O R T              *****
**************************************************************************

     Detector Name:  DSA1000A                        
     Sample Title:   Sample title.                                     
               Peak Locate Performed on:  4/5/2019    1:19:40 PM
               Peak Locate From Channel:      1
               Peak Locate To Channel:    65535
               Peak Search Sensitivity:     2.50

     Peak   Centroid    Centroid     Energy       Peak
      No.    Channel   Uncertainty   (keV)    Significance

       1      385.53      <NA>        104.93      <NA> 
       2      526.26      <NA>        143.33      <NA> 
       3      713.40      <NA>        194.38      <NA> 
       4      987.64      <NA>        269.20      <NA> 
       5     1085.37      <NA>        295.86      <NA> 
       6     1150.11      <NA>        313.53      <NA> 
       7     1176.84      <NA>        320.82      <NA> 
       8     1221.19      <NA>        332.92      <NA> 
       9     1302.96      <NA>        355.23      <NA> 
      10     1332.76      <NA>        363.49      <NA> 
      11     1338.00      <NA>        364.87      <NA> 
      12     1397.71      <NA>        381.08      <NA> 
      13     1509.86      <NA>        411.67      <NA> 
      14     1629.61      <NA>        444.35      <NA> 
      15     1732.58      <NA>        472.44      <NA> 
      16     1766.76      <NA>        481.76      <NA> 
      17     1940.51      <NA>        529.17      <NA> 
      18     1983.26      <NA>        540.83      <NA> 
      19     2074.97      <NA>        565.85      <NA> 
      20     2087.36      <NA>        569.23      <NA> 
      21     2118.00      <NA>        577.59      <NA> 
      22     2144.29      <NA>        584.77      <NA> 
      23     2170.08      <NA>        591.80      <NA> 
      24     2236.08      <NA>        609.81      <NA> 
      25     2304.16      <NA>        628.38      <NA> 
      26     2394.74      <NA>        653.09      <NA> 
      27     2426.24      <NA>        661.69      <NA> 
      28     2478.66      <NA>        675.99      <NA> 
      29     2551.13      <NA>        695.76      <NA> 
      30     2642.37      <NA>        720.65      <NA> 
      31     2876.76      <NA>        784.60      <NA> 
      32     2944.37      <NA>        803.05      <NA> 
      33     2987.48      <NA>        814.81      <NA> 
      34     3023.95      <NA>        824.76      <NA> 
      35     3242.50      <NA>        884.38      <NA> 
      36     3342.06      <NA>        911.55      <NA> 
      37     3416.11      <NA>        931.75      <NA> 
      38     3429.57      <NA>        935.42      <NA> 
      39     3456.82      <NA>        942.85      <NA> 
      40     3534.52      <NA>        964.05      <NA> 
      41     3990.15      <NA>       1088.36      <NA> 
Peak Locate Analysis Report             4/5/2019    1:19:42 PM     Page 10


     Peak   Centroid    Centroid     Energy       Peak
      No.    Channel   Uncertainty   (keV)    Significance

      42     4022.00      <NA>       1097.05      <NA> 
      43     5358.24      <NA>       1461.61      <NA> 

? = Adjacent peak noted

Errors quoted at  1.000 sigma
Peak Analysis Report             4/5/2019    1:19:42 PM            Page 11


**************************************************************************
*****           P E A K    A N A L Y S I S    R E P O R T            *****
**************************************************************************


     Detector Name:  DSA1000A                        
     Sample Title:   Sample title.                                     
     Peak Analysis Performed on:  4/5/2019    1:19:41 PM
               Peak Analysis From Channel:    290
               Peak Analysis To Channel:     8192

   Peak  ROI  ROI    Peak    Energy   FWHM  Net Peak  Net Area  Continuum 
    No. start end  centroid   (keV)   (keV)  Area     Uncert.    Counts 

    1   381-  389   385.53   104.93   0.46        36.5   35.37   5.69E+002 
    2   516-  534   526.26   143.33   0.27       -47.7   64.96   1.26E+003 
    3   710-  717   713.40   194.38   0.60        45.8   34.83   5.80E+002 
    4   983-  992   987.64   269.20   0.27       -30.0   31.44   4.46E+002 
    5  1081- 1093  1085.37   295.86   0.27        16.0   31.99   3.82E+002 
    6  1146- 1155  1150.11   313.53   0.35        -2.4   22.61   2.25E+002 
    7  1169- 1184  1176.84   320.82   0.27        10.7   30.49   3.03E+002 
    8  1211- 1225  1221.19   332.92   0.87        27.2   28.64   2.75E+002 
    9  1299- 1311  1302.96   355.23   0.34       -31.4   25.90   2.65E+002 
 M 10  1327- 1342  1333.23   363.49   0.32         8.6    0.72   9.57E+001 
 m 11  1327- 1342  1338.31   364.87   0.33        19.8    1.03   9.14E+001 
   12  1391- 1401  1397.71   381.08   0.90        41.1   20.71   1.63E+002 
   13  1495- 1519  1509.86   411.67   1.31     42195.9  208.80   3.10E+002 
   14  1626- 1633  1629.61   444.35   0.31         6.9    6.44   1.71E+001 
   15  1729- 1738  1732.58   472.44   0.36         4.4    8.10   2.66E+001 
   16  1762- 1770  1766.76   481.76   0.44        -4.5    7.71   2.85E+001 
   17  1931- 1945  1940.51   529.17   0.70         1.3    9.47   2.87E+001 
   18  1979- 1988  1983.26   540.83   0.27        -7.0    8.74   3.00E+001 
   19  2070- 2079  2074.97   565.85   0.27         2.4    6.74   1.76E+001 
   20  2083- 2092  2087.36   569.23   0.32         1.8    7.44   2.12E+001 
   21  2113- 2130  2118.00   577.59   0.52        14.3    9.73   2.47E+001 
   22  2140- 2149  2144.29   584.77   0.27       -10.8    8.10   3.18E+001 
   23  2165- 2175  2170.08   591.80   0.35         1.9    7.55   2.11E+001 
   24  2231- 2241  2236.08   609.81   0.82        32.6    8.59   1.64E+001 
   25  2300- 2309  2304.16   628.38   0.74         2.5    5.58   1.25E+001 
   26  2390- 2409  2394.74   653.09   0.31        19.4    8.02   1.26E+001 
   27  2419- 2433  2426.24   661.69   1.18        64.5   11.49   2.35E+001 
   28  2471- 2489  2478.66   675.99   1.27       215.6   17.89   3.04E+001 
   29  2547- 2556  2551.13   695.76   0.42         4.6    5.44   1.04E+001 
   30  2638- 2647  2642.37   720.65   0.27         5.1    6.63   1.49E+001 
   31  2872- 2881  2876.76   784.60   0.27         8.3    5.03   6.72E+000 
   32  2940- 2949  2944.37   803.05   0.68         5.0    5.43   1.00E+001 
   33  2983- 2992  2987.48   814.81   0.27        -4.0    5.47   1.50E+001 
   34  3019- 3038  3023.95   824.76   0.71         9.0    8.33   1.70E+001 
   35  3238- 3247  3242.50   884.38   0.45         0.7    4.75   8.28E+000 
   36  3338- 3347  3342.06   911.55   0.58        17.5    4.81   2.50E+000 
   37  3402- 3421  3416.11   931.75   0.27        -1.5    9.22   2.35E+001 
   38  3425- 3434  3429.57   935.42   0.50         0.8    4.24   6.21E+000 
   39  3452- 3461  3456.82   942.85   0.78         8.5    3.82   2.50E+000 
   40  3530- 3539  3534.52   964.05   0.27        -2.7    5.88   1.37E+001 
   41  3982- 3997  3990.15  1088.36   0.44        53.2    8.39   5.80E+000 
   42  4017- 4032  4022.00  1097.05   0.53        10.7    6.56   1.03E+001 
Peak Analysis Report             4/5/2019    1:19:42 PM            Page 12


   Peak  ROI  ROI    Peak    Energy   FWHM  Net Peak  Net Area  Continuum 
    No. start end  centroid   (keV)   (keV)  Area     Uncert.    Counts 

   43  5348- 5368  5358.24  1461.61   1.67       216.9   15.33   5.10E+000 

M = First peak in a multiplet region
m = Other peak in a multiplet region
F = Fitted singlet

Errors quoted at  1.000 sigma
Peak Analysis Report                    4/5/2019    1:19:42 PM          Page 13


*******************************************************************************
*****  S T A N D A R D   V M S   P E A K   A N A L Y S I S   R E P O R T  *****
*******************************************************************************

        Configuration Title:                                         
        Spectrum Title:              Sample title.            
        Peak Analysis Performed on:  4/5/19    1:19:41 PM
        Peak Analysis From Channel:    290    To Channel:     8192
        Peak Search Sensitivity:      2.50    Gaussian Sensitivity:  1.00
        Max Iterations: 15  Fit Singlets: No  Critical Level Test: No 
        Use Fixed FWHM: No  FWHM Reject:  No  FWHM Reject Ratio:  0.00 
        Peak Fit Engine Name: PANOLIN1        Continuum Type: STEP   

   Pk IT  Energy      Area   Bkgnd  FWHM Channel  Left  PW  Cts/Sec  %err   Fit

    1  0   104.93       37     569  0.46  385.53   381   9 6.1E-002  96.8   0.0
    2  0   143.33      -48    1262  0.27  526.26   516  19-8.0E-002 -136.   0.0
    3  0   194.38       46     580  0.60  713.40   710   8 7.6E-002  76.1   0.0
    4  0   269.20      -30     446  0.27  987.64   983  10-5.0E-002 -104.   0.0
    5  0   295.86       16     382  0.27 1085.37  1081  13 2.7E-002 200.1   0.0
    6  0   313.53       -2     225  0.35 1150.11  1146  10-4.0E-003 -943.   0.0
    7  0   320.82       11     303  0.27 1176.84  1169  16 1.8E-002 284.5   0.0
    8  0   332.92       27     275  0.87 1221.19  1211  15 4.5E-002 105.3   0.0
    9  0   355.23      -31     265  0.34 1302.96  1299  13-5.2E-002 -82.5   0.0
 M 10 32   363.49        9      96  0.32 1333.23  1327  16 1.4E-002   8.4   1.2
 m 11 32   364.87       20      91  0.33 1338.31  1327  16 3.3E-002   5.2   1.2
   12  0   381.08       41     163  0.90 1397.71  1391  11 6.9E-002  50.4   0.0
   13  0   411.67    42196     310  1.31 1509.86  1495  25 7.0E+001   0.5   0.0
   14  0   444.35        7      17  0.31 1629.61  1626   8 1.1E-002  93.6   0.0
   15  0   472.44        4      27  0.36 1732.58  1729  10 7.3E-003 183.9   0.0
   16  0   481.76       -4      28  0.44 1766.76  1762   9-7.5E-003 -172.   0.0
   17  0   529.17        1      29  0.70 1940.51  1931  15 2.2E-003 719.4   0.0
   18  0   540.83       -7      30  0.27 1983.26  1979  10-1.2E-002 -124.   0.0
   19  0   565.85        2      18  0.27 2074.97  2070  10 4.0E-003 277.8   0.0
   20  0   569.23        2      21  0.32 2087.36  2083  10 3.0E-003 407.5   0.0
   21  0   577.59       14      25  0.52 2118.00  2113  18 2.4E-002  68.2   0.0
   22  0   584.77      -11      32  0.27 2144.29  2140  10-1.8E-002 -74.7   0.0
   23  0   591.80        2      21  0.35 2170.08  2165  11 3.1E-003 406.0   0.0
   24  0   609.81       33      16  0.82 2236.08  2231  11 5.4E-002  26.3   0.0
   25  0   628.38        3      13  0.74 2304.16  2300  10 4.2E-003 223.0   0.0
   26  0   653.09       19      13  0.31 2394.74  2390  20 3.2E-002  41.4   0.0
   27  0   661.69       64      24  1.18 2426.24  2419  15 1.1E-001  17.8   0.0
   28  0   675.99      216      30  1.27 2478.66  2471  19 3.6E-001   8.3   0.0
   29  0   695.76        5      10  0.42 2551.13  2547  10 7.6E-003 119.2   0.0
   30  0   720.65        5      15  0.27 2642.37  2638  10 8.4E-003 131.0   0.0
   31  0   784.60        8       7  0.27 2876.76  2872  10 1.4E-002  60.7   0.0
   32  0   803.05        5      10  0.68 2944.37  2940  10 8.3E-003 108.6   0.0
   33  0   814.81       -4      15  0.27 2987.48  2983  10-6.7E-003 -136.   0.0
   34  0   824.76        9      17  0.71 3023.95  3019  20 1.5E-002  92.7   0.0
   35  0   884.38        1       8  0.45 3242.50  3238  10 1.2E-003 658.3   0.0
   36  0   911.55       18       3  0.58 3342.06  3338  10 2.9E-002  27.5   0.0
   37  0   931.75       -2      24  0.27 3416.11  3402  20-2.6E-003 -596.   0.0
   38  0   935.42        1       6  0.50 3429.57  3425  10 1.3E-003 539.3   0.0
Peak Analysis Report                    4/5/2019    1:19:42 PM          Page 14


   Pk IT  Energy      Area   Bkgnd  FWHM Channel  Left  PW  Cts/Sec  %err   Fit

   39  0   942.85        9       3  0.78 3456.82  3452  10 1.4E-002  44.9   0.0
   40  0   964.05       -3      14  0.27 3534.52  3530  10-4.5E-003 -215.   0.0
   41  0  1088.36       53       6  0.44 3990.15  3982  16 8.9E-002  15.8   0.0
   42  0  1097.05       11      10  0.53 4022.00  4017  16 1.8E-002  61.3   0.0
   43  0  1461.61      217       5  1.67 5358.24  5348  21 3.6E-001   7.1   0.0

M = First peak in a multiplet region
m = Other peak in a multiplet region
F = Fitted singlet

Errors quoted at  1.000 sigma
Peak Analysis Report             4/5/2019    1:19:42 PM            Page 15


**************************************************************************
*****           P E A K    A N A L Y S I S    R E P O R T            *****
**************************************************************************


     Detector Name:  DSA1000A                        
     Sample Title:   Sample title.                                     
     Peak Analysis Performed on:  4/5/2019    1:19:41 PM
               Peak Analysis From Channel:    290
               Peak Analysis To Channel:     8192

   Peak  ROI  ROI   Energy   Net Peak Net Area  Continuum  Critical 
    No. start end    (keV)     Area    Uncert.    Counts     Level

    1   381-  389   104.93        36.5   35.37   5.69E+002  5.73E+001 
    2   516-  534   143.33       -47.7   64.96   1.26E+003  1.07E+002 
    3   710-  717   194.38        45.8   34.83   5.80E+002  5.62E+001 
    4   983-  992   269.20       -30.0   31.44   4.46E+002  5.25E+001 
    5  1081- 1093   295.86        16.0   31.99   3.82E+002  5.22E+001 
    6  1146- 1155   313.53        -2.4   22.61   2.25E+002  3.73E+001 
    7  1169- 1184   320.82        10.7   30.49   3.03E+002  4.99E+001 
    8  1211- 1225   332.92        27.2   28.64   2.75E+002  4.63E+001 
    9  1299- 1311   355.23       -31.4   25.90   2.65E+002  4.36E+001 
 M 10  1327- 1342   363.49         8.6    0.72   9.57E+001  2.28E+001 
 m 11  1327- 1342   364.87        19.8    1.03   9.14E+001  2.22E+001 
   12  1391- 1401   381.08        41.1   20.71   1.63E+002  3.24E+001 
   13  1495- 1519   411.67     42195.9  208.80   3.10E+002  6.16E+001 
   14  1626- 1633   444.35         6.9    6.44   1.71E+001  9.68E+000 
   15  1729- 1738   472.44         4.4    8.10   2.66E+001  1.29E+001 
   16  1762- 1770   481.76        -4.5    7.71   2.85E+001  1.32E+001 
   17  1931- 1945   529.17         1.3    9.47   2.87E+001  1.55E+001 
   18  1979- 1988   540.83        -7.0    8.74   3.00E+001  1.50E+001 
   19  2070- 2079   565.85         2.4    6.74   1.76E+001  1.08E+001 
   20  2083- 2092   569.23         1.8    7.44   2.12E+001  1.20E+001 
   21  2113- 2130   577.59        14.3    9.73   2.47E+001  1.48E+001 
   22  2140- 2149   584.77       -10.8    8.10   3.18E+001  1.44E+001 
   23  2165- 2175   591.80         1.9    7.55   2.11E+001  1.22E+001 
   24  2231- 2241   609.81        32.6    8.59   1.64E+001  1.06E+001 
   25  2300- 2309   628.38         2.5    5.58   1.25E+001  8.80E+000 
   26  2390- 2409   653.09        19.4    8.02   1.26E+001  1.10E+001 
   27  2419- 2433   661.69        64.5   11.49   2.35E+001  1.35E+001 
   28  2471- 2489   675.99       215.6   17.89   3.04E+001  1.68E+001 
   29  2547- 2556   695.76         4.6    5.44   1.04E+001  8.24E+000 
   30  2638- 2647   720.65         5.1    6.63   1.49E+001  1.03E+001 
   31  2872- 2881   784.60         8.3    5.03   6.72E+000  6.78E+000 
   32  2940- 2949   803.05         5.0    5.43   1.00E+001  8.14E+000 
   33  2983- 2992   814.81        -4.0    5.47   1.50E+001  9.59E+000 
   34  3019- 3038   824.76         9.0    8.33   1.70E+001  1.28E+001 
   35  3238- 3247   884.38         0.7    4.75   8.28E+000  7.69E+000 
   36  3338- 3347   911.55        17.5    4.81   2.50E+000  3.91E+000 
   37  3402- 3421   931.75        -1.5    9.22   2.35E+001  1.53E+001 
   38  3425- 3434   935.42         0.8    4.24   6.21E+000  6.82E+000 
   39  3452- 3461   942.85         8.5    3.82   2.50E+000  4.06E+000 
   40  3530- 3539   964.05        -2.7    5.88   1.37E+001  1.00E+001 
   41  3982- 3997  1088.36        53.2    8.39   5.80E+000  6.82E+000 
   42  4017- 4032  1097.05        10.7    6.56   1.03E+001  9.35E+000 
Peak Analysis Report             4/5/2019    1:19:42 PM            Page 16


   Peak  ROI  ROI   Energy   Net Peak Net Area  Continuum  Critical 
    No. start end    (keV)     Area    Uncert.    Counts     Level

   43  5348- 5368  1461.61       216.9   15.33   5.10E+000  7.03E+000 

M = First peak in a multiplet region
m = Other peak in a multiplet region
F = Fitted singlet

Errors quoted at  1.000 sigma
Peak with NID Report             4/5/2019    1:19:42 PM            Page 17


**************************************************************************
*****           P E A K    W I T H   N I D    R E P O R T            *****
**************************************************************************


     Detector Name:  DSA1000A                        
     Sample Title:   Sample title.                                     
     Peak Analysis Performed on:  4/5/2019    1:19:41 PM
               Peak Analysis From Channel:    290
               Peak Analysis To Channel:     8192
     Tentative NID Library:   C:\GENIE2K\CAMFILES\NAA LIB LONG.NLB     
     Peak Match Tolerance :    3.000 keV

   Peak  ROI  ROI    Peak    Energy   Net Peak Net Area  Continuum  Tentative
    No. Start End  Centroid   (keV)     Area    Uncert.    Counts    Nuclide 

    1   381-  389   385.53   104.93  3.65E+001   35.37   5.69E+002   LU-177x  
                                                                     GD-153   
                                                                     SM-153   
                                                                     TE-131x  
    2   516-  534   526.26   143.33 -4.77E+001   64.96   1.26E+003   CE-141   
    3   710-  717   713.40   194.38  4.58E+001   34.83   5.80E+002   XE-129m  
                                                                     TB-160   
    4   983-  992   987.64   269.20 -3.00E+001   31.44   4.46E+002   .....    
    5  1081- 1093  1085.37   295.86  1.60E+001   31.99   3.82E+002   IR-192   
                                                                     LU-177x  
                                                                     CE-143   
                                                                     TB-160   
    6  1146- 1155  1150.11   313.53 -2.40E+000   22.61   2.25E+002   IR-192   
    7  1169- 1184  1176.84   320.82  1.07E+001   30.49   3.03E+002   CR-51    
                                                                     LU-177x  
                                                                     RH-105   
    8  1211- 1225  1221.19   332.92  2.72E+001   28.64   2.75E+002   TE-131x  
    9  1299- 1311  1302.96   355.23 -3.14E+001   25.90   2.65E+002   BA-133   
 M 10  1327- 1342  1333.23   363.49  8.57E+000    0.72   9.57E+001   GD-159   
 m 11  1327- 1342  1338.31   364.87  1.98E+001    1.03   9.14E+001   GD-159   
                                                                     GE-77    
   12  1391- 1401  1397.71   381.08  4.11E+001   20.71   1.63E+002   LU-177x  
                                                                     BA-133   
   13  1495- 1519  1509.86   411.67  4.22E+004  208.80   3.10E+002   AU-198   
                                                                     HO-166   
                                                                     LU-177x  
   14  1626- 1633  1629.61   444.35  6.89E+000    6.44   1.71E+001   AG-110m  
   15  1729- 1738  1732.58   472.44  4.40E+000    8.10   2.66E+001   .....    
   16  1762- 1770  1766.76   481.76 -4.48E+000    7.71   2.85E+001   HF-181   
                                                                     W-187    
   17  1931- 1945  1940.51   529.17  1.32E+000    9.47   2.87E+001   HO-166   
                                                                     CD-115   
                                                                     ND-147   
   18  1979- 1988  1983.26   540.83 -7.00E+000    8.74   3.00E+001   .....    
   19  2070- 2079  2074.97   565.85  2.42E+000    6.74   1.76E+001   SB-122   
                                                                     CS-134   
   20  2083- 2092  2087.36   569.23  1.83E+000    7.44   2.12E+001   CS-134   
                                                                     HO-166   
   21  2113- 2130  2118.00   577.59  1.43E+001    9.73   2.47E+001   .....    
   22  2140- 2149  2144.29   584.77 -1.08E+001    8.10   3.18E+001   .....    
   23  2165- 2175  2170.08   591.80  1.86E+000    7.55   2.11E+001   .....    
Peak with NID Report             4/5/2019    1:19:42 PM            Page 18

   24  2231- 2241  2236.08   609.81  3.26E+001    8.59   1.64E+001   RU-103   
                                                                     IR-192   
   25  2300- 2309  2304.16   628.38  2.50E+000    5.58   1.25E+001   GA-72    
   26  2390- 2409  2394.74   653.09  1.94E+001    8.02   1.26E+001   .....    
   27  2419- 2433  2426.24   661.69  6.45E+001   11.49   2.35E+001   CE-143   
   28  2471- 2489  2478.66   675.99  2.16E+002   17.89   3.04E+001   AG-110m  
   29  2547- 2556  2551.13   695.76  4.57E+000    5.44   1.04E+001   BR-82x   
   30  2638- 2647  2642.37   720.65  5.06E+000    6.63   1.49E+001   CE-143   
                                                                     EU-154   
                                                                     SB-124   
                                                                     AG-108m  
   31  2872- 2881  2876.76   784.60  8.28E+000    5.03   6.72E+000   .....    
   32  2940- 2949  2944.37   803.05  5.00E+000    5.43   1.00E+001   CS-134   
   33  2983- 2992  2987.48   814.81 -4.00E+000    5.47   1.50E+001   LA-140   
   34  3019- 3038  3023.95   824.76  8.98E+000    8.33   1.70E+001   .....    
   35  3238- 3247  3242.50   884.38  7.22E-001    4.75   8.28E+000   AG-110m  
   36  3338- 3347  3342.06   911.55  1.75E+001    4.81   2.50E+000   .....    
   37  3402- 3421  3416.11   931.75 -1.55E+000    9.22   2.35E+001   .....    
   38  3425- 3434  3429.57   935.42  7.86E-001    4.24   6.21E+000   AG-110m  
Peak with NID Report             4/5/2019    1:19:42 PM            Page 19


   Peak  ROI  ROI    Peak    Energy   Net Peak Net Area  Continuum  Tentative
    No. start end  centroid   (keV)     Area    Uncert.    Counts    Nuclide 

   39  3452- 3461  3456.82   942.85  8.50E+000    3.82   2.50E+000   .....    
   40  3530- 3539  3534.52   964.05 -2.73E+000    5.88   1.37E+001   EU-152x  
                                                                     TB-160   
   41  3982- 3997  3990.15  1088.36  5.32E+001    8.39   5.80E+000   EU-152x  
   42  4017- 4032  4022.00  1097.05  1.07E+001    6.56   1.03E+001   FE-59    
   43  5348- 5368  5358.24  1461.61  2.17E+002   15.33   5.10E+000   .....    

M = First peak in a multiplet region
m = Other peak in a multiplet region
F = Fitted singlet

Errors quoted at  1.000 sigma
Peak Efficiency Report             4/5/2019    1:19:42 PM          Page 20


**************************************************************************
*****         P E A K    E F F I C I E N C Y    R E P O R T          *****
**************************************************************************

     Detector Name:  DSA1000A                        
     Sample Title:   Sample title.                                     
     Peak Analysis Performed on:  4/5/2019    1:19:41 PM


 Peak  Energy   Net Peak  Net Area       Peak     Efficiency
 No.   (keV)      Area   Uncertainty  Efficiency  Uncertainty

    1   104.93  3.65E+001    35.37     9.16E-002    4.58E-003
    2   143.33 -4.77E+001    64.96     9.52E-002    4.77E-003
    3   194.38  4.58E+001    34.83     9.01E-002    4.52E-003
    4   269.20 -3.00E+001    31.44     6.96E-002    3.49E-003
    5   295.86  1.60E+001    31.99     6.45E-002    3.24E-003
    6   313.53 -2.40E+000    22.61     6.16E-002    3.09E-003
    7   320.82  1.07E+001    30.49     6.05E-002    3.03E-003
    8   332.92  2.72E+001    28.64     5.88E-002    2.94E-003
    9   355.23 -3.14E+001    25.90     5.58E-002    2.80E-003
 M 10   363.49  8.57E+000     0.72     5.48E-002    2.75E-003
 m 11   364.87  1.98E+001     1.03     5.46E-002    2.74E-003
   12   381.08  4.11E+001    20.71     5.28E-002    2.64E-003
   13   411.67  4.22E+004   208.80     4.96E-002    2.49E-003
   14   444.35  6.89E+000     6.44     4.65E-002    2.34E-003
   15   472.44  4.40E+000     8.10     4.40E-002    2.22E-003
   16   481.76 -4.48E+000     7.71     4.32E-002    2.18E-003
   17   529.17  1.32E+000     9.47     3.97E-002    1.99E-003
   18   540.83 -7.00E+000     8.74     3.89E-002    1.95E-003
   19   565.85  2.42E+000     6.74     3.73E-002    1.87E-003
   20   569.23  1.83E+000     7.44     3.71E-002    1.86E-003
   21   577.59  1.43E+001     9.73     3.66E-002    1.84E-003
   22   584.77 -1.08E+001     8.10     3.62E-002    1.82E-003
   23   591.80  1.86E+000     7.55     3.58E-002    1.80E-003
   24   609.81  3.26E+001     8.59     3.49E-002    1.77E-003
   25   628.38  2.50E+000     5.58     3.43E-002    1.74E-003
   26   653.09  1.94E+001     8.02     3.32E-002    1.69E-003
   27   661.69  6.45E+001    11.49     3.28E-002    1.67E-003
   28   675.99  2.16E+002    17.89     3.21E-002    1.64E-003
   29   695.76  4.57E+000     5.44     3.12E-002    1.60E-003
   30   720.65  5.06E+000     6.63     3.02E-002    1.55E-003
   31   784.60  8.28E+000     5.03     2.78E-002    1.45E-003
   32   803.05  5.00E+000     5.43     2.72E-002    1.42E-003
   33   814.81 -4.00E+000     5.47     2.68E-002    1.40E-003
   34   824.76  8.98E+000     8.33     2.65E-002    1.39E-003
   35   884.38  7.22E-001     4.75     2.47E-002    1.29E-003
   36   911.55  1.75E+001     4.81     2.39E-002    1.24E-003
   37   931.75 -1.55E+000     9.22     2.34E-002    1.21E-003
   38   935.42  7.86E-001     4.24     2.33E-002    1.21E-003
   39   942.85  8.50E+000     3.82     2.31E-002    1.20E-003
   40   964.05 -2.73E+000     5.88     2.26E-002    1.16E-003
   41  1088.36  5.32E+001     8.39     2.00E-002    1.01E-003
   42  1097.05  1.07E+001     6.56     1.98E-002    1.00E-003
Peak Efficiency Report             4/5/2019    1:19:42 PM          Page 21


 Peak  Energy   Net Peak  Net Area       Peak     Efficiency
 No.   (keV)      Area   Uncertainty  Efficiency  Uncertainty

   43  1461.61  2.17E+002    15.33     1.66E-002    8.32E-004


M = First peak in a multiplet region
m = Other peak in a multiplet region
F = Fitted singlet

Errors quoted at  1.000 sigma
Background Subtract Report             4/5/2019    1:19:42 PM      Page 22

No background subtract performed on this spectrum.
No area correction performed on this spectrum.
Nuclide Identification Report        4/5/2019    1:19:42 PM        Page 23


*************************************************************************
*****   N U C L I D E   I D E N T I F I C A T I O N   R E P O R T   *****
*************************************************************************

     Sample Title:         Sample title.                           
     Nuclide Library Used: C:\GENIE2K\CAMFILES\MGS_2_Cal_and_Au_Act

   ....................    IDENTIFIED NUCLIDES     ....................

   Nuclide    Id       Energy   Yield     Activity     Activity
   Name    Confidence  (keV)     (%)     (uCi/Unit)   Uncertainty

   Eu-155    0.105     60.01     1.22
                       86.55    30.70
                      105.31*   21.10    8.508E-005   8.250E-005
   Au-196    0.912    333.03*   22.90    9.112E-005   9.603E-005
                      355.73*   87.00   -2.912E-005   2.408E-005
                      426.10     6.60
   AU-198    1.000    411.80*   95.58    4.010E-002   2.019E-003

       * = Energy line found in the spectrum.
       Energy Tolerance :    3.000 keV
       Nuclide confidence index threshold =   0.05
       Errors quoted at  1.000 sigma


   **********   U N I D E N T I F I E D   P E A K S   **********

               Peak Locate Performed on:  4/5/2019    1:19:40 PM
               Peak Locate From Channel:      1
               Peak Locate To Channel:    65535

       Peak   Energy           Peak Size in        Peak CPS
        No.   (keV)          Counts per Second   % Uncertainty

         2   143.33            -7.9542E-002        -136.11
         3   194.38             7.6309E-002          76.07
         4   269.20            -5.0000E-002        -104.80
         5   295.86             2.6648E-002         200.08
         6   313.53            -3.9948E-003        -943.46
         7   320.82             1.7857E-002         284.53
      M 10   363.49             1.4276E-002           8.37
      m 11   364.87             3.3061E-002           5.22
        12   381.08             6.8507E-002          50.38
        14   444.35             1.1476E-002          93.58
        15   472.44             7.3387E-003         183.88
        16   481.76            -7.4653E-003        -172.18
        17   529.17             2.1944E-003         719.40
        18   540.83            -1.1667E-002        -124.88
        19   565.85             4.0417E-003         277.79
        20   569.23             3.0435E-003         407.54
        21   577.59             2.3793E-002          68.18
        22   584.77            -1.8056E-002         -74.74
        23   591.80             3.0978E-003         406.03
        24   609.81             5.4379E-002          26.34
        25   628.38             4.1667E-003         223.05
        26   653.09             3.2266E-002          41.42
Nuclide Identification Report        4/5/2019    1:19:42 PM        Page 24

        27   661.69             1.0748E-001          17.82
        28   675.99             3.5935E-001           8.30
        29   695.76             7.6111E-003         119.20
        30   720.65             8.4375E-003         131.04
        31   784.60             1.3806E-002          60.72
        32   803.05             8.3333E-003         108.63
        33   814.81            -6.6667E-003        -136.87
        34   824.76             1.4968E-002          92.72
        35   884.38             1.2037E-003         658.28
        36   911.55             2.9167E-002          27.50
        37   931.75            -2.5758E-003        -596.68
        38   935.42             1.3095E-003         539.34
        39   942.85             1.4167E-002          44.92
Nuclide Identification Report        4/5/2019    1:19:42 PM        Page 25


       Peak   Energy               Peak Size in        Peak CPS
        No.   (keV)    Channel   Counts per Second   % Uncertainty

        40   964.05            -4.5455E-003        -215.51
        41  1088.36             8.8672E-002          15.77
        42  1097.05             1.7817E-002          61.34
        43  1461.61             3.6150E-001           7.07

       M = First peak in a multiplet region
       m = Other peak in a multiplet region
       F = Fitted singlet

       Errors quoted at  1.000 sigma
Interference Corrected Activity Report    4/5/2019    1:19:42 PM   Page 26


*************************************************************************
*****   N U C L I D E   I D E N T I F I C A T I O N   R E P O R T   *****
*************************************************************************

     Sample Title:         Sample title.                           
     Nuclide Library Used: C:\GENIE2K\CAMFILES\MGS_2_Cal_and_Au_Act

   ....................    IDENTIFIED NUCLIDES     ....................

   Nuclide    Id       Energy    Yield     Activity     Activity
   Name    Confidence  (keV)      (%)     (uCi/Unit)   Uncertainty

   Eu-155    0.105     60.01      1.22
                       86.55     30.70
                      105.31*    21.10   8.50774E-005  8.25046E-005
   Au-196    0.912    333.03*    22.90   9.11235E-005  9.60259E-005
                      355.73*    87.00  -2.91244E-005  2.40823E-005
                      426.10      6.60
   AU-198    1.000    411.80*    95.58   4.01010E-002  2.01920E-003

       * = Energy line found in the spectrum.
       @ = Energy line not used for Weighted Mean Activity
       Energy Tolerance :    3.000 keV
       Nuclide confidence index threshold =   0.05
       Errors quoted at  1.000 sigma

Interference Corrected Activity Report    4/5/2019    1:19:42 PM   Page 27


*************************************************************************
*****   I N T E R F E R E N C E   C O R R E C T E D   R E P O R T   *****
*************************************************************************


                 Nuclide       Wt mean         Wt mean
       Nuclide     Id          Activity        Activity
       Name     Confidence    (uCi/Unit)      Uncertainty

       Eu-155     0.105      8.507743E-005   8.250459E-005
       Au-196     0.912      9.112353E-005   9.602593E-005
       AU-198     1.000      4.010098E-002   2.019202E-003

       ? = nuclide is part of an undetermined solution
       X = nuclide rejected by the interference analysis
       @ = nuclide contains energy lines not used in Weighted Mean Activity

       Errors quoted at  1.000 sigma


   **********   U N I D E N T I F I E D   P E A K S   **********

               Peak Locate Performed on:  4/5/2019    1:19:40 PM
               Peak Locate From Channel:      1
               Peak Locate To Channel:    65535

       Peak   Energy           Peak Size in        Peak CPS
        No.   (keV)          Counts per Second   % Uncertainty

         2   143.33            -7.9542E-002        -136.11
         3   194.38             7.6309E-002          76.07
         4   269.20            -5.0000E-002        -104.80
         5   295.86             2.6648E-002         200.08
         6   313.53            -3.9948E-003        -943.46
         7   320.82             1.7857E-002         284.53
      M 10   363.49             1.4276E-002           8.37
      m 11   364.87             3.3061E-002           5.22
        12   381.08             6.8507E-002          50.38
        14   444.35             1.1476E-002          93.58
        15   472.44             7.3387E-003         183.88
        16   481.76            -7.4653E-003        -172.18
        17   529.17             2.1944E-003         719.40
        18   540.83            -1.1667E-002        -124.88
        19   565.85             4.0417E-003         277.79
        20   569.23             3.0435E-003         407.54
        21   577.59             2.3793E-002          68.18
        22   584.77            -1.8056E-002         -74.74
        23   591.80             3.0978E-003         406.03
        24   609.81             5.4379E-002          26.34
        25   628.38             4.1667E-003         223.05
        26   653.09             3.2266E-002          41.42
        27   661.69             1.0748E-001          17.82
        28   675.99             3.5935E-001           8.30
        29   695.76             7.6111E-003         119.20
        30   720.65             8.4375E-003         131.04
        31   784.60             1.3806E-002          60.72
        32   803.05             8.3333E-003         108.63
Interference Corrected Activity Report    4/5/2019    1:19:42 PM   Page 28

        33   814.81            -6.6667E-003        -136.87
        34   824.76             1.4968E-002          92.72
        35   884.38             1.2037E-003         658.28
        36   911.55             2.9167E-002          27.50
        37   931.75            -2.5758E-003        -596.68
        38   935.42             1.3095E-003         539.34
        39   942.85             1.4167E-002          44.92
        40   964.05            -4.5455E-003        -215.51
        41  1088.36             8.8672E-002          15.77
        42  1097.05             1.7817E-002          61.34
        43  1461.61             3.6150E-001           7.07

       M = First peak in a multiplet region
       m = Other peak in a multiplet region
       F = Fitted singlet

       Errors quoted at  1.000 sigma
Nuclide MDA Report                      4/5/2019    1:19:42 PM     Page 29


No MDA analysis results available for reporting purposes
Nuclide MDA Report                      4/5/2019    1:19:42 PM     Page 30


No MDA analysis results available for reporting purposes
Action Level Summary Report             4/5/2019    1:19:42 PM     Page 31


No Action Level results available for reporting purposes
Auto Gain Adjust                     4/5/2019    1:19:42 PM       Page 32


*************************************************************************
*****                 A U T O  G A I N   A D J U S T                *****
*************************************************************************

Report Generated On:                               4/5/2019    1:19:42 PM


Status:                                                                 
No AGA results for reporting.


This report is valid only if a Certificate was the source of the true values.


Status:                                                                 
No AGA results for reporting.

