*************************************************************************
*****        G A M M A   S P E C T R U M    A N A L Y S I S         *****
*************************************************************************


Filename: DSA1000A                                                     

Report Generated On             : 4/5/2019   10:39:42 PM

Sample Title                    : Sample title.                          
Sample Description              :                                 
Sample Identification           :                 
Sample Type                     :                 
Sample Geometry                 :                 

Peak Locate Threshold           :  2.50
Peak Locate Range (in channels) :     1 - 65535
Peak Area Range (in channels)   :   100 -  8172
Identification Energy Tolerance :    3.000 keV

Sample Size                     :  1.000E+000 Unit    

Sample Taken On                 :                       
Acquisition Started             : 4/5/2019    4:09:30 PM

Live Time                       :    25200.0 seconds
Real Time                       :    25243.2 seconds

Dead Time                       :   0.17 %


              Energy Calibration Used Done On       : 6/23/2018 
              Efficiency Calibration Used Done On   : 2/21/2019 
              Efficiency ID                         :                        

Peak Analysis Report             4/5/2019   10:39:43 PM            Page  2


**************************************************************************
*****           P E A K    A N A L Y S I S    R E P O R T            *****
**************************************************************************


     Detector Name:  DSA1000A                        
     Sample Title:   Sample title.                                     
     Peak Analysis Performed on:  4/5/2019   10:39:43 PM
               Peak Analysis From Channel:    290
               Peak Analysis To Channel:     8192

   Peak  ROI  ROI    Peak    Energy   FWHM  Net Peak  Net Area  Continuum 
    No. start end  centroid   (keV)   (keV)  Area     Uncert.    Counts 

    1   290-  299   295.94    80.49   0.29        51.5   76.61   2.58E+003 
    2   303-  317   311.37    84.70   0.98       705.4  115.08   4.34E+003 
    3   317-  326   320.99    87.32   0.71        34.3   82.31   2.96E+003 
    4   357-  374   369.69   100.61   0.27        25.5  130.01   5.18E+003 
    5   467-  474   470.12   128.01   0.55        55.0   75.39   2.79E+003 
    6   477-  484   480.70   130.90   0.37       101.4   75.78   2.80E+003 
    7   627-  634   630.58   171.79   0.33        51.0   74.40   2.72E+003 
    8   677-  687   680.93   185.52   1.00        77.1   92.71   3.57E+003 
    9   846-  853   849.11   231.41   0.46        37.4   65.04   2.08E+003 
   10   868-  884   875.36   238.57   1.41       456.1  119.26   4.39E+003 
   11   886-  894   890.16   242.61   0.27       -38.1   71.46   2.40E+003 
   12  1001- 1010  1004.87   273.90   0.60        50.4   66.49   1.93E+003 
   13  1075- 1088  1082.13   294.98   1.36       228.2   84.94   2.53E+003 
   14  1165- 1180  1176.20   320.64   0.27       -78.1   87.42   2.57E+003 
   15  1275- 1299  1290.12   351.72   1.35       855.6  118.62   3.20E+003 
   16  1374- 1381  1377.85   375.66   0.34       -29.9   44.07   9.76E+002 
   17  1500- 1519  1509.78   411.65   1.31     10283.8  133.20   2.13E+003 
   18  1521- 1532  1525.71   416.00   0.29        -9.1   55.98   1.25E+003 
   19  1778- 1787  1781.93   485.90   0.31         1.6   43.17   8.18E+002 
   20  1787- 1804  1794.12   489.23   0.27       -15.4   67.84   1.42E+003 
   21  1863- 1888  1873.14   510.79   2.70      1996.4  103.25   2.02E+003 
   22  1975- 1988  1983.76   540.97   0.27         8.1   50.96   9.39E+002 
   23  2058- 2070  2065.37   563.23   0.58        46.4   47.51   8.39E+002 
 M 24  2125- 2146  2130.46   580.99   1.36        43.2   24.98   7.96E+002 
 m 25  2125- 2146  2137.98   583.04   1.37       517.3   38.22   1.01E+003 
   26  2204- 2213  2208.71   602.34   0.27       -14.2   37.63   6.32E+002 
   27  2227- 2243  2234.10   609.27   1.44      1231.0   66.04   9.90E+002 
   28  2404- 2434  2425.63   661.52   1.44      2840.9  104.36   1.58E+003 
   29  2483- 2495  2490.95   679.34   0.51        28.8   41.18   6.34E+002 
   30  2508- 2517  2512.40   685.19   0.35        34.1   32.26   4.44E+002 
   31  2570- 2582  2575.09   702.30   1.00        91.2   40.22   5.79E+002 
   32  2593- 2602  2597.26   708.35   0.92        44.5   31.90   4.30E+002 
   33  2649- 2677  2667.15   727.41   1.28       105.0   81.65   1.42E+003 
   34  2766- 2780  2772.48   756.15   0.88        44.4   42.97   6.24E+002 
   35  2805- 2827  2818.70   768.76   0.92       157.4   64.04   1.02E+003 
   36  2872- 2884  2879.43   785.33   0.59        68.9   38.08   5.24E+002 
   37  2910- 2921  2915.99   795.30   0.75        29.9   36.18   5.08E+002 
   38  2982- 2993  2986.31   814.49   0.27        -1.5   33.70   4.53E+002 
   39  3150- 3162  3155.34   860.60   1.53        87.8   37.30   4.94E+002 
   40  3333- 3348  3341.10   911.28   1.39       496.0   46.97   5.70E+002 
   41  3418- 3429  3424.13   933.94   0.76        88.8   33.64   4.15E+002 
   42  3503- 3512  3507.61   956.71   0.84        48.3   28.47   3.35E+002 
Peak Analysis Report             4/5/2019   10:39:43 PM            Page  3


   Peak  ROI  ROI    Peak    Energy   FWHM  Net Peak  Net Area  Continuum 
    No. start end  centroid   (keV)   (keV)  Area     Uncert.    Counts 

   43  3528- 3546  3537.30   964.81   1.32        65.3   48.23   6.61E+002 
   44  3546- 3561  3553.54   969.24   1.95       256.8   43.78   5.52E+002 
   45  3877- 3892  3885.68  1059.86   0.44       -44.0   38.74   5.14E+002 
   46  4097- 4116  4108.46  1120.64   1.48       492.8   51.81   6.25E+002 
   47  4230- 4243  4235.95  1155.42   0.48        47.3   34.83   4.23E+002 
   48  4377- 4390  4385.90  1196.33   0.70        41.4   34.36   4.14E+002 
   49  4535- 4552  4541.37  1238.75   1.57       207.6   43.82   5.24E+002 
   50  4717- 4728  4722.24  1288.09   0.32        26.9   24.76   2.33E+002 
   51  4881- 4893  4887.51  1333.18   0.67        49.0   24.72   2.14E+002 
   52  4951- 4962  4956.21  1351.93   0.46         0.0   21.36   1.79E+002 
   53  5039- 5063  5051.12  1377.82   0.71       194.5   37.16   2.88E+002 
   54  5073- 5084  5078.54  1385.30   0.43        41.9   19.77   1.39E+002 
   55  5158- 5172  5166.21  1409.22   0.35        51.7   23.94   1.80E+002 
   56  5345- 5371  5358.59  1461.71   1.97      9604.5  103.00   2.30E+002 
   57  5415- 5426  5420.06  1478.48   1.11        19.5   13.23   6.05E+001 
   58  5527- 5544  5537.22  1510.44   0.70        66.0   21.13   1.17E+002 
 M 59  5818- 5853  5825.93  1589.21   1.81        62.5   11.80   9.45E+001 
 m 60  5818- 5853  5843.01  1593.87   1.82        77.5   12.91   1.05E+002 
   61  5941- 5955  5949.23  1622.85   0.27        37.0   16.49   8.10E+001 
   62  5972- 5991  5978.00  1630.70   0.63        28.5   16.14   6.55E+001 
   63  6086- 6104  6091.87  1661.76   0.38        26.0   18.10   8.80E+001 
   64  6126- 6137  6131.33  1672.53   0.64        -3.9   11.63   5.19E+001 
   65  6172- 6183  6177.74  1685.19   0.27         8.0   10.95   4.40E+001 
   66  6329- 6357  6344.00  1730.55   1.32       167.7   23.11   7.93E+001 
   67  6463- 6486  6473.94  1766.00   1.68       583.5   29.49   7.15E+001 
   68  6759- 6787  6781.46  1849.90   0.37        92.8   20.07   6.53E+001 
   69  7200- 7211  7205.47  1965.58   0.29        -1.4    9.83   3.84E+001 
   70  7438- 7450  7444.90  2030.90   0.27        13.2   10.05   3.18E+001 
   71  7710- 7730  7717.93  2105.39   0.83       121.7   18.33   5.93E+001 
   72  7841- 7853  7847.98  2140.87   0.71        13.8    9.25   2.72E+001 
   73  8079- 8100  8089.85  2206.86   2.15       190.7   20.37   6.03E+001 

M = First peak in a multiplet region
m = Other peak in a multiplet region
F = Fitted singlet

Errors quoted at  1.000 sigma
Nuclide Identification Report        4/5/2019   10:39:43 PM        Page  4


No nuclide identification results available for reporting purposes
*************************************************************************
*****        G A M M A   S P E C T R U M    A N A L Y S I S         *****
*************************************************************************


Filename: DSA1000A                                                     

Report Generated On             : 4/5/2019   10:39:44 PM

Sample Title                    : Sample title.                          
Sample Description              :                                 
Sample Identification           :                 
Sample Type                     :                 
Sample Geometry                 :                 

Peak Locate Threshold           :  2.50
Peak Locate Range (in channels) :     1 - 65535
Peak Area Range (in channels)   :   290 -  8192
Identification Energy Tolerance :    3.000 keV

Sample Size                     :  1.000E+000 Unit    

Sample Taken On                 :                       
Acquisition Started             : 4/5/2019    4:09:30 PM

Live Time                       :    25200.0 seconds
Real Time                       :    25243.2 seconds

Dead Time                       :   0.17 %


              Energy Calibration Used Done On       : 6/23/2018 
              Efficiency Calibration Used Done On   : 2/21/2019 
              Efficiency ID                         :                        

Energy Calibration Report            4/5/2019   10:39:44 PM       Page  5


**************************************************************************
*****       E N E R G Y   C A L I B R A T I O N   R E P O R T        *****
**************************************************************************

     Detector Name:  DSA1000A                        
     Sample Title:   Sample title.                                     

       *************  ENERGY CALIBRATION COEFFICIENTS  *************

               Energy Calibrate Performed on:  6/23/2018  12:56:08 PM
                       by:                       
               Energy Calibrate Type:          POLY    

   Energy(keV) =    -0.253 +     0.273*ch +  0.00E+000*ch^2 +  0.00E+000*ch^3

       *************  SHAPE CALIBRATION COEFFICIENTS   *************

               Shape Calibrate Performed on:  6/23/2018  12:56:08 PM
                       by:                        

               FWHM     =     0.795  +   0.026*E^1/2

               LOW TAIL =   0.0E+000 +  0.0E+000*E

****************     ENERGY CALIBRATION RESULTS TABLE     ****************

                    Centroid      Centroid         Energy
                    Channel       error            (keV )
                      220.59        0.07             60.01
                      317.99        0.02             86.54
                      386.80        0.01            105.31
                      451.84        0.03            122.06
                     2426.14        0.01            661.66
                     3062.96        0.38            834.83

       *********     SHAPE CALIBRATION RESULTS TABLE      *********

             Energy     FWHM       FWHM         TAIL        TAIL
             (keV )     channels   error        channels    error
               60.01      3.13      0.17           0.00      0.00
               86.54      3.87      0.04           0.00      0.00
              105.31      3.88      0.01           0.00      0.00
              122.06      3.92      0.07           0.00      0.00
              661.66      5.34      0.01           0.00      0.00
              834.83      1.36      0.55           0.00      0.00
Efficiency Calibration Report             4/5/2019   10:39:44 PM   Page  6


**************************************************************************
*****   E F F I C I E N C Y   C A L I B R A T I O N    R E P O R T   *****
**************************************************************************

     Detector Name:  DSA1000A                        
     Sample Title:   Sample title.                                     

     Geometry Description:                 
     Efficiency Calibration Performed on:  2/21/2019   3:50:31 PM
                       by:                         
     Geometry Type Used:   INTERPOL        

                            Efficiency Triplets
                            ===================

                   Energy         Efficiency        Error

                     60.01         1.99E-002      1.47E-003
                     86.55         7.35E-002      3.68E-003
                    105.31         9.20E-002      4.60E-003
                    176.33         9.74E-002      4.89E-003
                    427.89         4.81E-002      2.41E-003
                    463.38         4.48E-002      2.26E-003
                    600.56         3.53E-002      1.77E-003
                    606.64         3.50E-002      1.78E-003
                    635.90         3.41E-002      1.72E-003
                    834.85         2.61E-002      1.38E-003
                   1173.24         1.85E-002      9.27E-004
                   1332.50         1.66E-002      8.32E-004

                      DUAL Efficiency Calibration Equation
                      ====================================

         Single Equation Terms ->   Offset:     -594.233
                                     Slope:      481.755
                                 Quadratic:     -156.075
                                     Cubic:       25.207
                                 4th Order:       -2.032
                                 5th Order:        0.065
                                 6th Order:        0.000
                                 7th Order:        0.000
                                 8th Order:        0.000
                                 9th Order:        0.000
Efficiency Calibration Report             4/5/2019   10:39:44 PM   Page  7


                      EMPIRICAL Efficiency Calibration Equation
                      =========================================

      Empirical Equation Terms ->  Scaling:      696.255
                                    Offset:       -3.475
                                     Slope:        0.951
                                 Quadratic:       -0.096
                                     Cubic:       -0.022
                                 4th Order:        0.109
                                 5th Order:       -0.065

                      LINEAR Efficiency Calibration Equation
                      ======================================

         Linear Equation Terms ->   Offset:       -0.000
                                     Slope:       -1.666
                                 Quadratic:      257.368
                                     Cubic:   -32179.611
                                 4th Order:  1699257.375
                                 5th Order:  -41984524.0
                                 6th Order:        0.000
                                 7th Order:        0.000
                                 8th Order:        0.000
                                 9th Order:        0.000
Peak-to-Total Calibration Report          4/5/2019   10:39:44 PM   Page  8


**************************************************************************
**   P E A K - T O - T O T A L   C A L I B R A T I O N   R E P O R T   ***
**************************************************************************

     Detector Name:  DSA1000A                        
     Sample Title:   Sample title.                                     


                  Peak-to-Total Calibration Equation
                  =============================================

                                 No Peak-to-Total Equation

Peak Locate Analysis Report             4/5/2019   10:39:44 PM     Page  9

**************************************************************************
*****             P E A K    L O C A T E    R E P O R T              *****
**************************************************************************

     Detector Name:  DSA1000A                        
     Sample Title:   Sample title.                                     
               Peak Locate Performed on:  4/5/2019   10:39:42 PM
               Peak Locate From Channel:      1
               Peak Locate To Channel:    65535
               Peak Search Sensitivity:     2.50

     Peak   Centroid    Centroid     Energy       Peak
      No.    Channel   Uncertainty   (keV)    Significance

       1      295.94      <NA>         80.49      <NA> 
       2      311.37      <NA>         84.70      <NA> 
       3      320.99      <NA>         87.32      <NA> 
       4      369.69      <NA>        100.61      <NA> 
       5      470.12      <NA>        128.01      <NA> 
       6      480.70      <NA>        130.90      <NA> 
       7      630.58      <NA>        171.79      <NA> 
       8      680.93      <NA>        185.52      <NA> 
       9      849.11      <NA>        231.41      <NA> 
      10      875.36      <NA>        238.57      <NA> 
      11      890.16      <NA>        242.61      <NA> 
      12     1004.87      <NA>        273.90      <NA> 
      13     1082.13      <NA>        294.98      <NA> 
      14     1176.20      <NA>        320.64      <NA> 
      15     1290.12      <NA>        351.72      <NA> 
      16     1377.85      <NA>        375.66      <NA> 
      17     1509.78      <NA>        411.65      <NA> 
      18     1525.71      <NA>        416.00      <NA> 
      19     1781.93      <NA>        485.90      <NA> 
      20     1794.12      <NA>        489.23      <NA> 
      21     1873.14      <NA>        510.79      <NA> 
      22     1983.76      <NA>        540.97      <NA> 
      23     2065.37      <NA>        563.23      <NA> 
      24     2130.00      <NA>        580.99      <NA> 
      25     2138.34      <NA>        583.04      <NA> 
      26     2208.71      <NA>        602.34      <NA> 
      27     2234.10      <NA>        609.27      <NA> 
      28     2425.63      <NA>        661.52      <NA> 
      29     2490.95      <NA>        679.34      <NA> 
      30     2512.40      <NA>        685.19      <NA> 
      31     2575.09      <NA>        702.30      <NA> 
      32     2597.26      <NA>        708.35      <NA> 
      33     2667.15      <NA>        727.41      <NA> 
      34     2772.48      <NA>        756.15      <NA> 
      35     2818.70      <NA>        768.76      <NA> 
      36     2879.43      <NA>        785.33      <NA> 
      37     2915.99      <NA>        795.30      <NA> 
      38     2986.31      <NA>        814.49      <NA> 
      39     3155.34      <NA>        860.60      <NA> 
      40     3341.10      <NA>        911.28      <NA> 
      41     3424.13      <NA>        933.94      <NA> 
Peak Locate Analysis Report             4/5/2019   10:39:44 PM     Page 10


     Peak   Centroid    Centroid     Energy       Peak
      No.    Channel   Uncertainty   (keV)    Significance

      42     3507.61      <NA>        956.71      <NA> 
      43     3537.30      <NA>        964.81      <NA> 
      44     3553.54      <NA>        969.24      <NA> 
      45     3885.68      <NA>       1059.86      <NA> 
      46     4108.46      <NA>       1120.64      <NA> 
      47     4235.95      <NA>       1155.42      <NA> 
      48     4385.90      <NA>       1196.33      <NA> 
      49     4541.37      <NA>       1238.75      <NA> 
      50     4722.24      <NA>       1288.09      <NA> 
      51     4887.51      <NA>       1333.18      <NA> 
      52     4956.21      <NA>       1351.93      <NA> 
      53     5051.12      <NA>       1377.82      <NA> 
      54     5078.54      <NA>       1385.30      <NA> 
      55     5166.21      <NA>       1409.22      <NA> 
      56     5358.59      <NA>       1461.71      <NA> 
      57     5420.06      <NA>       1478.48      <NA> 
      58     5537.22      <NA>       1510.44      <NA> 
      59     5827.25      <NA>       1589.21      <NA> 
      60     5840.00      <NA>       1593.87      <NA> 
      61     5949.23      <NA>       1622.85      <NA> 
      62     5978.00      <NA>       1630.70      <NA> 
      63     6091.87      <NA>       1661.76      <NA> 
      64     6131.33      <NA>       1672.53      <NA> 
      65     6177.74      <NA>       1685.19      <NA> 
      66     6344.00      <NA>       1730.55      <NA> 
      67     6473.94      <NA>       1766.00      <NA> 
      68     6781.46      <NA>       1849.90      <NA> 
      69     7205.47      <NA>       1965.58      <NA> 
      70     7444.90      <NA>       2030.90      <NA> 
      71     7717.93      <NA>       2105.39      <NA> 
      72     7847.98      <NA>       2140.87      <NA> 
      73     8089.85      <NA>       2206.86      <NA> 

? = Adjacent peak noted

Errors quoted at  1.000 sigma
Peak Analysis Report             4/5/2019   10:39:44 PM            Page 11


**************************************************************************
*****           P E A K    A N A L Y S I S    R E P O R T            *****
**************************************************************************


     Detector Name:  DSA1000A                        
     Sample Title:   Sample title.                                     
     Peak Analysis Performed on:  4/5/2019   10:39:43 PM
               Peak Analysis From Channel:    290
               Peak Analysis To Channel:     8192

   Peak  ROI  ROI    Peak    Energy   FWHM  Net Peak  Net Area  Continuum 
    No. start end  centroid   (keV)   (keV)  Area     Uncert.    Counts 

    1   290-  299   295.94    80.49   0.29        51.5   76.61   2.58E+003 
    2   303-  317   311.37    84.70   0.98       705.4  115.08   4.34E+003 
    3   317-  326   320.99    87.32   0.71        34.3   82.31   2.96E+003 
    4   357-  374   369.69   100.61   0.27        25.5  130.01   5.18E+003 
    5   467-  474   470.12   128.01   0.55        55.0   75.39   2.79E+003 
    6   477-  484   480.70   130.90   0.37       101.4   75.78   2.80E+003 
    7   627-  634   630.58   171.79   0.33        51.0   74.40   2.72E+003 
    8   677-  687   680.93   185.52   1.00        77.1   92.71   3.57E+003 
    9   846-  853   849.11   231.41   0.46        37.4   65.04   2.08E+003 
   10   868-  884   875.36   238.57   1.41       456.1  119.26   4.39E+003 
   11   886-  894   890.16   242.61   0.27       -38.1   71.46   2.40E+003 
   12  1001- 1010  1004.87   273.90   0.60        50.4   66.49   1.93E+003 
   13  1075- 1088  1082.13   294.98   1.36       228.2   84.94   2.53E+003 
   14  1165- 1180  1176.20   320.64   0.27       -78.1   87.42   2.57E+003 
   15  1275- 1299  1290.12   351.72   1.35       855.6  118.62   3.20E+003 
   16  1374- 1381  1377.85   375.66   0.34       -29.9   44.07   9.76E+002 
   17  1500- 1519  1509.78   411.65   1.31     10283.8  133.20   2.13E+003 
   18  1521- 1532  1525.71   416.00   0.29        -9.1   55.98   1.25E+003 
   19  1778- 1787  1781.93   485.90   0.31         1.6   43.17   8.18E+002 
   20  1787- 1804  1794.12   489.23   0.27       -15.4   67.84   1.42E+003 
   21  1863- 1888  1873.14   510.79   2.70      1996.4  103.25   2.02E+003 
   22  1975- 1988  1983.76   540.97   0.27         8.1   50.96   9.39E+002 
   23  2058- 2070  2065.37   563.23   0.58        46.4   47.51   8.39E+002 
 M 24  2125- 2146  2130.46   580.99   1.36        43.2   24.98   7.96E+002 
 m 25  2125- 2146  2137.98   583.04   1.37       517.3   38.22   1.01E+003 
   26  2204- 2213  2208.71   602.34   0.27       -14.2   37.63   6.32E+002 
   27  2227- 2243  2234.10   609.27   1.44      1231.0   66.04   9.90E+002 
   28  2404- 2434  2425.63   661.52   1.44      2840.9  104.36   1.58E+003 
   29  2483- 2495  2490.95   679.34   0.51        28.8   41.18   6.34E+002 
   30  2508- 2517  2512.40   685.19   0.35        34.1   32.26   4.44E+002 
   31  2570- 2582  2575.09   702.30   1.00        91.2   40.22   5.79E+002 
   32  2593- 2602  2597.26   708.35   0.92        44.5   31.90   4.30E+002 
   33  2649- 2677  2667.15   727.41   1.28       105.0   81.65   1.42E+003 
   34  2766- 2780  2772.48   756.15   0.88        44.4   42.97   6.24E+002 
   35  2805- 2827  2818.70   768.76   0.92       157.4   64.04   1.02E+003 
   36  2872- 2884  2879.43   785.33   0.59        68.9   38.08   5.24E+002 
   37  2910- 2921  2915.99   795.30   0.75        29.9   36.18   5.08E+002 
   38  2982- 2993  2986.31   814.49   0.27        -1.5   33.70   4.53E+002 
   39  3150- 3162  3155.34   860.60   1.53        87.8   37.30   4.94E+002 
   40  3333- 3348  3341.10   911.28   1.39       496.0   46.97   5.70E+002 
   41  3418- 3429  3424.13   933.94   0.76        88.8   33.64   4.15E+002 
   42  3503- 3512  3507.61   956.71   0.84        48.3   28.47   3.35E+002 
Peak Analysis Report             4/5/2019   10:39:44 PM            Page 12


   Peak  ROI  ROI    Peak    Energy   FWHM  Net Peak  Net Area  Continuum 
    No. start end  centroid   (keV)   (keV)  Area     Uncert.    Counts 

   43  3528- 3546  3537.30   964.81   1.32        65.3   48.23   6.61E+002 
   44  3546- 3561  3553.54   969.24   1.95       256.8   43.78   5.52E+002 
   45  3877- 3892  3885.68  1059.86   0.44       -44.0   38.74   5.14E+002 
   46  4097- 4116  4108.46  1120.64   1.48       492.8   51.81   6.25E+002 
   47  4230- 4243  4235.95  1155.42   0.48        47.3   34.83   4.23E+002 
   48  4377- 4390  4385.90  1196.33   0.70        41.4   34.36   4.14E+002 
   49  4535- 4552  4541.37  1238.75   1.57       207.6   43.82   5.24E+002 
   50  4717- 4728  4722.24  1288.09   0.32        26.9   24.76   2.33E+002 
   51  4881- 4893  4887.51  1333.18   0.67        49.0   24.72   2.14E+002 
   52  4951- 4962  4956.21  1351.93   0.46         0.0   21.36   1.79E+002 
   53  5039- 5063  5051.12  1377.82   0.71       194.5   37.16   2.88E+002 
   54  5073- 5084  5078.54  1385.30   0.43        41.9   19.77   1.39E+002 
   55  5158- 5172  5166.21  1409.22   0.35        51.7   23.94   1.80E+002 
   56  5345- 5371  5358.59  1461.71   1.97      9604.5  103.00   2.30E+002 
   57  5415- 5426  5420.06  1478.48   1.11        19.5   13.23   6.05E+001 
   58  5527- 5544  5537.22  1510.44   0.70        66.0   21.13   1.17E+002 
 M 59  5818- 5853  5825.93  1589.21   1.81        62.5   11.80   9.45E+001 
 m 60  5818- 5853  5843.01  1593.87   1.82        77.5   12.91   1.05E+002 
   61  5941- 5955  5949.23  1622.85   0.27        37.0   16.49   8.10E+001 
   62  5972- 5991  5978.00  1630.70   0.63        28.5   16.14   6.55E+001 
   63  6086- 6104  6091.87  1661.76   0.38        26.0   18.10   8.80E+001 
   64  6126- 6137  6131.33  1672.53   0.64        -3.9   11.63   5.19E+001 
   65  6172- 6183  6177.74  1685.19   0.27         8.0   10.95   4.40E+001 
   66  6329- 6357  6344.00  1730.55   1.32       167.7   23.11   7.93E+001 
   67  6463- 6486  6473.94  1766.00   1.68       583.5   29.49   7.15E+001 
   68  6759- 6787  6781.46  1849.90   0.37        92.8   20.07   6.53E+001 
   69  7200- 7211  7205.47  1965.58   0.29        -1.4    9.83   3.84E+001 
   70  7438- 7450  7444.90  2030.90   0.27        13.2   10.05   3.18E+001 
   71  7710- 7730  7717.93  2105.39   0.83       121.7   18.33   5.93E+001 
   72  7841- 7853  7847.98  2140.87   0.71        13.8    9.25   2.72E+001 
   73  8079- 8100  8089.85  2206.86   2.15       190.7   20.37   6.03E+001 

M = First peak in a multiplet region
m = Other peak in a multiplet region
F = Fitted singlet

Errors quoted at  1.000 sigma
Peak Analysis Report                    4/5/2019   10:39:44 PM          Page 13


*******************************************************************************
*****  S T A N D A R D   V M S   P E A K   A N A L Y S I S   R E P O R T  *****
*******************************************************************************

        Configuration Title:                                         
        Spectrum Title:              Sample title.            
        Peak Analysis Performed on:  4/5/19   10:39:43 PM
        Peak Analysis From Channel:    290    To Channel:     8192
        Peak Search Sensitivity:      2.50    Gaussian Sensitivity:  1.00
        Max Iterations: 15  Fit Singlets: No  Critical Level Test: No 
        Use Fixed FWHM: No  FWHM Reject:  No  FWHM Reject Ratio:  0.00 
        Peak Fit Engine Name: PANOLIN1        Continuum Type: STEP   

   Pk IT  Energy      Area   Bkgnd  FWHM Channel  Left  PW  Cts/Sec  %err   Fit

    1  0    80.49       52    2576  0.29  295.94   290  10 2.0E-003 148.7   0.0
    2  0    84.70      705    4337  0.98  311.37   303  15 2.8E-002  16.3   0.0
    3  0    87.32       34    2965  0.71  320.99   317  10 1.4E-003 240.1   0.0
    4  0   100.61       25    5181  0.27  369.69   357  18 1.0E-003 510.1   0.0
    5  0   128.01       55    2788  0.55  470.12   467   8 2.2E-003 137.2   0.0
    6  0   130.90      101    2797  0.37  480.70   477   8 4.0E-003  74.7   0.0
    7  0   171.79       51    2720  0.33  630.58   627   8 2.0E-003 145.9   0.0
    8  0   185.52       77    3568  1.00  680.93   677  11 3.1E-003 120.2   0.0
    9  0   231.41       37    2081  0.46  849.11   846   8 1.5E-003 173.8   0.0
   10  0   238.57      456    4389  1.41  875.36   868  17 1.8E-002  26.1   0.0
   11  0   242.61      -38    2402  0.27  890.16   886   9-1.5E-003 -187.   0.0
   12  0   273.90       50    1931  0.60 1004.87  1001  10 2.0E-003 131.8   0.0
   13  0   294.98      228    2534  1.36 1082.13  1075  14 9.1E-003  37.2   0.0
   14  0   320.64      -78    2567  0.27 1176.20  1165  16-3.1E-003 -111.   0.0
   15  0   351.72      856    3203  1.35 1290.12  1275  25 3.4E-002  13.9   0.0
   16  0   375.66      -30     976  0.34 1377.85  1374   8-1.2E-003 -147.   0.0
   17  0   411.65    10284    2130  1.31 1509.78  1500  20 4.1E-001   1.3   0.0
   18  0   416.00       -9    1252  0.29 1525.71  1521  12-3.6E-004 -615.   0.0
   19  0   485.90        2     818  0.31 1781.93  1778  10 6.5E-005 2629.   0.0
   20  0   489.23      -15    1418  0.27 1794.12  1787  18-6.1E-004 -441.   0.0
   21  0   510.79     1996    2021  2.70 1873.14  1863  26 7.9E-002   5.2   0.0
   22  0   540.97        8     939  0.27 1983.76  1975  14 3.2E-004 626.9   0.0
   23  0   563.23       46     839  0.58 2065.37  2058  13 1.8E-003 102.4   0.0
 M 24 32   580.99       43     796  1.36 2130.46  2125  22 1.7E-003  57.8   0.9
 m 25 32   583.04      517    1007  1.37 2137.98  2125  22 2.1E-002   7.4   0.9
   26  0   602.34      -14     632  0.27 2208.71  2204  10-5.7E-004 -264.   0.0
   27  0   609.27     1231     990  1.44 2234.10  2227  17 4.9E-002   5.4   0.0
   28  0   661.52     2841    1582  1.44 2425.63  2404  31 1.1E-001   3.7   0.0
   29  0   679.34       29     634  0.51 2490.95  2483  13 1.1E-003 143.1   0.0
   30  0   685.19       34     444  0.35 2512.40  2508  10 1.4E-003  94.6   0.0
   31  0   702.30       91     579  1.00 2575.09  2570  13 3.6E-003  44.1   0.0
   32  0   708.35       44     430  0.92 2597.26  2593  10 1.8E-003  71.7   0.0
   33  0   727.41      105    1418  1.28 2667.15  2649  29 4.2E-003  77.8   0.0
   34  0   756.15       44     624  0.88 2772.48  2766  15 1.8E-003  96.8   0.0
   35  0   768.76      157    1017  0.92 2818.70  2805  23 6.2E-003  40.7   0.0
   36  0   785.33       69     524  0.59 2879.43  2872  13 2.7E-003  55.3   0.0
   37  0   795.30       30     508  0.75 2915.99  2910  12 1.2E-003 121.1   0.0
   38  0   814.49       -2     453  0.27 2986.31  2982  12-6.1E-005 -2193   0.0
Peak Analysis Report                    4/5/2019   10:39:44 PM          Page 14


   Pk IT  Energy      Area   Bkgnd  FWHM Channel  Left  PW  Cts/Sec  %err   Fit

   39  0   860.60       88     494  1.53 3155.34  3150  13 3.5E-003  42.5   0.0
   40  0   911.28      496     570  1.39 3341.10  3333  16 2.0E-002   9.5   0.0
   41  0   933.94       89     415  0.76 3424.13  3418  12 3.5E-003  37.9   0.0
   42  0   956.71       48     335  0.84 3507.61  3503  10 1.9E-003  58.9   0.0
   43  0   964.81       65     661  1.32 3537.30  3528  19 2.6E-003  73.8   0.0
   44  0   969.24      257     552  1.95 3553.54  3546  16 1.0E-002  17.0   0.0
   45  0  1059.86      -44     514  0.44 3885.68  3877  16-1.7E-003 -88.1   0.0
   46  0  1120.64      493     625  1.48 4108.46  4097  20 2.0E-002  10.5   0.0
   47  0  1155.42       47     423  0.48 4235.95  4230  14 1.9E-003  73.6   0.0
   48  0  1196.33       41     414  0.70 4385.90  4377  14 1.6E-003  83.0   0.0
   49  0  1238.75      208     524  1.57 4541.37  4535  18 8.2E-003  21.1   0.0
   50  0  1288.09       27     233  0.32 4722.24  4717  12 1.1E-003  92.1   0.0
   51  0  1333.18       49     214  0.67 4887.51  4881  13 1.9E-003  50.5   0.0
   52  0  1351.93        0     179  0.46 4956.21  4951  12 5.5E-007 *****   0.0
   53  0  1377.82      195     288  0.71 5051.12  5039  25 7.7E-003  19.1   0.0
   54  0  1385.30       42     139  0.43 5078.54  5073  12 1.7E-003  47.2   0.0
   55  0  1409.22       52     180  0.35 5166.21  5158  15 2.1E-003  46.3   0.0
   56  0  1461.71     9604     230  1.97 5358.59  5345  27 3.8E-001   1.1   0.0
   57  0  1478.48       20      60  1.11 5420.06  5415  12 7.8E-004  67.7   0.0
   58  0  1510.44       66     117  0.70 5537.22  5527  18 2.6E-003  32.0   0.0
 M 59 13  1589.21       62      95  1.81 5825.93  5818  36 2.5E-003  18.9   1.4
 m 60 13  1593.87       78     105  1.82 5843.01  5818  36 3.1E-003  16.7   1.4
   61  0  1622.85       37      81  0.27 5949.23  5941  15 1.5E-003  44.5   0.0
   62  0  1630.70       29      65  0.63 5978.00  5972  20 1.1E-003  56.6   0.0
   63  0  1661.76       26      88  0.38 6091.87  6086  19 1.0E-003  69.5   0.0
   64  0  1672.53       -4      52  0.64 6131.33  6126  12-1.6E-004 -295.   0.0
   65  0  1685.19        8      44  0.27 6177.74  6172  12 3.2E-004 136.5   0.0
   66  0  1730.55      168      79  1.32 6344.00  6329  29 6.7E-003  13.8   0.0
   67  0  1766.00      584      71  1.68 6473.94  6463  24 2.3E-002   5.1   0.0
   68  0  1849.90       93      65  0.37 6781.46  6759  29 3.7E-003  21.6   0.0
   69  0  1965.58       -1      38  0.29 7205.47  7200  12-5.4E-005 -720.   0.0
   70  0  2030.90       13      32  0.27 7444.90  7438  13 5.2E-004  76.4   0.0
   71  0  2105.39      122      59  0.83 7717.93  7710  21 4.8E-003  15.1   0.0
   72  0  2140.87       14      27  0.71 7847.98  7841  13 5.5E-004  66.8   0.0
   73  0  2206.86      191      60  2.15 8089.85  8079  22 7.6E-003  10.7   0.0

M = First peak in a multiplet region
m = Other peak in a multiplet region
F = Fitted singlet

Errors quoted at  1.000 sigma
Peak Analysis Report             4/5/2019   10:39:44 PM            Page 15


**************************************************************************
*****           P E A K    A N A L Y S I S    R E P O R T            *****
**************************************************************************


     Detector Name:  DSA1000A                        
     Sample Title:   Sample title.                                     
     Peak Analysis Performed on:  4/5/2019   10:39:43 PM
               Peak Analysis From Channel:    290
               Peak Analysis To Channel:     8192

   Peak  ROI  ROI   Energy   Net Peak Net Area  Continuum  Critical 
    No. start end    (keV)     Area    Uncert.    Counts     Level

    1   290-  299    80.49        51.5   76.61   2.58E+003  1.25E+002 
    2   303-  317    84.70       705.4  115.08   4.34E+003  1.84E+002 
    3   317-  326    87.32        34.3   82.31   2.96E+003  1.35E+002 
    4   357-  374   100.61        25.5  130.01   5.18E+003  2.14E+002 
    5   467-  474   128.01        55.0   75.39   2.79E+003  1.23E+002 
    6   477-  484   130.90       101.4   75.78   2.80E+003  1.24E+002 
    7   627-  634   171.79        51.0   74.40   2.72E+003  1.22E+002 
    8   677-  687   185.52        77.1   92.71   3.57E+003  1.52E+002 
    9   846-  853   231.41        37.4   65.04   2.08E+003  1.07E+002 
   10   868-  884   238.57       456.1  119.26   4.39E+003  1.93E+002 
   11   886-  894   242.61       -38.1   71.46   2.40E+003  1.18E+002 
   12  1001- 1010   273.90        50.4   66.49   1.93E+003  1.09E+002 
   13  1075- 1088   294.98       228.2   84.94   2.53E+003  1.37E+002 
   14  1165- 1180   320.64       -78.1   87.42   2.57E+003  1.45E+002 
   15  1275- 1299   351.72       855.6  118.62   3.20E+003  1.89E+002 
   16  1374- 1381   375.66       -29.9   44.07   9.76E+002  7.31E+001 
   17  1500- 1519   411.65     10283.8  133.20   2.13E+003  1.42E+002 
   18  1521- 1532   416.00        -9.1   55.98   1.25E+003  9.22E+001 
   19  1778- 1787   485.90         1.6   43.17   8.18E+002  7.10E+001 
   20  1787- 1804   489.23       -15.4   67.84   1.42E+003  1.12E+002 
   21  1863- 1888   510.79      1996.4  103.25   2.02E+003  1.53E+002 
   22  1975- 1988   540.97         8.1   50.96   9.39E+002  8.37E+001 
   23  2058- 2070   563.23        46.4   47.51   8.39E+002  7.73E+001 
 M 24  2125- 2146   580.99        43.2   24.98   7.96E+002  6.56E+001 
 m 25  2125- 2146   583.04       517.3   38.22   1.01E+003  7.38E+001 
   26  2204- 2213   602.34       -14.2   37.63   6.32E+002  6.22E+001 
   27  2227- 2243   609.27      1231.0   66.04   9.90E+002  9.20E+001 
   28  2404- 2434   661.52      2840.9  104.36   1.58E+003  1.48E+002 
   29  2483- 2495   679.34        28.8   41.18   6.34E+002  6.72E+001 
   30  2508- 2517   685.19        34.1   32.26   4.44E+002  5.22E+001 
   31  2570- 2582   702.30        91.2   40.22   5.79E+002  6.43E+001 
   32  2593- 2602   708.35        44.5   31.90   4.30E+002  5.13E+001 
   33  2649- 2677   727.41       105.0   81.65   1.42E+003  1.33E+002 
   34  2766- 2780   756.15        44.4   42.97   6.24E+002  6.98E+001 
   35  2805- 2827   768.76       157.4   64.04   1.02E+003  1.03E+002 
   36  2872- 2884   785.33        68.9   38.08   5.24E+002  6.11E+001 
   37  2910- 2921   795.30        29.9   36.18   5.08E+002  5.88E+001 
   38  2982- 2993   814.49        -1.5   33.70   4.53E+002  5.55E+001 
   39  3150- 3162   860.60        87.8   37.30   4.94E+002  5.94E+001 
   40  3333- 3348   911.28       496.0   46.97   5.70E+002  6.80E+001 
   41  3418- 3429   933.94        88.8   33.64   4.15E+002  5.31E+001 
   42  3503- 3512   956.71        48.3   28.47   3.35E+002  4.54E+001 
Peak Analysis Report             4/5/2019   10:39:44 PM            Page 16


   Peak  ROI  ROI   Energy   Net Peak Net Area  Continuum  Critical 
    No. start end    (keV)     Area    Uncert.    Counts     Level

   43  3528- 3546   964.81        65.3   48.23   6.61E+002  7.82E+001 
   44  3546- 3561   969.24       256.8   43.78   5.52E+002  6.70E+001 
   45  3877- 3892  1059.86       -44.0   38.74   5.14E+002  6.47E+001 
   46  4097- 4116  1120.64       492.8   51.81   6.25E+002  7.70E+001 
   47  4230- 4243  1155.42        47.3   34.83   4.23E+002  5.62E+001 
   48  4377- 4390  1196.33        41.4   34.36   4.14E+002  5.55E+001 
   49  4535- 4552  1238.75       207.6   43.82   5.24E+002  6.81E+001 
   50  4717- 4728  1288.09        26.9   24.76   2.33E+002  3.98E+001 
   51  4881- 4893  1333.18        49.0   24.72   2.14E+002  3.90E+001 
   52  4951- 4962  1351.93         0.0   21.36   1.79E+002  3.51E+001 
   53  5039- 5063  1377.82       194.5   37.16   2.88E+002  5.67E+001 
   54  5073- 5084  1385.30        41.9   19.77   1.39E+002  3.07E+001 
   55  5158- 5172  1409.22        51.7   23.94   1.80E+002  3.76E+001 
   56  5345- 5371  1461.71      9604.5  103.00   2.30E+002  5.21E+001 
   57  5415- 5426  1478.48        19.5   13.23   6.05E+001  2.05E+001 
   58  5527- 5544  1510.44        66.0   21.13   1.17E+002  3.21E+001 
 M 59  5818- 5853  1589.21        62.5   11.80   9.45E+001  2.26E+001 
 m 60  5818- 5853  1593.87        77.5   12.91   1.05E+002  2.38E+001 
   61  5941- 5955  1622.85        37.0   16.49   8.10E+001  2.52E+001 
   62  5972- 5991  1630.70        28.5   16.14   6.55E+001  2.51E+001 
   63  6086- 6104  1661.76        26.0   18.10   8.80E+001  2.86E+001 
   64  6126- 6137  1672.53        -3.9   11.63   5.19E+001  1.94E+001 
   65  6172- 6183  1685.19         8.0   10.95   4.40E+001  1.74E+001 
   66  6329- 6357  1730.55       167.7   23.11   7.93E+001  3.15E+001 
   67  6463- 6486  1766.00       583.5   29.49   7.15E+001  2.78E+001 
   68  6759- 6787  1849.90        92.8   20.07   6.53E+001  2.90E+001 
   69  7200- 7211  1965.58        -1.4    9.83   3.84E+001  1.63E+001 
   70  7438- 7450  2030.90        13.2   10.05   3.18E+001  1.54E+001 
   71  7710- 7730  2105.39       121.7   18.33   5.93E+001  2.41E+001 
   72  7841- 7853  2140.87        13.8    9.25   2.72E+001  1.39E+001 
   73  8079- 8100  2206.86       190.7   20.37   6.03E+001  2.46E+001 

M = First peak in a multiplet region
m = Other peak in a multiplet region
F = Fitted singlet

Errors quoted at  1.000 sigma
Peak with NID Report             4/5/2019   10:39:44 PM            Page 17


**************************************************************************
*****           P E A K    W I T H   N I D    R E P O R T            *****
**************************************************************************


     Detector Name:  DSA1000A                        
     Sample Title:   Sample title.                                     
     Peak Analysis Performed on:  4/5/2019   10:39:43 PM
               Peak Analysis From Channel:    290
               Peak Analysis To Channel:     8192
     Tentative NID Library:   C:\GENIE2K\CAMFILES\NAA LIB LONG.NLB     
     Peak Match Tolerance :    3.000 keV

   Peak  ROI  ROI    Peak    Energy   Net Peak Net Area  Continuum  Tentative
    No. Start End  Centroid   (keV)     Area    Uncert.    Counts    Nuclide 

    1   290-  299   295.94    80.49  5.15E+001   76.61   2.58E+003   AG-108m  
    2   303-  317   311.37    84.70  7.05E+002  115.08   4.34E+003   .....    
    3   317-  326   320.99    87.32  3.43E+001   82.31   2.96E+003   .....    
    4   357-  374   369.69   100.61  2.55E+001  130.01   5.18E+003   TA-182   
                                                                     TE-131x  
                                                                     SM-153   
                                                                     GD-153   
    5   467-  474   470.12   128.01  5.50E+001   75.39   2.79E+003   LU-177x  
                                                                     OS-191   
                                                                     YB-169   
    6   477-  484   480.70   130.90  1.01E+002   75.78   2.80E+003   YB-169   
                                                                     OS-191   
                                                                     HF-181   
                                                                     LU-177x  
    7   627-  634   630.58   171.79  5.10E+001   74.40   2.72E+003   LU-177x  
                                                                     XE-127   
                                                                     LU-177x  
    8   677-  687   680.93   185.52  7.71E+001   92.71   3.57E+003   HO-166   
                                                                     XE-125   
    9   846-  853   849.11   231.41  3.74E+001   65.04   2.08E+003   XE-133m  
                                                                     LU-177x  
   10   868-  884   875.36   238.57  4.56E+002  119.26   4.39E+003   AS-77    
                                                                     TE-131x  
   11   886-  894   890.16   242.61 -3.81E+001   71.46   2.40E+003   XE-125   
                                                                     TE-131x  
                                                                     EU-152x  
   12  1001- 1010  1004.87   273.90  5.04E+001   66.49   1.93E+003   PM-151   
                                                                     BA-133m  
                                                                     BA-133   
   13  1075- 1088  1082.13   294.98  2.28E+002   84.94   2.53E+003   IR-192   
                                                                     LU-177x  
                                                                     CE-143   
   14  1165- 1180  1176.20   320.64 -7.81E+001   87.42   2.57E+003   CR-51    
                                                                     LU-177x  
                                                                     RH-105   
   15  1275- 1299  1290.12   351.72  8.56E+002  118.62   3.20E+003   .....    
   16  1374- 1381  1377.85   375.66 -2.99E+001   44.07   9.76E+002   XE-127   
                                                                     BA-131   
                                                                     LU-177x  
   17  1500- 1519  1509.78   411.65  1.03E+004  133.20   2.13E+003   AU-198   
                                                                     HO-166   
Peak with NID Report             4/5/2019   10:39:44 PM            Page 18

                                                                     LU-177x  
   18  1521- 1532  1525.71   416.00 -9.09E+000   55.98   1.25E+003   GE-77    
                                                                     LU-177x  
   19  1778- 1787  1781.93   485.90  1.64E+000   43.17   8.18E+002   LA-140   
   20  1787- 1804  1794.12   489.23 -1.54E+001   67.84   1.42E+003   Ca-47    
                                                                     LA-140   
   21  1863- 1888  1873.14   510.79  2.00E+003  103.25   2.02E+003   AS-71    
                                                                     ZN-65    
   22  1975- 1988  1983.76   540.97  8.13E+000   50.96   9.39E+002   .....    
   23  2058- 2070  2065.37   563.23  4.64E+001   47.51   8.39E+002   CS-134   
                                                                     SB-122   
 M 24  2125- 2146  2130.46   580.99  4.32E+001   24.98   7.96E+002   PA-232   
 m 25  2125- 2146  2137.98   583.04  5.17E+002   38.22   1.01E+003   PA-232   
   26  2204- 2213  2208.71   602.34 -1.42E+001   37.63   6.32E+002   SB-124   
                                                                     GA-72    
                                                                     SB-125   
                                                                     IR-192   
                                                                     CS-134   
   27  2227- 2243  2234.10   609.27  1.23E+003   66.04   9.90E+002   RU-103   
                                                                     SB-125   
   28  2404- 2434  2425.63   661.52  2.84E+003  104.36   1.58E+003   .....    
   29  2483- 2495  2490.95   679.34  2.88E+001   41.18   6.34E+002   AG-110m  
   30  2508- 2517  2512.40   685.19  3.41E+001   32.26   4.44E+002   W-187    
                                                                     AG-110m  
   31  2570- 2582  2575.09   702.30  9.12E+001   40.22   5.79E+002   NB-94x   
   32  2593- 2602  2597.26   708.35  4.45E+001   31.90   4.30E+002   AG-110m  
   33  2649- 2677  2667.15   727.41  1.05E+002   81.65   1.42E+003   IN-114m  
   34  2766- 2780  2772.48   756.15  4.44E+001   42.97   6.24E+002   ZR-95    
   35  2805- 2827  2818.70   768.76  1.57E+002   64.04   1.02E+003   .....    
   36  2872- 2884  2879.43   785.33  6.89E+001   38.08   5.24E+002   .....    
   37  2910- 2921  2915.99   795.30  2.99E+001   36.18   5.08E+002   CS-134   
                                                                     TE-131x  
   38  2982- 2993  2986.31   814.49 -1.54E+000   33.70   4.53E+002   LA-140   
Peak with NID Report             4/5/2019   10:39:44 PM            Page 19


   Peak  ROI  ROI    Peak    Energy   Net Peak Net Area  Continuum  Tentative
    No. start end  centroid   (keV)     Area    Uncert.    Counts    Nuclide 

   39  3150- 3162  3155.34   860.60  8.78E+001   37.30   4.94E+002   .....    
   40  3333- 3348  3341.10   911.28  4.96E+002   46.97   5.70E+002   .....    
   41  3418- 3429  3424.13   933.94  8.88E+001   33.64   4.15E+002   .....    
   42  3503- 3512  3507.61   956.71  4.83E+001   28.47   3.35E+002   .....    
   43  3528- 3546  3537.30   964.81  6.53E+001   48.23   6.61E+002   EU-152x  
                                                                     TB-160   
   44  3546- 3561  3553.54   969.24  2.57E+002   43.78   5.52E+002   PA-232   
   45  3877- 3892  3885.68  1059.86 -4.40E+001   38.74   5.14E+002   .....    
   46  4097- 4116  4108.46  1120.64  4.93E+002   51.81   6.25E+002   SC-46    
                                                                     TA-182   
   47  4230- 4243  4235.95  1155.42  4.73E+001   34.83   4.23E+002   .....    
   48  4377- 4390  4385.90  1196.33  4.14E+001   34.36   4.14E+002   .....    
   49  4535- 4552  4541.37  1238.75  2.08E+002   43.82   5.24E+002   .....    
   50  4717- 4728  4722.24  1288.09  2.69E+001   24.76   2.33E+002   .....    
   51  4881- 4893  4887.51  1333.18  4.90E+001   24.72   2.14E+002   CO-60    
   52  4951- 4962  4956.21  1351.93  1.40E-002   21.36   1.79E+002   .....    
   53  5039- 5063  5051.12  1377.82  1.95E+002   37.16   2.88E+002   .....    
   54  5073- 5084  5078.54  1385.30  4.19E+001   19.77   1.39E+002   AG-110m  
   55  5158- 5172  5166.21  1409.22  5.17E+001   23.94   1.80E+002   EU-152x  
   56  5345- 5371  5358.59  1461.71  9.60E+003  103.00   2.30E+002   .....    
   57  5415- 5426  5420.06  1478.48  1.95E+001   13.23   6.05E+001   .....    
   58  5527- 5544  5537.22  1510.44  6.60E+001   21.13   1.17E+002   .....    
 M 59  5818- 5853  5825.93  1589.21  6.25E+001   11.80   9.45E+001   .....    
 m 60  5818- 5853  5843.01  1593.87  7.75E+001   12.91   1.05E+002   LA-140   
   61  5941- 5955  5949.23  1622.85  3.70E+001   16.49   8.10E+001   .....    
   62  5972- 5991  5978.00  1630.70  2.85E+001   16.14   6.55E+001   .....    
   63  6086- 6104  6091.87  1661.76  2.60E+001   18.10   8.80E+001   .....    
   64  6126- 6137  6131.33  1672.53 -3.94E+000   11.63   5.19E+001   .....    
   65  6172- 6183  6177.74  1685.19  8.02E+000   10.95   4.40E+001   .....    
   66  6329- 6357  6344.00  1730.55  1.68E+002   23.11   7.93E+001   .....    
   67  6463- 6486  6473.94  1766.00  5.84E+002   29.49   7.15E+001   .....    
   68  6759- 6787  6781.46  1849.90  9.28E+001   20.07   6.53E+001   .....    
   69  7200- 7211  7205.47  1965.58 -1.36E+000    9.83   3.84E+001   .....    
   70  7438- 7450  7444.90  2030.90  1.32E+001   10.05   3.18E+001   .....    
   71  7710- 7730  7717.93  2105.39  1.22E+002   18.33   5.93E+001   .....    
   72  7841- 7853  7847.98  2140.87  1.38E+001    9.25   2.72E+001   .....    
   73  8079- 8100  8089.85  2206.86  1.91E+002   20.37   6.03E+001   .....    

M = First peak in a multiplet region
m = Other peak in a multiplet region
F = Fitted singlet

Errors quoted at  1.000 sigma
Peak Efficiency Report             4/5/2019   10:39:44 PM          Page 20


**************************************************************************
*****         P E A K    E F F I C I E N C Y    R E P O R T          *****
**************************************************************************

     Detector Name:  DSA1000A                        
     Sample Title:   Sample title.                                     
     Peak Analysis Performed on:  4/5/2019   10:39:43 PM


 Peak  Energy   Net Peak  Net Area       Peak     Efficiency
 No.   (keV)      Area   Uncertainty  Efficiency  Uncertainty

    1    80.49  5.15E+001    76.61     5.67E-002    3.07E-003
    2    84.70  7.05E+002   115.08     6.81E-002    3.48E-003
    3    87.32  3.43E+001    82.31     7.43E-002    3.72E-003
    4   100.61  2.55E+001   130.01     8.73E-002    4.37E-003
    5   128.01  5.50E+001    75.39     9.40E-002    4.71E-003
    6   130.90  1.01E+002    75.78     9.43E-002    4.72E-003
    7   171.79  5.10E+001    74.40     9.71E-002    4.87E-003
    8   185.52  7.71E+001    92.71     9.35E-002    4.69E-003
    9   231.41  3.74E+001    65.04     7.85E-002    3.93E-003
   10   238.57  4.56E+002   119.26     7.66E-002    3.84E-003
   11   242.61 -3.81E+001    71.46     7.56E-002    3.79E-003
   12   273.90  5.04E+001    66.49     6.86E-002    3.44E-003
   13   294.98  2.28E+002    84.94     6.47E-002    3.24E-003
   14   320.64 -7.81E+001    87.42     6.05E-002    3.03E-003
   15   351.72  8.56E+002   118.62     5.63E-002    2.82E-003
   16   375.66 -2.99E+001    44.07     5.34E-002    2.67E-003
   17   411.65  1.03E+004   133.20     4.96E-002    2.49E-003
   18   416.00 -9.09E+000    55.98     4.92E-002    2.47E-003
   19   485.90  1.64E+000    43.17     4.29E-002    2.16E-003
   20   489.23 -1.54E+001    67.84     4.26E-002    2.15E-003
   21   510.79  2.00E+003   103.25     4.10E-002    2.06E-003
   22   540.97  8.13E+000    50.96     3.89E-002    1.95E-003
   23   563.23  4.64E+001    47.51     3.75E-002    1.88E-003
 M 24   580.99  4.32E+001    24.98     3.64E-002    1.83E-003
 m 25   583.04  5.17E+002    38.22     3.63E-002    1.82E-003
   26   602.34 -1.42E+001    37.63     3.52E-002    1.77E-003
   27   609.27  1.23E+003    66.04     3.50E-002    1.77E-003
   28   661.52  2.84E+003   104.36     3.28E-002    1.67E-003
   29   679.34  2.88E+001    41.18     3.20E-002    1.63E-003
   30   685.19  3.41E+001    32.26     3.17E-002    1.62E-003
   31   702.30  9.12E+001    40.22     3.09E-002    1.59E-003
   32   708.35  4.45E+001    31.90     3.07E-002    1.58E-003
   33   727.41  1.05E+002    81.65     2.99E-002    1.54E-003
   34   756.15  4.44E+001    42.97     2.88E-002    1.49E-003
   35   768.76  1.57E+002    64.04     2.83E-002    1.47E-003
   36   785.33  6.89E+001    38.08     2.77E-002    1.45E-003
   37   795.30  2.99E+001    36.18     2.74E-002    1.43E-003
   38   814.49 -1.54E+000    33.70     2.68E-002    1.41E-003
   39   860.60  8.78E+001    37.30     2.53E-002    1.33E-003
   40   911.28  4.96E+002    46.97     2.39E-002    1.24E-003
   41   933.94  8.88E+001    33.64     2.33E-002    1.21E-003
   42   956.71  4.83E+001    28.47     2.28E-002    1.17E-003
Peak Efficiency Report             4/5/2019   10:39:44 PM          Page 21


 Peak  Energy   Net Peak  Net Area       Peak     Efficiency
 No.   (keV)      Area   Uncertainty  Efficiency  Uncertainty

   43   964.81  6.53E+001    48.23     2.26E-002    1.16E-003
   44   969.24  2.57E+002    43.78     2.25E-002    1.16E-003
   45  1059.86 -4.40E+001    38.74     2.05E-002    1.04E-003
   46  1120.64  4.93E+002    51.81     1.94E-002    9.78E-004
   47  1155.42  4.73E+001    34.83     1.88E-002    9.43E-004
   48  1196.33  4.14E+001    34.36     1.82E-002    9.11E-004
   49  1238.75  2.08E+002    43.82     1.77E-002    8.85E-004
   50  1288.09  2.69E+001    24.76     1.71E-002    8.56E-004
   51  1333.18  4.90E+001    24.72     1.66E-002    8.32E-004
   52  1351.93  1.40E-002    21.36     1.66E-002    8.32E-004
   53  1377.82  1.95E+002    37.16     1.66E-002    8.32E-004
   54  1385.30  4.19E+001    19.77     1.66E-002    8.32E-004
   55  1409.22  5.17E+001    23.94     1.66E-002    8.32E-004
   56  1461.71  9.60E+003   103.00     1.66E-002    8.32E-004
   57  1478.48  1.95E+001    13.23     1.66E-002    8.32E-004
   58  1510.44  6.60E+001    21.13     1.66E-002    8.32E-004
 M 59  1589.21  6.25E+001    11.80     1.66E-002    8.32E-004
 m 60  1593.87  7.75E+001    12.91     1.66E-002    8.32E-004
   61  1622.85  3.70E+001    16.49     1.66E-002    8.32E-004
   62  1630.70  2.85E+001    16.14     1.66E-002    8.32E-004
   63  1661.76  2.60E+001    18.10     1.66E-002    8.32E-004
   64  1672.53 -3.94E+000    11.63     1.66E-002    8.32E-004
   65  1685.19  8.02E+000    10.95     1.66E-002    8.32E-004
   66  1730.55  1.68E+002    23.11     1.66E-002    8.32E-004
   67  1766.00  5.84E+002    29.49     1.66E-002    8.32E-004
   68  1849.90  9.28E+001    20.07     1.66E-002    8.32E-004
   69  1965.58 -1.36E+000     9.83     1.66E-002    8.32E-004
   70  2030.90  1.32E+001    10.05     1.66E-002    8.32E-004
   71  2105.39  1.22E+002    18.33     1.66E-002    8.32E-004
   72  2140.87  1.38E+001     9.25     1.66E-002    8.32E-004
   73  2206.86  1.91E+002    20.37     1.66E-002    8.32E-004


M = First peak in a multiplet region
m = Other peak in a multiplet region
F = Fitted singlet

Errors quoted at  1.000 sigma
Background Subtract Report             4/5/2019   10:39:44 PM      Page 22

No background subtract performed on this spectrum.
No area correction performed on this spectrum.
Nuclide Identification Report        4/5/2019   10:39:44 PM        Page 23


*************************************************************************
*****   N U C L I D E   I D E N T I F I C A T I O N   R E P O R T   *****
*************************************************************************

     Sample Title:         Sample title.                           
     Nuclide Library Used: C:\GENIE2K\CAMFILES\MGS_2_Cal_and_Au_Act

   ....................    IDENTIFIED NUCLIDES     ....................

   Nuclide    Id       Energy   Yield     Activity     Activity
   Name    Confidence  (keV)     (%)     (uCi/Unit)   Uncertainty

   CO-60     0.175   1173.24    99.90
                     1332.50*   99.98    3.162E-006   1.603E-006
   Eu-155    0.306     60.01     1.22
                       86.55*   30.70    1.612E-006   3.872E-006
                      105.31    21.10
   AU-198    1.000    411.80*   95.58    2.413E-004   1.249E-005

       * = Energy line found in the spectrum.
       Energy Tolerance :    3.000 keV
       Nuclide confidence index threshold =   0.05
       Errors quoted at  1.000 sigma

Nuclide Identification Report        4/5/2019   10:39:44 PM        Page 24


   **********   U N I D E N T I F I E D   P E A K S   **********

               Peak Locate Performed on:  4/5/2019   10:39:42 PM
               Peak Locate From Channel:      1
               Peak Locate To Channel:    65535

       Peak   Energy           Peak Size in        Peak CPS
        No.   (keV)          Counts per Second   % Uncertainty

         1    80.49             2.0446E-003         148.70
         2    84.70             2.7994E-002          16.31
         4   100.61             1.0114E-003         510.06
         5   128.01             2.1811E-003         137.17
         6   130.90             4.0236E-003          74.74
         7   171.79             2.0238E-003         145.89
         8   185.52             3.0596E-003         120.24
         9   231.41             1.4850E-003         173.80
        10   238.57             1.8099E-002          26.15
        11   242.61            -1.5104E-003        -187.74
        12   273.90             2.0019E-003         131.80
        13   294.98             9.0568E-003          37.22
        14   320.64            -3.0990E-003        -111.94
        15   351.72             3.3953E-002          13.86
        16   375.66            -1.1867E-003        -147.37
        18   416.00            -3.6072E-004        -615.87
        19   485.90             6.5138E-005        2629.66
        20   489.23            -6.0969E-004        -441.52
        21   510.79             7.9222E-002           5.17
        22   540.97             3.2260E-004         626.87
        23   563.23             1.8410E-003         102.40
      M 24   580.99             1.7162E-003          57.76
      m 25   583.04             2.0528E-002           7.39
        26   602.34            -5.6538E-004        -264.12
        27   609.27             4.8850E-002           5.36
        28   661.52             1.1274E-001           3.67
        29   679.34             1.1418E-003         143.11
        30   685.19             1.3534E-003          94.58
        31   702.30             3.6186E-003          44.10
        32   708.35             1.7650E-003          71.73
        33   727.41             4.1671E-003          77.76
        34   756.15             1.7620E-003          96.77
        35   768.76             6.2441E-003          40.70
        36   785.33             2.7339E-003          55.27
        37   795.30             1.1855E-003         121.11
        38   814.49            -6.0976E-005        -2193.0
        39   860.60             3.4836E-003          42.49
        40   911.28             1.9682E-002           9.47
        41   933.94             3.5229E-003          37.89
        42   956.71             1.9186E-003          58.88
        43   964.81             2.5930E-003          73.81
        44   969.24             1.0191E-002          17.05
        45  1059.86            -1.7452E-003         -88.08
        46  1120.64             1.9555E-002          10.51
        47  1155.42             1.8774E-003          73.62
        48  1196.33             1.6418E-003          83.04
        49  1238.75             8.2397E-003          21.10
        50  1288.09             1.0672E-003          92.07
Nuclide Identification Report        4/5/2019   10:39:44 PM        Page 25

        52  1351.93             5.5404E-007        153018.
Nuclide Identification Report        4/5/2019   10:39:44 PM        Page 26


       Peak   Energy               Peak Size in        Peak CPS
        No.   (keV)    Channel   Counts per Second   % Uncertainty

        53  1377.82             7.7183E-003          19.10
        54  1385.30             1.6613E-003          47.21
        55  1409.22             2.0532E-003          46.27
        56  1461.71             3.8113E-001           1.07
        57  1478.48             7.7505E-004          67.73
        58  1510.44             2.6190E-003          32.01
      M 59  1589.21             2.4785E-003          18.89
      m 60  1593.87             3.0759E-003          16.66
        61  1622.85             1.4693E-003          44.54
        62  1630.70             1.1318E-003          56.60
        63  1661.76             1.0328E-003          69.54
        64  1672.53            -1.5625E-004        -295.25
        65  1685.19             3.1841E-004         136.50
        66  1730.55             6.6529E-003          13.79
        67  1766.00             2.3155E-002           5.05
        68  1849.90             3.6806E-003          21.63
        69  1965.58            -5.4161E-005        -720.20
        70  2030.90             5.2249E-004          76.35
        71  2105.39             4.8304E-003          15.06
        72  2140.87             5.4926E-004          66.83
        73  2206.86             7.5682E-003          10.68

       M = First peak in a multiplet region
       m = Other peak in a multiplet region
       F = Fitted singlet

       Errors quoted at  1.000 sigma
Interference Corrected Activity Report    4/5/2019   10:39:44 PM   Page 27


*************************************************************************
*****   N U C L I D E   I D E N T I F I C A T I O N   R E P O R T   *****
*************************************************************************

     Sample Title:         Sample title.                           
     Nuclide Library Used: C:\GENIE2K\CAMFILES\MGS_2_Cal_and_Au_Act

   ....................    IDENTIFIED NUCLIDES     ....................

   Nuclide    Id       Energy    Yield     Activity     Activity
   Name    Confidence  (keV)      (%)     (uCi/Unit)   Uncertainty

   CO-60     0.175   1173.24     99.90
                     1332.50*    99.98   3.16167E-006  1.60339E-006
   Eu-155    0.306     60.01      1.22
                       86.55*    30.70   1.61216E-006  3.87221E-006
                      105.31     21.10
   AU-198    1.000    411.80*    95.58   2.41326E-004  1.24901E-005

       * = Energy line found in the spectrum.
       @ = Energy line not used for Weighted Mean Activity
       Energy Tolerance :    3.000 keV
       Nuclide confidence index threshold =   0.05
       Errors quoted at  1.000 sigma

Interference Corrected Activity Report    4/5/2019   10:39:44 PM   Page 28


*************************************************************************
*****   I N T E R F E R E N C E   C O R R E C T E D   R E P O R T   *****
*************************************************************************


                 Nuclide       Wt mean         Wt mean
       Nuclide     Id          Activity        Activity
       Name     Confidence    (uCi/Unit)      Uncertainty

       CO-60      0.175      3.161665E-006   1.603394E-006
       Eu-155     0.306      1.612159E-006   3.872214E-006
       AU-198     1.000      2.413259E-004   1.249012E-005

       ? = nuclide is part of an undetermined solution
       X = nuclide rejected by the interference analysis
       @ = nuclide contains energy lines not used in Weighted Mean Activity

       Errors quoted at  1.000 sigma

Interference Corrected Activity Report    4/5/2019   10:39:44 PM   Page 29


   **********   U N I D E N T I F I E D   P E A K S   **********

               Peak Locate Performed on:  4/5/2019   10:39:42 PM
               Peak Locate From Channel:      1
               Peak Locate To Channel:    65535

       Peak   Energy           Peak Size in        Peak CPS
        No.   (keV)          Counts per Second   % Uncertainty

         1    80.49             2.0446E-003         148.70
         2    84.70             2.7994E-002          16.31
         4   100.61             1.0114E-003         510.06
         5   128.01             2.1811E-003         137.17
         6   130.90             4.0236E-003          74.74
         7   171.79             2.0238E-003         145.89
         8   185.52             3.0596E-003         120.24
         9   231.41             1.4850E-003         173.80
        10   238.57             1.8099E-002          26.15
        11   242.61            -1.5104E-003        -187.74
        12   273.90             2.0019E-003         131.80
        13   294.98             9.0568E-003          37.22
        14   320.64            -3.0990E-003        -111.94
        15   351.72             3.3953E-002          13.86
        16   375.66            -1.1867E-003        -147.37
        18   416.00            -3.6072E-004        -615.87
        19   485.90             6.5138E-005        2629.66
        20   489.23            -6.0969E-004        -441.52
        21   510.79             7.9222E-002           5.17
        22   540.97             3.2260E-004         626.87
        23   563.23             1.8410E-003         102.40
      M 24   580.99             1.7162E-003          57.76
      m 25   583.04             2.0528E-002           7.39
        26   602.34            -5.6538E-004        -264.12
        27   609.27             4.8850E-002           5.36
        28   661.52             1.1274E-001           3.67
        29   679.34             1.1418E-003         143.11
        30   685.19             1.3534E-003          94.58
        31   702.30             3.6186E-003          44.10
        32   708.35             1.7650E-003          71.73
        33   727.41             4.1671E-003          77.76
        34   756.15             1.7620E-003          96.77
        35   768.76             6.2441E-003          40.70
        36   785.33             2.7339E-003          55.27
        37   795.30             1.1855E-003         121.11
        38   814.49            -6.0976E-005        -2193.0
        39   860.60             3.4836E-003          42.49
        40   911.28             1.9682E-002           9.47
        41   933.94             3.5229E-003          37.89
        42   956.71             1.9186E-003          58.88
        43   964.81             2.5930E-003          73.81
        44   969.24             1.0191E-002          17.05
        45  1059.86            -1.7452E-003         -88.08
        46  1120.64             1.9555E-002          10.51
        47  1155.42             1.8774E-003          73.62
        48  1196.33             1.6418E-003          83.04
        49  1238.75             8.2397E-003          21.10
        50  1288.09             1.0672E-003          92.07
Interference Corrected Activity Report    4/5/2019   10:39:44 PM   Page 30

        52  1351.93             5.5404E-007        153018.
Interference Corrected Activity Report    4/5/2019   10:39:44 PM   Page 31


       Peak   Energy               Peak Size in        Peak CPS
        No.   (keV)    Channel   Counts per Second   % Uncertainty

        53  1377.82             7.7183E-003          19.10
        54  1385.30             1.6613E-003          47.21
        55  1409.22             2.0532E-003          46.27
        56  1461.71             3.8113E-001           1.07
        57  1478.48             7.7505E-004          67.73
        58  1510.44             2.6190E-003          32.01
      M 59  1589.21             2.4785E-003          18.89
      m 60  1593.87             3.0759E-003          16.66
        61  1622.85             1.4693E-003          44.54
        62  1630.70             1.1318E-003          56.60
        63  1661.76             1.0328E-003          69.54
        64  1672.53            -1.5625E-004        -295.25
        65  1685.19             3.1841E-004         136.50
        66  1730.55             6.6529E-003          13.79
        67  1766.00             2.3155E-002           5.05
        68  1849.90             3.6806E-003          21.63
        69  1965.58            -5.4161E-005        -720.20
        70  2030.90             5.2249E-004          76.35
        71  2105.39             4.8304E-003          15.06
        72  2140.87             5.4926E-004          66.83
        73  2206.86             7.5682E-003          10.68

       M = First peak in a multiplet region
       m = Other peak in a multiplet region
       F = Fitted singlet

       Errors quoted at  1.000 sigma
Nuclide MDA Report                      4/5/2019   10:39:44 PM     Page 32


No MDA analysis results available for reporting purposes
Nuclide MDA Report                      4/5/2019   10:39:44 PM     Page 33


No MDA analysis results available for reporting purposes
Action Level Summary Report             4/5/2019   10:39:44 PM     Page 34


No Action Level results available for reporting purposes
Auto Gain Adjust                     4/5/2019   10:39:44 PM       Page 35


*************************************************************************
*****                 A U T O  G A I N   A D J U S T                *****
*************************************************************************

Report Generated On:                               4/5/2019   10:39:44 PM


Status:                                                                 
No AGA results for reporting.


This report is valid only if a Certificate was the source of the true values.


Status:                                                                 
No AGA results for reporting.

