*************************************************************************
*****        G A M M A   S P E C T R U M    A N A L Y S I S         *****
*************************************************************************


Filename: DSA1000A                                                     

Report Generated On             : 4/6/2019   11:09:47 AM

Sample Title                    : Sample title.                          
Sample Description              :                                 
Sample Identification           :                 
Sample Type                     :                 
Sample Geometry                 :                 

Peak Locate Threshold           :  2.50
Peak Locate Range (in channels) :     1 - 65535
Peak Area Range (in channels)   :   100 -  8172
Identification Energy Tolerance :    3.000 keV

Sample Size                     :  1.000E+000 Unit    

Sample Taken On                 :                       
Acquisition Started             : 4/5/2019   10:48:39 PM

Live Time                       :    43200.0 seconds
Real Time                       :    43274.7 seconds

Dead Time                       :   0.17 %


              Energy Calibration Used Done On       : 6/23/2018 
              Efficiency Calibration Used Done On   : 2/21/2019 
              Efficiency ID                         :                        

Peak Analysis Report             4/6/2019   11:09:48 AM            Page  2


**************************************************************************
*****           P E A K    A N A L Y S I S    R E P O R T            *****
**************************************************************************


     Detector Name:  DSA1000A                        
     Sample Title:   Sample title.                                     
     Peak Analysis Performed on:  4/6/2019   11:09:48 AM
               Peak Analysis From Channel:    290
               Peak Analysis To Channel:     8192

   Peak  ROI  ROI    Peak    Energy   FWHM  Net Peak  Net Area  Continuum 
    No. start end  centroid   (keV)   (keV)  Area     Uncert.    Counts 

    1   304-  317   311.71    84.79   1.14      1110.3  141.07   6.77E+003 
    2   317-  328   321.06    87.34   0.58      -176.2  121.97   5.97E+003 
    3   335-  346   338.78    92.17   1.03       291.4  117.43   5.38E+003 
    4   563-  572   568.45   154.84   0.27       -29.2  116.06   5.97E+003 
    5   663-  674   666.99   181.72   0.27        -8.0  127.38   6.47E+003 
    6   677-  687   680.87   185.51   0.53       181.6  120.09   5.97E+003 
    7   695-  702   698.94   190.44   0.27       -40.2   92.55   4.26E+003 
    8   772-  784   780.96   212.81   0.29       136.8  126.52   6.03E+003 
    9   797-  807   803.40   218.93   0.61        41.4  110.53   5.10E+003 
   10   866-  881   875.65   238.65   0.94       749.1  145.38   6.79E+003 
   11   882-  892   886.71   241.66   0.49       199.9  105.27   4.56E+003 
   12   893-  910   906.36   247.02   0.27      -136.0  153.06   7.24E+003 
   13  1021- 1034  1025.53   279.54   0.46        85.7  110.69   4.41E+003 
   14  1047- 1056  1050.82   286.44   0.27       -14.5   83.84   3.12E+003 
   15  1076- 1089  1082.34   295.04   1.40       606.8  110.03   4.17E+003 
   16  1090- 1104  1100.38   299.96   0.58         9.6  113.06   4.44E+003 
   17  1233- 1246  1240.44   338.17   1.52       228.7   98.23   3.42E+003 
   18  1282- 1301  1289.89   351.66   1.11      1161.6  131.43   4.59E+003 
   19  1334- 1342  1337.40   364.62   0.53        71.6   63.88   1.88E+003 
   20  1478- 1487  1481.50   403.94   0.91        73.6   64.49   1.80E+003 
   21  1500- 1518  1509.82   411.66   1.33      7822.8  139.94   3.48E+003 
   22  1778- 1788  1782.38   486.02   0.42        10.2   59.16   1.46E+003 
   23  1788- 1799  1795.17   489.52   0.64        19.8   64.37   1.64E+003 
   24  1832- 1843  1836.75   500.86   0.38        51.1   64.01   1.61E+003 
   25  1863- 1883  1873.60   510.91   2.33      3112.8  117.29   2.93E+003 
   26  1924- 1938  1932.80   527.07   0.72        -0.9   72.60   1.83E+003 
   27  1939- 1953  1945.51   530.53   0.27        -4.6   72.30   1.81E+003 
   28  1960- 1986  1966.80   536.34   0.37       135.9  118.04   3.15E+003 
   29  2036- 2046  2040.55   556.46   1.05        58.5   55.47   1.26E+003 
   30  2132- 2144  2138.78   583.26   1.27       827.8   67.71   1.43E+003 
   31  2153- 2164  2157.98   588.50   0.27       -62.0   57.20   1.33E+003 
   32  2164- 2179  2169.65   591.68   0.27        53.7   72.95   1.75E+003 
   33  2225- 2244  2233.84   609.19   1.48      1990.8   96.59   2.09E+003 
   34  2340- 2355  2350.89   641.13   0.27      -112.1   66.71   1.52E+003 
   35  2415- 2436  2425.88   661.59   1.47      4660.3  112.46   2.13E+003 
   36  2509- 2520  2513.25   685.43   0.72        43.6   50.04   9.78E+002 
   37  2655- 2677  2666.82   727.32   0.74       257.3   84.16   1.76E+003 
   38  2717- 2728  2723.37   742.75   0.27        -8.9   49.06   9.63E+002 
   39  2763- 2778  2767.84   754.88   0.70        46.7   59.99   1.18E+003 
   40  2790- 2802  2795.83   762.52   0.86        -6.7   49.75   9.42E+002 
   41  2811- 2825  2818.19   768.62   0.76       155.4   59.43   1.17E+003 
   42  2826- 2841  2830.47   771.97   0.54       132.5   59.37   1.13E+003 
Peak Analysis Report             4/6/2019   11:09:48 AM            Page  3


   Peak  ROI  ROI    Peak    Energy   FWHM  Net Peak  Net Area  Continuum 
    No. start end  centroid   (keV)   (keV)  Area     Uncert.    Counts 

   43  2859- 2886  2870.33   782.85   0.39        -6.9   96.16   2.05E+003 
   44  3108- 3117  3112.55   848.93   0.48        11.9   37.40   6.13E+002 
   45  3149- 3163  3157.07   861.08   0.57        76.5   54.37   9.97E+002 
   46  3286- 3296  3291.05   897.63   0.87        53.2   39.68   6.37E+002 
 M 47  3330- 3364  3341.46   911.38   1.72       914.0   43.73   1.16E+003 
 m 48  3330- 3364  3362.74   917.19   1.72        30.3   23.87   6.82E+002 
   49  3393- 3417  3412.21   930.68   0.29        31.0   78.26   1.48E+003 
   50  3420- 3431  3424.73   934.10   1.14       144.7   44.04   7.09E+002 
   51  3525- 3544  3536.78   964.67   0.69       210.5   64.80   1.14E+003 
   52  3545- 3564  3553.82   969.32   1.23       522.1   67.30   1.14E+003 
   53  3662- 3679  3671.95  1001.55   0.59        41.6   56.78   9.77E+002 
   54  3836- 3845  3840.13  1047.43   0.34        29.9   34.38   5.09E+002 
   55  4088- 4098  4093.91  1116.67   0.31        34.5   37.03   5.61E+002 
   56  4100- 4119  4108.89  1120.76   1.84       902.7   67.20   1.03E+003 
   57  4531- 4552  4541.13  1238.68   1.64       279.1   69.24   1.20E+003 
   58  4856- 4872  4864.52  1326.91   0.81        70.1   37.62   4.30E+002 
   59  4880- 4896  4889.29  1333.67   0.63        29.2   39.17   4.81E+002 
   60  5045- 5062  5053.96  1378.60   1.80       169.2   40.16   4.44E+002 
   61  5133- 5150  5141.55  1402.49   0.93       140.1   34.31   3.18E+002 
   62  5155- 5176  5165.65  1409.07   1.88       196.3   42.27   4.24E+002 
   63  5338- 5371  5358.53  1461.69   1.96     16178.0  139.68   5.85E+002 
   64  5404- 5417  5411.35  1476.10   0.36        26.7   20.41   1.41E+002 
   65  5528- 5551  5534.00  1509.56   1.13       122.2   33.76   2.54E+002 
   66  5818- 5834  5825.42  1589.07   1.47        84.3   25.77   1.84E+002 
   67  5835- 5850  5842.33  1593.68   0.98        93.8   25.68   1.88E+002 
   68  5942- 5955  5949.52  1622.93   0.58        25.3   19.47   1.28E+002 
   69  6087- 6103  6096.47  1663.02   0.38        63.7   20.83   1.18E+002 
   70  6313- 6324  6318.41  1723.57   0.27        -9.9   14.26   8.49E+001 
   71  6336- 6354  6347.00  1731.37   0.76       181.7   25.62   1.40E+002 
   72  6461- 6485  6473.95  1766.00   1.76      1065.1   40.44   1.38E+002 
   73  6541- 6553  6547.53  1786.08   0.35        18.4   12.44   5.16E+001 
   74  6617- 6632  6626.13  1807.52   0.65        29.3   16.31   7.77E+001 
   75  6769- 6789  6777.70  1848.87   1.90       110.6   23.40   1.20E+002 
   76  7608- 7631  7614.00  2077.04   0.27        22.2   20.12   9.18E+001 
   77  7706- 7733  7717.72  2105.34   1.32       205.7   27.58   1.24E+002 
   78  7764- 7782  7773.70  2120.61   1.81        82.8   18.82   7.92E+001 
   79  8077- 8100  8088.81  2206.58   2.27       341.8   26.98   9.62E+001 
   80  8151- 8165  8156.56  2225.06   0.33        26.7   14.52   6.33E+001 

M = First peak in a multiplet region
m = Other peak in a multiplet region
F = Fitted singlet

Errors quoted at  1.000 sigma
Nuclide Identification Report        4/6/2019   11:09:49 AM        Page  4


No nuclide identification results available for reporting purposes
*************************************************************************
*****        G A M M A   S P E C T R U M    A N A L Y S I S         *****
*************************************************************************


Filename: DSA1000A                                                     

Report Generated On             : 4/6/2019   11:09:49 AM

Sample Title                    : Sample title.                          
Sample Description              :                                 
Sample Identification           :                 
Sample Type                     :                 
Sample Geometry                 :                 

Peak Locate Threshold           :  2.50
Peak Locate Range (in channels) :     1 - 65535
Peak Area Range (in channels)   :   290 -  8192
Identification Energy Tolerance :    3.000 keV

Sample Size                     :  1.000E+000 Unit    

Sample Taken On                 :                       
Acquisition Started             : 4/5/2019   10:48:39 PM

Live Time                       :    43200.0 seconds
Real Time                       :    43274.7 seconds

Dead Time                       :   0.17 %


              Energy Calibration Used Done On       : 6/23/2018 
              Efficiency Calibration Used Done On   : 2/21/2019 
              Efficiency ID                         :                        

Energy Calibration Report            4/6/2019   11:09:49 AM       Page  5


**************************************************************************
*****       E N E R G Y   C A L I B R A T I O N   R E P O R T        *****
**************************************************************************

     Detector Name:  DSA1000A                        
     Sample Title:   Sample title.                                     

       *************  ENERGY CALIBRATION COEFFICIENTS  *************

               Energy Calibrate Performed on:  6/23/2018  12:56:08 PM
                       by:                       
               Energy Calibrate Type:          POLY    

   Energy(keV) =    -0.253 +     0.273*ch +  0.00E+000*ch^2 +  0.00E+000*ch^3

       *************  SHAPE CALIBRATION COEFFICIENTS   *************

               Shape Calibrate Performed on:  6/23/2018  12:56:08 PM
                       by:                        

               FWHM     =     0.795  +   0.026*E^1/2

               LOW TAIL =   0.0E+000 +  0.0E+000*E

****************     ENERGY CALIBRATION RESULTS TABLE     ****************

                    Centroid      Centroid         Energy
                    Channel       error            (keV )
                      220.59        0.07             60.01
                      317.99        0.02             86.54
                      386.80        0.01            105.31
                      451.84        0.03            122.06
                     2426.14        0.01            661.66
                     3062.96        0.38            834.83

       *********     SHAPE CALIBRATION RESULTS TABLE      *********

             Energy     FWHM       FWHM         TAIL        TAIL
             (keV )     channels   error        channels    error
               60.01      3.13      0.17           0.00      0.00
               86.54      3.87      0.04           0.00      0.00
              105.31      3.88      0.01           0.00      0.00
              122.06      3.92      0.07           0.00      0.00
              661.66      5.34      0.01           0.00      0.00
              834.83      1.36      0.55           0.00      0.00
Efficiency Calibration Report             4/6/2019   11:09:49 AM   Page  6


**************************************************************************
*****   E F F I C I E N C Y   C A L I B R A T I O N    R E P O R T   *****
**************************************************************************

     Detector Name:  DSA1000A                        
     Sample Title:   Sample title.                                     

     Geometry Description:                 
     Efficiency Calibration Performed on:  2/21/2019   3:50:31 PM
                       by:                         
     Geometry Type Used:   INTERPOL        

                            Efficiency Triplets
                            ===================

                   Energy         Efficiency        Error

                     60.01         1.99E-002      1.47E-003
                     86.55         7.35E-002      3.68E-003
                    105.31         9.20E-002      4.60E-003
                    176.33         9.74E-002      4.89E-003
                    427.89         4.81E-002      2.41E-003
                    463.38         4.48E-002      2.26E-003
                    600.56         3.53E-002      1.77E-003
                    606.64         3.50E-002      1.78E-003
                    635.90         3.41E-002      1.72E-003
                    834.85         2.61E-002      1.38E-003
                   1173.24         1.85E-002      9.27E-004
                   1332.50         1.66E-002      8.32E-004

                      DUAL Efficiency Calibration Equation
                      ====================================

         Single Equation Terms ->   Offset:     -594.233
                                     Slope:      481.755
                                 Quadratic:     -156.075
                                     Cubic:       25.207
                                 4th Order:       -2.032
                                 5th Order:        0.065
                                 6th Order:        0.000
                                 7th Order:        0.000
                                 8th Order:        0.000
                                 9th Order:        0.000
Efficiency Calibration Report             4/6/2019   11:09:49 AM   Page  7


                      EMPIRICAL Efficiency Calibration Equation
                      =========================================

      Empirical Equation Terms ->  Scaling:      696.255
                                    Offset:       -3.475
                                     Slope:        0.951
                                 Quadratic:       -0.096
                                     Cubic:       -0.022
                                 4th Order:        0.109
                                 5th Order:       -0.065

                      LINEAR Efficiency Calibration Equation
                      ======================================

         Linear Equation Terms ->   Offset:       -0.000
                                     Slope:       -1.666
                                 Quadratic:      257.368
                                     Cubic:   -32179.611
                                 4th Order:  1699257.375
                                 5th Order:  -41984524.0
                                 6th Order:        0.000
                                 7th Order:        0.000
                                 8th Order:        0.000
                                 9th Order:        0.000
Peak-to-Total Calibration Report          4/6/2019   11:09:49 AM   Page  8


**************************************************************************
**   P E A K - T O - T O T A L   C A L I B R A T I O N   R E P O R T   ***
**************************************************************************

     Detector Name:  DSA1000A                        
     Sample Title:   Sample title.                                     


                  Peak-to-Total Calibration Equation
                  =============================================

                                 No Peak-to-Total Equation

Peak Locate Analysis Report             4/6/2019   11:09:49 AM     Page  9

**************************************************************************
*****             P E A K    L O C A T E    R E P O R T              *****
**************************************************************************

     Detector Name:  DSA1000A                        
     Sample Title:   Sample title.                                     
               Peak Locate Performed on:  4/6/2019   11:09:48 AM
               Peak Locate From Channel:      1
               Peak Locate To Channel:    65535
               Peak Search Sensitivity:     2.50

     Peak   Centroid    Centroid     Energy       Peak
      No.    Channel   Uncertainty   (keV)    Significance

       1      311.71      <NA>         84.79      <NA> 
       2      321.06      <NA>         87.34      <NA> 
       3      338.78      <NA>         92.17      <NA> 
       4      568.45      <NA>        154.84      <NA> 
       5      666.99      <NA>        181.72      <NA> 
       6      680.87      <NA>        185.51      <NA> 
       7      698.94      <NA>        190.44      <NA> 
       8      780.96      <NA>        212.81      <NA> 
       9      803.40      <NA>        218.93      <NA> 
      10      875.65      <NA>        238.65      <NA> 
      11      886.71      <NA>        241.66      <NA> 
      12      906.36      <NA>        247.02      <NA> 
      13     1025.53      <NA>        279.54      <NA> 
      14     1050.82      <NA>        286.44      <NA> 
      15     1082.34      <NA>        295.04      <NA> 
      16     1100.38      <NA>        299.96      <NA> 
      17     1240.44      <NA>        338.17      <NA> 
      18     1289.89      <NA>        351.66      <NA> 
      19     1337.40      <NA>        364.62      <NA> 
      20     1481.50      <NA>        403.94      <NA> 
      21     1509.82      <NA>        411.66      <NA> 
      22     1782.38      <NA>        486.02      <NA> 
      23     1795.17      <NA>        489.52      <NA> 
      24     1836.75      <NA>        500.86      <NA> 
      25     1873.60      <NA>        510.91      <NA> 
      26     1932.80      <NA>        527.07      <NA> 
      27     1945.51      <NA>        530.53      <NA> 
      28     1966.80      <NA>        536.34      <NA> 
      29     2040.55      <NA>        556.46      <NA> 
      30     2138.78      <NA>        583.26      <NA> 
      31     2157.98      <NA>        588.50      <NA> 
      32     2169.65      <NA>        591.68      <NA> 
      33     2233.84      <NA>        609.19      <NA> 
      34     2350.89      <NA>        641.13      <NA> 
      35     2425.88      <NA>        661.59      <NA> 
      36     2513.25      <NA>        685.43      <NA> 
      37     2666.82      <NA>        727.32      <NA> 
      38     2723.37      <NA>        742.75      <NA> 
      39     2767.84      <NA>        754.88      <NA> 
      40     2795.83      <NA>        762.52      <NA> 
      41     2818.19      <NA>        768.62      <NA> 
Peak Locate Analysis Report             4/6/2019   11:09:49 AM     Page 10


     Peak   Centroid    Centroid     Energy       Peak
      No.    Channel   Uncertainty   (keV)    Significance

      42     2830.47      <NA>        771.97      <NA> 
      43     2870.33      <NA>        782.85      <NA> 
      44     3112.55      <NA>        848.93      <NA> 
      45     3157.07      <NA>        861.08      <NA> 
      46     3291.05      <NA>        897.63      <NA> 
      47     3341.62      <NA>        911.38      <NA> 
      48     3352.64      <NA>        917.19      <NA> 
      49     3412.21      <NA>        930.68      <NA> 
      50     3424.73      <NA>        934.10      <NA> 
      51     3536.78      <NA>        964.67      <NA> 
      52     3553.82      <NA>        969.32      <NA> 
      53     3671.95      <NA>       1001.55      <NA> 
      54     3840.13      <NA>       1047.43      <NA> 
      55     4093.91      <NA>       1116.67      <NA> 
      56     4108.89      <NA>       1120.76      <NA> 
      57     4541.13      <NA>       1238.68      <NA> 
      58     4864.52      <NA>       1326.91      <NA> 
      59     4889.29      <NA>       1333.67      <NA> 
      60     5053.96      <NA>       1378.60      <NA> 
      61     5141.55      <NA>       1402.49      <NA> 
      62     5165.65      <NA>       1409.07      <NA> 
      63     5358.53      <NA>       1461.69      <NA> 
      64     5411.35      <NA>       1476.10      <NA> 
      65     5534.00      <NA>       1509.56      <NA> 
      66     5825.42      <NA>       1589.07      <NA> 
      67     5842.33      <NA>       1593.68      <NA> 
      68     5949.52      <NA>       1622.93      <NA> 
      69     6096.47      <NA>       1663.02      <NA> 
      70     6318.41      <NA>       1723.57      <NA> 
      71     6347.00      <NA>       1731.37      <NA> 
      72     6473.95      <NA>       1766.00      <NA> 
      73     6547.53      <NA>       1786.08      <NA> 
      74     6626.13      <NA>       1807.52      <NA> 
      75     6777.70      <NA>       1848.87      <NA> 
      76     7614.00      <NA>       2077.04      <NA> 
      77     7717.72      <NA>       2105.34      <NA> 
      78     7773.70      <NA>       2120.61      <NA> 
      79     8088.81      <NA>       2206.58      <NA> 
      80     8156.56      <NA>       2225.06      <NA> 

? = Adjacent peak noted

Errors quoted at  1.000 sigma
Peak Analysis Report             4/6/2019   11:09:49 AM            Page 11


**************************************************************************
*****           P E A K    A N A L Y S I S    R E P O R T            *****
**************************************************************************


     Detector Name:  DSA1000A                        
     Sample Title:   Sample title.                                     
     Peak Analysis Performed on:  4/6/2019   11:09:48 AM
               Peak Analysis From Channel:    290
               Peak Analysis To Channel:     8192

   Peak  ROI  ROI    Peak    Energy   FWHM  Net Peak  Net Area  Continuum 
    No. start end  centroid   (keV)   (keV)  Area     Uncert.    Counts 

    1   304-  317   311.71    84.79   1.14      1110.3  141.07   6.77E+003 
    2   317-  328   321.06    87.34   0.58      -176.2  121.97   5.97E+003 
    3   335-  346   338.78    92.17   1.03       291.4  117.43   5.38E+003 
    4   563-  572   568.45   154.84   0.27       -29.2  116.06   5.97E+003 
    5   663-  674   666.99   181.72   0.27        -8.0  127.38   6.47E+003 
    6   677-  687   680.87   185.51   0.53       181.6  120.09   5.97E+003 
    7   695-  702   698.94   190.44   0.27       -40.2   92.55   4.26E+003 
    8   772-  784   780.96   212.81   0.29       136.8  126.52   6.03E+003 
    9   797-  807   803.40   218.93   0.61        41.4  110.53   5.10E+003 
   10   866-  881   875.65   238.65   0.94       749.1  145.38   6.79E+003 
   11   882-  892   886.71   241.66   0.49       199.9  105.27   4.56E+003 
   12   893-  910   906.36   247.02   0.27      -136.0  153.06   7.24E+003 
   13  1021- 1034  1025.53   279.54   0.46        85.7  110.69   4.41E+003 
   14  1047- 1056  1050.82   286.44   0.27       -14.5   83.84   3.12E+003 
   15  1076- 1089  1082.34   295.04   1.40       606.8  110.03   4.17E+003 
   16  1090- 1104  1100.38   299.96   0.58         9.6  113.06   4.44E+003 
   17  1233- 1246  1240.44   338.17   1.52       228.7   98.23   3.42E+003 
   18  1282- 1301  1289.89   351.66   1.11      1161.6  131.43   4.59E+003 
   19  1334- 1342  1337.40   364.62   0.53        71.6   63.88   1.88E+003 
   20  1478- 1487  1481.50   403.94   0.91        73.6   64.49   1.80E+003 
   21  1500- 1518  1509.82   411.66   1.33      7822.8  139.94   3.48E+003 
   22  1778- 1788  1782.38   486.02   0.42        10.2   59.16   1.46E+003 
   23  1788- 1799  1795.17   489.52   0.64        19.8   64.37   1.64E+003 
   24  1832- 1843  1836.75   500.86   0.38        51.1   64.01   1.61E+003 
   25  1863- 1883  1873.60   510.91   2.33      3112.8  117.29   2.93E+003 
   26  1924- 1938  1932.80   527.07   0.72        -0.9   72.60   1.83E+003 
   27  1939- 1953  1945.51   530.53   0.27        -4.6   72.30   1.81E+003 
   28  1960- 1986  1966.80   536.34   0.37       135.9  118.04   3.15E+003 
   29  2036- 2046  2040.55   556.46   1.05        58.5   55.47   1.26E+003 
   30  2132- 2144  2138.78   583.26   1.27       827.8   67.71   1.43E+003 
   31  2153- 2164  2157.98   588.50   0.27       -62.0   57.20   1.33E+003 
   32  2164- 2179  2169.65   591.68   0.27        53.7   72.95   1.75E+003 
   33  2225- 2244  2233.84   609.19   1.48      1990.8   96.59   2.09E+003 
   34  2340- 2355  2350.89   641.13   0.27      -112.1   66.71   1.52E+003 
   35  2415- 2436  2425.88   661.59   1.47      4660.3  112.46   2.13E+003 
   36  2509- 2520  2513.25   685.43   0.72        43.6   50.04   9.78E+002 
   37  2655- 2677  2666.82   727.32   0.74       257.3   84.16   1.76E+003 
   38  2717- 2728  2723.37   742.75   0.27        -8.9   49.06   9.63E+002 
   39  2763- 2778  2767.84   754.88   0.70        46.7   59.99   1.18E+003 
   40  2790- 2802  2795.83   762.52   0.86        -6.7   49.75   9.42E+002 
   41  2811- 2825  2818.19   768.62   0.76       155.4   59.43   1.17E+003 
   42  2826- 2841  2830.47   771.97   0.54       132.5   59.37   1.13E+003 
Peak Analysis Report             4/6/2019   11:09:49 AM            Page 12


   Peak  ROI  ROI    Peak    Energy   FWHM  Net Peak  Net Area  Continuum 
    No. start end  centroid   (keV)   (keV)  Area     Uncert.    Counts 

   43  2859- 2886  2870.33   782.85   0.39        -6.9   96.16   2.05E+003 
   44  3108- 3117  3112.55   848.93   0.48        11.9   37.40   6.13E+002 
   45  3149- 3163  3157.07   861.08   0.57        76.5   54.37   9.97E+002 
   46  3286- 3296  3291.05   897.63   0.87        53.2   39.68   6.37E+002 
 M 47  3330- 3364  3341.46   911.38   1.72       914.0   43.73   1.16E+003 
 m 48  3330- 3364  3362.74   917.19   1.72        30.3   23.87   6.82E+002 
   49  3393- 3417  3412.21   930.68   0.29        31.0   78.26   1.48E+003 
   50  3420- 3431  3424.73   934.10   1.14       144.7   44.04   7.09E+002 
   51  3525- 3544  3536.78   964.67   0.69       210.5   64.80   1.14E+003 
   52  3545- 3564  3553.82   969.32   1.23       522.1   67.30   1.14E+003 
   53  3662- 3679  3671.95  1001.55   0.59        41.6   56.78   9.77E+002 
   54  3836- 3845  3840.13  1047.43   0.34        29.9   34.38   5.09E+002 
   55  4088- 4098  4093.91  1116.67   0.31        34.5   37.03   5.61E+002 
   56  4100- 4119  4108.89  1120.76   1.84       902.7   67.20   1.03E+003 
   57  4531- 4552  4541.13  1238.68   1.64       279.1   69.24   1.20E+003 
   58  4856- 4872  4864.52  1326.91   0.81        70.1   37.62   4.30E+002 
   59  4880- 4896  4889.29  1333.67   0.63        29.2   39.17   4.81E+002 
   60  5045- 5062  5053.96  1378.60   1.80       169.2   40.16   4.44E+002 
   61  5133- 5150  5141.55  1402.49   0.93       140.1   34.31   3.18E+002 
   62  5155- 5176  5165.65  1409.07   1.88       196.3   42.27   4.24E+002 
   63  5338- 5371  5358.53  1461.69   1.96     16178.0  139.68   5.85E+002 
   64  5404- 5417  5411.35  1476.10   0.36        26.7   20.41   1.41E+002 
   65  5528- 5551  5534.00  1509.56   1.13       122.2   33.76   2.54E+002 
   66  5818- 5834  5825.42  1589.07   1.47        84.3   25.77   1.84E+002 
   67  5835- 5850  5842.33  1593.68   0.98        93.8   25.68   1.88E+002 
   68  5942- 5955  5949.52  1622.93   0.58        25.3   19.47   1.28E+002 
   69  6087- 6103  6096.47  1663.02   0.38        63.7   20.83   1.18E+002 
   70  6313- 6324  6318.41  1723.57   0.27        -9.9   14.26   8.49E+001 
   71  6336- 6354  6347.00  1731.37   0.76       181.7   25.62   1.40E+002 
   72  6461- 6485  6473.95  1766.00   1.76      1065.1   40.44   1.38E+002 
   73  6541- 6553  6547.53  1786.08   0.35        18.4   12.44   5.16E+001 
   74  6617- 6632  6626.13  1807.52   0.65        29.3   16.31   7.77E+001 
   75  6769- 6789  6777.70  1848.87   1.90       110.6   23.40   1.20E+002 
   76  7608- 7631  7614.00  2077.04   0.27        22.2   20.12   9.18E+001 
   77  7706- 7733  7717.72  2105.34   1.32       205.7   27.58   1.24E+002 
   78  7764- 7782  7773.70  2120.61   1.81        82.8   18.82   7.92E+001 
   79  8077- 8100  8088.81  2206.58   2.27       341.8   26.98   9.62E+001 
   80  8151- 8165  8156.56  2225.06   0.33        26.7   14.52   6.33E+001 

M = First peak in a multiplet region
m = Other peak in a multiplet region
F = Fitted singlet

Errors quoted at  1.000 sigma
Peak Analysis Report                    4/6/2019   11:09:49 AM          Page 13


*******************************************************************************
*****  S T A N D A R D   V M S   P E A K   A N A L Y S I S   R E P O R T  *****
*******************************************************************************

        Configuration Title:                                         
        Spectrum Title:              Sample title.            
        Peak Analysis Performed on:  4/6/19   11:09:48 AM
        Peak Analysis From Channel:    290    To Channel:     8192
        Peak Search Sensitivity:      2.50    Gaussian Sensitivity:  1.00
        Max Iterations: 15  Fit Singlets: No  Critical Level Test: No 
        Use Fixed FWHM: No  FWHM Reject:  No  FWHM Reject Ratio:  0.00 
        Peak Fit Engine Name: PANOLIN1        Continuum Type: STEP   

   Pk IT  Energy      Area   Bkgnd  FWHM Channel  Left  PW  Cts/Sec  %err   Fit

    1  0    84.79     1110    6769  1.14  311.71   304  14 2.6E-002  12.7   0.0
    2  0    87.34     -176    5966  0.58  321.06   317  12-4.1E-003 -69.2   0.0
    3  0    92.17      291    5379  1.03  338.78   335  12 6.7E-003  40.3   0.0
    4  0   154.84      -29    5970  0.27  568.45   563  10-6.8E-004 -396.   0.0
    5  0   181.72       -8    6471  0.27  666.99   663  12-1.9E-004 -1593   0.0
    6  0   185.51      182    5967  0.53  680.87   677  11 4.2E-003  66.1   0.0
    7  0   190.44      -40    4264  0.27  698.94   695   8-9.3E-004 -230.   0.0
    8  0   212.81      137    6030  0.29  780.96   772  13 3.2E-003  92.5   0.0
    9  0   218.93       41    5103  0.61  803.40   797  11 9.6E-004 267.3   0.0
   10  0   238.65      749    6789  0.94  875.65   866  16 1.7E-002  19.4   0.0
   11  0   241.66      200    4563  0.49  886.71   882  11 4.6E-003  52.7   0.0
   12  0   247.02     -136    7242  0.27  906.36   893  18-3.1E-003 -112.   0.0
   13  0   279.54       86    4414  0.46 1025.53  1021  14 2.0E-003 129.2   0.0
   14  0   286.44      -14    3117  0.27 1050.82  1047  10-3.4E-004 -578.   0.0
   15  0   295.04      607    4170  1.40 1082.34  1076  14 1.4E-002  18.1   0.0
   16  0   299.96       10    4436  0.58 1100.38  1090  15 2.2E-004 1180.   0.0
   17  0   338.17      229    3417  1.52 1240.44  1233  14 5.3E-003  42.9   0.0
   18  0   351.66     1162    4589  1.11 1289.89  1282  20 2.7E-002  11.3   0.0
   19  0   364.62       72    1878  0.53 1337.40  1334   9 1.7E-003  89.2   0.0
   20  0   403.94       74    1804  0.91 1481.50  1478  10 1.7E-003  87.6   0.0
   21  0   411.66     7823    3484  1.33 1509.82  1500  19 1.8E-001   1.8   0.0
   22  0   486.02       10    1458  0.42 1782.38  1778  11 2.4E-004 580.9   0.0
   23  0   489.52       20    1641  0.64 1795.17  1788  12 4.6E-004 325.3   0.0
   24  0   500.86       51    1611  0.38 1836.75  1832  12 1.2E-003 125.2   0.0
   25  0   510.91     3113    2934  2.33 1873.60  1863  21 7.2E-002   3.8   0.0
   26  0   527.07       -1    1831  0.72 1932.80  1924  15-2.1E-005 -7838   0.0
   27  0   530.53       -5    1814  0.27 1945.51  1939  15-1.1E-004 -1579   0.0
   28  0   536.34      136    3152  0.37 1966.80  1960  27 3.1E-003  86.9   0.0
   29  0   556.46       59    1263  1.05 2040.55  2036  11 1.4E-003  94.8   0.0
   30  0   583.26      828    1429  1.27 2138.78  2132  13 1.9E-002   8.2   0.0
   31  0   588.50      -62    1330  0.27 2157.98  2153  12-1.4E-003 -92.2   0.0
   32  0   591.68       54    1751  0.27 2169.65  2164  16 1.2E-003 135.8   0.0
   33  0   609.19     1991    2090  1.48 2233.84  2225  20 4.6E-002   4.9   0.0
   34  0   641.13     -112    1516  0.27 2350.89  2340  16-2.6E-003 -59.5   0.0
   35  0   661.59     4660    2129  1.47 2425.88  2415  22 1.1E-001   2.4   0.0
   36  0   685.43       44     978  0.72 2513.25  2509  12 1.0E-003 114.7   0.0
   37  0   727.32      257    1761  0.74 2666.82  2655  23 6.0E-003  32.7   0.0
   38  0   742.75       -9     963  0.27 2723.37  2717  12-2.1E-004 -553.   0.0
Peak Analysis Report                    4/6/2019   11:09:49 AM          Page 14


   Pk IT  Energy      Area   Bkgnd  FWHM Channel  Left  PW  Cts/Sec  %err   Fit

   39  0   754.88       47    1180  0.70 2767.84  2763  16 1.1E-003 128.5   0.0
   40  0   762.52       -7     942  0.86 2795.83  2790  13-1.6E-004 -740.   0.0
   41  0   768.62      155    1171  0.76 2818.19  2811  15 3.6E-003  38.2   0.0
   42  0   771.97      133    1125  0.54 2830.47  2826  16 3.1E-003  44.8   0.0
   43  0   782.85       -7    2053  0.39 2870.33  2859  28-1.6E-004 -1396   0.0
   44  0   848.93       12     613  0.48 3112.55  3108  10 2.8E-004 313.3   0.0
   45  0   861.08       77     997  0.57 3157.07  3149  15 1.8E-003  71.0   0.0
   46  0   897.63       53     637  0.87 3291.05  3286  11 1.2E-003  74.6   0.0
 M 47 31   911.38      914    1164  1.72 3341.46  3330  35 2.1E-002   4.8   0.6
 m 48 31   917.19       30     682  1.72 3362.74  3330  35 7.0E-004  78.9   0.6
   49  0   930.68       31    1476  0.29 3412.21  3393  25 7.2E-004 252.8   0.0
   50  0   934.10      145     709  1.14 3424.73  3420  12 3.3E-003  30.4   0.0
   51  0   964.67      210    1137  0.69 3536.78  3525  20 4.9E-003  30.8   0.0
   52  0   969.32      522    1141  1.23 3553.82  3545  20 1.2E-002  12.9   0.0
   53  0  1001.55       42     977  0.59 3671.95  3662  18 9.6E-004 136.7   0.0
   54  0  1047.43       30     509  0.34 3840.13  3836  10 6.9E-004 114.9   0.0
   55  0  1116.67       34     561  0.31 4093.91  4088  11 8.0E-004 107.4   0.0
   56  0  1120.76      903    1027  1.84 4108.89  4100  20 2.1E-002   7.4   0.0
   57  0  1238.68      279    1201  1.64 4541.13  4531  22 6.5E-003  24.8   0.0
   58  0  1326.91       70     430  0.81 4864.52  4856  17 1.6E-003  53.7   0.0
   59  0  1333.67       29     481  0.63 4889.29  4880  17 6.8E-004 134.2   0.0
   60  0  1378.60      169     444  1.80 5053.96  5045  18 3.9E-003  23.7   0.0
   61  0  1402.49      140     318  0.93 5141.55  5133  18 3.2E-003  24.5   0.0
   62  0  1409.07      196     424  1.88 5165.65  5155  22 4.5E-003  21.5   0.0
   63  0  1461.69    16178     585  1.96 5358.53  5338  34 3.7E-001   0.9   0.0
   64  0  1476.10       27     141  0.36 5411.35  5404  14 6.2E-004  76.4   0.0
   65  0  1509.56      122     254  1.13 5534.00  5528  24 2.8E-003  27.6   0.0
   66  0  1589.07       84     184  1.47 5825.42  5818  17 2.0E-003  30.6   0.0
   67  0  1593.68       94     188  0.98 5842.33  5835  16 2.2E-003  27.4   0.0
   68  0  1622.93       25     128  0.58 5949.52  5942  14 5.9E-004  77.0   0.0
   69  0  1663.02       64     118  0.38 6096.47  6087  17 1.5E-003  32.7   0.0
   70  0  1723.57      -10      85  0.27 6318.41  6313  12-2.3E-004 -144.   0.0
   71  0  1731.37      182     140  0.76 6347.00  6336  19 4.2E-003  14.1   0.0
   72  0  1766.00     1065     138  1.76 6473.95  6461  25 2.5E-002   3.8   0.0
   73  0  1786.08       18      52  0.35 6547.53  6541  13 4.3E-004  67.6   0.0
   74  0  1807.52       29      78  0.65 6626.13  6617  16 6.8E-004  55.6   0.0
   75  0  1848.87      111     120  1.90 6777.70  6769  21 2.6E-003  21.2   0.0
   76  0  2077.04       22      92  0.27 7614.00  7608  24 5.1E-004  90.5   0.0
   77  0  2105.34      206     124  1.32 7717.72  7706  28 4.8E-003  13.4   0.0
   78  0  2120.61       83      79  1.81 7773.70  7764  19 1.9E-003  22.7   0.0
   79  0  2206.58      342      96  2.27 8088.81  8077  24 7.9E-003   7.9   0.0
   80  0  2225.06       27      63  0.33 8156.56  8151  15 6.2E-004  54.3   0.0

M = First peak in a multiplet region
m = Other peak in a multiplet region
F = Fitted singlet

Errors quoted at  1.000 sigma
Peak Analysis Report             4/6/2019   11:09:50 AM            Page 15


**************************************************************************
*****           P E A K    A N A L Y S I S    R E P O R T            *****
**************************************************************************


     Detector Name:  DSA1000A                        
     Sample Title:   Sample title.                                     
     Peak Analysis Performed on:  4/6/2019   11:09:48 AM
               Peak Analysis From Channel:    290
               Peak Analysis To Channel:     8192

   Peak  ROI  ROI   Energy   Net Peak Net Area  Continuum  Critical 
    No. start end    (keV)     Area    Uncert.    Counts     Level

    1   304-  317    84.79      1110.3  141.07   6.77E+003  2.25E+002 
    2   317-  328    87.34      -176.2  121.97   5.97E+003  2.02E+002 
    3   335-  346    92.17       291.4  117.43   5.38E+003  1.91E+002 
    4   563-  572   154.84       -29.2  116.06   5.97E+003  1.91E+002 
    5   663-  674   181.72        -8.0  127.38   6.47E+003  2.10E+002 
    6   677-  687   185.51       181.6  120.09   5.97E+003  1.96E+002 
    7   695-  702   190.44       -40.2   92.55   4.26E+003  1.53E+002 
    8   772-  784   212.81       136.8  126.52   6.03E+003  2.07E+002 
    9   797-  807   218.93        41.4  110.53   5.10E+003  1.82E+002 
   10   866-  881   238.65       749.1  145.38   6.79E+003  2.35E+002 
   11   882-  892   241.66       199.9  105.27   4.56E+003  1.72E+002 
   12   893-  910   247.02      -136.0  153.06   7.24E+003  2.53E+002 
   13  1021- 1034   279.54        85.7  110.69   4.41E+003  1.81E+002 
   14  1047- 1056   286.44       -14.5   83.84   3.12E+003  1.38E+002 
   15  1076- 1089   295.04       606.8  110.03   4.17E+003  1.76E+002 
   16  1090- 1104   299.96         9.6  113.06   4.44E+003  1.86E+002 
   17  1233- 1246   338.17       228.7   98.23   3.42E+003  1.60E+002 
   18  1282- 1301   351.66      1161.6  131.43   4.59E+003  2.09E+002 
   19  1334- 1342   364.62        71.6   63.88   1.88E+003  1.04E+002 
   20  1478- 1487   403.94        73.6   64.49   1.80E+003  1.05E+002 
   21  1500- 1518   411.66      7822.8  139.94   3.48E+003  1.78E+002 
   22  1778- 1788   486.02        10.2   59.16   1.46E+003  9.72E+001 
   23  1788- 1799   489.52        19.8   64.37   1.64E+003  1.06E+002 
   24  1832- 1843   500.86        51.1   64.01   1.61E+003  1.05E+002 
   25  1863- 1883   510.91      3112.8  117.29   2.93E+003  1.70E+002 
   26  1924- 1938   527.07        -0.9   72.60   1.83E+003  1.19E+002 
   27  1939- 1953   530.53        -4.6   72.30   1.81E+003  1.19E+002 
   28  1960- 1986   536.34       135.9  118.04   3.15E+003  1.93E+002 
   29  2036- 2046   556.46        58.5   55.47   1.26E+003  9.04E+001 
   30  2132- 2144   583.26       827.8   67.71   1.43E+003  1.01E+002 
   31  2153- 2164   588.50       -62.0   57.20   1.33E+003  9.50E+001 
   32  2164- 2179   591.68        53.7   72.95   1.75E+003  1.19E+002 
   33  2225- 2244   609.19      1990.8   96.59   2.09E+003  1.41E+002 
   34  2340- 2355   641.13      -112.1   66.71   1.52E+003  1.11E+002 
   35  2415- 2436   661.59      4660.3  112.46   2.13E+003  1.47E+002 
   36  2509- 2520   685.43        43.6   50.04   9.78E+002  8.16E+001 
   37  2655- 2677   727.32       257.3   84.16   1.76E+003  1.36E+002 
   38  2717- 2728   742.75        -8.9   49.06   9.63E+002  8.08E+001 
   39  2763- 2778   754.88        46.7   59.99   1.18E+003  9.80E+001 
   40  2790- 2802   762.52        -6.7   49.75   9.42E+002  8.20E+001 
   41  2811- 2825   768.62       155.4   59.43   1.17E+003  9.56E+001 
   42  2826- 2841   771.97       132.5   59.37   1.13E+003  9.58E+001 
Peak Analysis Report             4/6/2019   11:09:50 AM            Page 16


   Peak  ROI  ROI   Energy   Net Peak Net Area  Continuum  Critical 
    No. start end    (keV)     Area    Uncert.    Counts     Level

   43  2859- 2886   782.85        -6.9   96.16   2.05E+003  1.58E+002 
   44  3108- 3117   848.93        11.9   37.40   6.13E+002  6.13E+001 
   45  3149- 3163   861.08        76.5   54.37   9.97E+002  8.83E+001 
   46  3286- 3296   897.63        53.2   39.68   6.37E+002  6.42E+001 
 M 47  3330- 3364   911.38       914.0   43.73   1.16E+003  7.94E+001 
 m 48  3330- 3364   917.19        30.3   23.87   6.82E+002  6.07E+001 
   49  3393- 3417   930.68        31.0   78.26   1.48E+003  1.28E+002 
   50  3420- 3431   934.10       144.7   44.04   7.09E+002  6.97E+001 
   51  3525- 3544   964.67       210.5   64.80   1.14E+003  1.04E+002 
   52  3545- 3564   969.32       522.1   67.30   1.14E+003  1.04E+002 
   53  3662- 3679  1001.55        41.6   56.78   9.77E+002  9.28E+001 
   54  3836- 3845  1047.43        29.9   34.38   5.09E+002  5.58E+001 
   55  4088- 4098  1116.67        34.5   37.03   5.61E+002  6.01E+001 
   56  4100- 4119  1120.76       902.7   67.20   1.03E+003  9.89E+001 
   57  4531- 4552  1238.68       279.1   69.24   1.20E+003  1.11E+002 
   58  4856- 4872  1326.91        70.1   37.62   4.30E+002  6.03E+001 
   59  4880- 4896  1333.67        29.2   39.17   4.81E+002  6.38E+001 
   60  5045- 5062  1378.60       169.2   40.16   4.44E+002  6.25E+001 
   61  5133- 5150  1402.49       140.1   34.31   3.18E+002  5.30E+001 
   62  5155- 5176  1409.07       196.3   42.27   4.24E+002  6.56E+001 
   63  5338- 5371  1461.69     16178.0  139.68   5.85E+002  9.50E+001 
   64  5404- 5417  1476.10        26.7   20.41   1.41E+002  3.25E+001 
   65  5528- 5551  1509.56       122.2   33.76   2.54E+002  5.25E+001 
   66  5818- 5834  1589.07        84.3   25.77   1.84E+002  3.96E+001 
   67  5835- 5850  1593.68        93.8   25.68   1.88E+002  3.91E+001 
   68  5942- 5955  1622.93        25.3   19.47   1.28E+002  3.09E+001 
   69  6087- 6103  1663.02        63.7   20.83   1.18E+002  3.16E+001 
   70  6313- 6324  1723.57        -9.9   14.26   8.49E+001  2.40E+001 
   71  6336- 6354  1731.37       181.7   25.62   1.40E+002  3.58E+001 
   72  6461- 6485  1766.00      1065.1   40.44   1.38E+002  3.93E+001 
   73  6541- 6553  1786.08        18.4   12.44   5.16E+001  1.92E+001 
   74  6617- 6632  1807.52        29.3   16.31   7.77E+001  2.53E+001 
   75  6769- 6789  1848.87       110.6   23.40   1.20E+002  3.44E+001 
   76  7608- 7631  2077.04        22.2   20.12   9.18E+001  3.22E+001 
   77  7706- 7733  2105.34       205.7   27.58   1.24E+002  3.88E+001 
   78  7764- 7782  2120.61        82.8   18.82   7.92E+001  2.71E+001 
   79  8077- 8100  2206.58       341.8   26.98   9.62E+001  3.23E+001 
   80  8151- 8165  2225.06        26.7   14.52   6.33E+001  2.23E+001 

M = First peak in a multiplet region
m = Other peak in a multiplet region
F = Fitted singlet

Errors quoted at  1.000 sigma
Peak with NID Report             4/6/2019   11:09:50 AM            Page 17


**************************************************************************
*****           P E A K    W I T H   N I D    R E P O R T            *****
**************************************************************************


     Detector Name:  DSA1000A                        
     Sample Title:   Sample title.                                     
     Peak Analysis Performed on:  4/6/2019   11:09:48 AM
               Peak Analysis From Channel:    290
               Peak Analysis To Channel:     8192
     Tentative NID Library:   C:\GENIE2K\CAMFILES\NAA LIB LONG.NLB     
     Peak Match Tolerance :    3.000 keV

   Peak  ROI  ROI    Peak    Energy   Net Peak Net Area  Continuum  Tentative
    No. Start End  Centroid   (keV)     Area    Uncert.    Counts    Nuclide 

    1   304-  317   311.71    84.79  1.11E+003  141.07   6.77E+003   .....    
    2   317-  328   321.06    87.34 -1.76E+002  121.97   5.97E+003   .....    
    3   335-  346   338.78    92.17  2.91E+002  117.43   5.38E+003   ND-147   
    4   563-  572   568.45   154.84 -2.92E+001  116.06   5.97E+003   RE-188   
                                                                     LU-177x  
                                                                     TA-182   
    5   663-  674   666.99   181.72 -7.99E+000  127.38   6.47E+003   MO-99    
                                                                     AU-198m  
                                                                     HO-166   
    6   677-  687   680.87   185.51  1.82E+002  120.09   5.97E+003   HO-166   
                                                                     XE-125   
    7   695-  702   698.94   190.44 -4.02E+001   92.55   4.26E+003   IN-114m  
                                                                     XE-125   
    8   772-  784   780.96   212.81  1.37E+002  126.52   6.03E+003   TE-121x  
                                                                     LU-177x  
                                                                     GE-77    
                                                                     AU-198m  
                                                                     RU-97    
    9   797-  807   803.40   218.93  4.14E+001  110.53   5.10E+003   BA-131   
   10   866-  881   875.65   238.65  7.49E+002  145.38   6.79E+003   AS-77    
                                                                     TE-131x  
   11   882-  892   886.71   241.66  2.00E+002  105.27   4.56E+003   TE-131x  
                                                                     XE-125   
                                                                     AS-77    
   12   893-  910   906.36   247.02 -1.36E+002  153.06   7.24E+003   EU-154   
                                                                     EU-152x  
                                                                     LU-177x  
   13  1021- 1034  1025.53   279.54  8.57E+001  110.69   4.41E+003   SE-75    
                                                                     HG-203   
                                                                     HG-197   
                                                                     HO-166   
                                                                     LU-177x  
   14  1047- 1056  1050.82   286.44 -1.45E+001   83.84   3.12E+003   PM-149   
   15  1076- 1089  1082.34   295.04  6.07E+002  110.03   4.17E+003   IR-192   
                                                                     LU-177x  
                                                                     CE-143   
   16  1090- 1104  1100.38   299.96  9.58E+000  113.06   4.44E+003   TB-160   
                                                                     BA-133   
   17  1233- 1246  1240.44   338.17  2.29E+002   98.23   3.42E+003   PM-151   
                                                                     CD-115   
   18  1282- 1301  1289.89   351.66  1.16E+003  131.43   4.59E+003   .....    
Peak with NID Report             4/6/2019   11:09:50 AM            Page 18

   19  1334- 1342  1337.40   364.62  7.16E+001   63.88   1.88E+003   GD-159   
                                                                     GE-77    
   20  1478- 1487  1481.50   403.94  7.36E+001   64.49   1.80E+003   .....    
   21  1500- 1518  1509.82   411.66  7.82E+003  139.94   3.48E+003   AU-198   
                                                                     HO-166   
                                                                     LU-177x  
   22  1778- 1788  1782.38   486.02  1.02E+001   59.16   1.46E+003   LA-140   
   23  1788- 1799  1795.17   489.52  1.98E+001   64.37   1.64E+003   Ca-47    
                                                                     LA-140   
   24  1832- 1843  1836.75   500.86  5.11E+001   64.01   1.61E+003   .....    
   25  1863- 1883  1873.60   510.91  3.11E+003  117.29   2.93E+003   AS-71    
                                                                     ZN-65    
   26  1924- 1938  1932.80   527.07 -9.26E-001   72.60   1.83E+003   CD-115   
                                                                     HO-166   
   27  1939- 1953  1945.51   530.53 -4.58E+000   72.30   1.81E+003   ND-147   
                                                                     HO-166   
                                                                     CD-115   
   28  1960- 1986  1966.80   536.34  1.36E+002  118.04   3.15E+003   .....    
   29  2036- 2046  2040.55   556.46  5.85E+001   55.47   1.26E+003   GE-77    
                                                                     IN-114m  
                                                                     BR-82x   
                                                                     AS-76    
   30  2132- 2144  2138.78   583.26  8.28E+002   67.71   1.43E+003   PA-232   
   31  2153- 2164  2157.98   588.50 -6.20E+001   57.20   1.33E+003   .....    
   32  2164- 2179  2169.65   591.68  5.37E+001   72.95   1.75E+003   .....    
   33  2225- 2244  2233.84   609.19  1.99E+003   96.59   2.09E+003   RU-103   
                                                                     SB-125   
   34  2340- 2355  2350.89   641.13 -1.12E+002   66.71   1.52E+003   .....    
   35  2415- 2436  2425.88   661.59  4.66E+003  112.46   2.13E+003   CE-143   
   36  2509- 2520  2513.25   685.43  4.36E+001   50.04   9.78E+002   W-187    
                                                                     AG-110m  
   37  2655- 2677  2666.82   727.32  2.57E+002   84.16   1.76E+003   IN-114m  
   38  2717- 2728  2723.37   742.75 -8.86E+000   49.06   9.63E+002   ZR-97    
                                                                     AG-110m  
Peak with NID Report             4/6/2019   11:09:50 AM            Page 19


   Peak  ROI  ROI    Peak    Energy   Net Peak Net Area  Continuum  Tentative
    No. start end  centroid   (keV)     Area    Uncert.    Counts    Nuclide 

   39  2763- 2778  2767.84   754.88  4.67E+001   59.99   1.18E+003   ZR-95    
                                                                     HO-166   
   40  2790- 2802  2795.83   762.52 -6.72E+000   49.75   9.42E+002   AG-110m  
   41  2811- 2825  2818.19   768.62  1.55E+002   59.43   1.17E+003   .....    
   42  2826- 2841  2830.47   771.97  1.33E+002   59.37   1.13E+003   TE-131x  
   43  2859- 2886  2870.33   782.85 -6.89E+000   96.16   2.05E+003   .....    
   44  3108- 3117  3112.55   848.93  1.19E+001   37.40   6.13E+002   .....    
   45  3149- 3163  3157.07   861.08  7.65E+001   54.37   9.97E+002   .....    
   46  3286- 3296  3291.05   897.63  5.32E+001   39.68   6.37E+002   .....    
 M 47  3330- 3364  3341.46   911.38  9.14E+002   43.73   1.16E+003   .....    
 m 48  3330- 3364  3362.74   917.19  3.03E+001   23.87   6.82E+002   .....    
   49  3393- 3417  3412.21   930.68  3.10E+001   78.26   1.48E+003   .....    
   50  3420- 3431  3424.73   934.10  1.45E+002   44.04   7.09E+002   .....    
   51  3525- 3544  3536.78   964.67  2.10E+002   64.80   1.14E+003   EU-152x  
                                                                     TB-160   
   52  3545- 3564  3553.82   969.32  5.22E+002   67.30   1.14E+003   PA-232   
   53  3662- 3679  3671.95  1001.55  4.16E+001   56.78   9.77E+002   .....    
   54  3836- 3845  3840.13  1047.43  2.99E+001   34.38   5.09E+002   .....    
   55  4088- 4098  4093.91  1116.67  3.45E+001   37.03   5.61E+002   ZN-65    
   56  4100- 4119  4108.89  1120.76  9.03E+002   67.20   1.03E+003   SC-46    
                                                                     TA-182   
   57  4531- 4552  4541.13  1238.68  2.79E+002   69.24   1.20E+003   .....    
   58  4856- 4872  4864.52  1326.91  7.01E+001   37.62   4.30E+002   .....    
   59  4880- 4896  4889.29  1333.67  2.92E+001   39.17   4.81E+002   CO-60    
   60  5045- 5062  5053.96  1378.60  1.69E+002   40.16   4.44E+002   .....    
   61  5133- 5150  5141.55  1402.49  1.40E+002   34.31   3.18E+002   .....    
   62  5155- 5176  5165.65  1409.07  1.96E+002   42.27   4.24E+002   EU-152x  
   63  5338- 5371  5358.53  1461.69  1.62E+004  139.68   5.85E+002   .....    
   64  5404- 5417  5411.35  1476.10  2.67E+001   20.41   1.41E+002   BR-82x   
   65  5528- 5551  5534.00  1509.56  1.22E+002   33.76   2.54E+002   .....    
   66  5818- 5834  5825.42  1589.07  8.43E+001   25.77   1.84E+002   .....    
   67  5835- 5850  5842.33  1593.68  9.38E+001   25.68   1.88E+002   LA-140   
   68  5942- 5955  5949.52  1622.93  2.53E+001   19.47   1.28E+002   .....    
   69  6087- 6103  6096.47  1663.02  6.37E+001   20.83   1.18E+002   .....    
   70  6313- 6324  6318.41  1723.57 -9.87E+000   14.26   8.49E+001   .....    
   71  6336- 6354  6347.00  1731.37  1.82E+002   25.62   1.40E+002   .....    
   72  6461- 6485  6473.95  1766.00  1.07E+003   40.44   1.38E+002   .....    
   73  6541- 6553  6547.53  1786.08  1.84E+001   12.44   5.16E+001   .....    
   74  6617- 6632  6626.13  1807.52  2.93E+001   16.31   7.77E+001   .....    
   75  6769- 6789  6777.70  1848.87  1.11E+002   23.40   1.20E+002   .....    
   76  7608- 7631  7614.00  2077.04  2.22E+001   20.12   9.18E+001   .....    
   77  7706- 7733  7717.72  2105.34  2.06E+002   27.58   1.24E+002   .....    
   78  7764- 7782  7773.70  2120.61  8.28E+001   18.82   7.92E+001   .....    
   79  8077- 8100  8088.81  2206.58  3.42E+002   26.98   9.62E+001   .....    
   80  8151- 8165  8156.56  2225.06  2.67E+001   14.52   6.33E+001   .....    

M = First peak in a multiplet region
m = Other peak in a multiplet region
F = Fitted singlet

Errors quoted at  1.000 sigma
Peak Efficiency Report             4/6/2019   11:09:50 AM          Page 20


**************************************************************************
*****         P E A K    E F F I C I E N C Y    R E P O R T          *****
**************************************************************************

     Detector Name:  DSA1000A                        
     Sample Title:   Sample title.                                     
     Peak Analysis Performed on:  4/6/2019   11:09:48 AM


 Peak  Energy   Net Peak  Net Area       Peak     Efficiency
 No.   (keV)      Area   Uncertainty  Efficiency  Uncertainty

    1    84.79  1.11E+003   141.07     6.83E-002    3.49E-003
    2    87.34 -1.76E+002   121.97     7.43E-002    3.72E-003
    3    92.17  2.91E+002   117.43     7.90E-002    3.95E-003
    4   154.84 -2.92E+001   116.06     9.60E-002    4.81E-003
    5   181.72 -7.99E+000   127.38     9.51E-002    4.77E-003
    6   185.51  1.82E+002   120.09     9.36E-002    4.69E-003
    7   190.44 -4.02E+001    92.55     9.16E-002    4.60E-003
    8   212.81  1.37E+002   126.52     8.39E-002    4.21E-003
    9   218.93  4.14E+001   110.53     8.20E-002    4.11E-003
   10   238.65  7.49E+002   145.38     7.66E-002    3.84E-003
   11   241.66  2.00E+002   105.27     7.58E-002    3.80E-003
   12   247.02 -1.36E+002   153.06     7.45E-002    3.74E-003
   13   279.54  8.57E+001   110.69     6.75E-002    3.38E-003
   14   286.44 -1.45E+001    83.84     6.62E-002    3.32E-003
   15   295.04  6.07E+002   110.03     6.47E-002    3.24E-003
   16   299.96  9.58E+000   113.06     6.38E-002    3.20E-003
   17   338.17  2.29E+002    98.23     5.80E-002    2.91E-003
   18   351.66  1.16E+003   131.43     5.63E-002    2.82E-003
   19   364.62  7.16E+001    63.88     5.47E-002    2.74E-003
   20   403.94  7.36E+001    64.49     5.04E-002    2.52E-003
   21   411.66  7.82E+003   139.94     4.96E-002    2.49E-003
   22   486.02  1.02E+001    59.16     4.29E-002    2.16E-003
   23   489.52  1.98E+001    64.37     4.26E-002    2.14E-003
   24   500.86  5.11E+001    64.01     4.17E-002    2.10E-003
   25   510.91  3.11E+003   117.29     4.10E-002    2.06E-003
   26   527.07 -9.26E-001    72.60     3.98E-002    2.00E-003
   27   530.53 -4.58E+000    72.30     3.96E-002    1.99E-003
   28   536.34  1.36E+002   118.04     3.92E-002    1.97E-003
   29   556.46  5.85E+001    55.47     3.79E-002    1.90E-003
   30   583.26  8.28E+002    67.71     3.63E-002    1.82E-003
   31   588.50 -6.20E+001    57.20     3.60E-002    1.81E-003
   32   591.68  5.37E+001    72.95     3.58E-002    1.80E-003
   33   609.19  1.99E+003    96.59     3.50E-002    1.77E-003
   34   641.13 -1.12E+002    66.71     3.38E-002    1.71E-003
   35   661.59  4.66E+003   112.46     3.28E-002    1.67E-003
   36   685.43  4.36E+001    50.04     3.17E-002    1.62E-003
   37   727.32  2.57E+002    84.16     2.99E-002    1.54E-003
   38   742.75 -8.86E+000    49.06     2.93E-002    1.52E-003
   39   754.88  4.67E+001    59.99     2.88E-002    1.50E-003
   40   762.52 -6.72E+000    49.75     2.86E-002    1.48E-003
   41   768.62  1.55E+002    59.43     2.83E-002    1.47E-003
   42   771.97  1.33E+002    59.37     2.82E-002    1.47E-003
Peak Efficiency Report             4/6/2019   11:09:50 AM          Page 21


 Peak  Energy   Net Peak  Net Area       Peak     Efficiency
 No.   (keV)      Area   Uncertainty  Efficiency  Uncertainty

   43   782.85 -6.89E+000    96.16     2.78E-002    1.45E-003
   44   848.93  1.19E+001    37.40     2.57E-002    1.35E-003
   45   861.08  7.65E+001    54.37     2.53E-002    1.33E-003
   46   897.63  5.32E+001    39.68     2.43E-002    1.27E-003
 M 47   911.38  9.14E+002    43.73     2.39E-002    1.24E-003
 m 48   917.19  3.03E+001    23.87     2.38E-002    1.23E-003
   49   930.68  3.10E+001    78.26     2.34E-002    1.21E-003
   50   934.10  1.45E+002    44.04     2.33E-002    1.21E-003
   51   964.67  2.10E+002    64.80     2.26E-002    1.16E-003
   52   969.32  5.22E+002    67.30     2.25E-002    1.16E-003
   53  1001.55  4.16E+001    56.78     2.17E-002    1.11E-003
   54  1047.43  2.99E+001    34.38     2.08E-002    1.06E-003
   55  1116.67  3.45E+001    37.03     1.95E-002    9.82E-004
   56  1120.76  9.03E+002    67.20     1.94E-002    9.77E-004
   57  1238.68  2.79E+002    69.24     1.77E-002    8.85E-004
   58  1326.91  7.01E+001    37.62     1.67E-002    8.35E-004
   59  1333.67  2.92E+001    39.17     1.66E-002    8.32E-004
   60  1378.60  1.69E+002    40.16     1.66E-002    8.32E-004
   61  1402.49  1.40E+002    34.31     1.66E-002    8.32E-004
   62  1409.07  1.96E+002    42.27     1.66E-002    8.32E-004
   63  1461.69  1.62E+004   139.68     1.66E-002    8.32E-004
   64  1476.10  2.67E+001    20.41     1.66E-002    8.32E-004
   65  1509.56  1.22E+002    33.76     1.66E-002    8.32E-004
   66  1589.07  8.43E+001    25.77     1.66E-002    8.32E-004
   67  1593.68  9.38E+001    25.68     1.66E-002    8.32E-004
   68  1622.93  2.53E+001    19.47     1.66E-002    8.32E-004
   69  1663.02  6.37E+001    20.83     1.66E-002    8.32E-004
   70  1723.57 -9.87E+000    14.26     1.66E-002    8.32E-004
   71  1731.37  1.82E+002    25.62     1.66E-002    8.32E-004
   72  1766.00  1.07E+003    40.44     1.66E-002    8.32E-004
   73  1786.08  1.84E+001    12.44     1.66E-002    8.32E-004
   74  1807.52  2.93E+001    16.31     1.66E-002    8.32E-004
   75  1848.87  1.11E+002    23.40     1.66E-002    8.32E-004
   76  2077.04  2.22E+001    20.12     1.66E-002    8.32E-004
   77  2105.34  2.06E+002    27.58     1.66E-002    8.32E-004
   78  2120.61  8.28E+001    18.82     1.66E-002    8.32E-004
   79  2206.58  3.42E+002    26.98     1.66E-002    8.32E-004
   80  2225.06  2.67E+001    14.52     1.66E-002    8.32E-004


M = First peak in a multiplet region
m = Other peak in a multiplet region
F = Fitted singlet

Errors quoted at  1.000 sigma
Background Subtract Report             4/6/2019   11:09:50 AM      Page 22

No background subtract performed on this spectrum.
No area correction performed on this spectrum.
Nuclide Identification Report        4/6/2019   11:09:50 AM        Page 23


*************************************************************************
*****   N U C L I D E   I D E N T I F I C A T I O N   R E P O R T   *****
*************************************************************************

     Sample Title:         Sample title.                           
     Nuclide Library Used: C:\GENIE2K\CAMFILES\MGS_2_Cal_and_Au_Act

   ....................    IDENTIFIED NUCLIDES     ....................

   Nuclide    Id       Energy   Yield     Activity     Activity
   Name    Confidence  (keV)     (%)     (uCi/Unit)   Uncertainty

   CO-60     0.167   1173.24    99.90
                     1332.50*   99.98    1.099E-006   1.476E-006
   Eu-155    0.306     60.01     1.22
                       86.55*   30.70   -4.832E-006   3.354E-006
                      105.31    21.10
   AU-198    1.000    411.80*   95.58    1.100E-004   5.850E-006
   AU-198m   0.545    180.31*   65.00   -8.715E-008   1.389E-006
                      204.10    50.00
                      214.89*   77.00    1.427E-006   1.323E-006

       * = Energy line found in the spectrum.
       Energy Tolerance :    3.000 keV
       Nuclide confidence index threshold =   0.05
       Errors quoted at  1.000 sigma

Nuclide Identification Report        4/6/2019   11:09:50 AM        Page 24


   **********   U N I D E N T I F I E D   P E A K S   **********

               Peak Locate Performed on:  4/6/2019   11:09:48 AM
               Peak Locate From Channel:      1
               Peak Locate To Channel:    65535

       Peak   Energy           Peak Size in        Peak CPS
        No.   (keV)          Counts per Second   % Uncertainty

         1    84.79             2.5702E-002          12.71
         3    92.17             6.7446E-003          40.30
         4   154.84            -6.7700E-004        -396.82
         6   185.51             4.2026E-003          66.15
         7   190.44            -9.3116E-004        -230.07
         9   218.93             9.5723E-004         267.28
        10   238.65             1.7339E-002          19.41
        11   241.66             4.6269E-003          52.66
        12   247.02            -3.1478E-003        -112.55
        13   279.54             1.9836E-003         129.18
        14   286.44            -3.3542E-004        -578.60
        15   295.04             1.4047E-002          18.13
        16   299.96             2.2178E-004        1180.02
        17   338.17             5.2942E-003          42.95
        18   351.66             2.6890E-002          11.31
        19   364.62             1.6577E-003          89.20
        20   403.94             1.7035E-003          87.64
        22   486.02             2.3573E-004         580.90
        23   489.52             4.5800E-004         325.34
        24   500.86             1.1831E-003         125.23
        25   510.91             7.2056E-002           3.77
        26   527.07            -2.1441E-005        -7837.9
        27   530.53            -1.0599E-004        -1579.1
        28   536.34             3.1454E-003          86.87
        29   556.46             1.3551E-003          94.75
        30   583.26             1.9163E-002           8.18
        31   588.50            -1.4358E-003         -92.21
        32   591.68             1.2438E-003         135.77
        33   609.19             4.6084E-002           4.85
        34   641.13            -2.5940E-003         -59.53
        35   661.59             1.0788E-001           2.41
        36   685.43             1.0101E-003         114.68
        37   727.32             5.9550E-003          32.71
        38   742.75            -2.0505E-004        -553.82
        39   754.88             1.0810E-003         128.45
        40   762.52            -1.5551E-004        -740.55
        41   768.62             3.5983E-003          38.23
        42   771.97             3.0674E-003          44.80
        43   782.85            -1.5938E-004        -1396.6
        44   848.93             2.7633E-004         313.33
        45   861.08             1.7717E-003          71.04
        46   897.63             1.2310E-003          74.61
      M 47   911.38             2.1158E-002           4.78
      m 48   917.19             7.0054E-004          78.87
        49   930.68             7.1659E-004         252.79
        50   934.10             3.3494E-003          30.44
        51   964.67             4.8721E-003          30.79
        52   969.32             1.2087E-002          12.89
Nuclide Identification Report        4/6/2019   11:09:50 AM        Page 25

        53  1001.55             9.6190E-004         136.65
Nuclide Identification Report        4/6/2019   11:09:50 AM        Page 26


       Peak   Energy               Peak Size in        Peak CPS
        No.   (keV)    Channel   Counts per Second   % Uncertainty

        54  1047.43             6.9293E-004         114.86
        55  1116.67             7.9825E-004         107.38
        56  1120.76             2.0896E-002           7.44
        57  1238.68             6.4613E-003          24.80
        58  1326.91             1.6227E-003          53.66
        60  1378.60             3.9160E-003          23.74
        61  1402.49             3.2424E-003          24.49
        62  1409.07             4.5442E-003          21.53
        63  1461.69             3.7449E-001           0.86
        64  1476.10             6.1859E-004          76.38
        65  1509.56             2.8296E-003          27.62
        66  1589.07             1.9508E-003          30.58
        67  1593.68             2.1719E-003          27.37
        68  1622.93             5.8513E-004          77.00
        69  1663.02             1.4749E-003          32.69
        70  1723.57            -2.2840E-004        -144.50
        71  1731.37             4.2066E-003          14.10
        72  1766.00             2.4656E-002           3.80
        73  1786.08             4.2626E-004          67.55
        74  1807.52             6.7881E-004          55.60
        75  1848.87             2.5608E-003          21.16
        76  2077.04             5.1494E-004          90.46
        77  2105.34             4.7625E-003          13.41
        78  2120.61             1.9175E-003          22.73
        79  2206.58             7.9112E-003           7.89
        80  2225.06             6.1896E-004          54.30

       M = First peak in a multiplet region
       m = Other peak in a multiplet region
       F = Fitted singlet

       Errors quoted at  1.000 sigma
Interference Corrected Activity Report    4/6/2019   11:09:50 AM   Page 27


*************************************************************************
*****   N U C L I D E   I D E N T I F I C A T I O N   R E P O R T   *****
*************************************************************************

     Sample Title:         Sample title.                           
     Nuclide Library Used: C:\GENIE2K\CAMFILES\MGS_2_Cal_and_Au_Act

   ....................    IDENTIFIED NUCLIDES     ....................

   Nuclide    Id       Energy    Yield     Activity     Activity
   Name    Confidence  (keV)      (%)     (uCi/Unit)   Uncertainty

   CO-60     0.167   1173.24     99.90
                     1332.50*    99.98   1.09905E-006  1.47566E-006
   Eu-155    0.306     60.01      1.22
                       86.55*    30.70  -4.83213E-006  3.35428E-006
                      105.31     21.10
   AU-198    1.000    411.80*    95.58   1.09952E-004  5.85014E-006
   AU-198m   0.545    180.31*    65.00  -8.71461E-008  1.38894E-006
                      204.10     50.00
                      214.89*    77.00   1.42724E-006  1.32252E-006

       * = Energy line found in the spectrum.
       @ = Energy line not used for Weighted Mean Activity
       Energy Tolerance :    3.000 keV
       Nuclide confidence index threshold =   0.05
       Errors quoted at  1.000 sigma

Interference Corrected Activity Report    4/6/2019   11:09:50 AM   Page 28


*************************************************************************
*****   I N T E R F E R E N C E   C O R R E C T E D   R E P O R T   *****
*************************************************************************


                 Nuclide       Wt mean         Wt mean
       Nuclide     Id          Activity        Activity
       Name     Confidence    (uCi/Unit)      Uncertainty

       CO-60      0.167      1.099047E-006   1.475656E-006
       Eu-155     0.306     -4.832130E-006   3.354283E-006
       AU-198     1.000      1.099517E-004   5.850144E-006
       AU-198m    0.545      1.427244E-006   1.322518E-006

       ? = nuclide is part of an undetermined solution
       X = nuclide rejected by the interference analysis
       @ = nuclide contains energy lines not used in Weighted Mean Activity

       Errors quoted at  1.000 sigma

Interference Corrected Activity Report    4/6/2019   11:09:50 AM   Page 29


   **********   U N I D E N T I F I E D   P E A K S   **********

               Peak Locate Performed on:  4/6/2019   11:09:48 AM
               Peak Locate From Channel:      1
               Peak Locate To Channel:    65535

       Peak   Energy           Peak Size in        Peak CPS
        No.   (keV)          Counts per Second   % Uncertainty

         1    84.79             2.5702E-002          12.71
         3    92.17             6.7446E-003          40.30
         4   154.84            -6.7700E-004        -396.82
         6   185.51             4.2026E-003          66.15
         7   190.44            -9.3116E-004        -230.07
         9   218.93             9.5723E-004         267.28
        10   238.65             1.7339E-002          19.41
        11   241.66             4.6269E-003          52.66
        12   247.02            -3.1478E-003        -112.55
        13   279.54             1.9836E-003         129.18
        14   286.44            -3.3542E-004        -578.60
        15   295.04             1.4047E-002          18.13
        16   299.96             2.2178E-004        1180.02
        17   338.17             5.2942E-003          42.95
        18   351.66             2.6890E-002          11.31
        19   364.62             1.6577E-003          89.20
        20   403.94             1.7035E-003          87.64
        22   486.02             2.3573E-004         580.90
        23   489.52             4.5800E-004         325.34
        24   500.86             1.1831E-003         125.23
        25   510.91             7.2056E-002           3.77
        26   527.07            -2.1441E-005        -7837.9
        27   530.53            -1.0599E-004        -1579.1
        28   536.34             3.1454E-003          86.87
        29   556.46             1.3551E-003          94.75
        30   583.26             1.9163E-002           8.18
        31   588.50            -1.4358E-003         -92.21
        32   591.68             1.2438E-003         135.77
        33   609.19             4.6084E-002           4.85
        34   641.13            -2.5940E-003         -59.53
        35   661.59             1.0788E-001           2.41
        36   685.43             1.0101E-003         114.68
        37   727.32             5.9550E-003          32.71
        38   742.75            -2.0505E-004        -553.82
        39   754.88             1.0810E-003         128.45
        40   762.52            -1.5551E-004        -740.55
        41   768.62             3.5983E-003          38.23
        42   771.97             3.0674E-003          44.80
        43   782.85            -1.5938E-004        -1396.6
        44   848.93             2.7633E-004         313.33
        45   861.08             1.7717E-003          71.04
        46   897.63             1.2310E-003          74.61
      M 47   911.38             2.1158E-002           4.78
      m 48   917.19             7.0054E-004          78.87
        49   930.68             7.1659E-004         252.79
        50   934.10             3.3494E-003          30.44
        51   964.67             4.8721E-003          30.79
        52   969.32             1.2087E-002          12.89
Interference Corrected Activity Report    4/6/2019   11:09:50 AM   Page 30

        53  1001.55             9.6190E-004         136.65
Interference Corrected Activity Report    4/6/2019   11:09:50 AM   Page 31


       Peak   Energy               Peak Size in        Peak CPS
        No.   (keV)    Channel   Counts per Second   % Uncertainty

        54  1047.43             6.9293E-004         114.86
        55  1116.67             7.9825E-004         107.38
        56  1120.76             2.0896E-002           7.44
        57  1238.68             6.4613E-003          24.80
        58  1326.91             1.6227E-003          53.66
        60  1378.60             3.9160E-003          23.74
        61  1402.49             3.2424E-003          24.49
        62  1409.07             4.5442E-003          21.53
        63  1461.69             3.7449E-001           0.86
        64  1476.10             6.1859E-004          76.38
        65  1509.56             2.8296E-003          27.62
        66  1589.07             1.9508E-003          30.58
        67  1593.68             2.1719E-003          27.37
        68  1622.93             5.8513E-004          77.00
        69  1663.02             1.4749E-003          32.69
        70  1723.57            -2.2840E-004        -144.50
        71  1731.37             4.2066E-003          14.10
        72  1766.00             2.4656E-002           3.80
        73  1786.08             4.2626E-004          67.55
        74  1807.52             6.7881E-004          55.60
        75  1848.87             2.5608E-003          21.16
        76  2077.04             5.1494E-004          90.46
        77  2105.34             4.7625E-003          13.41
        78  2120.61             1.9175E-003          22.73
        79  2206.58             7.9112E-003           7.89
        80  2225.06             6.1896E-004          54.30

       M = First peak in a multiplet region
       m = Other peak in a multiplet region
       F = Fitted singlet

       Errors quoted at  1.000 sigma
Nuclide MDA Report                      4/6/2019   11:09:50 AM     Page 32


No MDA analysis results available for reporting purposes
Nuclide MDA Report                      4/6/2019   11:09:50 AM     Page 33


No MDA analysis results available for reporting purposes
Action Level Summary Report             4/6/2019   11:09:50 AM     Page 34


No Action Level results available for reporting purposes
Auto Gain Adjust                     4/6/2019   11:09:50 AM       Page 35


*************************************************************************
*****                 A U T O  G A I N   A D J U S T                *****
*************************************************************************

Report Generated On:                               4/6/2019   11:09:50 AM


Status:                                                                 
No AGA results for reporting.


This report is valid only if a Certificate was the source of the true values.


Status:                                                                 
No AGA results for reporting.

