*************************************************************************
*****        G A M M A   S P E C T R U M    A N A L Y S I S         *****
*************************************************************************


Filename: DSA1000A                                                     

Report Generated On             : 4/7/2019    2:10:21 PM

Sample Title                    : Sample title.                          
Sample Description              :                                 
Sample Identification           :                 
Sample Type                     :                 
Sample Geometry                 :                 

Peak Locate Threshold           :  2.50
Peak Locate Range (in channels) :     1 - 65535
Peak Area Range (in channels)   :   100 -  8172
Identification Energy Tolerance :    3.000 keV

Sample Size                     :  1.000E+000 Unit    

Sample Taken On                 :                       
Acquisition Started             : 4/6/2019   11:12:35 AM

Live Time                       :    90000.0 seconds
Real Time                       :    90155.5 seconds

Dead Time                       :   0.17 %


              Energy Calibration Used Done On       : 6/23/2018 
              Efficiency Calibration Used Done On   : 2/21/2019 
              Efficiency ID                         :                        

Peak Analysis Report             4/7/2019    2:10:22 PM            Page  2


**************************************************************************
*****           P E A K    A N A L Y S I S    R E P O R T            *****
**************************************************************************


     Detector Name:  DSA1000A                        
     Sample Title:   Sample title.                                     
     Peak Analysis Performed on:  4/7/2019    2:10:22 PM
               Peak Analysis From Channel:    290
               Peak Analysis To Channel:     8192

   Peak  ROI  ROI    Peak    Energy   FWHM  Net Peak  Net Area  Continuum 
    No. start end  centroid   (keV)   (keV)  Area     Uncert.    Counts 

    1   303-  317   311.54    84.74   1.21      2510.4  212.00   1.47E+004 
    2   317-  327   320.84    87.28   0.81      -144.3  163.95   1.13E+004 
    3   332-  344   339.92    92.49   0.40       486.8  180.33   1.22E+004 
    4   346-  357   352.46    95.91   0.65      -111.6  170.62   1.16E+004 
    5   568-  576   572.14   155.84   0.52       -25.4  153.38   1.10E+004 
    6   636-  644   639.10   174.11   0.60      -149.0  148.21   1.03E+004 
    7   677-  687   681.47   185.67   1.03       527.3  172.37   1.22E+004 
    8   713-  720   716.14   195.13   0.70        19.3  130.80   8.48E+003 
    9   750-  760   753.71   205.38   0.29        70.5  163.25   1.11E+004 
   10   795-  804   798.82   217.69   0.83        23.9  146.48   9.47E+003 
   11   866-  880   874.92   238.45   1.06      1412.2  200.03   1.34E+004 
   12  1077- 1091  1082.68   295.13   1.08      1326.6  166.45   9.13E+003 
   13  1095- 1108  1099.16   299.63   0.47       125.9  152.53   8.38E+003 
   14  1119- 1128  1123.15   306.17   0.71       102.8  113.55   5.65E+003 
   15  1199- 1208  1204.29   328.31   0.88        99.2  110.26   5.33E+003 
   16  1234- 1247  1240.05   338.06   0.85       300.8  141.61   7.15E+003 
   17  1281- 1297  1290.40   351.80   1.37      2696.8  165.51   7.90E+003 
   18  1317- 1325  1321.89   360.39   0.73        23.9   92.78   4.02E+003 
   19  1437- 1446  1441.82   393.11   0.31       -89.9   94.99   4.03E+003 
 M 20  1497- 1518  1502.17   409.58   1.27       166.0   59.41   4.99E+003 
 m 21  1497- 1518  1509.91   411.69   1.28      9666.7  122.03   5.68E+003 
   22  1562- 1576  1566.39   427.10   0.45        75.9  123.40   5.26E+003 
   23  1692- 1703  1696.18   462.51   0.66       261.3   98.71   3.77E+003 
   24  1715- 1723  1718.63   468.63   0.87       117.8   77.78   2.77E+003 
   25  1781- 1791  1786.22   487.07   0.95       120.2   87.83   3.18E+003 
   26  1863- 1883  1873.55   510.90   2.39      6355.3  168.22   6.05E+003 
   27  1938- 1948  1943.49   529.98   0.29        36.0   82.10   2.81E+003 
   28  2004- 2015  2010.09   548.15   0.54        66.5   85.45   2.88E+003 
   29  2058- 2068  2062.47   562.44   0.27       -49.2   77.90   2.56E+003 
   30  2130- 2148  2138.16   583.09   1.48      1723.1  127.57   4.30E+003 
   31  2162- 2178  2169.75   591.71   0.55       -54.2  108.04   3.74E+003 
   32  2227- 2243  2234.07   609.26   1.44      4353.0  123.81   3.48E+003 
   33  2261- 2270  2265.31   617.78   0.32        21.9   68.63   2.07E+003 
   34  2343- 2356  2350.93   641.14   0.37       -63.1   86.72   2.75E+003 
   35  2415- 2434  2425.84   661.58   1.50     10272.3  154.15   3.85E+003 
   36  2491- 2502  2495.63   680.62   0.30        33.1   72.24   2.06E+003 
   37  2570- 2583  2578.07   703.11   0.27       161.0   82.22   2.39E+003 
   38  2632- 2649  2637.00   719.19   0.68       234.8   96.18   2.77E+003 
   39  2660- 2677  2666.59   727.26   1.05       307.2  100.10   2.97E+003 
   40  2677- 2692  2685.11   732.31   0.31        93.9   88.37   2.56E+003 
   41  2810- 2823  2816.73   768.22   1.37       426.6   80.54   2.20E+003 
   42  2907- 2921  2915.18   795.08   1.25       262.2   80.41   2.15E+003 
Peak Analysis Report             4/7/2019    2:10:22 PM            Page  3


   Peak  ROI  ROI    Peak    Energy   FWHM  Net Peak  Net Area  Continuum 
    No. start end  centroid   (keV)   (keV)  Area     Uncert.    Counts 

   43  2945- 2960  2955.32   806.03   1.03       119.3   85.12   2.37E+003 
 M 44  2988- 3022  3000.83   818.45   0.38        30.3    3.38   6.93E+002 
 m 45  2988- 3022  3012.78   821.71   0.39        35.1    4.01   6.93E+002 
   46  3054- 3075  3065.82   836.18   0.35       132.3  107.57   3.04E+003 
   47  3141- 3160  3152.97   859.96   0.92       282.2   98.41   2.68E+003 
   48  3203- 3214  3208.19   875.02   0.52       -25.0   62.85   1.58E+003 
   49  3312- 3324  3316.96   904.70   0.34       -60.2   66.84   1.72E+003 
   50  3330- 3355  3341.37   911.36   1.70      2151.6  126.03   3.22E+003 
   51  3417- 3434  3425.09   934.20   1.25       404.1   85.31   2.11E+003 
   52  3525- 3545  3537.58   964.89   1.19       127.6   99.38   2.68E+003 
   53  3546- 3562  3553.42   969.21   1.56      1114.1   87.08   2.06E+003 
   54  3665- 3679  3669.55  1000.89   0.48       190.6   70.57   1.66E+003 
   55  4096- 4120  4108.88  1120.75   1.75      1788.1  115.60   2.81E+003 
   56  4215- 4245  4238.02  1155.99   1.99       188.8  127.99   3.32E+003 
   57  4295- 4312  4300.00  1172.90   2.15       178.1   81.17   1.97E+003 
   58  4424- 4435  4429.60  1208.25   0.27       -48.0   60.18   1.46E+003 
   59  4531- 4550  4540.74  1238.58   1.83       709.0   92.44   2.24E+003 
   60  4689- 4711  4697.00  1281.21   1.56       217.7   82.09   1.68E+003 
   61  4770- 4787  4779.45  1303.70   0.40       106.8   61.04   1.11E+003 
   62  4879- 4896  4886.99  1333.04   1.95       186.8   58.30   9.83E+002 
   63  5008- 5021  5015.25  1368.04   0.53        25.7   41.07   6.02E+002 
   64  5040- 5064  5052.98  1378.33   1.51       569.4   71.37   1.10E+003 
   65  5066- 5091  5083.47  1386.65   0.58       172.7   68.13   1.05E+003 
   66  5129- 5152  5140.12  1402.10   1.86       210.3   62.38   9.19E+002 
   67  5155- 5175  5164.37  1408.72   0.50       253.5   59.37   8.97E+002 
   68  5306- 5321  5314.91  1449.79   0.58        69.5   43.49   6.05E+002 
   69  5345- 5371  5358.70  1461.74   1.97     33609.0  193.15   8.43E+002 
   70  5528- 5544  5537.34  1510.47   1.89       302.2   38.11   3.68E+002 
   71  5635- 5649  5643.71  1539.49   0.51        42.7   29.82   2.94E+002 
   72  5817- 5834  5825.19  1589.01   1.79       201.8   38.16   3.85E+002 
   73  5835- 5854  5842.99  1593.86   1.16       257.0   40.97   4.04E+002 
   74  5930- 5955  5944.67  1621.60   1.58       175.0   42.62   3.86E+002 
   75  5971- 5991  5981.99  1631.79   1.01       121.5   37.36   3.51E+002 
   76  6086- 6106  6092.68  1661.98   2.26       179.4   33.15   2.53E+002 
   77  6336- 6357  6346.03  1731.11   1.61       378.1   41.57   3.58E+002 
   78  6463- 6488  6474.35  1766.11   2.08      2171.2   60.75   3.56E+002 
   79  6547- 6560  6554.48  1787.97   0.36        29.1   19.89   1.31E+002 
   80  6768- 6790  6778.38  1849.06   1.81       251.0   36.53   2.79E+002 
   81  6797- 6810  6804.18  1856.10   0.64        36.2   20.88   1.45E+002 
   82  6876- 6888  6881.77  1877.27   0.35       -11.0   20.46   1.63E+002 
   83  7099- 7113  7107.79  1938.93   0.27        13.8   22.88   1.75E+002 
   84  7260- 7273  7267.40  1982.48   0.30        16.2   19.39   1.29E+002 
   85  7322- 7335  7328.29  1999.09   0.41       -26.1   20.29   1.55E+002 
   86  7382- 7394  7387.15  2015.15   0.32        38.6   18.46   1.12E+002 
   87  7701- 7740  7715.42  2104.71   2.97       428.8   51.89   3.67E+002 
   88  7762- 7787  7774.67  2120.87   0.77       191.7   33.85   2.24E+002 
   89  8076- 8101  8088.75  2206.56   2.33       718.6   41.87   2.43E+002 

M = First peak in a multiplet region
m = Other peak in a multiplet region
F = Fitted singlet

Errors quoted at  1.000 sigma
Nuclide Identification Report        4/7/2019    2:10:23 PM        Page  4


No nuclide identification results available for reporting purposes
*************************************************************************
*****        G A M M A   S P E C T R U M    A N A L Y S I S         *****
*************************************************************************


Filename: DSA1000A                                                     

Report Generated On             : 4/7/2019    2:10:24 PM

Sample Title                    : Sample title.                          
Sample Description              :                                 
Sample Identification           :                 
Sample Type                     :                 
Sample Geometry                 :                 

Peak Locate Threshold           :  2.50
Peak Locate Range (in channels) :     1 - 65535
Peak Area Range (in channels)   :   290 -  8192
Identification Energy Tolerance :    3.000 keV

Sample Size                     :  1.000E+000 Unit    

Sample Taken On                 :                       
Acquisition Started             : 4/6/2019   11:12:35 AM

Live Time                       :    90000.0 seconds
Real Time                       :    90155.5 seconds

Dead Time                       :   0.17 %


              Energy Calibration Used Done On       : 6/23/2018 
              Efficiency Calibration Used Done On   : 2/21/2019 
              Efficiency ID                         :                        

Energy Calibration Report            4/7/2019    2:10:24 PM       Page  5


**************************************************************************
*****       E N E R G Y   C A L I B R A T I O N   R E P O R T        *****
**************************************************************************

     Detector Name:  DSA1000A                        
     Sample Title:   Sample title.                                     

       *************  ENERGY CALIBRATION COEFFICIENTS  *************

               Energy Calibrate Performed on:  6/23/2018  12:56:08 PM
                       by:                       
               Energy Calibrate Type:          POLY    

   Energy(keV) =    -0.253 +     0.273*ch +  0.00E+000*ch^2 +  0.00E+000*ch^3

       *************  SHAPE CALIBRATION COEFFICIENTS   *************

               Shape Calibrate Performed on:  6/23/2018  12:56:08 PM
                       by:                        

               FWHM     =     0.795  +   0.026*E^1/2

               LOW TAIL =   0.0E+000 +  0.0E+000*E

****************     ENERGY CALIBRATION RESULTS TABLE     ****************

                    Centroid      Centroid         Energy
                    Channel       error            (keV )
                      220.59        0.07             60.01
                      317.99        0.02             86.54
                      386.80        0.01            105.31
                      451.84        0.03            122.06
                     2426.14        0.01            661.66
                     3062.96        0.38            834.83

       *********     SHAPE CALIBRATION RESULTS TABLE      *********

             Energy     FWHM       FWHM         TAIL        TAIL
             (keV )     channels   error        channels    error
               60.01      3.13      0.17           0.00      0.00
               86.54      3.87      0.04           0.00      0.00
              105.31      3.88      0.01           0.00      0.00
              122.06      3.92      0.07           0.00      0.00
              661.66      5.34      0.01           0.00      0.00
              834.83      1.36      0.55           0.00      0.00
Efficiency Calibration Report             4/7/2019    2:10:24 PM   Page  6


**************************************************************************
*****   E F F I C I E N C Y   C A L I B R A T I O N    R E P O R T   *****
**************************************************************************

     Detector Name:  DSA1000A                        
     Sample Title:   Sample title.                                     

     Geometry Description:                 
     Efficiency Calibration Performed on:  2/21/2019   3:50:31 PM
                       by:                         
     Geometry Type Used:   INTERPOL        

                            Efficiency Triplets
                            ===================

                   Energy         Efficiency        Error

                     60.01         1.99E-002      1.47E-003
                     86.55         7.35E-002      3.68E-003
                    105.31         9.20E-002      4.60E-003
                    176.33         9.74E-002      4.89E-003
                    427.89         4.81E-002      2.41E-003
                    463.38         4.48E-002      2.26E-003
                    600.56         3.53E-002      1.77E-003
                    606.64         3.50E-002      1.78E-003
                    635.90         3.41E-002      1.72E-003
                    834.85         2.61E-002      1.38E-003
                   1173.24         1.85E-002      9.27E-004
                   1332.50         1.66E-002      8.32E-004

                      DUAL Efficiency Calibration Equation
                      ====================================

         Single Equation Terms ->   Offset:     -594.233
                                     Slope:      481.755
                                 Quadratic:     -156.075
                                     Cubic:       25.207
                                 4th Order:       -2.032
                                 5th Order:        0.065
                                 6th Order:        0.000
                                 7th Order:        0.000
                                 8th Order:        0.000
                                 9th Order:        0.000
Efficiency Calibration Report             4/7/2019    2:10:24 PM   Page  7


                      EMPIRICAL Efficiency Calibration Equation
                      =========================================

      Empirical Equation Terms ->  Scaling:      696.255
                                    Offset:       -3.475
                                     Slope:        0.951
                                 Quadratic:       -0.096
                                     Cubic:       -0.022
                                 4th Order:        0.109
                                 5th Order:       -0.065

                      LINEAR Efficiency Calibration Equation
                      ======================================

         Linear Equation Terms ->   Offset:       -0.000
                                     Slope:       -1.666
                                 Quadratic:      257.368
                                     Cubic:   -32179.611
                                 4th Order:  1699257.375
                                 5th Order:  -41984524.0
                                 6th Order:        0.000
                                 7th Order:        0.000
                                 8th Order:        0.000
                                 9th Order:        0.000
Peak-to-Total Calibration Report          4/7/2019    2:10:24 PM   Page  8


**************************************************************************
**   P E A K - T O - T O T A L   C A L I B R A T I O N   R E P O R T   ***
**************************************************************************

     Detector Name:  DSA1000A                        
     Sample Title:   Sample title.                                     


                  Peak-to-Total Calibration Equation
                  =============================================

                                 No Peak-to-Total Equation

Peak Locate Analysis Report             4/7/2019    2:10:24 PM     Page  9

**************************************************************************
*****             P E A K    L O C A T E    R E P O R T              *****
**************************************************************************

     Detector Name:  DSA1000A                        
     Sample Title:   Sample title.                                     
               Peak Locate Performed on:  4/7/2019    2:10:21 PM
               Peak Locate From Channel:      1
               Peak Locate To Channel:    65535
               Peak Search Sensitivity:     2.50

     Peak   Centroid    Centroid     Energy       Peak
      No.    Channel   Uncertainty   (keV)    Significance

       1      311.54      <NA>         84.74      <NA> 
       2      320.84      <NA>         87.28      <NA> 
       3      339.92      <NA>         92.49      <NA> 
       4      352.46      <NA>         95.91      <NA> 
       5      572.14      <NA>        155.84      <NA> 
       6      639.10      <NA>        174.11      <NA> 
       7      681.47      <NA>        185.67      <NA> 
       8      716.14      <NA>        195.13      <NA> 
       9      753.71      <NA>        205.38      <NA> 
      10      798.82      <NA>        217.69      <NA> 
      11      874.92      <NA>        238.45      <NA> 
      12     1082.68      <NA>        295.13      <NA> 
      13     1099.16      <NA>        299.63      <NA> 
      14     1123.15      <NA>        306.17      <NA> 
      15     1204.29      <NA>        328.31      <NA> 
      16     1240.05      <NA>        338.06      <NA> 
      17     1290.40      <NA>        351.80      <NA> 
      18     1321.89      <NA>        360.39      <NA> 
      19     1441.82      <NA>        393.11      <NA> 
      20     1501.00      <NA>        409.58      <NA> 
      21     1509.91      <NA>        411.69      <NA> 
      22     1566.39      <NA>        427.10      <NA> 
      23     1696.18      <NA>        462.51      <NA> 
      24     1718.63      <NA>        468.63      <NA> 
      25     1786.22      <NA>        487.07      <NA> 
      26     1873.55      <NA>        510.90      <NA> 
      27     1943.49      <NA>        529.98      <NA> 
      28     2010.09      <NA>        548.15      <NA> 
      29     2062.47      <NA>        562.44      <NA> 
      30     2138.16      <NA>        583.09      <NA> 
      31     2169.75      <NA>        591.71      <NA> 
      32     2234.07      <NA>        609.26      <NA> 
      33     2265.31      <NA>        617.78      <NA> 
      34     2350.93      <NA>        641.14      <NA> 
      35     2425.84      <NA>        661.58      <NA> 
      36     2495.63      <NA>        680.62      <NA> 
      37     2578.07      <NA>        703.11      <NA> 
      38     2637.00      <NA>        719.19      <NA> 
      39     2666.59      <NA>        727.26      <NA> 
      40     2685.11      <NA>        732.31      <NA> 
      41     2816.73      <NA>        768.22      <NA> 
Peak Locate Analysis Report             4/7/2019    2:10:24 PM     Page 10


     Peak   Centroid    Centroid     Energy       Peak
      No.    Channel   Uncertainty   (keV)    Significance

      42     2915.18      <NA>        795.08      <NA> 
      43     2955.32      <NA>        806.03      <NA> 
      44     3001.00      <NA>        818.45      <NA> 
      45     3012.85      <NA>        821.71      <NA> 
      46     3065.82      <NA>        836.18      <NA> 
      47     3152.97      <NA>        859.96      <NA> 
      48     3208.19      <NA>        875.02      <NA> 
      49     3316.96      <NA>        904.70      <NA> 
      50     3341.37      <NA>        911.36      <NA> 
      51     3425.09      <NA>        934.20      <NA> 
      52     3537.58      <NA>        964.89      <NA> 
      53     3553.42      <NA>        969.21      <NA> 
      54     3669.55      <NA>       1000.89      <NA> 
      55     4108.88      <NA>       1120.75      <NA> 
      56     4238.02      <NA>       1155.99      <NA> 
      57     4300.00      <NA>       1172.90      <NA> 
      58     4429.60      <NA>       1208.25      <NA> 
      59     4540.74      <NA>       1238.58      <NA> 
      60     4697.00      <NA>       1281.21      <NA> 
      61     4779.45      <NA>       1303.70      <NA> 
      62     4886.99      <NA>       1333.04      <NA> 
      63     5015.25      <NA>       1368.04      <NA> 
      64     5052.98      <NA>       1378.33      <NA> 
      65     5083.47      <NA>       1386.65      <NA> 
      66     5140.12      <NA>       1402.10      <NA> 
      67     5164.37      <NA>       1408.72      <NA> 
      68     5314.91      <NA>       1449.79      <NA> 
      69     5358.70      <NA>       1461.74      <NA> 
      70     5537.34      <NA>       1510.47      <NA> 
      71     5643.71      <NA>       1539.49      <NA> 
      72     5825.19      <NA>       1589.01      <NA> 
      73     5842.99      <NA>       1593.86      <NA> 
      74     5944.67      <NA>       1621.60      <NA> 
      75     5981.99      <NA>       1631.79      <NA> 
      76     6092.68      <NA>       1661.98      <NA> 
      77     6346.03      <NA>       1731.11      <NA> 
      78     6474.35      <NA>       1766.11      <NA> 
      79     6554.48      <NA>       1787.97      <NA> 
      80     6778.38      <NA>       1849.06      <NA> 
      81     6804.18      <NA>       1856.10      <NA> 
      82     6881.77      <NA>       1877.27      <NA> 
      83     7107.79      <NA>       1938.93      <NA> 
      84     7267.40      <NA>       1982.48      <NA> 
      85     7328.29      <NA>       1999.09      <NA> 
      86     7387.15      <NA>       2015.15      <NA> 
      87     7715.42      <NA>       2104.71      <NA> 
      88     7774.67      <NA>       2120.87      <NA> 
      89     8088.75      <NA>       2206.56      <NA> 

? = Adjacent peak noted

Errors quoted at  1.000 sigma
Peak Analysis Report             4/7/2019    2:10:24 PM            Page 11


**************************************************************************
*****           P E A K    A N A L Y S I S    R E P O R T            *****
**************************************************************************


     Detector Name:  DSA1000A                        
     Sample Title:   Sample title.                                     
     Peak Analysis Performed on:  4/7/2019    2:10:22 PM
               Peak Analysis From Channel:    290
               Peak Analysis To Channel:     8192

   Peak  ROI  ROI    Peak    Energy   FWHM  Net Peak  Net Area  Continuum 
    No. start end  centroid   (keV)   (keV)  Area     Uncert.    Counts 

    1   303-  317   311.54    84.74   1.21      2510.4  212.00   1.47E+004 
    2   317-  327   320.84    87.28   0.81      -144.3  163.95   1.13E+004 
    3   332-  344   339.92    92.49   0.40       486.8  180.33   1.22E+004 
    4   346-  357   352.46    95.91   0.65      -111.6  170.62   1.16E+004 
    5   568-  576   572.14   155.84   0.52       -25.4  153.38   1.10E+004 
    6   636-  644   639.10   174.11   0.60      -149.0  148.21   1.03E+004 
    7   677-  687   681.47   185.67   1.03       527.3  172.37   1.22E+004 
    8   713-  720   716.14   195.13   0.70        19.3  130.80   8.48E+003 
    9   750-  760   753.71   205.38   0.29        70.5  163.25   1.11E+004 
   10   795-  804   798.82   217.69   0.83        23.9  146.48   9.47E+003 
   11   866-  880   874.92   238.45   1.06      1412.2  200.03   1.34E+004 
   12  1077- 1091  1082.68   295.13   1.08      1326.6  166.45   9.13E+003 
   13  1095- 1108  1099.16   299.63   0.47       125.9  152.53   8.38E+003 
   14  1119- 1128  1123.15   306.17   0.71       102.8  113.55   5.65E+003 
   15  1199- 1208  1204.29   328.31   0.88        99.2  110.26   5.33E+003 
   16  1234- 1247  1240.05   338.06   0.85       300.8  141.61   7.15E+003 
   17  1281- 1297  1290.40   351.80   1.37      2696.8  165.51   7.90E+003 
   18  1317- 1325  1321.89   360.39   0.73        23.9   92.78   4.02E+003 
   19  1437- 1446  1441.82   393.11   0.31       -89.9   94.99   4.03E+003 
 M 20  1497- 1518  1502.17   409.58   1.27       166.0   59.41   4.99E+003 
 m 21  1497- 1518  1509.91   411.69   1.28      9666.7  122.03   5.68E+003 
   22  1562- 1576  1566.39   427.10   0.45        75.9  123.40   5.26E+003 
   23  1692- 1703  1696.18   462.51   0.66       261.3   98.71   3.77E+003 
   24  1715- 1723  1718.63   468.63   0.87       117.8   77.78   2.77E+003 
   25  1781- 1791  1786.22   487.07   0.95       120.2   87.83   3.18E+003 
   26  1863- 1883  1873.55   510.90   2.39      6355.3  168.22   6.05E+003 
   27  1938- 1948  1943.49   529.98   0.29        36.0   82.10   2.81E+003 
   28  2004- 2015  2010.09   548.15   0.54        66.5   85.45   2.88E+003 
   29  2058- 2068  2062.47   562.44   0.27       -49.2   77.90   2.56E+003 
   30  2130- 2148  2138.16   583.09   1.48      1723.1  127.57   4.30E+003 
   31  2162- 2178  2169.75   591.71   0.55       -54.2  108.04   3.74E+003 
   32  2227- 2243  2234.07   609.26   1.44      4353.0  123.81   3.48E+003 
   33  2261- 2270  2265.31   617.78   0.32        21.9   68.63   2.07E+003 
   34  2343- 2356  2350.93   641.14   0.37       -63.1   86.72   2.75E+003 
   35  2415- 2434  2425.84   661.58   1.50     10272.3  154.15   3.85E+003 
   36  2491- 2502  2495.63   680.62   0.30        33.1   72.24   2.06E+003 
   37  2570- 2583  2578.07   703.11   0.27       161.0   82.22   2.39E+003 
   38  2632- 2649  2637.00   719.19   0.68       234.8   96.18   2.77E+003 
   39  2660- 2677  2666.59   727.26   1.05       307.2  100.10   2.97E+003 
   40  2677- 2692  2685.11   732.31   0.31        93.9   88.37   2.56E+003 
   41  2810- 2823  2816.73   768.22   1.37       426.6   80.54   2.20E+003 
   42  2907- 2921  2915.18   795.08   1.25       262.2   80.41   2.15E+003 
Peak Analysis Report             4/7/2019    2:10:24 PM            Page 12


   Peak  ROI  ROI    Peak    Energy   FWHM  Net Peak  Net Area  Continuum 
    No. start end  centroid   (keV)   (keV)  Area     Uncert.    Counts 

   43  2945- 2960  2955.32   806.03   1.03       119.3   85.12   2.37E+003 
 M 44  2988- 3022  3000.83   818.45   0.38        30.3    3.38   6.93E+002 
 m 45  2988- 3022  3012.78   821.71   0.39        35.1    4.01   6.93E+002 
   46  3054- 3075  3065.82   836.18   0.35       132.3  107.57   3.04E+003 
   47  3141- 3160  3152.97   859.96   0.92       282.2   98.41   2.68E+003 
   48  3203- 3214  3208.19   875.02   0.52       -25.0   62.85   1.58E+003 
   49  3312- 3324  3316.96   904.70   0.34       -60.2   66.84   1.72E+003 
   50  3330- 3355  3341.37   911.36   1.70      2151.6  126.03   3.22E+003 
   51  3417- 3434  3425.09   934.20   1.25       404.1   85.31   2.11E+003 
   52  3525- 3545  3537.58   964.89   1.19       127.6   99.38   2.68E+003 
   53  3546- 3562  3553.42   969.21   1.56      1114.1   87.08   2.06E+003 
   54  3665- 3679  3669.55  1000.89   0.48       190.6   70.57   1.66E+003 
   55  4096- 4120  4108.88  1120.75   1.75      1788.1  115.60   2.81E+003 
   56  4215- 4245  4238.02  1155.99   1.99       188.8  127.99   3.32E+003 
   57  4295- 4312  4300.00  1172.90   2.15       178.1   81.17   1.97E+003 
   58  4424- 4435  4429.60  1208.25   0.27       -48.0   60.18   1.46E+003 
   59  4531- 4550  4540.74  1238.58   1.83       709.0   92.44   2.24E+003 
   60  4689- 4711  4697.00  1281.21   1.56       217.7   82.09   1.68E+003 
   61  4770- 4787  4779.45  1303.70   0.40       106.8   61.04   1.11E+003 
   62  4879- 4896  4886.99  1333.04   1.95       186.8   58.30   9.83E+002 
   63  5008- 5021  5015.25  1368.04   0.53        25.7   41.07   6.02E+002 
   64  5040- 5064  5052.98  1378.33   1.51       569.4   71.37   1.10E+003 
   65  5066- 5091  5083.47  1386.65   0.58       172.7   68.13   1.05E+003 
   66  5129- 5152  5140.12  1402.10   1.86       210.3   62.38   9.19E+002 
   67  5155- 5175  5164.37  1408.72   0.50       253.5   59.37   8.97E+002 
   68  5306- 5321  5314.91  1449.79   0.58        69.5   43.49   6.05E+002 
   69  5345- 5371  5358.70  1461.74   1.97     33609.0  193.15   8.43E+002 
   70  5528- 5544  5537.34  1510.47   1.89       302.2   38.11   3.68E+002 
   71  5635- 5649  5643.71  1539.49   0.51        42.7   29.82   2.94E+002 
   72  5817- 5834  5825.19  1589.01   1.79       201.8   38.16   3.85E+002 
   73  5835- 5854  5842.99  1593.86   1.16       257.0   40.97   4.04E+002 
   74  5930- 5955  5944.67  1621.60   1.58       175.0   42.62   3.86E+002 
   75  5971- 5991  5981.99  1631.79   1.01       121.5   37.36   3.51E+002 
   76  6086- 6106  6092.68  1661.98   2.26       179.4   33.15   2.53E+002 
   77  6336- 6357  6346.03  1731.11   1.61       378.1   41.57   3.58E+002 
   78  6463- 6488  6474.35  1766.11   2.08      2171.2   60.75   3.56E+002 
   79  6547- 6560  6554.48  1787.97   0.36        29.1   19.89   1.31E+002 
   80  6768- 6790  6778.38  1849.06   1.81       251.0   36.53   2.79E+002 
   81  6797- 6810  6804.18  1856.10   0.64        36.2   20.88   1.45E+002 
   82  6876- 6888  6881.77  1877.27   0.35       -11.0   20.46   1.63E+002 
   83  7099- 7113  7107.79  1938.93   0.27        13.8   22.88   1.75E+002 
   84  7260- 7273  7267.40  1982.48   0.30        16.2   19.39   1.29E+002 
   85  7322- 7335  7328.29  1999.09   0.41       -26.1   20.29   1.55E+002 
   86  7382- 7394  7387.15  2015.15   0.32        38.6   18.46   1.12E+002 
   87  7701- 7740  7715.42  2104.71   2.97       428.8   51.89   3.67E+002 
   88  7762- 7787  7774.67  2120.87   0.77       191.7   33.85   2.24E+002 
   89  8076- 8101  8088.75  2206.56   2.33       718.6   41.87   2.43E+002 

M = First peak in a multiplet region
m = Other peak in a multiplet region
F = Fitted singlet

Errors quoted at  1.000 sigma
Peak Analysis Report                    4/7/2019    2:10:24 PM          Page 13


*******************************************************************************
*****  S T A N D A R D   V M S   P E A K   A N A L Y S I S   R E P O R T  *****
*******************************************************************************

        Configuration Title:                                         
        Spectrum Title:              Sample title.            
        Peak Analysis Performed on:  4/7/19    2:10:22 PM
        Peak Analysis From Channel:    290    To Channel:     8192
        Peak Search Sensitivity:      2.50    Gaussian Sensitivity:  1.00
        Max Iterations: 15  Fit Singlets: No  Critical Level Test: No 
        Use Fixed FWHM: No  FWHM Reject:  No  FWHM Reject Ratio:  0.00 
        Peak Fit Engine Name: PANOLIN1        Continuum Type: STEP   

   Pk IT  Energy      Area   Bkgnd  FWHM Channel  Left  PW  Cts/Sec  %err   Fit

    1  0    84.74     2510   14656  1.21  311.54   303  15 2.8E-002   8.4   0.0
    2  0    87.28     -144   11266  0.81  320.84   317  11-1.6E-003 -113.   0.0
    3  0    92.49      487   12159  0.40  339.92   332  13 5.4E-003  37.0   0.0
    4  0    95.91     -112   11643  0.65  352.46   346  12-1.2E-003 -152.   0.0
    5  0   155.84      -25   11014  0.52  572.14   568   9-2.8E-004 -603.   0.0
    6  0   174.11     -149   10331  0.60  639.10   636   9-1.7E-003 -99.5   0.0
    7  0   185.67      527   12221  1.03  681.47   677  11 5.9E-003  32.7   0.0
    8  0   195.13       19    8481  0.70  716.14   713   8 2.1E-004 677.2   0.0
    9  0   205.38       71   11131  0.29  753.71   750  11 7.8E-004 231.5   0.0
   10  0   217.69       24    9467  0.83  798.82   795  10 2.7E-004 611.9   0.0
   11  0   238.45     1412   13409  1.06  874.92   866  15 1.6E-002  14.2   0.0
   12  0   295.13     1327    9133  1.08 1082.68  1077  15 1.5E-002  12.5   0.0
   13  0   299.63      126    8379  0.47 1099.16  1095  14 1.4E-003 121.1   0.0
   14  0   306.17      103    5650  0.71 1123.15  1119  10 1.1E-003 110.5   0.0
   15  0   328.31       99    5332  0.88 1204.29  1199  10 1.1E-003 111.2   0.0
   16  0   338.06      301    7147  0.85 1240.05  1234  14 3.3E-003  47.1   0.0
   17  0   351.80     2697    7898  1.37 1290.40  1281  17 3.0E-002   6.1   0.0
   18  0   360.39       24    4016  0.73 1321.89  1317   9 2.7E-004 387.6   0.0
   19  0   393.11      -90    4029  0.31 1441.82  1437  10-1.0E-003 -105.   0.0
 M 20  6   409.58      166    4986  1.27 1502.17  1497  22 1.8E-003  35.8   1.0
 m 21  6   411.69     9667    5676  1.28 1509.91  1497  22 1.1E-001   1.3   1.0
   22  0   427.10       76    5261  0.45 1566.39  1562  15 8.4E-004 162.5   0.0
   23  0   462.51      261    3768  0.66 1696.18  1692  12 2.9E-003  37.8   0.0
   24  0   468.63      118    2773  0.87 1718.63  1715   9 1.3E-003  66.0   0.0
   25  0   487.07      120    3181  0.95 1786.22  1781  11 1.3E-003  73.1   0.0
   26  0   510.90     6355    6051  2.39 1873.55  1863  21 7.1E-002   2.6   0.0
   27  0   529.98       36    2808  0.29 1943.49  1938  11 4.0E-004 227.8   0.0
   28  0   548.15       67    2880  0.54 2010.09  2004  12 7.4E-004 128.5   0.0
   29  0   562.44      -49    2555  0.27 2062.47  2058  11-5.5E-004 -158.   0.0
   30  0   583.09     1723    4301  1.48 2138.16  2130  19 1.9E-002   7.4   0.0
   31  0   591.71      -54    3743  0.55 2169.75  2162  17-6.0E-004 -199.   0.0
   32  0   609.26     4353    3480  1.44 2234.07  2227  17 4.8E-002   2.8   0.0
   33  0   617.78       22    2072  0.32 2265.31  2261  10 2.4E-004 313.3   0.0
   34  0   641.14      -63    2749  0.37 2350.93  2343  14-7.0E-004 -137.   0.0
   35  0   661.58    10272    3850  1.50 2425.84  2415  20 1.1E-001   1.5   0.0
   36  0   680.62       33    2065  0.30 2495.63  2491  12 3.7E-004 218.5   0.0
   37  0   703.11      161    2393  0.27 2578.07  2570  14 1.8E-003  51.1   0.0
   38  0   719.19      235    2768  0.68 2637.00  2632  18 2.6E-003  41.0   0.0
Peak Analysis Report                    4/7/2019    2:10:24 PM          Page 14


   Pk IT  Energy      Area   Bkgnd  FWHM Channel  Left  PW  Cts/Sec  %err   Fit

   39  0   727.26      307    2973  1.05 2666.59  2660  18 3.4E-003  32.6   0.0
   40  0   732.31       94    2564  0.31 2685.11  2677  16 1.0E-003  94.1   0.0
   41  0   768.22      427    2196  1.37 2816.73  2810  14 4.7E-003  18.9   0.0
   42  0   795.08      262    2150  1.25 2915.18  2907  15 2.9E-003  30.7   0.0
   43  0   806.03      119    2374  1.03 2955.32  2945  16 1.3E-003  71.4   0.0
 M 44 32   818.45       30     693  0.38 3000.83  2988  35 3.4E-004  11.1   0.8
 m 45 32   821.71       35     693  0.39 3012.78  2988  35 3.9E-004  11.4   0.8
   46  0   836.18      132    3043  0.35 3065.82  3054  22 1.5E-003  81.3   0.0
   47  0   859.96      282    2683  0.92 3152.97  3141  20 3.1E-003  34.9   0.0
   48  0   875.02      -25    1584  0.52 3208.19  3203  12-2.8E-004 -251.   0.0
   49  0   904.70      -60    1716  0.34 3316.96  3312  13-6.7E-004 -111.   0.0
   50  0   911.36     2152    3222  1.70 3341.37  3330  26 2.4E-002   5.9   0.0
   51  0   934.20      404    2111  1.25 3425.09  3417  18 4.5E-003  21.1   0.0
   52  0   964.89      128    2677  1.19 3537.58  3525  21 1.4E-003  77.9   0.0
   53  0   969.21     1114    2063  1.56 3553.42  3546  17 1.2E-002   7.8   0.0
   54  0  1000.89      191    1660  0.48 3669.55  3665  15 2.1E-003  37.0   0.0
   55  0  1120.75     1788    2806  1.75 4108.88  4096  25 2.0E-002   6.5   0.0
   56  0  1155.99      189    3321  1.99 4238.02  4215  31 2.1E-003  67.8   0.0
   57  0  1172.90      178    1969  2.15 4300.00  4295  18 2.0E-003  45.6   0.0
   58  0  1208.25      -48    1464  0.27 4429.60  4424  12-5.3E-004 -125.   0.0
   59  0  1238.58      709    2235  1.83 4540.74  4531  20 7.9E-003  13.0   0.0
   60  0  1281.21      218    1681  1.56 4697.00  4689  23 2.4E-003  37.7   0.0
   61  0  1303.70      107    1111  0.40 4779.45  4770  18 1.2E-003  57.2   0.0
   62  0  1333.04      187     983  1.95 4886.99  4879  18 2.1E-003  31.2   0.0
   63  0  1368.04       26     602  0.53 5015.25  5008  14 2.9E-004 159.5   0.0
   64  0  1378.33      569    1097  1.51 5052.98  5040  25 6.3E-003  12.5   0.0
   65  0  1386.65      173    1050  0.58 5083.47  5066  26 1.9E-003  39.5   0.0
   66  0  1402.10      210     919  1.86 5140.12  5129  24 2.3E-003  29.7   0.0
   67  0  1408.72      254     897  0.50 5164.37  5155  21 2.8E-003  23.4   0.0
   68  0  1449.79       70     605  0.58 5314.91  5306  16 7.7E-004  62.5   0.0
   69  0  1461.74    33609     843  1.97 5358.70  5345  27 3.7E-001   0.6   0.0
   70  0  1510.47      302     368  1.89 5537.34  5528  17 3.4E-003  12.6   0.0
   71  0  1539.49       43     294  0.51 5643.71  5635  15 4.7E-004  69.8   0.0
   72  0  1589.01      202     385  1.79 5825.19  5817  18 2.2E-003  18.9   0.0
   73  0  1593.86      257     404  1.16 5842.99  5835  20 2.9E-003  15.9   0.0
   74  0  1621.60      175     386  1.58 5944.67  5930  26 1.9E-003  24.4   0.0
   75  0  1631.79      122     351  1.01 5981.99  5971  21 1.4E-003  30.7   0.0
   76  0  1661.98      179     253  2.26 6092.68  6086  21 2.0E-003  18.5   0.0
   77  0  1731.11      378     358  1.61 6346.03  6336  22 4.2E-003  11.0   0.0
   78  0  1766.11     2171     356  2.08 6474.35  6463  26 2.4E-002   2.8   0.0
   79  0  1787.97       29     131  0.36 6554.48  6547  14 3.2E-004  68.4   0.0
   80  0  1849.06      251     279  1.81 6778.38  6768  23 2.8E-003  14.6   0.0
   81  0  1856.10       36     145  0.64 6804.18  6797  14 4.0E-004  57.6   0.0
   82  0  1877.27      -11     163  0.35 6881.77  6876  13-1.2E-004 -185.   0.0
   83  0  1938.93       14     175  0.27 7107.79  7099  15 1.5E-004 166.3   0.0
   84  0  1982.48       16     129  0.30 7267.40  7260  14 1.8E-004 119.7   0.0
   85  0  1999.09      -26     155  0.41 7328.29  7322  14-2.9E-004 -77.7   0.0
   86  0  2015.15       39     112  0.32 7387.15  7382  13 4.3E-004  47.9   0.0
   87  0  2104.71      429     367  2.97 7715.42  7701  40 4.8E-003  12.1   0.0
   88  0  2120.87      192     224  0.77 7774.67  7762  26 2.1E-003  17.7   0.0
   89  0  2206.56      719     243  2.33 8088.75  8076  26 8.0E-003   5.8   0.0
Peak Analysis Report                    4/7/2019    2:10:24 PM          Page 15


   Pk IT  Energy      Area   Bkgnd  FWHM Channel  Left  PW  Cts/Sec  %err   Fit


M = First peak in a multiplet region
m = Other peak in a multiplet region
F = Fitted singlet

Errors quoted at  1.000 sigma
Peak Analysis Report             4/7/2019    2:10:24 PM            Page 16


**************************************************************************
*****           P E A K    A N A L Y S I S    R E P O R T            *****
**************************************************************************


     Detector Name:  DSA1000A                        
     Sample Title:   Sample title.                                     
     Peak Analysis Performed on:  4/7/2019    2:10:22 PM
               Peak Analysis From Channel:    290
               Peak Analysis To Channel:     8192

   Peak  ROI  ROI   Energy   Net Peak Net Area  Continuum  Critical 
    No. start end    (keV)     Area    Uncert.    Counts     Level

    1   303-  317    84.74      2510.4  212.00   1.47E+004  3.39E+002 
    2   317-  327    87.28      -144.3  163.95   1.13E+004  2.70E+002 
    3   332-  344    92.49       486.8  180.33   1.22E+004  2.94E+002 
    4   346-  357    95.91      -111.6  170.62   1.16E+004  2.81E+002 
    5   568-  576   155.84       -25.4  153.38   1.10E+004  2.52E+002 
    6   636-  644   174.11      -149.0  148.21   1.03E+004  2.45E+002 
    7   677-  687   185.67       527.3  172.37   1.22E+004  2.81E+002 
    8   713-  720   195.13        19.3  130.80   8.48E+003  2.15E+002 
    9   750-  760   205.38        70.5  163.25   1.11E+004  2.68E+002 
   10   795-  804   217.69        23.9  146.48   9.47E+003  2.41E+002 
   11   866-  880   238.45      1412.2  200.03   1.34E+004  3.23E+002 
   12  1077- 1091   295.13      1326.6  166.45   9.13E+003  2.67E+002 
   13  1095- 1108   299.63       125.9  152.53   8.38E+003  2.50E+002 
   14  1119- 1128   306.17       102.8  113.55   5.65E+003  1.86E+002 
   15  1199- 1208   328.31        99.2  110.26   5.33E+003  1.81E+002 
   16  1234- 1247   338.06       300.8  141.61   7.15E+003  2.31E+002 
   17  1281- 1297   351.80      2696.8  165.51   7.90E+003  2.59E+002 
   18  1317- 1325   360.39        23.9   92.78   4.02E+003  1.52E+002 
   19  1437- 1446   393.11       -89.9   94.99   4.03E+003  1.57E+002 
 M 20  1497- 1518   409.58       166.0   59.41   4.99E+003  1.64E+002 
 m 21  1497- 1518   411.69      9666.7  122.03   5.68E+003  1.75E+002 
   22  1562- 1576   427.10        75.9  123.40   5.26E+003  2.02E+002 
   23  1692- 1703   462.51       261.3   98.71   3.77E+003  1.60E+002 
   24  1715- 1723   468.63       117.8   77.78   2.77E+003  1.27E+002 
   25  1781- 1791   487.07       120.2   87.83   3.18E+003  1.43E+002 
   26  1863- 1883   510.90      6355.3  168.22   6.05E+003  2.44E+002 
   27  1938- 1948   529.98        36.0   82.10   2.81E+003  1.35E+002 
   28  2004- 2015   548.15        66.5   85.45   2.88E+003  1.40E+002 
   29  2058- 2068   562.44       -49.2   77.90   2.56E+003  1.29E+002 
   30  2130- 2148   583.09      1723.1  127.57   4.30E+003  1.98E+002 
   31  2162- 2178   591.71       -54.2  108.04   3.74E+003  1.78E+002 
   32  2227- 2243   609.26      4353.0  123.81   3.48E+003  1.72E+002 
   33  2261- 2270   617.78        21.9   68.63   2.07E+003  1.13E+002 
   34  2343- 2356   641.14       -63.1   86.72   2.75E+003  1.43E+002 
   35  2415- 2434   661.58     10272.3  154.15   3.85E+003  1.91E+002 
   36  2491- 2502   680.62        33.1   72.24   2.06E+003  1.18E+002 
   37  2570- 2583   703.11       161.0   82.22   2.39E+003  1.34E+002 
   38  2632- 2649   719.19       234.8   96.18   2.77E+003  1.56E+002 
   39  2660- 2677   727.26       307.2  100.10   2.97E+003  1.62E+002 
   40  2677- 2692   732.31        93.9   88.37   2.56E+003  1.44E+002 
   41  2810- 2823   768.22       426.6   80.54   2.20E+003  1.28E+002 
   42  2907- 2921   795.08       262.2   80.41   2.15E+003  1.30E+002 
Peak Analysis Report             4/7/2019    2:10:24 PM            Page 17


   Peak  ROI  ROI   Energy   Net Peak Net Area  Continuum  Critical 
    No. start end    (keV)     Area    Uncert.    Counts     Level

   43  2945- 2960   806.03       119.3   85.12   2.37E+003  1.39E+002 
 M 44  2988- 3022   818.45        30.3    3.38   6.93E+002  6.13E+001 
 m 45  2988- 3022   821.71        35.1    4.01   6.93E+002  6.12E+001 
   46  3054- 3075   836.18       132.3  107.57   3.04E+003  1.76E+002 
   47  3141- 3160   859.96       282.2   98.41   2.68E+003  1.60E+002 
   48  3203- 3214   875.02       -25.0   62.85   1.58E+003  1.04E+002 
   49  3312- 3324   904.70       -60.2   66.84   1.72E+003  1.11E+002 
   50  3330- 3355   911.36      2151.6  126.03   3.22E+003  1.93E+002 
   51  3417- 3434   934.20       404.1   85.31   2.11E+003  1.36E+002 
   52  3525- 3545   964.89       127.6   99.38   2.68E+003  1.62E+002 
   53  3546- 3562   969.21      1114.1   87.08   2.06E+003  1.32E+002 
   54  3665- 3679  1000.89       190.6   70.57   1.66E+003  1.14E+002 
   55  4096- 4120  1120.75      1788.1  115.60   2.81E+003  1.77E+002 
   56  4215- 4245  1155.99       188.8  127.99   3.32E+003  2.09E+002 
   57  4295- 4312  1172.90       178.1   81.17   1.97E+003  1.32E+002 
   58  4424- 4435  1208.25       -48.0   60.18   1.46E+003  9.97E+001 
   59  4531- 4550  1238.58       709.0   92.44   2.24E+003  1.46E+002 
   60  4689- 4711  1281.21       217.7   82.09   1.68E+003  1.33E+002 
   61  4770- 4787  1303.70       106.8   61.04   1.11E+003  9.90E+001 
   62  4879- 4896  1333.04       186.8   58.30   9.83E+002  9.32E+001 
   63  5008- 5021  1368.04        25.7   41.07   6.02E+002  6.70E+001 
   64  5040- 5064  1378.33       569.4   71.37   1.10E+003  1.11E+002 
   65  5066- 5091  1386.65       172.7   68.13   1.05E+003  1.10E+002 
   66  5129- 5152  1402.10       210.3   62.38   9.19E+002  9.98E+001 
   67  5155- 5175  1408.72       253.5   59.37   8.97E+002  9.41E+001 
   68  5306- 5321  1449.79        69.5   43.49   6.05E+002  7.02E+001 
   69  5345- 5371  1461.74     33609.0  193.15   8.43E+002  1.00E+002 
   70  5528- 5544  1510.47       302.2   38.11   3.68E+002  5.58E+001 
   71  5635- 5649  1539.49        42.7   29.82   2.94E+002  4.79E+001 
   72  5817- 5834  1589.01       201.8   38.16   3.85E+002  5.83E+001 
   73  5835- 5854  1593.86       257.0   40.97   4.04E+002  6.20E+001 
   74  5930- 5955  1621.60       175.0   42.62   3.86E+002  6.66E+001 
   75  5971- 5991  1631.79       121.5   37.36   3.51E+002  5.87E+001 
   76  6086- 6106  1661.98       179.4   33.15   2.53E+002  4.99E+001 
   77  6336- 6357  1731.11       378.1   41.57   3.58E+002  6.04E+001 
   78  6463- 6488  1766.11      2171.2   60.75   3.56E+002  6.41E+001 
   79  6547- 6560  1787.97        29.1   19.89   1.31E+002  3.15E+001 
   80  6768- 6790  1849.06       251.0   36.53   2.79E+002  5.41E+001 
   81  6797- 6810  1856.10        36.2   20.88   1.45E+002  3.29E+001 
   82  6876- 6888  1877.27       -11.0   20.46   1.63E+002  3.41E+001 
   83  7099- 7113  1938.93        13.8   22.88   1.75E+002  3.71E+001 
   84  7260- 7273  1982.48        16.2   19.39   1.29E+002  3.12E+001 
   85  7322- 7335  1999.09       -26.1   20.29   1.55E+002  3.44E+001 
   86  7382- 7394  2015.15        38.6   18.46   1.12E+002  2.86E+001 
   87  7701- 7740  2104.71       428.8   51.89   3.67E+002  7.83E+001 
   88  7762- 7787  2120.87       191.7   33.85   2.24E+002  5.08E+001 
   89  8076- 8101  2206.56       718.6   41.87   2.43E+002  5.29E+001 

M = First peak in a multiplet region
m = Other peak in a multiplet region
F = Fitted singlet

Errors quoted at  1.000 sigma
Peak with NID Report             4/7/2019    2:10:24 PM            Page 18


**************************************************************************
*****           P E A K    W I T H   N I D    R E P O R T            *****
**************************************************************************


     Detector Name:  DSA1000A                        
     Sample Title:   Sample title.                                     
     Peak Analysis Performed on:  4/7/2019    2:10:22 PM
               Peak Analysis From Channel:    290
               Peak Analysis To Channel:     8192
     Tentative NID Library:   C:\GENIE2K\CAMFILES\NAA LIB LONG.NLB     
     Peak Match Tolerance :    3.000 keV

   Peak  ROI  ROI    Peak    Energy   Net Peak Net Area  Continuum  Tentative
    No. Start End  Centroid   (keV)     Area    Uncert.    Counts    Nuclide 

    1   303-  317   311.54    84.74  2.51E+003  212.00   1.47E+004   .....    
    2   317-  327   320.84    87.28 -1.44E+002  163.95   1.13E+004   .....    
    3   332-  344   339.92    92.49  4.87E+002  180.33   1.22E+004   ND-147   
    4   346-  357   352.46    95.91 -1.12E+002  170.62   1.16E+004   GD-153   
    5   568-  576   572.14   155.84 -2.54E+001  153.38   1.10E+004   RE-188   
                                                                     LU-177x  
    6   636-  644   639.10   174.11 -1.49E+002  148.21   1.03E+004   LU-177x  
                                                                     AS-71    
                                                                     XE-127   
                                                                     SB-125   
                                                                     LU-177x  
    7   677-  687   681.47   185.67  5.27E+002  172.37   1.22E+004   HO-166   
                                                                     XE-125   
    8   713-  720   716.14   195.13  1.93E+001  130.80   8.48E+003   XE-129m  
                                                                     TB-160   
                                                                     YB-169   
    9   750-  760   753.71   205.38  7.05E+001  163.25   1.11E+004   AU-198m  
                                                                     LU-177x  
                                                                     XE-127   
                                                                     LU-177   
   10   795-  804   798.82   217.69  2.39E+001  146.48   9.47E+003   BA-131   
                                                                     RU-97    
                                                                     GE-77    
                                                                     AU-198m  
   11   866-  880   874.92   238.45  1.41E+003  200.03   1.34E+004   AS-77    
                                                                     TE-131x  
   12  1077- 1091  1082.68   295.13  1.33E+003  166.45   9.13E+003   IR-192   
                                                                     LU-177x  
                                                                     CE-143   
   13  1095- 1108  1099.16   299.63  1.26E+002  152.53   8.38E+003   TB-160   
   14  1119- 1128  1123.15   306.17  1.03E+002  113.55   5.65E+003   RH-105   
                                                                     BI-210x  
                                                                     YB-169   
                                                                     BI-210   
                                                                     IR-192   
   15  1199- 1208  1204.29   328.31  9.92E+001  110.26   5.33E+003   IR-194   
                                                                     LA-140   
                                                                     LU-177x  
   16  1234- 1247  1240.05   338.06  3.01E+002  141.61   7.15E+003   CD-115   
                                                                     PM-151   
   17  1281- 1297  1290.40   351.80  2.70E+003  165.51   7.90E+003   .....    
Peak with NID Report             4/7/2019    2:10:24 PM            Page 19

   18  1317- 1325  1321.89   360.39  2.39E+001   92.78   4.02E+003   .....    
   19  1437- 1446  1441.82   393.11 -8.99E+001   94.99   4.03E+003   .....    
 M 20  1497- 1518  1502.17   409.58  1.66E+002   59.41   4.99E+003   HO-166   
                                                                     AU-198   
 m 21  1497- 1518  1509.91   411.69  9.67E+003  122.03   5.68E+003   AU-198   
                                                                     HO-166   
                                                                     LU-177x  
   22  1562- 1576  1566.39   427.10  7.59E+001  123.40   5.26E+003   SB-125   
   23  1692- 1703  1696.18   462.51  2.61E+002   98.71   3.77E+003   SB-125   
   24  1715- 1723  1718.63   468.63  1.18E+002   77.78   2.77E+003   IR-192   
   25  1781- 1791  1786.22   487.07  1.20E+002   87.83   3.18E+003   LA-140   
                                                                     Ca-47    
   26  1863- 1883  1873.55   510.90  6.36E+003  168.22   6.05E+003   AS-71    
                                                                     ZN-65    
   27  1938- 1948  1943.49   529.98  3.60E+001   82.10   2.81E+003   HO-166   
                                                                     ND-147   
                                                                     CD-115   
   28  2004- 2015  2010.09   548.15  6.65E+001   85.45   2.88E+003   .....    
   29  2058- 2068  2062.47   562.44 -4.92E+001   77.90   2.56E+003   CS-134   
                                                                     SB-122   
   30  2130- 2148  2138.16   583.09  1.72E+003  127.57   4.30E+003   PA-232   
   31  2162- 2178  2169.75   591.71 -5.42E+001  108.04   3.74E+003   .....    
   32  2227- 2243  2234.07   609.26  4.35E+003  123.81   3.48E+003   RU-103   
                                                                     SB-125   
   33  2261- 2270  2265.31   617.78  2.19E+001   68.63   2.07E+003   W-187    
                                                                     BR-82x   
                                                                     AG-110m  
   34  2343- 2356  2350.93   641.14 -6.31E+001   86.72   2.75E+003   .....    
   35  2415- 2434  2425.84   661.58  1.03E+004  154.15   3.85E+003   CE-143   
   36  2491- 2502  2495.63   680.62  3.31E+001   72.24   2.06E+003   AG-110m  
   37  2570- 2583  2578.07   703.11  1.61E+002   82.22   2.39E+003   NB-94x   
   38  2632- 2649  2637.00   719.19  2.35E+002   96.18   2.77E+003   CE-143   
Peak with NID Report             4/7/2019    2:10:24 PM            Page 20


   Peak  ROI  ROI    Peak    Energy   Net Peak Net Area  Continuum  Tentative
    No. start end  centroid   (keV)     Area    Uncert.    Counts    Nuclide 

   39  2660- 2677  2666.59   727.26  3.07E+002  100.10   2.97E+003   IN-114m  
   40  2677- 2692  2685.11   732.31  9.39E+001   88.37   2.56E+003   .....    
   41  2810- 2823  2816.73   768.22  4.27E+002   80.54   2.20E+003   .....    
   42  2907- 2921  2915.18   795.08  2.62E+002   80.41   2.15E+003   CS-134   
                                                                     TE-131x  
   43  2945- 2960  2955.32   806.03  1.19E+002   85.12   2.37E+003   Ca-47    
 M 44  2988- 3022  3000.83   818.45  3.03E+001    3.38   6.93E+002   AG-110m  
                                                                     PA-232   
                                                                     LA-140   
 m 45  2988- 3022  3012.78   821.71  3.51E+001    4.01   6.93E+002   PA-232   
   46  3054- 3075  3065.82   836.18  1.32E+002  107.57   3.04E+003   GA-72    
   47  3141- 3160  3152.97   859.96  2.82E+002   98.41   2.68E+003   .....    
   48  3203- 3214  3208.19   875.02 -2.50E+001   62.85   1.58E+003   OS-185   
                                                                     EU-154   
   49  3312- 3324  3316.96   904.70 -6.02E+001   66.84   1.72E+003   .....    
   50  3330- 3355  3341.37   911.36  2.15E+003  126.03   3.22E+003   .....    
   51  3417- 3434  3425.09   934.20  4.04E+002   85.31   2.11E+003   .....    
   52  3525- 3545  3537.58   964.89  1.28E+002   99.38   2.68E+003   EU-152x  
                                                                     TB-160   
   53  3546- 3562  3553.42   969.21  1.11E+003   87.08   2.06E+003   PA-232   
   54  3665- 3679  3669.55  1000.89  1.91E+002   70.57   1.66E+003   .....    
   55  4096- 4120  4108.88  1120.75  1.79E+003  115.60   2.81E+003   SC-46    
                                                                     TA-182   
   56  4215- 4245  4238.02  1155.99  1.89E+002  127.99   3.32E+003   .....    
   57  4295- 4312  4300.00  1172.90  1.78E+002   81.17   1.97E+003   CO-60    
   58  4424- 4435  4429.60  1208.25 -4.80E+001   60.18   1.46E+003   TE-131x  
   59  4531- 4550  4540.74  1238.58  7.09E+002   92.44   2.24E+003   .....    
   60  4689- 4711  4697.00  1281.21  2.18E+002   82.09   1.68E+003   .....    
   61  4770- 4787  4779.45  1303.70  1.07E+002   61.04   1.11E+003   .....    
   62  4879- 4896  4886.99  1333.04  1.87E+002   58.30   9.83E+002   CO-60    
   63  5008- 5021  5015.25  1368.04  2.57E+001   41.07   6.02E+002   .....    
   64  5040- 5064  5052.98  1378.33  5.69E+002   71.37   1.10E+003   .....    
   65  5066- 5091  5083.47  1386.65  1.73E+002   68.13   1.05E+003   AG-110m  
   66  5129- 5152  5140.12  1402.10  2.10E+002   62.38   9.19E+002   .....    
   67  5155- 5175  5164.37  1408.72  2.54E+002   59.37   8.97E+002   EU-152x  
   68  5306- 5321  5314.91  1449.79  6.95E+001   43.49   6.05E+002   .....    
   69  5345- 5371  5358.70  1461.74  3.36E+004  193.15   8.43E+002   .....    
   70  5528- 5544  5537.34  1510.47  3.02E+002   38.11   3.68E+002   .....    
   71  5635- 5649  5643.71  1539.49  4.27E+001   29.82   2.94E+002   .....    
   72  5817- 5834  5825.19  1589.01  2.02E+002   38.16   3.85E+002   .....    
   73  5835- 5854  5842.99  1593.86  2.57E+002   40.97   4.04E+002   LA-140   
   74  5930- 5955  5944.67  1621.60  1.75E+002   42.62   3.86E+002   .....    
   75  5971- 5991  5981.99  1631.79  1.22E+002   37.36   3.51E+002   .....    
   76  6086- 6106  6092.68  1661.98  1.79E+002   33.15   2.53E+002   .....    
   77  6336- 6357  6346.03  1731.11  3.78E+002   41.57   3.58E+002   .....    
   78  6463- 6488  6474.35  1766.11  2.17E+003   60.75   3.56E+002   .....    
   79  6547- 6560  6554.48  1787.97  2.91E+001   19.89   1.31E+002   .....    
   80  6768- 6790  6778.38  1849.06  2.51E+002   36.53   2.79E+002   .....    
   81  6797- 6810  6804.18  1856.10  3.62E+001   20.88   1.45E+002   .....    
   82  6876- 6888  6881.77  1877.27 -1.10E+001   20.46   1.63E+002   .....    
   83  7099- 7113  7107.79  1938.93  1.38E+001   22.88   1.75E+002   .....    
   84  7260- 7273  7267.40  1982.48  1.62E+001   19.39   1.29E+002   .....    
   85  7322- 7335  7328.29  1999.09 -2.61E+001   20.29   1.55E+002   .....    
   86  7382- 7394  7387.15  2015.15  3.86E+001   18.46   1.12E+002   .....    
Peak with NID Report             4/7/2019    2:10:24 PM            Page 21

   87  7701- 7740  7715.42  2104.71  4.29E+002   51.89   3.67E+002   .....    
   88  7762- 7787  7774.67  2120.87  1.92E+002   33.85   2.24E+002   .....    
Peak with NID Report             4/7/2019    2:10:24 PM            Page 22


   Peak  ROI  ROI    Peak    Energy   Net Peak Net Area  Continuum  Tentative
    No. start end  centroid   (keV)     Area    Uncert.    Counts    Nuclide 

   89  8076- 8101  8088.75  2206.56  7.19E+002   41.87   2.43E+002   .....    

M = First peak in a multiplet region
m = Other peak in a multiplet region
F = Fitted singlet

Errors quoted at  1.000 sigma
Peak Efficiency Report             4/7/2019    2:10:24 PM          Page 23


**************************************************************************
*****         P E A K    E F F I C I E N C Y    R E P O R T          *****
**************************************************************************

     Detector Name:  DSA1000A                        
     Sample Title:   Sample title.                                     
     Peak Analysis Performed on:  4/7/2019    2:10:22 PM


 Peak  Energy   Net Peak  Net Area       Peak     Efficiency
 No.   (keV)      Area   Uncertainty  Efficiency  Uncertainty

    1    84.74  2.51E+003   212.00     6.82E-002    3.49E-003
    2    87.28 -1.44E+002   163.95     7.42E-002    3.71E-003
    3    92.49  4.87E+002   180.33     7.93E-002    3.97E-003
    4    95.91 -1.12E+002   170.62     8.27E-002    4.14E-003
    5   155.84 -2.54E+001   153.38     9.61E-002    4.82E-003
    6   174.11 -1.49E+002   148.21     9.73E-002    4.88E-003
    7   185.67  5.27E+002   172.37     9.35E-002    4.69E-003
    8   195.13  1.93E+001   130.80     8.99E-002    4.51E-003
    9   205.38  7.05E+001   163.25     8.63E-002    4.33E-003
   10   217.69  2.39E+001   146.48     8.24E-002    4.13E-003
   11   238.45  1.41E+003   200.03     7.66E-002    3.84E-003
   12   295.13  1.33E+003   166.45     6.47E-002    3.24E-003
   13   299.63  1.26E+002   152.53     6.39E-002    3.20E-003
   14   306.17  1.03E+002   113.55     6.28E-002    3.15E-003
   15   328.31  9.92E+001   110.26     5.94E-002    2.98E-003
   16   338.06  3.01E+002   141.61     5.81E-002    2.91E-003
   17   351.80  2.70E+003   165.51     5.62E-002    2.82E-003
   18   360.39  2.39E+001    92.78     5.52E-002    2.76E-003
   19   393.11 -8.99E+001    94.99     5.15E-002    2.58E-003
 M 20   409.58  1.66E+002    59.41     4.98E-002    2.50E-003
 m 21   411.69  9.67E+003   122.03     4.96E-002    2.49E-003
   22   427.10  7.59E+001   123.40     4.82E-002    2.41E-003
   23   462.51  2.61E+002    98.71     4.49E-002    2.26E-003
   24   468.63  1.18E+002    77.78     4.43E-002    2.23E-003
   25   487.07  1.20E+002    87.83     4.28E-002    2.15E-003
   26   510.90  6.36E+003   168.22     4.10E-002    2.06E-003
   27   529.98  3.60E+001    82.10     3.96E-002    1.99E-003
   28   548.15  6.65E+001    85.45     3.84E-002    1.93E-003
   29   562.44 -4.92E+001    77.90     3.75E-002    1.88E-003
   30   583.09  1.72E+003   127.57     3.63E-002    1.82E-003
   31   591.71 -5.42E+001   108.04     3.58E-002    1.80E-003
   32   609.26  4.35E+003   123.81     3.50E-002    1.77E-003
   33   617.78  2.19E+001    68.63     3.47E-002    1.76E-003
   34   641.14 -6.31E+001    86.72     3.38E-002    1.71E-003
   35   661.58  1.03E+004   154.15     3.28E-002    1.67E-003
   36   680.62  3.31E+001    72.24     3.19E-002    1.63E-003
   37   703.11  1.61E+002    82.22     3.09E-002    1.59E-003
   38   719.19  2.35E+002    96.18     3.02E-002    1.56E-003
   39   727.26  3.07E+002   100.10     2.99E-002    1.54E-003
   40   732.31  9.39E+001    88.37     2.97E-002    1.53E-003
   41   768.22  4.27E+002    80.54     2.84E-002    1.47E-003
   42   795.08  2.62E+002    80.41     2.74E-002    1.43E-003
Peak Efficiency Report             4/7/2019    2:10:24 PM          Page 24


 Peak  Energy   Net Peak  Net Area       Peak     Efficiency
 No.   (keV)      Area   Uncertainty  Efficiency  Uncertainty

   43   806.03  1.19E+002    85.12     2.71E-002    1.42E-003
 M 44   818.45  3.03E+001     3.38     2.67E-002    1.40E-003
 m 45   821.71  3.51E+001     4.01     2.65E-002    1.39E-003
   46   836.18  1.32E+002   107.57     2.61E-002    1.37E-003
   47   859.96  2.82E+002    98.41     2.54E-002    1.33E-003
   48   875.02 -2.50E+001    62.85     2.49E-002    1.30E-003
   49   904.70 -6.02E+001    66.84     2.41E-002    1.25E-003
   50   911.36  2.15E+003   126.03     2.39E-002    1.24E-003
   51   934.20  4.04E+002    85.31     2.33E-002    1.21E-003
   52   964.89  1.28E+002    99.38     2.26E-002    1.16E-003
   53   969.21  1.11E+003    87.08     2.25E-002    1.16E-003
   54  1000.89  1.91E+002    70.57     2.18E-002    1.11E-003
   55  1120.75  1.79E+003   115.60     1.94E-002    9.77E-004
   56  1155.99  1.89E+002   127.99     1.88E-002    9.43E-004
   57  1172.90  1.78E+002    81.17     1.85E-002    9.27E-004
   58  1208.25 -4.80E+001    60.18     1.81E-002    9.04E-004
   59  1238.58  7.09E+002    92.44     1.77E-002    8.85E-004
   60  1281.21  2.18E+002    82.09     1.72E-002    8.60E-004
   61  1303.70  1.07E+002    61.04     1.69E-002    8.47E-004
   62  1333.04  1.87E+002    58.30     1.66E-002    8.32E-004
   63  1368.04  2.57E+001    41.07     1.66E-002    8.32E-004
   64  1378.33  5.69E+002    71.37     1.66E-002    8.32E-004
   65  1386.65  1.73E+002    68.13     1.66E-002    8.32E-004
   66  1402.10  2.10E+002    62.38     1.66E-002    8.32E-004
   67  1408.72  2.54E+002    59.37     1.66E-002    8.32E-004
   68  1449.79  6.95E+001    43.49     1.66E-002    8.32E-004
   69  1461.74  3.36E+004   193.15     1.66E-002    8.32E-004
   70  1510.47  3.02E+002    38.11     1.66E-002    8.32E-004
   71  1539.49  4.27E+001    29.82     1.66E-002    8.32E-004
   72  1589.01  2.02E+002    38.16     1.66E-002    8.32E-004
   73  1593.86  2.57E+002    40.97     1.66E-002    8.32E-004
   74  1621.60  1.75E+002    42.62     1.66E-002    8.32E-004
   75  1631.79  1.22E+002    37.36     1.66E-002    8.32E-004
   76  1661.98  1.79E+002    33.15     1.66E-002    8.32E-004
   77  1731.11  3.78E+002    41.57     1.66E-002    8.32E-004
   78  1766.11  2.17E+003    60.75     1.66E-002    8.32E-004
   79  1787.97  2.91E+001    19.89     1.66E-002    8.32E-004
   80  1849.06  2.51E+002    36.53     1.66E-002    8.32E-004
   81  1856.10  3.62E+001    20.88     1.66E-002    8.32E-004
   82  1877.27 -1.10E+001    20.46     1.66E-002    8.32E-004
   83  1938.93  1.38E+001    22.88     1.66E-002    8.32E-004
   84  1982.48  1.62E+001    19.39     1.66E-002    8.32E-004
   85  1999.09 -2.61E+001    20.29     1.66E-002    8.32E-004
   86  2015.15  3.86E+001    18.46     1.66E-002    8.32E-004
   87  2104.71  4.29E+002    51.89     1.66E-002    8.32E-004
   88  2120.87  1.92E+002    33.85     1.66E-002    8.32E-004
   89  2206.56  7.19E+002    41.87     1.66E-002    8.32E-004


M = First peak in a multiplet region
m = Other peak in a multiplet region
F = Fitted singlet

Errors quoted at  1.000 sigma
Background Subtract Report             4/7/2019    2:10:24 PM      Page 25

No background subtract performed on this spectrum.
No area correction performed on this spectrum.
Nuclide Identification Report        4/7/2019    2:10:24 PM        Page 26


*************************************************************************
*****   N U C L I D E   I D E N T I F I C A T I O N   R E P O R T   *****
*************************************************************************

     Sample Title:         Sample title.                           
     Nuclide Library Used: C:\GENIE2K\CAMFILES\MGS_2_Cal_and_Au_Act

   ....................    IDENTIFIED NUCLIDES     ....................

   Nuclide    Id       Energy   Yield     Activity     Activity
   Name    Confidence  (keV)     (%)     (uCi/Unit)   Uncertainty

   Mn-54     0.969    834.85*   99.98    1.525E-006   1.242E-006
   CO-60     0.996   1173.24*   99.90    2.889E-006   1.325E-006
                     1332.50*   99.98    3.376E-006   1.067E-006
   SB-125    0.473    176.33*    6.79   -6.773E-006   6.748E-006
                      427.89*   29.40    1.609E-006   2.616E-006
                      463.38*   10.45    1.673E-005   6.378E-006
                      600.56    17.78
                      606.64*    5.02    7.450E-004   4.421E-005
                      635.90    11.32
   Eu-155    0.307     60.01     1.22
                       86.55*   30.70   -1.901E-006   2.162E-006
                      105.31    21.10
   AU-198    1.000    411.80*   95.58    6.977E-005   3.606E-006
   AU-198m   0.375    180.31    65.00
                      204.10*   50.00    5.722E-007   1.325E-006
                      214.89*   77.00    1.321E-007   8.082E-007

       * = Energy line found in the spectrum.
       Energy Tolerance :    3.000 keV
       Nuclide confidence index threshold =   0.05
       Errors quoted at  1.000 sigma

Nuclide Identification Report        4/7/2019    2:10:24 PM        Page 27


   **********   U N I D E N T I F I E D   P E A K S   **********

               Peak Locate Performed on:  4/7/2019    2:10:21 PM
               Peak Locate From Channel:      1
               Peak Locate To Channel:    65535

       Peak   Energy           Peak Size in        Peak CPS
        No.   (keV)          Counts per Second   % Uncertainty

         1    84.74             2.7893E-002           8.44
         3    92.49             5.4091E-003          37.04
         4    95.91            -1.2400E-003        -152.89
         5   155.84            -2.8232E-004        -603.66
         7   185.67             5.8586E-003          32.69
         8   195.13             2.1461E-004         677.22
        11   238.45             1.5691E-002          14.16
        12   295.13             1.4739E-002          12.55
        13   299.63             1.3992E-003         121.12
        14   306.17             1.1418E-003         110.49
        15   328.31             1.1019E-003         111.18
        16   338.06             3.3419E-003          47.08
        17   351.80             2.9965E-002           6.14
        18   360.39             2.6594E-004         387.62
        19   393.11            -9.9936E-004        -105.62
      M 20   409.58             1.8441E-003          35.79
        24   468.63             1.3093E-003          66.01
        25   487.07             1.3353E-003          73.08
        26   510.90             7.0615E-002           2.65
        27   529.98             4.0040E-004         227.82
        28   548.15             7.3913E-004         128.45
        29   562.44            -5.4620E-004        -158.46
        30   583.09             1.9145E-002           7.40
        31   591.71            -6.0214E-004        -199.36
        33   617.78             2.4339E-004         313.29
        34   641.14            -7.0082E-004        -137.48
        35   661.58             1.1414E-001           1.50
        36   680.62             3.6739E-004         218.47
        37   703.11             1.7885E-003          51.08
        38   719.19             2.6086E-003          40.97
        39   727.26             3.4129E-003          32.59
        40   732.31             1.0434E-003          94.11
        41   768.22             4.7405E-003          18.88
        42   795.08             2.9131E-003          30.67
        43   806.03             1.3252E-003          71.37
      M 44   818.45             3.3652E-004          11.15
      m 45   821.71             3.8949E-004          11.43
        47   859.96             3.1358E-003          34.87
        48   875.02            -2.7778E-004        -251.41
        49   904.70            -6.6931E-004        -110.96
        50   911.36             2.3906E-002           5.86
        51   934.20             4.4904E-003          21.11
        52   964.89             1.4172E-003          77.91
        53   969.21             1.2378E-002           7.82
        54  1000.89             2.1181E-003          37.02
        55  1120.75             1.9868E-002           6.46
        56  1155.99             2.0974E-003          67.81
        58  1208.25            -5.3333E-004        -125.38
Nuclide Identification Report        4/7/2019    2:10:24 PM        Page 28

        59  1238.58             7.8778E-003          13.04
Nuclide Identification Report        4/7/2019    2:10:24 PM        Page 29


       Peak   Energy               Peak Size in        Peak CPS
        No.   (keV)    Channel   Counts per Second   % Uncertainty

        60  1281.21             2.4185E-003          37.71
        61  1303.70             1.1861E-003          57.18
        63  1368.04             2.8604E-004         159.52
        64  1378.33             6.3262E-003          12.53
        65  1386.65             1.9183E-003          39.46
        66  1402.10             2.3370E-003          29.66
        67  1408.72             2.8170E-003          23.42
        68  1449.79             7.7259E-004          62.55
        69  1461.74             3.7343E-001           0.57
        70  1510.47             3.3578E-003          12.61
        71  1539.49             4.7470E-004          69.79
        72  1589.01             2.2420E-003          18.91
        73  1593.86             2.8552E-003          15.94
        74  1621.60             1.9440E-003          24.36
        75  1631.79             1.3505E-003          30.74
        76  1661.98             1.9935E-003          18.48
        77  1731.11             4.2006E-003          11.00
        78  1766.11             2.4124E-002           2.80
        79  1787.97             3.2326E-004          68.36
        80  1849.06             2.7887E-003          14.55
        81  1856.10             4.0261E-004          57.62
        82  1877.27            -1.2270E-004        -185.31
        83  1938.93             1.5285E-004         166.31
        84  1982.48             1.8008E-004         119.67
        85  1999.09            -2.8999E-004         -77.75
        86  2015.15             4.2855E-004          47.85
        87  2104.71             4.7640E-003          12.10
        88  2120.87             2.1295E-003          17.66
        89  2206.56             7.9846E-003           5.83

       M = First peak in a multiplet region
       m = Other peak in a multiplet region
       F = Fitted singlet

       Errors quoted at  1.000 sigma
Interference Corrected Activity Report    4/7/2019    2:10:24 PM   Page 30


*************************************************************************
*****   N U C L I D E   I D E N T I F I C A T I O N   R E P O R T   *****
*************************************************************************

     Sample Title:         Sample title.                           
     Nuclide Library Used: C:\GENIE2K\CAMFILES\MGS_2_Cal_and_Au_Act

   ....................    IDENTIFIED NUCLIDES     ....................

   Nuclide    Id       Energy    Yield     Activity     Activity
   Name    Confidence  (keV)      (%)     (uCi/Unit)   Uncertainty

   Mn-54     0.969    834.85*    99.98   1.52457E-006  1.24212E-006
   CO-60     0.996   1173.24*    99.90   2.88888E-006  1.32468E-006
                     1332.50*    99.98   3.37607E-006  1.06689E-006
   SB-125    0.473    176.33*     6.79  -6.77346E-006  6.74814E-006
                      427.89*    29.40   1.60903E-006  2.61616E-006
                      463.38*    10.45   1.67312E-005  6.37844E-006
                      600.56     17.78
                      606.64*     5.02   7.44991E-004  4.42074E-005
                      635.90     11.32
   Eu-155    0.307     60.01      1.22
                       86.55*    30.70  -1.90139E-006  2.16242E-006
                      105.31     21.10
   AU-198    1.000    411.80*    95.58   6.97746E-005  3.60560E-006
   AU-198m   0.375    180.31     65.00
                      204.10*    50.00   5.72156E-007  1.32547E-006
                      214.89*    77.00   1.32086E-007  8.08240E-007

       * = Energy line found in the spectrum.
       @ = Energy line not used for Weighted Mean Activity
       Energy Tolerance :    3.000 keV
       Nuclide confidence index threshold =   0.05
       Errors quoted at  1.000 sigma

Interference Corrected Activity Report    4/7/2019    2:10:24 PM   Page 31


*************************************************************************
*****   I N T E R F E R E N C E   C O R R E C T E D   R E P O R T   *****
*************************************************************************


                 Nuclide       Wt mean         Wt mean
       Nuclide     Id          Activity        Activity
       Name     Confidence    (uCi/Unit)      Uncertainty

       Mn-54      0.969      1.524568E-006   1.242121E-006
       CO-60      0.996      3.184387E-006   8.309110E-007
       SB-125     0.473      6.002042E-006   2.416851E-006
       Eu-155     0.307     -1.901387E-006   2.162417E-006
       AU-198     1.000      6.977456E-005   3.605595E-006
       AU-198m    0.375      2.513646E-007   6.900665E-007

       ? = nuclide is part of an undetermined solution
       X = nuclide rejected by the interference analysis
       @ = nuclide contains energy lines not used in Weighted Mean Activity

       Errors quoted at  1.000 sigma

Interference Corrected Activity Report    4/7/2019    2:10:24 PM   Page 32


   **********   U N I D E N T I F I E D   P E A K S   **********

               Peak Locate Performed on:  4/7/2019    2:10:21 PM
               Peak Locate From Channel:      1
               Peak Locate To Channel:    65535

       Peak   Energy           Peak Size in        Peak CPS
        No.   (keV)          Counts per Second   % Uncertainty

         1    84.74             2.7893E-002           8.44
         3    92.49             5.4091E-003          37.04
         4    95.91            -1.2400E-003        -152.89
         5   155.84            -2.8232E-004        -603.66
         7   185.67             5.8586E-003          32.69
         8   195.13             2.1461E-004         677.22
        11   238.45             1.5691E-002          14.16
        12   295.13             1.4739E-002          12.55
        13   299.63             1.3992E-003         121.12
        14   306.17             1.1418E-003         110.49
        15   328.31             1.1019E-003         111.18
        16   338.06             3.3419E-003          47.08
        17   351.80             2.9965E-002           6.14
        18   360.39             2.6594E-004         387.62
        19   393.11            -9.9936E-004        -105.62
      M 20   409.58             1.8441E-003          35.79
        24   468.63             1.3093E-003          66.01
        25   487.07             1.3353E-003          73.08
        26   510.90             7.0615E-002           2.65
        27   529.98             4.0040E-004         227.82
        28   548.15             7.3913E-004         128.45
        29   562.44            -5.4620E-004        -158.46
        30   583.09             1.9145E-002           7.40
        31   591.71            -6.0214E-004        -199.36
        33   617.78             2.4339E-004         313.29
        34   641.14            -7.0082E-004        -137.48
        35   661.58             1.1414E-001           1.50
        36   680.62             3.6739E-004         218.47
        37   703.11             1.7885E-003          51.08
        38   719.19             2.6086E-003          40.97
        39   727.26             3.4129E-003          32.59
        40   732.31             1.0434E-003          94.11
        41   768.22             4.7405E-003          18.88
        42   795.08             2.9131E-003          30.67
        43   806.03             1.3252E-003          71.37
      M 44   818.45             3.3652E-004          11.15
      m 45   821.71             3.8949E-004          11.43
        47   859.96             3.1358E-003          34.87
        48   875.02            -2.7778E-004        -251.41
        49   904.70            -6.6931E-004        -110.96
        50   911.36             2.3906E-002           5.86
        51   934.20             4.4904E-003          21.11
        52   964.89             1.4172E-003          77.91
        53   969.21             1.2378E-002           7.82
        54  1000.89             2.1181E-003          37.02
        55  1120.75             1.9868E-002           6.46
        56  1155.99             2.0974E-003          67.81
        58  1208.25            -5.3333E-004        -125.38
Interference Corrected Activity Report    4/7/2019    2:10:24 PM   Page 33

        59  1238.58             7.8778E-003          13.04
Interference Corrected Activity Report    4/7/2019    2:10:24 PM   Page 34


       Peak   Energy               Peak Size in        Peak CPS
        No.   (keV)    Channel   Counts per Second   % Uncertainty

        60  1281.21             2.4185E-003          37.71
        61  1303.70             1.1861E-003          57.18
        63  1368.04             2.8604E-004         159.52
        64  1378.33             6.3262E-003          12.53
        65  1386.65             1.9183E-003          39.46
        66  1402.10             2.3370E-003          29.66
        67  1408.72             2.8170E-003          23.42
        68  1449.79             7.7259E-004          62.55
        69  1461.74             3.7343E-001           0.57
        70  1510.47             3.3578E-003          12.61
        71  1539.49             4.7470E-004          69.79
        72  1589.01             2.2420E-003          18.91
        73  1593.86             2.8552E-003          15.94
        74  1621.60             1.9440E-003          24.36
        75  1631.79             1.3505E-003          30.74
        76  1661.98             1.9935E-003          18.48
        77  1731.11             4.2006E-003          11.00
        78  1766.11             2.4124E-002           2.80
        79  1787.97             3.2326E-004          68.36
        80  1849.06             2.7887E-003          14.55
        81  1856.10             4.0261E-004          57.62
        82  1877.27            -1.2270E-004        -185.31
        83  1938.93             1.5285E-004         166.31
        84  1982.48             1.8008E-004         119.67
        85  1999.09            -2.8999E-004         -77.75
        86  2015.15             4.2855E-004          47.85
        87  2104.71             4.7640E-003          12.10
        88  2120.87             2.1295E-003          17.66
        89  2206.56             7.9846E-003           5.83

       M = First peak in a multiplet region
       m = Other peak in a multiplet region
       F = Fitted singlet

       Errors quoted at  1.000 sigma
Nuclide MDA Report                      4/7/2019    2:10:24 PM     Page 35


No MDA analysis results available for reporting purposes
Nuclide MDA Report                      4/7/2019    2:10:24 PM     Page 36


No MDA analysis results available for reporting purposes
Action Level Summary Report             4/7/2019    2:10:24 PM     Page 37


No Action Level results available for reporting purposes
Auto Gain Adjust                     4/7/2019    2:10:24 PM       Page 38


*************************************************************************
*****                 A U T O  G A I N   A D J U S T                *****
*************************************************************************

Report Generated On:                               4/7/2019    2:10:24 PM


Status:                                                                 
No AGA results for reporting.


This report is valid only if a Certificate was the source of the true values.


Status:                                                                 
No AGA results for reporting.

