*************************************************************************
*****        G A M M A   S P E C T R U M    A N A L Y S I S         *****
*************************************************************************


Filename: DSA1000A                                                     

Report Generated On             : 4/9/2019    2:53:50 PM

Sample Title                    : Sample title.                          
Sample Description              :                                 
Sample Identification           :                 
Sample Type                     :                 
Sample Geometry                 :                 

Peak Locate Threshold           :  2.50
Peak Locate Range (in channels) :     1 - 65535
Peak Area Range (in channels)   :   100 -  8172
Identification Energy Tolerance :    3.000 keV

Sample Size                     :  1.000E+000 Unit    

Sample Taken On                 :                       
Acquisition Started             : 4/7/2019    2:12:23 PM

Live Time                       :   172800.0 seconds
Real Time                       :   173096.6 seconds

Dead Time                       :   0.17 %


              Energy Calibration Used Done On       : 6/23/2018 
              Efficiency Calibration Used Done On   : 2/21/2019 
              Efficiency ID                         :                        

Peak Analysis Report             4/9/2019    2:53:52 PM            Page  2


**************************************************************************
*****           P E A K    A N A L Y S I S    R E P O R T            *****
**************************************************************************


     Detector Name:  DSA1000A                        
     Sample Title:   Sample title.                                     
     Peak Analysis Performed on:  4/9/2019    2:53:52 PM
               Peak Analysis From Channel:    290
               Peak Analysis To Channel:     8192

   Peak  ROI  ROI    Peak    Energy   FWHM  Net Peak  Net Area  Continuum 
    No. start end  centroid   (keV)   (keV)  Area     Uncert.    Counts 

    1   303-  317   311.49    84.73   1.14      5372.2  293.44   2.79E+004 
    2   317-  326   321.01    87.33   0.93      -372.5  210.90   1.97E+004 
    3   334-  346   340.49    92.64   1.01      1153.9  249.97   2.33E+004 
    4   411-  419   414.98   112.96   0.27      -377.4  205.55   1.99E+004 
    5   524-  532   527.35   143.62   0.91       367.9  214.41   2.13E+004 
    6   555-  568   560.61   152.70   0.31        21.7  301.15   3.29E+004 
    7   615-  622   618.43   168.47   0.44      -147.3  189.92   1.80E+004 
    8   633-  644   640.68   174.54   0.87       409.1  256.48   2.61E+004 
    9   674-  689   681.40   185.65   1.09      1926.0  320.90   3.36E+004 
   10   721-  736   727.78   198.30   0.86       573.1  309.77   3.17E+004 
 M 11   739-  753   740.87   201.87   0.58        73.7  113.19   1.16E+004 
 m 12   739-  753   750.01   204.37   0.58       115.0  176.64   1.55E+004 
   13   785-  798   790.03   215.29   0.53      -178.6  266.66   2.59E+004 
   14   869-  882   875.28   238.54   1.09      2846.1  261.18   2.37E+004 
   15   882-  893   886.70   241.66   0.63       394.3  222.24   1.95E+004 
   16  1076- 1091  1082.65   295.12   1.35      2434.9  241.60   1.86E+004 
   17  1095- 1110  1101.05   300.14   0.58       488.4  233.73   1.80E+004 
   18  1141- 1148  1144.79   312.08   0.70       132.0  133.09   8.71E+003 
   19  1197- 1206  1201.76   327.62   0.67        70.7  152.17   1.02E+004 
 M 20  1234- 1252  1240.46   338.18   1.09       882.5  103.44   1.26E+004 
 m 21  1234- 1252  1246.88   339.93   1.09       166.2   83.03   1.25E+004 
   22  1283- 1299  1290.43   351.81   1.25      4945.2  229.93   1.53E+004 
   23  1312- 1320  1316.72   358.98   0.35         6.7  128.04   7.66E+003 
   24  1497- 1518  1510.00   411.71   1.32     10273.7  264.47   1.59E+004 
   25  1518- 1525  1521.38   414.82   0.27      -314.9  107.91   5.94E+003 
   26  1601- 1615  1608.71   438.64   0.64       260.2  170.14   9.95E+003 
   27  1730- 1738  1733.78   472.77   0.27       -29.2  107.37   5.39E+003 
   28  1757- 1766  1762.04   480.48   0.52       133.4  114.80   5.77E+003 
   29  1826- 1845  1831.38   499.39   0.71       299.8  193.18   1.06E+004 
   30  1863- 1883  1873.20   510.80   2.47     11919.0  235.02   1.19E+004 
   31  2095- 2114  2107.41   574.70   0.44        19.1  177.44   8.98E+003 
   32  2128- 2148  2138.46   583.17   1.47      3683.4  191.24   9.06E+003 
   33  2177- 2194  2184.43   595.71   0.55       218.8  158.02   7.59E+003 
   34  2224- 2244  2234.01   609.24   1.42      8251.3  197.80   8.51E+003 
   35  2303- 2319  2314.46   631.19   0.27      -118.0  141.85   6.45E+003 
   36  2415- 2434  2426.00   661.62   1.49     19421.9  212.08   7.28E+003 
   37  2477- 2491  2481.80   676.85   0.27       -66.5  122.24   5.20E+003 
   38  2661- 2674  2667.61   727.54   1.54       808.8  114.70   4.47E+003 
   39  2735- 2746  2739.69   747.20   0.45        42.1   94.82   3.57E+003 
   40  2806- 2827  2817.89   768.54   1.56       988.9  161.88   6.72E+003 
   41  2904- 2921  2915.28   795.11   1.08       675.0  129.37   4.94E+003 
   42  2952- 2966  2956.04   806.23   1.11       191.0  110.74   4.18E+003 
Peak Analysis Report             4/9/2019    2:53:52 PM            Page  3


   Peak  ROI  ROI    Peak    Energy   FWHM  Net Peak  Net Area  Continuum 
    No. start end  centroid   (keV)   (keV)  Area     Uncert.    Counts 

   43  2989- 3005  2994.51   816.73   0.47       129.2  118.76   4.46E+003 
   44  3021- 3032  3025.74   825.24   0.31        60.5   89.82   3.19E+003 
   45  3035- 3050  3042.46   829.81   0.33        37.4  113.70   4.29E+003 
   46  3060- 3073  3064.38   835.79   1.07       221.3  102.91   3.75E+003 
   47  3074- 3087  3078.54   839.65   0.41       121.4  102.02   3.73E+003 
   48  3134- 3146  3140.60   856.58   0.79        14.7   93.96   3.35E+003 
   49  3148- 3162  3155.01   860.51   1.62       547.7  108.54   3.89E+003 
   50  3328- 3350  3341.26   911.33   1.50      3874.2  157.56   5.40E+003 
   51  3374- 3396  3382.00   922.44   0.37        23.7  144.99   5.41E+003 
   52  3415- 3433  3424.89   934.15   1.69       782.6  123.72   4.29E+003 
   53  3474- 3493  3481.52   949.59   0.98       364.9  130.84   4.78E+003 
   54  3495- 3510  3502.92   955.43   0.57       -58.7  105.54   3.72E+003 
   55  3533- 3546  3537.44   964.85   1.51       440.2  101.55   3.52E+003 
   56  3548- 3562  3553.93   969.35   1.67      2117.1  110.41   3.47E+003 
   57  3667- 3679  3671.93  1001.54   0.44        26.8   89.31   3.02E+003 
   58  3896- 3906  3901.13  1064.08   0.64       105.7   74.41   2.28E+003 
   59  3947- 3967  3959.89  1080.11   1.30       125.4  125.59   4.30E+003 
   60  4093- 4118  4108.45  1120.64   1.70      3673.6  161.11   5.24E+003 
   61  4229- 4247  4236.80  1155.65   1.11       293.5  118.38   4.06E+003 
   62  4296- 4312  4303.06  1173.73   0.33       344.0  107.65   3.59E+003 
   63  4530- 4553  4541.07  1238.67   1.59      1400.4  148.63   5.17E+003 
   64  4687- 4705  4697.87  1281.44   1.27       270.1   99.15   2.83E+003 
   65  4750- 4767  4761.95  1298.93   0.33        64.1   87.16   2.31E+003 
   66  4880- 4895  4888.02  1333.32   1.85       209.9   73.69   1.73E+003 
   67  5040- 5067  5053.52  1378.48   1.85      1154.9  106.56   2.27E+003 
   68  5072- 5088  5081.25  1386.04   0.68       115.4   67.42   1.41E+003 
   69  5135- 5154  5140.98  1402.34   1.69       270.5   78.24   1.66E+003 
   70  5154- 5175  5164.53  1408.76   2.00       666.7   85.22   1.75E+003 
   71  5226- 5254  5231.05  1426.91   1.07       118.3  102.22   2.22E+003 
   72  5338- 5371  5358.93  1461.80   1.87     65798.0  278.12   2.07E+003 
   73  5480- 5500  5486.31  1496.55   0.86       109.8   57.21   8.67E+002 
   74  5527- 5546  5536.24  1510.17   1.45       415.5   59.09   8.73E+002 
   75  5637- 5653  5643.22  1539.36   0.35        61.1   46.98   6.84E+002 
   76  5653- 5670  5662.51  1544.62   0.44        55.4   47.42   6.74E+002 
   77  5789- 5815  5797.00  1581.32   1.39       351.1   61.66   7.87E+002 
   78  5818- 5833  5826.10  1589.26   1.51       421.9   46.33   5.71E+002 
   79  5834- 5856  5842.83  1593.82   2.04       377.6   63.81   9.51E+002 
   80  5936- 5954  5945.97  1621.96   1.93       244.1   47.29   5.90E+002 
   81  5975- 5991  5982.20  1631.84   1.23       225.1   44.05   5.42E+002 
   82  6086- 6103  6094.31  1662.43   1.23       193.2   43.83   5.30E+002 
   83  6338- 6359  6346.20  1731.15   1.54       745.5   54.62   5.89E+002 
   84  6460- 6487  6474.13  1766.05   2.06      4263.0   85.73   6.86E+002 
   85  6739- 6755  6747.20  1840.55   0.43        51.1   36.80   4.15E+002 
   86  6766- 6792  6778.33  1849.05   1.57       555.0   55.01   5.65E+002 
   87  6868- 6886  6875.56  1875.57   0.36        98.8   37.91   3.95E+002 
   88  7098- 7112  7103.64  1937.80   0.47        39.5   30.91   3.17E+002 
   89  7133- 7146  7140.56  1947.87   0.32        77.7   26.90   2.34E+002 
   90  7169- 7190  7175.00  1957.27   0.27       -12.5   41.54   4.61E+002 
   91  7702- 7734  7719.73  2105.89   3.06       845.3   64.95   6.59E+002 
   92  7760- 7786  7775.66  2121.14   1.24       307.1   48.14   4.57E+002 
Peak Analysis Report             4/9/2019    2:53:52 PM            Page  4


   Peak  ROI  ROI    Peak    Energy   FWHM  Net Peak  Net Area  Continuum 
    No. start end  centroid   (keV)   (keV)  Area     Uncert.    Counts 

   93  7901- 7915  7909.45  2157.65   0.41        35.4   26.04   2.23E+002 
   94  8073- 8107  8088.45  2206.48   2.02      1420.0   67.02   5.67E+002 

M = First peak in a multiplet region
m = Other peak in a multiplet region
F = Fitted singlet

Errors quoted at  1.000 sigma
Nuclide Identification Report        4/9/2019    2:53:53 PM        Page  5


No nuclide identification results available for reporting purposes
*************************************************************************
*****        G A M M A   S P E C T R U M    A N A L Y S I S         *****
*************************************************************************


Filename: DSA1000A                                                     

Report Generated On             : 4/9/2019    2:53:54 PM

Sample Title                    : Sample title.                          
Sample Description              :                                 
Sample Identification           :                 
Sample Type                     :                 
Sample Geometry                 :                 

Peak Locate Threshold           :  2.50
Peak Locate Range (in channels) :     1 - 65535
Peak Area Range (in channels)   :   290 -  8192
Identification Energy Tolerance :    3.000 keV

Sample Size                     :  1.000E+000 Unit    

Sample Taken On                 :                       
Acquisition Started             : 4/7/2019    2:12:23 PM

Live Time                       :   172800.0 seconds
Real Time                       :   173096.6 seconds

Dead Time                       :   0.17 %


              Energy Calibration Used Done On       : 6/23/2018 
              Efficiency Calibration Used Done On   : 2/21/2019 
              Efficiency ID                         :                        

Energy Calibration Report            4/9/2019    2:53:54 PM       Page  6


**************************************************************************
*****       E N E R G Y   C A L I B R A T I O N   R E P O R T        *****
**************************************************************************

     Detector Name:  DSA1000A                        
     Sample Title:   Sample title.                                     

       *************  ENERGY CALIBRATION COEFFICIENTS  *************

               Energy Calibrate Performed on:  6/23/2018  12:56:08 PM
                       by:                       
               Energy Calibrate Type:          POLY    

   Energy(keV) =    -0.253 +     0.273*ch +  0.00E+000*ch^2 +  0.00E+000*ch^3

       *************  SHAPE CALIBRATION COEFFICIENTS   *************

               Shape Calibrate Performed on:  6/23/2018  12:56:08 PM
                       by:                        

               FWHM     =     0.795  +   0.026*E^1/2

               LOW TAIL =   0.0E+000 +  0.0E+000*E

****************     ENERGY CALIBRATION RESULTS TABLE     ****************

                    Centroid      Centroid         Energy
                    Channel       error            (keV )
                      220.59        0.07             60.01
                      317.99        0.02             86.54
                      386.80        0.01            105.31
                      451.84        0.03            122.06
                     2426.14        0.01            661.66
                     3062.96        0.38            834.83

       *********     SHAPE CALIBRATION RESULTS TABLE      *********

             Energy     FWHM       FWHM         TAIL        TAIL
             (keV )     channels   error        channels    error
               60.01      3.13      0.17           0.00      0.00
               86.54      3.87      0.04           0.00      0.00
              105.31      3.88      0.01           0.00      0.00
              122.06      3.92      0.07           0.00      0.00
              661.66      5.34      0.01           0.00      0.00
              834.83      1.36      0.55           0.00      0.00
Efficiency Calibration Report             4/9/2019    2:53:54 PM   Page  7


**************************************************************************
*****   E F F I C I E N C Y   C A L I B R A T I O N    R E P O R T   *****
**************************************************************************

     Detector Name:  DSA1000A                        
     Sample Title:   Sample title.                                     

     Geometry Description:                 
     Efficiency Calibration Performed on:  2/21/2019   3:50:31 PM
                       by:                         
     Geometry Type Used:   INTERPOL        

                            Efficiency Triplets
                            ===================

                   Energy         Efficiency        Error

                     60.01         1.99E-002      1.47E-003
                     86.55         7.35E-002      3.68E-003
                    105.31         9.20E-002      4.60E-003
                    176.33         9.74E-002      4.89E-003
                    427.89         4.81E-002      2.41E-003
                    463.38         4.48E-002      2.26E-003
                    600.56         3.53E-002      1.77E-003
                    606.64         3.50E-002      1.78E-003
                    635.90         3.41E-002      1.72E-003
                    834.85         2.61E-002      1.38E-003
                   1173.24         1.85E-002      9.27E-004
                   1332.50         1.66E-002      8.32E-004

                      DUAL Efficiency Calibration Equation
                      ====================================

         Single Equation Terms ->   Offset:     -594.233
                                     Slope:      481.755
                                 Quadratic:     -156.075
                                     Cubic:       25.207
                                 4th Order:       -2.032
                                 5th Order:        0.065
                                 6th Order:        0.000
                                 7th Order:        0.000
                                 8th Order:        0.000
                                 9th Order:        0.000
Efficiency Calibration Report             4/9/2019    2:53:54 PM   Page  8


                      EMPIRICAL Efficiency Calibration Equation
                      =========================================

      Empirical Equation Terms ->  Scaling:      696.255
                                    Offset:       -3.475
                                     Slope:        0.951
                                 Quadratic:       -0.096
                                     Cubic:       -0.022
                                 4th Order:        0.109
                                 5th Order:       -0.065

                      LINEAR Efficiency Calibration Equation
                      ======================================

         Linear Equation Terms ->   Offset:       -0.000
                                     Slope:       -1.666
                                 Quadratic:      257.368
                                     Cubic:   -32179.611
                                 4th Order:  1699257.375
                                 5th Order:  -41984524.0
                                 6th Order:        0.000
                                 7th Order:        0.000
                                 8th Order:        0.000
                                 9th Order:        0.000
Peak-to-Total Calibration Report          4/9/2019    2:53:54 PM   Page  9


**************************************************************************
**   P E A K - T O - T O T A L   C A L I B R A T I O N   R E P O R T   ***
**************************************************************************

     Detector Name:  DSA1000A                        
     Sample Title:   Sample title.                                     


                  Peak-to-Total Calibration Equation
                  =============================================

                                 No Peak-to-Total Equation

Peak Locate Analysis Report             4/9/2019    2:53:54 PM     Page 10

**************************************************************************
*****             P E A K    L O C A T E    R E P O R T              *****
**************************************************************************

     Detector Name:  DSA1000A                        
     Sample Title:   Sample title.                                     
               Peak Locate Performed on:  4/9/2019    2:53:51 PM
               Peak Locate From Channel:      1
               Peak Locate To Channel:    65535
               Peak Search Sensitivity:     2.50

     Peak   Centroid    Centroid     Energy       Peak
      No.    Channel   Uncertainty   (keV)    Significance

       1      311.49      <NA>         84.73      <NA> 
       2      321.01      <NA>         87.33      <NA> 
       3      340.49      <NA>         92.64      <NA> 
       4      414.98      <NA>        112.96      <NA> 
       5      527.35      <NA>        143.62      <NA> 
       6      560.61      <NA>        152.70      <NA> 
       7      618.43      <NA>        168.47      <NA> 
       8      640.68      <NA>        174.54      <NA> 
       9      681.40      <NA>        185.65      <NA> 
      10      727.78      <NA>        198.30      <NA> 
      11      745.69      <NA>        201.87      <NA> 
      12      748.66      <NA>        204.37      <NA> 
      13      790.03      <NA>        215.29      <NA> 
      14      875.28      <NA>        238.54      <NA> 
      15      886.70      <NA>        241.66      <NA> 
      16     1082.65      <NA>        295.12      <NA> 
      17     1101.05      <NA>        300.14      <NA> 
      18     1144.79      <NA>        312.08      <NA> 
      19     1201.76      <NA>        327.62      <NA> 
      20     1239.79      <NA>        338.18      <NA> 
      21     1246.00      <NA>        339.93      <NA> 
      22     1290.43      <NA>        351.81      <NA> 
      23     1316.72      <NA>        358.98      <NA> 
      24     1510.00      <NA>        411.71      <NA> 
      25     1521.38      <NA>        414.82      <NA> 
      26     1608.71      <NA>        438.64      <NA> 
      27     1733.78      <NA>        472.77      <NA> 
      28     1762.04      <NA>        480.48      <NA> 
      29     1831.38      <NA>        499.39      <NA> 
      30     1873.20      <NA>        510.80      <NA> 
      31     2107.41      <NA>        574.70      <NA> 
      32     2138.46      <NA>        583.17      <NA> 
      33     2184.43      <NA>        595.71      <NA> 
      34     2234.01      <NA>        609.24      <NA> 
      35     2314.46      <NA>        631.19      <NA> 
      36     2426.00      <NA>        661.62      <NA> 
      37     2481.80      <NA>        676.85      <NA> 
      38     2667.61      <NA>        727.54      <NA> 
      39     2739.69      <NA>        747.20      <NA> 
      40     2817.89      <NA>        768.54      <NA> 
      41     2915.28      <NA>        795.11      <NA> 
Peak Locate Analysis Report             4/9/2019    2:53:54 PM     Page 11


     Peak   Centroid    Centroid     Energy       Peak
      No.    Channel   Uncertainty   (keV)    Significance

      42     2956.04      <NA>        806.23      <NA> 
      43     2994.51      <NA>        816.73      <NA> 
      44     3025.74      <NA>        825.24      <NA> 
      45     3042.46      <NA>        829.81      <NA> 
      46     3064.38      <NA>        835.79      <NA> 
      47     3078.54      <NA>        839.65      <NA> 
      48     3140.60      <NA>        856.58      <NA> 
      49     3155.01      <NA>        860.51      <NA> 
      50     3341.26      <NA>        911.33      <NA> 
      51     3382.00      <NA>        922.44      <NA> 
      52     3424.89      <NA>        934.15      <NA> 
      53     3481.52      <NA>        949.59      <NA> 
      54     3502.92      <NA>        955.43      <NA> 
      55     3537.44      <NA>        964.85      <NA> 
      56     3553.93      <NA>        969.35      <NA> 
      57     3671.93      <NA>       1001.54      <NA> 
      58     3901.13      <NA>       1064.08      <NA> 
      59     3959.89      <NA>       1080.11      <NA> 
      60     4108.45      <NA>       1120.64      <NA> 
      61     4236.80      <NA>       1155.65      <NA> 
      62     4303.06      <NA>       1173.73      <NA> 
      63     4541.07      <NA>       1238.67      <NA> 
      64     4697.87      <NA>       1281.44      <NA> 
      65     4761.95      <NA>       1298.93      <NA> 
      66     4888.02      <NA>       1333.32      <NA> 
      67     5053.52      <NA>       1378.48      <NA> 
      68     5081.25      <NA>       1386.04      <NA> 
      69     5140.98      <NA>       1402.34      <NA> 
      70     5164.53      <NA>       1408.76      <NA> 
      71     5231.05      <NA>       1426.91      <NA> 
      72     5358.93      <NA>       1461.80      <NA> 
      73     5486.31      <NA>       1496.55      <NA> 
      74     5536.24      <NA>       1510.17      <NA> 
      75     5643.22      <NA>       1539.36      <NA> 
      76     5662.51      <NA>       1544.62      <NA> 
      77     5797.00      <NA>       1581.32      <NA> 
      78     5826.10      <NA>       1589.26      <NA> 
      79     5842.83      <NA>       1593.82      <NA> 
      80     5945.97      <NA>       1621.96      <NA> 
      81     5982.20      <NA>       1631.84      <NA> 
      82     6094.31      <NA>       1662.43      <NA> 
      83     6346.20      <NA>       1731.15      <NA> 
      84     6474.13      <NA>       1766.05      <NA> 
      85     6747.20      <NA>       1840.55      <NA> 
      86     6778.33      <NA>       1849.05      <NA> 
      87     6875.56      <NA>       1875.57      <NA> 
      88     7103.64      <NA>       1937.80      <NA> 
      89     7140.56      <NA>       1947.87      <NA> 
      90     7175.00      <NA>       1957.27      <NA> 
      91     7719.73      <NA>       2105.89      <NA> 
Peak Locate Analysis Report             4/9/2019    2:53:54 PM     Page 12


     Peak   Centroid    Centroid     Energy       Peak
      No.    Channel   Uncertainty   (keV)    Significance

      92     7775.66      <NA>       2121.14      <NA> 
      93     7909.45      <NA>       2157.65      <NA> 
      94     8088.45      <NA>       2206.48      <NA> 

? = Adjacent peak noted

Errors quoted at  1.000 sigma
Peak Analysis Report             4/9/2019    2:53:54 PM            Page 13


**************************************************************************
*****           P E A K    A N A L Y S I S    R E P O R T            *****
**************************************************************************


     Detector Name:  DSA1000A                        
     Sample Title:   Sample title.                                     
     Peak Analysis Performed on:  4/9/2019    2:53:52 PM
               Peak Analysis From Channel:    290
               Peak Analysis To Channel:     8192

   Peak  ROI  ROI    Peak    Energy   FWHM  Net Peak  Net Area  Continuum 
    No. start end  centroid   (keV)   (keV)  Area     Uncert.    Counts 

    1   303-  317   311.49    84.73   1.14      5372.2  293.44   2.79E+004 
    2   317-  326   321.01    87.33   0.93      -372.5  210.90   1.97E+004 
    3   334-  346   340.49    92.64   1.01      1153.9  249.97   2.33E+004 
    4   411-  419   414.98   112.96   0.27      -377.4  205.55   1.99E+004 
    5   524-  532   527.35   143.62   0.91       367.9  214.41   2.13E+004 
    6   555-  568   560.61   152.70   0.31        21.7  301.15   3.29E+004 
    7   615-  622   618.43   168.47   0.44      -147.3  189.92   1.80E+004 
    8   633-  644   640.68   174.54   0.87       409.1  256.48   2.61E+004 
    9   674-  689   681.40   185.65   1.09      1926.0  320.90   3.36E+004 
   10   721-  736   727.78   198.30   0.86       573.1  309.77   3.17E+004 
 M 11   739-  753   740.87   201.87   0.58        73.7  113.19   1.16E+004 
 m 12   739-  753   750.01   204.37   0.58       115.0  176.64   1.55E+004 
   13   785-  798   790.03   215.29   0.53      -178.6  266.66   2.59E+004 
   14   869-  882   875.28   238.54   1.09      2846.1  261.18   2.37E+004 
   15   882-  893   886.70   241.66   0.63       394.3  222.24   1.95E+004 
   16  1076- 1091  1082.65   295.12   1.35      2434.9  241.60   1.86E+004 
   17  1095- 1110  1101.05   300.14   0.58       488.4  233.73   1.80E+004 
   18  1141- 1148  1144.79   312.08   0.70       132.0  133.09   8.71E+003 
   19  1197- 1206  1201.76   327.62   0.67        70.7  152.17   1.02E+004 
 M 20  1234- 1252  1240.46   338.18   1.09       882.5  103.44   1.26E+004 
 m 21  1234- 1252  1246.88   339.93   1.09       166.2   83.03   1.25E+004 
   22  1283- 1299  1290.43   351.81   1.25      4945.2  229.93   1.53E+004 
   23  1312- 1320  1316.72   358.98   0.35         6.7  128.04   7.66E+003 
   24  1497- 1518  1510.00   411.71   1.32     10273.7  264.47   1.59E+004 
   25  1518- 1525  1521.38   414.82   0.27      -314.9  107.91   5.94E+003 
   26  1601- 1615  1608.71   438.64   0.64       260.2  170.14   9.95E+003 
   27  1730- 1738  1733.78   472.77   0.27       -29.2  107.37   5.39E+003 
   28  1757- 1766  1762.04   480.48   0.52       133.4  114.80   5.77E+003 
   29  1826- 1845  1831.38   499.39   0.71       299.8  193.18   1.06E+004 
   30  1863- 1883  1873.20   510.80   2.47     11919.0  235.02   1.19E+004 
   31  2095- 2114  2107.41   574.70   0.44        19.1  177.44   8.98E+003 
   32  2128- 2148  2138.46   583.17   1.47      3683.4  191.24   9.06E+003 
   33  2177- 2194  2184.43   595.71   0.55       218.8  158.02   7.59E+003 
   34  2224- 2244  2234.01   609.24   1.42      8251.3  197.80   8.51E+003 
   35  2303- 2319  2314.46   631.19   0.27      -118.0  141.85   6.45E+003 
   36  2415- 2434  2426.00   661.62   1.49     19421.9  212.08   7.28E+003 
   37  2477- 2491  2481.80   676.85   0.27       -66.5  122.24   5.20E+003 
   38  2661- 2674  2667.61   727.54   1.54       808.8  114.70   4.47E+003 
   39  2735- 2746  2739.69   747.20   0.45        42.1   94.82   3.57E+003 
   40  2806- 2827  2817.89   768.54   1.56       988.9  161.88   6.72E+003 
   41  2904- 2921  2915.28   795.11   1.08       675.0  129.37   4.94E+003 
   42  2952- 2966  2956.04   806.23   1.11       191.0  110.74   4.18E+003 
Peak Analysis Report             4/9/2019    2:53:54 PM            Page 14


   Peak  ROI  ROI    Peak    Energy   FWHM  Net Peak  Net Area  Continuum 
    No. start end  centroid   (keV)   (keV)  Area     Uncert.    Counts 

   43  2989- 3005  2994.51   816.73   0.47       129.2  118.76   4.46E+003 
   44  3021- 3032  3025.74   825.24   0.31        60.5   89.82   3.19E+003 
   45  3035- 3050  3042.46   829.81   0.33        37.4  113.70   4.29E+003 
   46  3060- 3073  3064.38   835.79   1.07       221.3  102.91   3.75E+003 
   47  3074- 3087  3078.54   839.65   0.41       121.4  102.02   3.73E+003 
   48  3134- 3146  3140.60   856.58   0.79        14.7   93.96   3.35E+003 
   49  3148- 3162  3155.01   860.51   1.62       547.7  108.54   3.89E+003 
   50  3328- 3350  3341.26   911.33   1.50      3874.2  157.56   5.40E+003 
   51  3374- 3396  3382.00   922.44   0.37        23.7  144.99   5.41E+003 
   52  3415- 3433  3424.89   934.15   1.69       782.6  123.72   4.29E+003 
   53  3474- 3493  3481.52   949.59   0.98       364.9  130.84   4.78E+003 
   54  3495- 3510  3502.92   955.43   0.57       -58.7  105.54   3.72E+003 
   55  3533- 3546  3537.44   964.85   1.51       440.2  101.55   3.52E+003 
   56  3548- 3562  3553.93   969.35   1.67      2117.1  110.41   3.47E+003 
   57  3667- 3679  3671.93  1001.54   0.44        26.8   89.31   3.02E+003 
   58  3896- 3906  3901.13  1064.08   0.64       105.7   74.41   2.28E+003 
   59  3947- 3967  3959.89  1080.11   1.30       125.4  125.59   4.30E+003 
   60  4093- 4118  4108.45  1120.64   1.70      3673.6  161.11   5.24E+003 
   61  4229- 4247  4236.80  1155.65   1.11       293.5  118.38   4.06E+003 
   62  4296- 4312  4303.06  1173.73   0.33       344.0  107.65   3.59E+003 
   63  4530- 4553  4541.07  1238.67   1.59      1400.4  148.63   5.17E+003 
   64  4687- 4705  4697.87  1281.44   1.27       270.1   99.15   2.83E+003 
   65  4750- 4767  4761.95  1298.93   0.33        64.1   87.16   2.31E+003 
   66  4880- 4895  4888.02  1333.32   1.85       209.9   73.69   1.73E+003 
   67  5040- 5067  5053.52  1378.48   1.85      1154.9  106.56   2.27E+003 
   68  5072- 5088  5081.25  1386.04   0.68       115.4   67.42   1.41E+003 
   69  5135- 5154  5140.98  1402.34   1.69       270.5   78.24   1.66E+003 
   70  5154- 5175  5164.53  1408.76   2.00       666.7   85.22   1.75E+003 
   71  5226- 5254  5231.05  1426.91   1.07       118.3  102.22   2.22E+003 
   72  5338- 5371  5358.93  1461.80   1.87     65798.0  278.12   2.07E+003 
   73  5480- 5500  5486.31  1496.55   0.86       109.8   57.21   8.67E+002 
   74  5527- 5546  5536.24  1510.17   1.45       415.5   59.09   8.73E+002 
   75  5637- 5653  5643.22  1539.36   0.35        61.1   46.98   6.84E+002 
   76  5653- 5670  5662.51  1544.62   0.44        55.4   47.42   6.74E+002 
   77  5789- 5815  5797.00  1581.32   1.39       351.1   61.66   7.87E+002 
   78  5818- 5833  5826.10  1589.26   1.51       421.9   46.33   5.71E+002 
   79  5834- 5856  5842.83  1593.82   2.04       377.6   63.81   9.51E+002 
   80  5936- 5954  5945.97  1621.96   1.93       244.1   47.29   5.90E+002 
   81  5975- 5991  5982.20  1631.84   1.23       225.1   44.05   5.42E+002 
   82  6086- 6103  6094.31  1662.43   1.23       193.2   43.83   5.30E+002 
   83  6338- 6359  6346.20  1731.15   1.54       745.5   54.62   5.89E+002 
   84  6460- 6487  6474.13  1766.05   2.06      4263.0   85.73   6.86E+002 
   85  6739- 6755  6747.20  1840.55   0.43        51.1   36.80   4.15E+002 
   86  6766- 6792  6778.33  1849.05   1.57       555.0   55.01   5.65E+002 
   87  6868- 6886  6875.56  1875.57   0.36        98.8   37.91   3.95E+002 
   88  7098- 7112  7103.64  1937.80   0.47        39.5   30.91   3.17E+002 
   89  7133- 7146  7140.56  1947.87   0.32        77.7   26.90   2.34E+002 
   90  7169- 7190  7175.00  1957.27   0.27       -12.5   41.54   4.61E+002 
   91  7702- 7734  7719.73  2105.89   3.06       845.3   64.95   6.59E+002 
   92  7760- 7786  7775.66  2121.14   1.24       307.1   48.14   4.57E+002 
Peak Analysis Report             4/9/2019    2:53:54 PM            Page 15


   Peak  ROI  ROI    Peak    Energy   FWHM  Net Peak  Net Area  Continuum 
    No. start end  centroid   (keV)   (keV)  Area     Uncert.    Counts 

   93  7901- 7915  7909.45  2157.65   0.41        35.4   26.04   2.23E+002 
   94  8073- 8107  8088.45  2206.48   2.02      1420.0   67.02   5.67E+002 

M = First peak in a multiplet region
m = Other peak in a multiplet region
F = Fitted singlet

Errors quoted at  1.000 sigma
Peak Analysis Report                    4/9/2019    2:53:55 PM          Page 16


*******************************************************************************
*****  S T A N D A R D   V M S   P E A K   A N A L Y S I S   R E P O R T  *****
*******************************************************************************

        Configuration Title:                                         
        Spectrum Title:              Sample title.            
        Peak Analysis Performed on:  4/9/19    2:53:52 PM
        Peak Analysis From Channel:    290    To Channel:     8192
        Peak Search Sensitivity:      2.50    Gaussian Sensitivity:  1.00
        Max Iterations: 15  Fit Singlets: No  Critical Level Test: No 
        Use Fixed FWHM: No  FWHM Reject:  No  FWHM Reject Ratio:  0.00 
        Peak Fit Engine Name: PANOLIN1        Continuum Type: STEP   

   Pk IT  Energy      Area   Bkgnd  FWHM Channel  Left  PW  Cts/Sec  %err   Fit

    1  0    84.73     5372   27947  1.14  311.49   303  15 3.1E-002   5.5   0.0
    2  0    87.33     -372   19726  0.93  321.01   317  10-2.2E-003 -56.6   0.0
    3  0    92.64     1154   23299  1.01  340.49   334  13 6.7E-003  21.7   0.0
    4  0   112.96     -377   19911  0.27  414.98   411   9-2.2E-003 -54.5   0.0
    5  0   143.62      368   21303  0.91  527.35   524   9 2.1E-003  58.3   0.0
    6  0   152.70       22   32873  0.31  560.61   555  14 1.3E-004 1390.   0.0
    7  0   168.47     -147   17967  0.44  618.43   615   8-8.5E-004 -129.   0.0
    8  0   174.54      409   26067  0.87  640.68   633  12 2.4E-003  62.7   0.0
    9  0   185.65     1926   33605  1.09  681.40   674  16 1.1E-002  16.7   0.0
   10  0   198.30      573   31717  0.86  727.78   721  16 3.3E-003  54.0   0.0
 M 11 32   201.87       74   11620  0.58  740.87   739  15 4.3E-004 153.6   0.7
 m 12 32   204.37      115   15474  0.58  750.01   739  15 6.7E-004 153.5   0.7
   13  0   215.29     -179   25852  0.53  790.03   785  14-1.0E-003 -149.   0.0
   14  0   238.54     2846   23668  1.09  875.28   869  14 1.6E-002   9.2   0.0
   15  0   241.66      394   19520  0.63  886.70   882  12 2.3E-003  56.4   0.0
   16  0   295.12     2435   18584  1.35 1082.65  1076  16 1.4E-002   9.9   0.0
   17  0   300.14      488   17996  0.58 1101.05  1095  16 2.8E-003  47.9   0.0
   18  0   312.08      132    8713  0.70 1144.79  1141   8 7.6E-004 100.8   0.0
   19  0   327.62       71   10209  0.67 1201.76  1197  10 4.1E-004 215.1   0.0
 M 20  7   338.18      883   12625  1.09 1240.46  1234  19 5.1E-003  11.7   1.3
 m 21  7   339.93      166   12497  1.09 1246.88  1234  19 9.6E-004  50.0   1.3
   22  0   351.81     4945   15287  1.25 1290.43  1283  17 2.9E-002   4.6   0.0
   23  0   358.98        7    7658  0.35 1316.72  1312   9 3.9E-005 1912.   0.0
   24  0   411.71    10274   15898  1.32 1510.00  1497  22 5.9E-002   2.6   0.0
   25  0   414.82     -315    5938  0.27 1521.38  1518   8-1.8E-003 -34.3   0.0
   26  0   438.64      260    9946  0.64 1608.71  1601  15 1.5E-003  65.4   0.0
   27  0   472.77      -29    5393  0.27 1733.78  1730   9-1.7E-004 -368.   0.0
   28  0   480.48      133    5767  0.52 1762.04  1757  10 7.7E-004  86.1   0.0
   29  0   499.39      300   10562  0.71 1831.38  1826  20 1.7E-003  64.4   0.0
   30  0   510.80    11919   11935  2.47 1873.20  1863  21 6.9E-002   2.0   0.0
   31  0   574.70       19    8978  0.44 2107.41  2095  20 1.1E-004 930.0   0.0
   32  0   583.17     3683    9062  1.47 2138.46  2128  21 2.1E-002   5.2   0.0
   33  0   595.71      219    7588  0.55 2184.43  2177  18 1.3E-003  72.2   0.0
   34  0   609.24     8251    8509  1.42 2234.01  2224  21 4.8E-002   2.4   0.0
   35  0   631.19     -118    6446  0.27 2314.46  2303  17-6.8E-004 -120.   0.0
   36  0   661.62    19422    7284  1.49 2426.00  2415  20 1.1E-001   1.1   0.0
   37  0   676.85      -66    5204  0.27 2481.80  2477  15-3.8E-004 -184.   0.0
   38  0   727.54      809    4469  1.54 2667.61  2661  14 4.7E-003  14.2   0.0
Peak Analysis Report                    4/9/2019    2:53:55 PM          Page 17


   Pk IT  Energy      Area   Bkgnd  FWHM Channel  Left  PW  Cts/Sec  %err   Fit

   39  0   747.20       42    3567  0.45 2739.69  2735  12 2.4E-004 225.3   0.0
   40  0   768.54      989    6719  1.56 2817.89  2806  22 5.7E-003  16.4   0.0
   41  0   795.11      675    4938  1.08 2915.28  2904  18 3.9E-003  19.2   0.0
   42  0   806.23      191    4178  1.11 2956.04  2952  15 1.1E-003  58.0   0.0
   43  0   816.73      129    4464  0.47 2994.51  2989  17 7.5E-004  91.9   0.0
   44  0   825.24       60    3192  0.31 3025.74  3021  12 3.5E-004 148.5   0.0
   45  0   829.81       37    4288  0.33 3042.46  3035  16 2.2E-004 303.9   0.0
   46  0   835.79      221    3753  1.07 3064.38  3060  14 1.3E-003  46.5   0.0
   47  0   839.65      121    3727  0.41 3078.54  3074  14 7.0E-004  84.0   0.0
   48  0   856.58       15    3350  0.79 3140.60  3134  13 8.5E-005 639.0   0.0
   49  0   860.51      548    3894  1.62 3155.01  3148  15 3.2E-003  19.8   0.0
   50  0   911.33     3874    5402  1.50 3341.26  3328  23 2.2E-002   4.1   0.0
   51  0   922.44       24    5408  0.37 3382.00  3374  23 1.4E-004 612.2   0.0
   52  0   934.15      783    4294  1.69 3424.89  3415  19 4.5E-003  15.8   0.0
   53  0   949.59      365    4777  0.98 3481.52  3474  20 2.1E-003  35.9   0.0
   54  0   955.43      -59    3721  0.57 3502.92  3495  16-3.4E-004 -179.   0.0
   55  0   964.85      440    3520  1.51 3537.44  3533  14 2.5E-003  23.1   0.0
   56  0   969.35     2117    3467  1.67 3553.93  3548  15 1.2E-002   5.2   0.0
   57  0  1001.54       27    3016  0.44 3671.93  3667  13 1.6E-004 332.9   0.0
   58  0  1064.08      106    2277  0.64 3901.13  3896  11 6.1E-004  70.4   0.0
   59  0  1080.11      125    4302  1.30 3959.89  3947  21 7.3E-004 100.1   0.0
   60  0  1120.64     3674    5237  1.70 4108.45  4093  26 2.1E-002   4.4   0.0
   61  0  1155.65      294    4056  1.11 4236.80  4229  19 1.7E-003  40.3   0.0
   62  0  1173.73      344    3589  0.33 4303.06  4296  17 2.0E-003  31.3   0.0
   63  0  1238.67     1400    5168  1.59 4541.07  4530  24 8.1E-003  10.6   0.0
   64  0  1281.44      270    2831  1.27 4697.87  4687  19 1.6E-003  36.7   0.0
   65  0  1298.93       64    2315  0.33 4761.95  4750  18 3.7E-004 136.0   0.0
   66  0  1333.32      210    1733  1.85 4888.02  4880  16 1.2E-003  35.1   0.0
   67  0  1378.48     1155    2266  1.85 5053.52  5040  28 6.7E-003   9.2   0.0
   68  0  1386.04      115    1411  0.68 5081.25  5072  17 6.7E-004  58.4   0.0
   69  0  1402.34      271    1655  1.69 5140.98  5135  20 1.6E-003  28.9   0.0
   70  0  1408.76      667    1754  2.00 5164.53  5154  22 3.9E-003  12.8   0.0
   71  0  1426.91      118    2222  1.07 5231.05  5226  29 6.8E-004  86.4   0.0
   72  0  1461.80    65798    2066  1.87 5358.93  5338  34 3.8E-001   0.4   0.0
   73  0  1496.55      110     867  0.86 5486.31  5480  21 6.4E-004  52.1   0.0
   74  0  1510.17      416     873  1.45 5536.24  5527  20 2.4E-003  14.2   0.0
   75  0  1539.36       61     684  0.35 5643.22  5637  17 3.5E-004  76.9   0.0
   76  0  1544.62       55     674  0.44 5662.51  5653  18 3.2E-004  85.5   0.0
   77  0  1581.32      351     787  1.39 5797.00  5789  27 2.0E-003  17.6   0.0
   78  0  1589.26      422     571  1.51 5826.10  5818  16 2.4E-003  11.0   0.0
   79  0  1593.82      378     951  2.04 5842.83  5834  23 2.2E-003  16.9   0.0
   80  0  1621.96      244     590  1.93 5945.97  5936  19 1.4E-003  19.4   0.0
   81  0  1631.84      225     542  1.23 5982.20  5975  17 1.3E-003  19.6   0.0
   82  0  1662.43      193     530  1.23 6094.31  6086  18 1.1E-003  22.7   0.0
   83  0  1731.15      745     589  1.54 6346.20  6338  22 4.3E-003   7.3   0.0
   84  0  1766.05     4263     686  2.06 6474.13  6460  28 2.5E-002   2.0   0.0
   85  0  1840.55       51     415  0.43 6747.20  6739  17 3.0E-004  72.0   0.0
   86  0  1849.05      555     565  1.57 6778.33  6766  27 3.2E-003   9.9   0.0
   87  0  1875.57       99     395  0.36 6875.56  6868  19 5.7E-004  38.4   0.0
   88  0  1937.80       40     317  0.47 7103.64  7098  15 2.3E-004  78.2   0.0
   89  0  1947.87       78     234  0.32 7140.56  7133  14 4.5E-004  34.6   0.0
Peak Analysis Report                    4/9/2019    2:53:55 PM          Page 18


   Pk IT  Energy      Area   Bkgnd  FWHM Channel  Left  PW  Cts/Sec  %err   Fit

   90  0  1957.27      -12     461  0.27 7175.00  7169  22-7.2E-005 -332.   0.0
   91  0  2105.89      845     659  3.06 7719.73  7702  33 4.9E-003   7.7   0.0
   92  0  2121.14      307     457  1.24 7775.66  7760  27 1.8E-003  15.7   0.0
   93  0  2157.65       35     223  0.41 7909.45  7901  15 2.0E-004  73.6   0.0
   94  0  2206.48     1420     567  2.02 8088.45  8073  35 8.2E-003   4.7   0.0

M = First peak in a multiplet region
m = Other peak in a multiplet region
F = Fitted singlet

Errors quoted at  1.000 sigma
Peak Analysis Report             4/9/2019    2:53:55 PM            Page 19


**************************************************************************
*****           P E A K    A N A L Y S I S    R E P O R T            *****
**************************************************************************


     Detector Name:  DSA1000A                        
     Sample Title:   Sample title.                                     
     Peak Analysis Performed on:  4/9/2019    2:53:52 PM
               Peak Analysis From Channel:    290
               Peak Analysis To Channel:     8192

   Peak  ROI  ROI   Energy   Net Peak Net Area  Continuum  Critical 
    No. start end    (keV)     Area    Uncert.    Counts     Level

    1   303-  317    84.73      5372.2  293.44   2.79E+004  4.67E+002 
    2   317-  326    87.33      -372.5  210.90   1.97E+004  3.48E+002 
    3   334-  346    92.64      1153.9  249.97   2.33E+004  4.07E+002 
    4   411-  419   112.96      -377.4  205.55   1.99E+004  3.40E+002 
    5   524-  532   143.62       367.9  214.41   2.13E+004  3.51E+002 
    6   555-  568   152.70        21.7  301.15   3.29E+004  4.95E+002 
    7   615-  622   168.47      -147.3  189.92   1.80E+004  3.13E+002 
    8   633-  644   174.54       409.1  256.48   2.61E+004  4.21E+002 
    9   674-  689   185.65      1926.0  320.90   3.36E+004  5.23E+002 
   10   721-  736   198.30       573.1  309.77   3.17E+004  5.08E+002 
 M 11   739-  753   201.87        73.7  113.19   1.16E+004  2.51E+002 
 m 12   739-  753   204.37       115.0  176.64   1.55E+004  2.89E+002 
   13   785-  798   215.29      -178.6  266.66   2.59E+004  4.39E+002 
   14   869-  882   238.54      2846.1  261.18   2.37E+004  4.21E+002 
   15   882-  893   241.66       394.3  222.24   1.95E+004  3.64E+002 
   16  1076- 1091   295.12      2434.9  241.60   1.86E+004  3.89E+002 
   17  1095- 1110   300.14       488.4  233.73   1.80E+004  3.83E+002 
   18  1141- 1148   312.08       132.0  133.09   8.71E+003  2.18E+002 
   19  1197- 1206   327.62        70.7  152.17   1.02E+004  2.50E+002 
 M 20  1234- 1252   338.18       882.5  103.44   1.26E+004  2.61E+002 
 m 21  1234- 1252   339.93       166.2   83.03   1.25E+004  2.60E+002 
   22  1283- 1299   351.81      4945.2  229.93   1.53E+004  3.60E+002 
   23  1312- 1320   358.98         6.7  128.04   7.66E+003  2.11E+002 
   24  1497- 1518   411.71     10273.7  264.47   1.59E+004  4.02E+002 
   25  1518- 1525   414.82      -314.9  107.91   5.94E+003  1.80E+002 
   26  1601- 1615   438.64       260.2  170.14   9.95E+003  2.79E+002 
   27  1730- 1738   472.77       -29.2  107.37   5.39E+003  1.77E+002 
   28  1757- 1766   480.48       133.4  114.80   5.77E+003  1.88E+002 
   29  1826- 1845   499.39       299.8  193.18   1.06E+004  3.16E+002 
   30  1863- 1883   510.80     11919.0  235.02   1.19E+004  3.42E+002 
   31  2095- 2114   574.70        19.1  177.44   8.98E+003  2.92E+002 
   32  2128- 2148   583.17      3683.4  191.24   9.06E+003  2.98E+002 
   33  2177- 2194   595.71       218.8  158.02   7.59E+003  2.59E+002 
   34  2224- 2244   609.24      8251.3  197.80   8.51E+003  2.89E+002 
   35  2303- 2319   631.19      -118.0  141.85   6.45E+003  2.34E+002 
   36  2415- 2434   661.62     19421.9  212.08   7.28E+003  2.63E+002 
   37  2477- 2491   676.85       -66.5  122.24   5.20E+003  2.02E+002 
   38  2661- 2674   727.54       808.8  114.70   4.47E+003  1.83E+002 
   39  2735- 2746   747.20        42.1   94.82   3.57E+003  1.56E+002 
   40  2806- 2827   768.54       988.9  161.88   6.72E+003  2.61E+002 
   41  2904- 2921   795.11       675.0  129.37   4.94E+003  2.08E+002 
   42  2952- 2966   806.23       191.0  110.74   4.18E+003  1.81E+002 
Peak Analysis Report             4/9/2019    2:53:55 PM            Page 20


   Peak  ROI  ROI   Energy   Net Peak Net Area  Continuum  Critical 
    No. start end    (keV)     Area    Uncert.    Counts     Level

   43  2989- 3005   816.73       129.2  118.76   4.46E+003  1.94E+002 
   44  3021- 3032   825.24        60.5   89.82   3.19E+003  1.47E+002 
   45  3035- 3050   829.81        37.4  113.70   4.29E+003  1.87E+002 
   46  3060- 3073   835.79       221.3  102.91   3.75E+003  1.68E+002 
   47  3074- 3087   839.65       121.4  102.02   3.73E+003  1.67E+002 
   48  3134- 3146   856.58        14.7   93.96   3.35E+003  1.54E+002 
   49  3148- 3162   860.51       547.7  108.54   3.89E+003  1.74E+002 
   50  3328- 3350   911.33      3874.2  157.56   5.40E+003  2.38E+002 
   51  3374- 3396   922.44        23.7  144.99   5.41E+003  2.38E+002 
   52  3415- 3433   934.15       782.6  123.72   4.29E+003  1.98E+002 
   53  3474- 3493   949.59       364.9  130.84   4.78E+003  2.13E+002 
   54  3495- 3510   955.43       -58.7  105.54   3.72E+003  1.74E+002 
   55  3533- 3546   964.85       440.2  101.55   3.52E+003  1.63E+002 
   56  3548- 3562   969.35      2117.1  110.41   3.47E+003  1.65E+002 
   57  3667- 3679  1001.54        26.8   89.31   3.02E+003  1.47E+002 
   58  3896- 3906  1064.08       105.7   74.41   2.28E+003  1.21E+002 
   59  3947- 3967  1080.11       125.4  125.59   4.30E+003  2.06E+002 
   60  4093- 4118  1120.64      3673.6  161.11   5.24E+003  2.46E+002 
   61  4229- 4247  1155.65       293.5  118.38   4.06E+003  1.93E+002 
   62  4296- 4312  1173.73       344.0  107.65   3.59E+003  1.74E+002 
   63  4530- 4553  1238.67      1400.4  148.63   5.17E+003  2.37E+002 
   64  4687- 4705  1281.44       270.1   99.15   2.83E+003  1.61E+002 
   65  4750- 4767  1298.93        64.1   87.16   2.31E+003  1.43E+002 
   66  4880- 4895  1333.32       209.9   73.69   1.73E+003  1.19E+002 
   67  5040- 5067  1378.48      1154.9  106.56   2.27E+003  1.66E+002 
   68  5072- 5088  1386.04       115.4   67.42   1.41E+003  1.09E+002 
   69  5135- 5154  1402.34       270.5   78.24   1.66E+003  1.26E+002 
   70  5154- 5175  1408.76       666.7   85.22   1.75E+003  1.34E+002 
   71  5226- 5254  1426.91       118.3  102.22   2.22E+003  1.67E+002 
   72  5338- 5371  1461.80     65798.0  278.12   2.07E+003  1.77E+002 
   73  5480- 5500  1496.55       109.8   57.21   8.67E+002  9.25E+001 
   74  5527- 5546  1510.17       415.5   59.09   8.73E+002  9.12E+001 
   75  5637- 5653  1539.36        61.1   46.98   6.84E+002  7.62E+001 
   76  5653- 5670  1544.62        55.4   47.42   6.74E+002  7.70E+001 
   77  5789- 5815  1581.32       351.1   61.66   7.87E+002  9.66E+001 
   78  5818- 5833  1589.26       421.9   46.33   5.71E+002  6.83E+001 
   79  5834- 5856  1593.82       377.6   63.81   9.51E+002  1.00E+002 
   80  5936- 5954  1621.96       244.1   47.29   5.90E+002  7.34E+001 
   81  5975- 5991  1631.84       225.1   44.05   5.42E+002  6.81E+001 
   82  6086- 6103  1662.43       193.2   43.83   5.30E+002  6.84E+001 
   83  6338- 6359  1731.15       745.5   54.62   5.89E+002  7.78E+001 
   84  6460- 6487  1766.05      4263.0   85.73   6.86E+002  9.14E+001 
   85  6739- 6755  1840.55        51.1   36.80   4.15E+002  5.94E+001 
   86  6766- 6792  1849.05       555.0   55.01   5.65E+002  8.18E+001 
   87  6868- 6886  1875.57        98.8   37.91   3.95E+002  6.02E+001 
   88  7098- 7112  1937.80        39.5   30.91   3.17E+002  4.98E+001 
   89  7133- 7146  1947.87        77.7   26.90   2.34E+002  4.18E+001 
   90  7169- 7190  1957.27       -12.5   41.54   4.61E+002  6.86E+001 
   91  7702- 7734  2105.89       845.3   64.95   6.59E+002  9.55E+001 
   92  7760- 7786  2121.14       307.1   48.14   4.57E+002  7.38E+001 
Peak Analysis Report             4/9/2019    2:53:55 PM            Page 21


   Peak  ROI  ROI   Energy   Net Peak Net Area  Continuum  Critical 
    No. start end    (keV)     Area    Uncert.    Counts     Level

   93  7901- 7915  2157.65        35.4   26.04   2.23E+002  4.17E+001 
   94  8073- 8107  2206.48      1420.0   67.02   5.67E+002  9.12E+001 

M = First peak in a multiplet region
m = Other peak in a multiplet region
F = Fitted singlet

Errors quoted at  1.000 sigma
Peak with NID Report             4/9/2019    2:53:55 PM            Page 22


**************************************************************************
*****           P E A K    W I T H   N I D    R E P O R T            *****
**************************************************************************


     Detector Name:  DSA1000A                        
     Sample Title:   Sample title.                                     
     Peak Analysis Performed on:  4/9/2019    2:53:52 PM
               Peak Analysis From Channel:    290
               Peak Analysis To Channel:     8192
     Tentative NID Library:   C:\GENIE2K\CAMFILES\NAA LIB LONG.NLB     
     Peak Match Tolerance :    3.000 keV

   Peak  ROI  ROI    Peak    Energy   Net Peak Net Area  Continuum  Tentative
    No. Start End  Centroid   (keV)     Area    Uncert.    Counts    Nuclide 

    1   303-  317   311.49    84.73  5.37E+003  293.44   2.79E+004   .....    
    2   317-  326   321.01    87.33 -3.72E+002  210.90   1.97E+004   .....    
    3   334-  346   340.49    92.64  1.15E+003  249.97   2.33E+004   ND-147   
    4   411-  419   414.98   112.96 -3.77E+002  205.55   1.99E+004   LU-177x  
                                                                     LU-177   
    5   524-  532   527.35   143.62  3.68E+002  214.41   2.13E+004   CE-141   
    6   555-  568   560.61   152.70  2.17E+001  301.15   3.29E+004   TA-182   
                                                                     LU-177x  
                                                                     RE-188   
                                                                     PA-232   
                                                                     TE-131x  
    7   615-  622   618.43   168.47 -1.47E+002  189.92   1.80E+004   PM-151   
                                                                     CE-139   
    8   633-  644   640.68   174.54  4.09E+002  256.48   2.61E+004   LU-177x  
                                                                     AS-71    
                                                                     SB-125   
                                                                     XE-127   
                                                                     YB-169   
                                                                     LU-177x  
    9   674-  689   681.40   185.65  1.93E+003  320.90   3.36E+004   HO-166   
                                                                     XE-125   
   10   721-  736   727.78   198.30  5.73E+002  309.77   3.17E+004   YB-169   
                                                                     TB-160   
                                                                     XE-129m  
                                                                     TE-131x  
 M 11   739-  753   740.87   201.87  7.37E+001  113.19   1.16E+004   XE-127   
                                                                     TE-131x  
                                                                     LU-177x  
                                                                     AU-198m  
 m 12   739-  753   750.01   204.37  1.15E+002  176.64   1.55E+004   AU-198m  
                                                                     LU-177x  
                                                                     XE-127   
   13   785-  798   790.03   215.29 -1.79E+002  266.66   2.59E+004   GE-77    
                                                                     RU-97    
                                                                     AU-198m  
                                                                     BA-131   
                                                                     LU-177x  
   14   869-  882   875.28   238.54  2.85E+003  261.18   2.37E+004   AS-77    
                                                                     TE-131x  
   15   882-  893   886.70   241.66  3.94E+002  222.24   1.95E+004   TE-131x  
                                                                     XE-125   
Peak with NID Report             4/9/2019    2:53:55 PM            Page 23

                                                                     AS-77    
   16  1076- 1091  1082.65   295.12  2.43E+003  241.60   1.86E+004   IR-192   
                                                                     LU-177x  
                                                                     CE-143   
   17  1095- 1110  1101.05   300.14  4.88E+002  233.73   1.80E+004   TB-160   
                                                                     BA-133   
   18  1141- 1148  1144.79   312.08  1.32E+002  133.09   8.71E+003   .....    
   19  1197- 1206  1201.76   327.62  7.07E+001  152.17   1.02E+004   LU-177x  
                                                                     IR-194   
                                                                     LA-140   
 M 20  1234- 1252  1240.46   338.18  8.83E+002  103.44   1.26E+004   PM-151   
                                                                     CD-115   
 m 21  1234- 1252  1246.88   339.93  1.66E+002   83.03   1.25E+004   PM-151   
   22  1283- 1299  1290.43   351.81  4.95E+003  229.93   1.53E+004   .....    
   23  1312- 1320  1316.72   358.98  6.69E+000  128.04   7.66E+003   BA-133   
   24  1497- 1518  1510.00   411.71  1.03E+004  264.47   1.59E+004   AU-198   
                                                                     HO-166   
                                                                     LU-177x  
   25  1518- 1525  1521.38   414.82 -3.15E+002  107.91   5.94E+003   LU-177x  
                                                                     GE-77    
   26  1601- 1615  1608.71   438.64  2.60E+002  170.14   9.95E+003   ZN-69m   
   27  1730- 1738  1733.78   472.77 -2.92E+001  107.37   5.39E+003   .....    
   28  1757- 1766  1762.04   480.48  1.33E+002  114.80   5.77E+003   W-187    
                                                                     HF-181   
   29  1826- 1845  1831.38   499.39  3.00E+002  193.18   1.06E+004   RU-103   
   30  1863- 1883  1873.20   510.80  1.19E+004  235.02   1.19E+004   AS-71    
                                                                     ZN-65    
   31  2095- 2114  2107.41   574.70  1.91E+001  177.44   8.98E+003   TE-121   
   32  2128- 2148  2138.46   583.17  3.68E+003  191.24   9.06E+003   PA-232   
   33  2177- 2194  2184.43   595.71  2.19E+002  158.02   7.59E+003   .....    
   34  2224- 2244  2234.01   609.24  8.25E+003  197.80   8.51E+003   RU-103   
                                                                     SB-125   
   35  2303- 2319  2314.46   631.19 -1.18E+002  141.85   6.45E+003   GE-77    
                                                                     GA-72    
   36  2415- 2434  2426.00   661.62  1.94E+004  212.08   7.28E+003   CE-143   
   37  2477- 2491  2481.80   676.85 -6.65E+001  122.24   5.20E+003   AG-110m  
   38  2661- 2674  2667.61   727.54  8.09E+002  114.70   4.47E+003   IN-114m  
Peak with NID Report             4/9/2019    2:53:55 PM            Page 24


   Peak  ROI  ROI    Peak    Energy   Net Peak Net Area  Continuum  Tentative
    No. start end  centroid   (keV)     Area    Uncert.    Counts    Nuclide 

   39  2735- 2746  2739.69   747.20  4.21E+001   94.82   3.57E+003   AG-110m  
   40  2806- 2827  2817.89   768.54  9.89E+002  161.88   6.72E+003   .....    
   41  2904- 2921  2915.28   795.11  6.75E+002  129.37   4.94E+003   CS-134   
                                                                     TE-131x  
   42  2952- 2966  2956.04   806.23  1.91E+002  110.74   4.18E+003   Ca-47    
   43  2989- 3005  2994.51   816.73  1.29E+002  118.76   4.46E+003   LA-140   
                                                                     AG-110m  
                                                                     PA-232   
   44  3021- 3032  3025.74   825.24  6.05E+001   89.82   3.19E+003   BR-82x   
   45  3035- 3050  3042.46   829.81  3.74E+001  113.70   4.29E+003   HO-166   
                                                                     BR-82x   
   46  3060- 3073  3064.38   835.79  2.21E+002  102.91   3.75E+003   GA-72    
   47  3074- 3087  3078.54   839.65  1.21E+002  102.02   3.73E+003   .....    
   48  3134- 3146  3140.60   856.58  1.47E+001   93.96   3.35E+003   .....    
   49  3148- 3162  3155.01   860.51  5.48E+002  108.54   3.89E+003   .....    
   50  3328- 3350  3341.26   911.33  3.87E+003  157.56   5.40E+003   .....    
   51  3374- 3396  3382.00   922.44  2.37E+001  144.99   5.41E+003   LA-140   
   52  3415- 3433  3424.89   934.15  7.83E+002  123.72   4.29E+003   .....    
   53  3474- 3493  3481.52   949.59  3.65E+002  130.84   4.78E+003   .....    
   54  3495- 3510  3502.92   955.43 -5.87E+001  105.54   3.72E+003   .....    
   55  3533- 3546  3537.44   964.85  4.40E+002  101.55   3.52E+003   EU-152x  
                                                                     TB-160   
   56  3548- 3562  3553.93   969.35  2.12E+003  110.41   3.47E+003   PA-232   
   57  3667- 3679  3671.93  1001.54  2.68E+001   89.31   3.02E+003   .....    
   58  3896- 3906  3901.13  1064.08  1.06E+002   74.41   2.28E+003   .....    
   59  3947- 3967  3959.89  1080.11  1.25E+002  125.59   4.30E+003   .....    
   60  4093- 4118  4108.45  1120.64  3.67E+003  161.11   5.24E+003   SC-46    
                                                                     TA-182   
   61  4229- 4247  4236.80  1155.65  2.94E+002  118.38   4.06E+003   .....    
   62  4296- 4312  4303.06  1173.73  3.44E+002  107.65   3.59E+003   CO-60    
   63  4530- 4553  4541.07  1238.67  1.40E+003  148.63   5.17E+003   .....    
   64  4687- 4705  4697.87  1281.44  2.70E+002   99.15   2.83E+003   .....    
   65  4750- 4767  4761.95  1298.93  6.41E+001   87.16   2.31E+003   Ca-47    
   66  4880- 4895  4888.02  1333.32  2.10E+002   73.69   1.73E+003   CO-60    
   67  5040- 5067  5053.52  1378.48  1.15E+003  106.56   2.27E+003   .....    
   68  5072- 5088  5081.25  1386.04  1.15E+002   67.42   1.41E+003   AG-110m  
   69  5135- 5154  5140.98  1402.34  2.71E+002   78.24   1.66E+003   .....    
   70  5154- 5175  5164.53  1408.76  6.67E+002   85.22   1.75E+003   EU-152x  
   71  5226- 5254  5231.05  1426.91  1.18E+002  102.22   2.22E+003   .....    
   72  5338- 5371  5358.93  1461.80  6.58E+004  278.12   2.07E+003   .....    
   73  5480- 5500  5486.31  1496.55  1.10E+002   57.21   8.67E+002   .....    
   74  5527- 5546  5536.24  1510.17  4.16E+002   59.09   8.73E+002   .....    
   75  5637- 5653  5643.22  1539.36  6.11E+001   46.98   6.84E+002   .....    
   76  5653- 5670  5662.51  1544.62  5.54E+001   47.42   6.74E+002   .....    
   77  5789- 5815  5797.00  1581.32  3.51E+002   61.66   7.87E+002   .....    
   78  5818- 5833  5826.10  1589.26  4.22E+002   46.33   5.71E+002   .....    
   79  5834- 5856  5842.83  1593.82  3.78E+002   63.81   9.51E+002   LA-140   
   80  5936- 5954  5945.97  1621.96  2.44E+002   47.29   5.90E+002   .....    
   81  5975- 5991  5982.20  1631.84  2.25E+002   44.05   5.42E+002   .....    
   82  6086- 6103  6094.31  1662.43  1.93E+002   43.83   5.30E+002   .....    
   83  6338- 6359  6346.20  1731.15  7.45E+002   54.62   5.89E+002   .....    
   84  6460- 6487  6474.13  1766.05  4.26E+003   85.73   6.86E+002   .....    
   85  6739- 6755  6747.20  1840.55  5.11E+001   36.80   4.15E+002   .....    
   86  6766- 6792  6778.33  1849.05  5.55E+002   55.01   5.65E+002   .....    
Peak with NID Report             4/9/2019    2:53:55 PM            Page 25

   87  6868- 6886  6875.56  1875.57  9.88E+001   37.91   3.95E+002   .....    
   88  7098- 7112  7103.64  1937.80  3.95E+001   30.91   3.17E+002   .....    
Peak with NID Report             4/9/2019    2:53:55 PM            Page 26


   Peak  ROI  ROI    Peak    Energy   Net Peak Net Area  Continuum  Tentative
    No. start end  centroid   (keV)     Area    Uncert.    Counts    Nuclide 

   89  7133- 7146  7140.56  1947.87  7.77E+001   26.90   2.34E+002   .....    
   90  7169- 7190  7175.00  1957.27 -1.25E+001   41.54   4.61E+002   .....    
   91  7702- 7734  7719.73  2105.89  8.45E+002   64.95   6.59E+002   .....    
   92  7760- 7786  7775.66  2121.14  3.07E+002   48.14   4.57E+002   .....    
   93  7901- 7915  7909.45  2157.65  3.54E+001   26.04   2.23E+002   .....    
   94  8073- 8107  8088.45  2206.48  1.42E+003   67.02   5.67E+002   .....    

M = First peak in a multiplet region
m = Other peak in a multiplet region
F = Fitted singlet

Errors quoted at  1.000 sigma
Peak Efficiency Report             4/9/2019    2:53:55 PM          Page 27


**************************************************************************
*****         P E A K    E F F I C I E N C Y    R E P O R T          *****
**************************************************************************

     Detector Name:  DSA1000A                        
     Sample Title:   Sample title.                                     
     Peak Analysis Performed on:  4/9/2019    2:53:52 PM


 Peak  Energy   Net Peak  Net Area       Peak     Efficiency
 No.   (keV)      Area   Uncertainty  Efficiency  Uncertainty

    1    84.73  5.37E+003   293.44     6.82E-002    3.49E-003
    2    87.33 -3.72E+002   210.90     7.43E-002    3.72E-003
    3    92.64  1.15E+003   249.97     7.95E-002    3.98E-003
    4   112.96 -3.77E+002   205.55     9.27E-002    4.64E-003
    5   143.62  3.68E+002   214.41     9.52E-002    4.77E-003
    6   152.70  2.17E+001   301.15     9.59E-002    4.81E-003
    7   168.47 -1.47E+002   189.92     9.69E-002    4.86E-003
    8   174.54  4.09E+002   256.48     9.73E-002    4.88E-003
    9   185.65  1.93E+003   320.90     9.35E-002    4.69E-003
   10   198.30  5.73E+002   309.77     8.87E-002    4.45E-003
 M 11   201.87  7.37E+001   113.19     8.75E-002    4.39E-003
 m 12   204.37  1.15E+002   176.64     8.66E-002    4.34E-003
   13   215.29 -1.79E+002   266.66     8.31E-002    4.17E-003
   14   238.54  2.85E+003   261.18     7.66E-002    3.84E-003
   15   241.66  3.94E+002   222.24     7.58E-002    3.80E-003
   16   295.12  2.43E+003   241.60     6.47E-002    3.24E-003
   17   300.14  4.88E+002   233.73     6.38E-002    3.20E-003
   18   312.08  1.32E+002   133.09     6.19E-002    3.10E-003
   19   327.62  7.07E+001   152.17     5.95E-002    2.98E-003
 M 20   338.18  8.83E+002   103.44     5.80E-002    2.91E-003
 m 21   339.93  1.66E+002    83.03     5.78E-002    2.90E-003
   22   351.81  4.95E+003   229.93     5.62E-002    2.82E-003
   23   358.98  6.69E+000   128.04     5.53E-002    2.77E-003
   24   411.71  1.03E+004   264.47     4.96E-002    2.49E-003
   25   414.82 -3.15E+002   107.91     4.93E-002    2.47E-003
   26   438.64  2.60E+002   170.14     4.71E-002    2.36E-003
   27   472.77 -2.92E+001   107.37     4.40E-002    2.22E-003
   28   480.48  1.33E+002   114.80     4.33E-002    2.18E-003
   29   499.39  3.00E+002   193.18     4.18E-002    2.11E-003
   30   510.80  1.19E+004   235.02     4.10E-002    2.06E-003
   31   574.70  1.91E+001   177.44     3.68E-002    1.85E-003
   32   583.17  3.68E+003   191.24     3.63E-002    1.82E-003
   33   595.71  2.19E+002   158.02     3.56E-002    1.78E-003
   34   609.24  8.25E+003   197.80     3.50E-002    1.77E-003
   35   631.19 -1.18E+002   141.85     3.42E-002    1.73E-003
   36   661.62  1.94E+004   212.08     3.28E-002    1.67E-003
   37   676.85 -6.65E+001   122.24     3.21E-002    1.64E-003
   38   727.54  8.09E+002   114.70     2.99E-002    1.54E-003
   39   747.20  4.21E+001    94.82     2.91E-002    1.51E-003
   40   768.54  9.89E+002   161.88     2.83E-002    1.47E-003
   41   795.11  6.75E+002   129.37     2.74E-002    1.43E-003
   42   806.23  1.91E+002   110.74     2.70E-002    1.42E-003
Peak Efficiency Report             4/9/2019    2:53:55 PM          Page 28


 Peak  Energy   Net Peak  Net Area       Peak     Efficiency
 No.   (keV)      Area   Uncertainty  Efficiency  Uncertainty

   43   816.73  1.29E+002   118.76     2.67E-002    1.40E-003
   44   825.24  6.05E+001    89.82     2.64E-002    1.39E-003
   45   829.81  3.74E+001   113.70     2.63E-002    1.38E-003
   46   835.79  2.21E+002   102.91     2.61E-002    1.38E-003
   47   839.65  1.21E+002   102.02     2.60E-002    1.37E-003
   48   856.58  1.47E+001    93.96     2.55E-002    1.34E-003
   49   860.51  5.48E+002   108.54     2.54E-002    1.33E-003
   50   911.33  3.87E+003   157.56     2.39E-002    1.24E-003
   51   922.44  2.37E+001   144.99     2.36E-002    1.23E-003
   52   934.15  7.83E+002   123.72     2.33E-002    1.21E-003
   53   949.59  3.65E+002   130.84     2.29E-002    1.19E-003
   54   955.43 -5.87E+001   105.54     2.28E-002    1.18E-003
   55   964.85  4.40E+002   101.55     2.26E-002    1.16E-003
   56   969.35  2.12E+003   110.41     2.25E-002    1.16E-003
   57  1001.54  2.68E+001    89.31     2.17E-002    1.11E-003
   58  1064.08  1.06E+002    74.41     2.04E-002    1.04E-003
   59  1080.11  1.25E+002   125.59     2.01E-002    1.02E-003
   60  1120.64  3.67E+003   161.11     1.94E-002    9.78E-004
   61  1155.65  2.94E+002   118.38     1.88E-002    9.43E-004
   62  1173.73  3.44E+002   107.65     1.85E-002    9.26E-004
   63  1238.67  1.40E+003   148.63     1.77E-002    8.85E-004
   64  1281.44  2.70E+002    99.15     1.72E-002    8.60E-004
   65  1298.93  6.41E+001    87.16     1.70E-002    8.50E-004
   66  1333.32  2.10E+002    73.69     1.66E-002    8.32E-004
   67  1378.48  1.15E+003   106.56     1.66E-002    8.32E-004
   68  1386.04  1.15E+002    67.42     1.66E-002    8.32E-004
   69  1402.34  2.71E+002    78.24     1.66E-002    8.32E-004
   70  1408.76  6.67E+002    85.22     1.66E-002    8.32E-004
   71  1426.91  1.18E+002   102.22     1.66E-002    8.32E-004
   72  1461.80  6.58E+004   278.12     1.66E-002    8.32E-004
   73  1496.55  1.10E+002    57.21     1.66E-002    8.32E-004
   74  1510.17  4.16E+002    59.09     1.66E-002    8.32E-004
   75  1539.36  6.11E+001    46.98     1.66E-002    8.32E-004
   76  1544.62  5.54E+001    47.42     1.66E-002    8.32E-004
   77  1581.32  3.51E+002    61.66     1.66E-002    8.32E-004
   78  1589.26  4.22E+002    46.33     1.66E-002    8.32E-004
   79  1593.82  3.78E+002    63.81     1.66E-002    8.32E-004
   80  1621.96  2.44E+002    47.29     1.66E-002    8.32E-004
   81  1631.84  2.25E+002    44.05     1.66E-002    8.32E-004
   82  1662.43  1.93E+002    43.83     1.66E-002    8.32E-004
   83  1731.15  7.45E+002    54.62     1.66E-002    8.32E-004
   84  1766.05  4.26E+003    85.73     1.66E-002    8.32E-004
   85  1840.55  5.11E+001    36.80     1.66E-002    8.32E-004
   86  1849.05  5.55E+002    55.01     1.66E-002    8.32E-004
   87  1875.57  9.88E+001    37.91     1.66E-002    8.32E-004
   88  1937.80  3.95E+001    30.91     1.66E-002    8.32E-004
   89  1947.87  7.77E+001    26.90     1.66E-002    8.32E-004
   90  1957.27 -1.25E+001    41.54     1.66E-002    8.32E-004
   91  2105.89  8.45E+002    64.95     1.66E-002    8.32E-004
   92  2121.14  3.07E+002    48.14     1.66E-002    8.32E-004
Peak Efficiency Report             4/9/2019    2:53:55 PM          Page 29


 Peak  Energy   Net Peak  Net Area       Peak     Efficiency
 No.   (keV)      Area   Uncertainty  Efficiency  Uncertainty

   93  2157.65  3.54E+001    26.04     1.66E-002    8.32E-004
   94  2206.48  1.42E+003    67.02     1.66E-002    8.32E-004


M = First peak in a multiplet region
m = Other peak in a multiplet region
F = Fitted singlet

Errors quoted at  1.000 sigma
Background Subtract Report             4/9/2019    2:53:55 PM      Page 30

No background subtract performed on this spectrum.
No area correction performed on this spectrum.
Nuclide Identification Report        4/9/2019    2:53:55 PM        Page 31


*************************************************************************
*****   N U C L I D E   I D E N T I F I C A T I O N   R E P O R T   *****
*************************************************************************

     Sample Title:         Sample title.                           
     Nuclide Library Used: C:\GENIE2K\CAMFILES\MGS_2_Cal_and_Au_Act

   ....................    IDENTIFIED NUCLIDES     ....................

   Nuclide    Id       Energy   Yield     Activity     Activity
   Name    Confidence  (keV)     (%)     (uCi/Unit)   Uncertainty

   Mn-54     0.984    834.85*   99.98    1.329E-006   6.219E-007
   CO-60     0.992   1173.24*   99.90    2.909E-006   9.218E-007
                     1332.50*   99.98    1.976E-006   7.005E-007
   Eu-155    0.306     60.01     1.22
                       86.55*   30.70   -2.555E-006   1.452E-006
                      105.31    21.10
   AU-198    1.000    411.80*   95.58    4.335E-005   2.442E-006
   AU-198m   0.435    180.31    65.00
                      204.10*   50.00    5.534E-007   8.514E-007
                      214.89*   77.00   -5.814E-007   8.687E-007

       * = Energy line found in the spectrum.
       Energy Tolerance :    3.000 keV
       Nuclide confidence index threshold =   0.05
       Errors quoted at  1.000 sigma

Nuclide Identification Report        4/9/2019    2:53:55 PM        Page 32


   **********   U N I D E N T I F I E D   P E A K S   **********

               Peak Locate Performed on:  4/9/2019    2:53:51 PM
               Peak Locate From Channel:      1
               Peak Locate To Channel:    65535

       Peak   Energy           Peak Size in        Peak CPS
        No.   (keV)          Counts per Second   % Uncertainty

         1    84.73             3.1089E-002           5.46
         3    92.64             6.6778E-003          21.66
         4   112.96            -2.1840E-003         -54.46
         5   143.62             2.1293E-003          58.27
         6   152.70             1.2533E-004        1390.57
         7   168.47            -8.5222E-004        -128.97
         8   174.54             2.3677E-003          62.69
         9   185.65             1.1146E-002          16.66
        10   198.30             3.3166E-003          54.05
      M 11   201.87             4.2633E-004         153.65
        14   238.54             1.6470E-002           9.18
        15   241.66             2.2816E-003          56.37
        16   295.12             1.4091E-002           9.92
        17   300.14             2.8262E-003          47.86
        18   312.08             7.6404E-004         100.80
        19   327.62             4.0936E-004         215.12
      M 20   338.18             5.1073E-003          11.72
      m 21   339.93             9.6166E-004          49.97
        22   351.81             2.8618E-002           4.65
        23   358.98             3.8740E-005        1912.68
        25   414.82            -1.8222E-003         -34.27
        26   438.64             1.5059E-003          65.39
        27   472.77            -1.6874E-004        -368.24
        28   480.48             7.7201E-004          86.06
        29   499.39             1.7348E-003          64.44
        30   510.80             6.8976E-002           1.97
        31   574.70             1.1041E-004         930.01
        32   583.17             2.1316E-002           5.19
        33   595.71             1.2660E-003          72.23
        34   609.24             4.7751E-002           2.40
        35   631.19            -6.8273E-004        -120.24
        36   661.62             1.1240E-001           1.09
        37   676.85            -3.8455E-004        -183.96
        38   727.54             4.6803E-003          14.18
        39   747.20             2.4357E-004         225.29
        40   768.54             5.7226E-003          16.37
        41   795.11             3.9061E-003          19.17
        42   806.23             1.1055E-003          57.97
        43   816.73             7.4796E-004          91.89
        44   825.24             3.5003E-004         148.50
        45   829.81             2.1650E-004         303.92
        47   839.65             7.0273E-004          84.01
        48   856.58             8.5088E-005         639.03
        49   860.51             3.1698E-003          19.82
        50   911.33             2.2420E-002           4.07
        51   922.44             1.3706E-004         612.21
        52   934.15             4.5289E-003          15.81
        53   949.59             2.1118E-003          35.86
Nuclide Identification Report        4/9/2019    2:53:55 PM        Page 33

        54   955.43            -3.3979E-004        -179.75
Nuclide Identification Report        4/9/2019    2:53:55 PM        Page 34


       Peak   Energy               Peak Size in        Peak CPS
        No.   (keV)    Channel   Counts per Second   % Uncertainty

        55   964.85             2.5473E-003          23.07
        56   969.35             1.2252E-002           5.22
        57  1001.54             1.5527E-004         332.86
        58  1064.08             6.1166E-004          70.40
        59  1080.11             7.2572E-004         100.15
        60  1120.64             2.1259E-002           4.39
        61  1155.65             1.6987E-003          40.33
        63  1238.67             8.1042E-003          10.61
        64  1281.44             1.5633E-003          36.70
        65  1298.93             3.7077E-004         136.04
        67  1378.48             6.6836E-003           9.23
        68  1386.04             6.6792E-004          58.42
        69  1402.34             1.5654E-003          28.93
        70  1408.76             3.8583E-003          12.78
        71  1426.91             6.8485E-004          86.37
        72  1461.80             3.8078E-001           0.42
        73  1496.55             6.3564E-004          52.09
        74  1510.17             2.4045E-003          14.22
        75  1539.36             3.5357E-004          76.90
        76  1544.62             3.2080E-004          85.54
        77  1581.32             2.0319E-003          17.56
        78  1589.26             2.4415E-003          10.98
        79  1593.82             2.1853E-003          16.90
        80  1621.96             1.4128E-003          19.37
        81  1631.84             1.3025E-003          19.57
        82  1662.43             1.1178E-003          22.69
        83  1731.15             4.3141E-003           7.33
        84  1766.05             2.4670E-002           2.01
        85  1840.55             2.9587E-004          71.98
        86  1849.05             3.2120E-003           9.91
        87  1875.57             5.7165E-004          38.37
        88  1937.80             2.2867E-004          78.22
        89  1947.87             4.4943E-004          34.64
        90  1957.27            -7.2293E-005        -332.49
        91  2105.89             4.8921E-003           7.68
        92  2121.14             1.7772E-003          15.68
        93  2157.65             2.0480E-004          73.58
        94  2206.48             8.2176E-003           4.72

       M = First peak in a multiplet region
       m = Other peak in a multiplet region
       F = Fitted singlet

       Errors quoted at  1.000 sigma
Interference Corrected Activity Report    4/9/2019    2:53:55 PM   Page 35


*************************************************************************
*****   N U C L I D E   I D E N T I F I C A T I O N   R E P O R T   *****
*************************************************************************

     Sample Title:         Sample title.                           
     Nuclide Library Used: C:\GENIE2K\CAMFILES\MGS_2_Cal_and_Au_Act

   ....................    IDENTIFIED NUCLIDES     ....................

   Nuclide    Id       Energy    Yield     Activity     Activity
   Name    Confidence  (keV)      (%)     (uCi/Unit)   Uncertainty

   Mn-54     0.984    834.85*    99.98   1.32900E-006  6.21908E-007
   CO-60     0.992   1173.24*    99.90   2.90864E-006  9.21788E-007
                     1332.50*    99.98   1.97587E-006  7.00520E-007
   Eu-155    0.306     60.01      1.22
                       86.55*    30.70  -2.55483E-006  1.45214E-006
                      105.31     21.10
   AU-198    1.000    411.80*    95.58   4.33526E-005  2.44227E-006
   AU-198m   0.435    180.31     65.00
                      204.10*    50.00   5.53428E-007  8.51356E-007
                      214.89*    77.00  -5.81446E-007  8.68689E-007

       * = Energy line found in the spectrum.
       @ = Energy line not used for Weighted Mean Activity
       Energy Tolerance :    3.000 keV
       Nuclide confidence index threshold =   0.05
       Errors quoted at  1.000 sigma

Interference Corrected Activity Report    4/9/2019    2:53:55 PM   Page 36


*************************************************************************
*****   I N T E R F E R E N C E   C O R R E C T E D   R E P O R T   *****
*************************************************************************


                 Nuclide       Wt mean         Wt mean
       Nuclide     Id          Activity        Activity
       Name     Confidence    (uCi/Unit)      Uncertainty

       Mn-54      0.984      1.328996E-006   6.219083E-007
       CO-60      0.992      2.317356E-006   5.577390E-007
       Eu-155     0.306     -2.554830E-006   1.452141E-006
       AU-198     1.000      4.335264E-005   2.442268E-006
       AU-198m    0.435      5.534279E-007   8.513560E-007

       ? = nuclide is part of an undetermined solution
       X = nuclide rejected by the interference analysis
       @ = nuclide contains energy lines not used in Weighted Mean Activity

       Errors quoted at  1.000 sigma

Interference Corrected Activity Report    4/9/2019    2:53:55 PM   Page 37


   **********   U N I D E N T I F I E D   P E A K S   **********

               Peak Locate Performed on:  4/9/2019    2:53:51 PM
               Peak Locate From Channel:      1
               Peak Locate To Channel:    65535

       Peak   Energy           Peak Size in        Peak CPS
        No.   (keV)          Counts per Second   % Uncertainty

         1    84.73             3.1089E-002           5.46
         3    92.64             6.6778E-003          21.66
         4   112.96            -2.1840E-003         -54.46
         5   143.62             2.1293E-003          58.27
         6   152.70             1.2533E-004        1390.57
         7   168.47            -8.5222E-004        -128.97
         8   174.54             2.3677E-003          62.69
         9   185.65             1.1146E-002          16.66
        10   198.30             3.3166E-003          54.05
      M 11   201.87             4.2633E-004         153.65
        14   238.54             1.6470E-002           9.18
        15   241.66             2.2816E-003          56.37
        16   295.12             1.4091E-002           9.92
        17   300.14             2.8262E-003          47.86
        18   312.08             7.6404E-004         100.80
        19   327.62             4.0936E-004         215.12
      M 20   338.18             5.1073E-003          11.72
      m 21   339.93             9.6166E-004          49.97
        22   351.81             2.8618E-002           4.65
        23   358.98             3.8740E-005        1912.68
        25   414.82            -1.8222E-003         -34.27
        26   438.64             1.5059E-003          65.39
        27   472.77            -1.6874E-004        -368.24
        28   480.48             7.7201E-004          86.06
        29   499.39             1.7348E-003          64.44
        30   510.80             6.8976E-002           1.97
        31   574.70             1.1041E-004         930.01
        32   583.17             2.1316E-002           5.19
        33   595.71             1.2660E-003          72.23
        34   609.24             4.7751E-002           2.40
        35   631.19            -6.8273E-004        -120.24
        36   661.62             1.1240E-001           1.09
        37   676.85            -3.8455E-004        -183.96
        38   727.54             4.6803E-003          14.18
        39   747.20             2.4357E-004         225.29
        40   768.54             5.7226E-003          16.37
        41   795.11             3.9061E-003          19.17
        42   806.23             1.1055E-003          57.97
        43   816.73             7.4796E-004          91.89
        44   825.24             3.5003E-004         148.50
        45   829.81             2.1650E-004         303.92
        47   839.65             7.0273E-004          84.01
        48   856.58             8.5088E-005         639.03
        49   860.51             3.1698E-003          19.82
        50   911.33             2.2420E-002           4.07
        51   922.44             1.3706E-004         612.21
        52   934.15             4.5289E-003          15.81
        53   949.59             2.1118E-003          35.86
Interference Corrected Activity Report    4/9/2019    2:53:55 PM   Page 38

        54   955.43            -3.3979E-004        -179.75
Interference Corrected Activity Report    4/9/2019    2:53:55 PM   Page 39


       Peak   Energy               Peak Size in        Peak CPS
        No.   (keV)    Channel   Counts per Second   % Uncertainty

        55   964.85             2.5473E-003          23.07
        56   969.35             1.2252E-002           5.22
        57  1001.54             1.5527E-004         332.86
        58  1064.08             6.1166E-004          70.40
        59  1080.11             7.2572E-004         100.15
        60  1120.64             2.1259E-002           4.39
        61  1155.65             1.6987E-003          40.33
        63  1238.67             8.1042E-003          10.61
        64  1281.44             1.5633E-003          36.70
        65  1298.93             3.7077E-004         136.04
        67  1378.48             6.6836E-003           9.23
        68  1386.04             6.6792E-004          58.42
        69  1402.34             1.5654E-003          28.93
        70  1408.76             3.8583E-003          12.78
        71  1426.91             6.8485E-004          86.37
        72  1461.80             3.8078E-001           0.42
        73  1496.55             6.3564E-004          52.09
        74  1510.17             2.4045E-003          14.22
        75  1539.36             3.5357E-004          76.90
        76  1544.62             3.2080E-004          85.54
        77  1581.32             2.0319E-003          17.56
        78  1589.26             2.4415E-003          10.98
        79  1593.82             2.1853E-003          16.90
        80  1621.96             1.4128E-003          19.37
        81  1631.84             1.3025E-003          19.57
        82  1662.43             1.1178E-003          22.69
        83  1731.15             4.3141E-003           7.33
        84  1766.05             2.4670E-002           2.01
        85  1840.55             2.9587E-004          71.98
        86  1849.05             3.2120E-003           9.91
        87  1875.57             5.7165E-004          38.37
        88  1937.80             2.2867E-004          78.22
        89  1947.87             4.4943E-004          34.64
        90  1957.27            -7.2293E-005        -332.49
        91  2105.89             4.8921E-003           7.68
        92  2121.14             1.7772E-003          15.68
        93  2157.65             2.0480E-004          73.58
        94  2206.48             8.2176E-003           4.72

       M = First peak in a multiplet region
       m = Other peak in a multiplet region
       F = Fitted singlet

       Errors quoted at  1.000 sigma
Nuclide MDA Report                      4/9/2019    2:53:55 PM     Page 40


No MDA analysis results available for reporting purposes
Nuclide MDA Report                      4/9/2019    2:53:55 PM     Page 41


No MDA analysis results available for reporting purposes
Action Level Summary Report             4/9/2019    2:53:55 PM     Page 42


No Action Level results available for reporting purposes
Auto Gain Adjust                     4/9/2019    2:53:55 PM       Page 43


*************************************************************************
*****                 A U T O  G A I N   A D J U S T                *****
*************************************************************************

Report Generated On:                               4/9/2019    2:53:55 PM


Status:                                                                 
No AGA results for reporting.


This report is valid only if a Certificate was the source of the true values.


Status:                                                                 
No AGA results for reporting.

