*************************************************************************
*****        G A M M A   S P E C T R U M    A N A L Y S I S         *****
*************************************************************************


Filename: DSA1000A                                                     

Report Generated On             : 4/11/2019   1:19:44 PM

Sample Title                    : Sample title.                          
Sample Description              :                                 
Sample Identification           :                 
Sample Type                     :                 
Sample Geometry                 :                 

Peak Locate Threshold           :  2.50
Peak Locate Range (in channels) :     1 - 65535
Peak Area Range (in channels)   :   100 -  8172
Identification Energy Tolerance :    3.000 keV

Sample Size                     :  1.000E+000 Unit    

Sample Taken On                 :                       
Acquisition Started             : 4/9/2019    2:58:28 PM

Live Time                       :   166579.6 seconds
Real Time                       :   166866.3 seconds

Dead Time                       :   0.17 %


              Energy Calibration Used Done On       : 6/23/2018 
              Efficiency Calibration Used Done On   : 2/21/2019 
              Efficiency ID                         :                        

Peak Analysis Report             4/11/2019   1:19:45 PM            Page  2


**************************************************************************
*****           P E A K    A N A L Y S I S    R E P O R T            *****
**************************************************************************


     Detector Name:  DSA1000A                        
     Sample Title:   Sample title.                                     
     Peak Analysis Performed on:  4/11/2019   1:19:45 PM
               Peak Analysis From Channel:    290
               Peak Analysis To Channel:     8192

   Peak  ROI  ROI    Peak    Energy   FWHM  Net Peak  Net Area  Continuum 
    No. start end  centroid   (keV)   (keV)  Area     Uncert.    Counts 

    1   303-  317   311.49    84.73   1.11      5004.2  288.89   2.72E+004 
    2   317-  328   320.84    87.28   0.38      -688.6  238.66   2.28E+004 
    3   332-  345   340.26    92.58   0.39       763.9  261.12   2.44E+004 
    4   411-  426   418.61   113.95   0.27      -203.5  320.38   3.42E+004 
    5   446-  457   449.67   122.43   0.66        76.8  259.83   2.68E+004 
 M  6   502-  522   512.24   139.50   0.58       374.1  111.26   1.61E+004 
 m  7   502-  522   518.13   141.11   0.58       115.1   94.09   1.85E+004 
 M  8   605-  627   614.15   167.30   0.59       120.5  285.26   1.74E+004 
 m  9   605-  627   622.76   169.65   0.59        65.2  154.40   1.71E+004 
   10   633-  645   637.00   173.54   0.55       456.5  268.86   2.73E+004 
   11   652-  661   655.30   178.53   0.27       -86.7  217.18   2.09E+004 
   12   677-  689   681.63   185.71   1.09      1496.3  267.26   2.65E+004 
   13   721-  736   728.24   198.43   1.10      1346.6  302.89   3.01E+004 
   14   868-  881   875.33   238.56   1.20      2610.8  257.96   2.32E+004 
   15   881-  896   887.51   241.88   0.34      -559.0  280.20   2.63E+004 
   16   973-  981   977.22   266.36   0.48        10.0  159.54   1.19E+004 
   17  1077- 1091  1082.23   295.01   1.23      2251.1  226.92   1.71E+004 
   18  1097- 1106  1100.59   300.02   0.88       363.0  158.76   1.10E+004 
   19  1139- 1151  1142.71   311.51   0.71       274.5  189.73   1.36E+004 
   20  1197- 1207  1203.14   327.99   0.56       171.9  162.28   1.10E+004 
   21  1232- 1247  1240.47   338.18   0.96       948.5  215.04   1.51E+004 
   22  1279- 1299  1290.13   351.73   1.20      5123.2  266.19   1.81E+004 
   23  1415- 1423  1419.59   387.05   0.51        36.3  121.34   6.87E+003 
   24  1460- 1475  1465.83   399.66   0.27        86.6  186.58   1.16E+004 
   25  1498- 1516  1509.96   411.70   1.22      4494.0  221.90   1.33E+004 
   26  1604- 1616  1610.04   439.01   1.03       345.4  149.38   8.34E+003 
   27  1691- 1706  1697.81   462.95   0.95       543.6  171.98   9.65E+003 
   28  1781- 1791  1785.91   486.99   0.40      -101.4  120.34   6.11E+003 
   29  1825- 1838  1832.19   499.62   0.49       123.7  143.18   7.38E+003 
   30  1863- 1891  1873.46   510.87   2.35     12429.5  290.16   1.54E+004 
   31  1954- 1970  1960.47   534.61   0.38       -38.4  158.07   8.00E+003 
   32  2129- 2145  2138.07   583.07   1.43      3249.1  160.62   7.21E+003 
   33  2177- 2191  2186.11   596.17   1.06       416.7  133.47   6.04E+003 
   34  2226- 2244  2234.03   609.25   1.49      7920.2  182.92   7.51E+003 
   35  2286- 2301  2296.91   626.40   0.46        96.1  133.81   5.92E+003 
   36  2396- 2408  2400.32   654.61   0.27       -95.2  109.80   4.61E+003 
   37  2416- 2435  2425.95   661.61   1.45     18571.9  210.08   7.30E+003 
   38  2435- 2446  2439.81   665.39   0.27      -199.0  105.24   4.48E+003 
   39  2515- 2536  2520.00   687.27   0.27        83.9  163.85   7.12E+003 
   40  2560- 2569  2564.21   699.33   0.70         8.4   87.42   3.37E+003 
   41  2655- 2677  2666.56   727.25   1.87       946.6  167.72   7.01E+003 
   42  2685- 2707  2692.00   734.19   0.27       -88.7  164.13   6.97E+003 
Peak Analysis Report             4/11/2019   1:19:45 PM            Page  3


   Peak  ROI  ROI    Peak    Energy   FWHM  Net Peak  Net Area  Continuum 
    No. start end  centroid   (keV)   (keV)  Area     Uncert.    Counts 

   43  2804- 2825  2817.45   768.42   1.47       837.4  157.97   6.43E+003 
   44  2826- 2839  2832.24   772.45   1.22       286.1  104.68   3.87E+003 
   45  2878- 2888  2882.45   786.15   0.89       234.3   88.40   3.17E+003 
   46  2907- 2925  2914.54   794.91   1.61       529.5  134.44   5.18E+003 
   47  2951- 2961  2955.12   805.98   1.14       232.7   85.42   2.96E+003 
   48  3054- 3070  3065.21   836.01   0.34       158.6  117.53   4.36E+003 
   49  3076- 3085  3080.44   840.17   0.30       -31.3   77.36   2.65E+003 
   50  3090- 3101  3096.46   844.54   0.27       -35.7   89.14   3.18E+003 
   51  3127- 3142  3131.64   854.14   0.62       180.6  108.07   3.82E+003 
   52  3148- 3167  3155.48   860.64   2.02       641.7  133.49   4.89E+003 
   53  3332- 3351  3341.49   911.39   1.63      3551.0  141.91   4.73E+003 
   54  3418- 3432  3424.85   934.13   1.34       482.4  101.84   3.43E+003 
   55  3451- 3461  3456.86   942.87   0.46        38.8   75.87   2.40E+003 
 M 56  3474- 3508  3483.01   950.00   2.89       816.6   67.15   5.41E+003 
 m 57  3474- 3508  3506.11   956.30   2.90        47.8   48.32   4.08E+003 
   58  3531- 3545  3537.73   964.93   1.29       326.6  104.67   3.67E+003 
   59  3545- 3565  3553.62   969.27   1.55      2011.2  140.53   4.88E+003 
   60  3666- 3676  3671.94  1001.55   1.35       167.0   75.90   2.35E+003 
   61  3742- 3756  3751.96  1023.38   1.13       151.4   94.60   3.06E+003 
   62  3817- 3828  3822.61  1042.65   0.43        37.1   79.01   2.47E+003 
   63  3938- 3949  3943.97  1075.76   0.65         2.0   78.23   2.44E+003 
   64  3978- 3989  3983.95  1086.67   0.27        52.6   76.58   2.31E+003 
   65  4099- 4119  4108.72  1120.71   1.84      3560.1  138.61   4.30E+003 
   66  4217- 4249  4237.64  1155.88   1.17       627.4  184.64   6.53E+003 
   67  4290- 4311  4300.58  1173.06   1.86       418.3  129.86   4.38E+003 
   68  4523- 4560  4542.06  1238.94   1.76      1814.5  213.29   7.60E+003 
   69  4686- 4707  4698.58  1281.64   1.98       412.2  109.37   3.07E+003 
   70  4875- 4900  4888.08  1333.34   1.03       327.1  109.22   2.73E+003 
   71  5028- 5062  5053.42  1378.45   1.76      1026.5  129.72   2.92E+003 
   72  5073- 5088  5079.34  1385.52   1.19       224.5   63.02   1.24E+003 
   73  5130- 5152  5140.53  1402.21   1.77       334.8   86.63   1.85E+003 
   74  5152- 5175  5164.77  1408.83   1.52       562.1   91.31   1.94E+003 
   75  5345- 5371  5358.81  1461.77   1.95     63173.3  267.06   1.85E+003 
   76  5480- 5496  5488.53  1497.16   0.69       183.8   47.19   6.52E+002 
   77  5496- 5518  5503.93  1501.36   0.44        66.0   60.23   9.19E+002 
   78  5523- 5555  5536.46  1510.23   1.72       650.4   83.25   1.22E+003 
   79  5617- 5635  5626.06  1534.68   0.39       -22.3   49.38   7.25E+002 
   80  5635- 5655  5643.31  1539.38   0.96       189.9   54.58   7.61E+002 
   81  5802- 5816  5807.64  1584.22   0.32        43.2   43.19   6.30E+002 
   82  5816- 5834  5825.79  1589.17   1.51       420.4   52.95   7.06E+002 
   83  5835- 5856  5841.80  1593.54   1.25       499.0   57.75   7.54E+002 
   84  5859- 5882  5869.58  1601.12   0.41       179.6   53.89   6.80E+002 
   85  5938- 5955  5946.70  1622.16   1.54       242.9   44.04   5.21E+002 
   86  5972- 5995  5983.02  1632.07   1.55       287.1   55.95   7.09E+002 
   87  6088- 6105  6094.59  1662.51   2.12       230.2   44.83   5.41E+002 
   88  6243- 6254  6248.68  1704.55   1.01       -11.6   29.18   3.44E+002 
   89  6333- 6357  6345.54  1730.97   2.34       742.5   58.20   6.41E+002 
   90  6460- 6487  6474.04  1766.03   2.02      4146.1   83.74   6.37E+002 
   91  6556- 6568  6561.04  1789.76   0.27        26.4   27.13   2.69E+002 
   92  6769- 6791  6778.29  1849.03   1.70       521.2   49.78   5.01E+002 
Peak Analysis Report             4/11/2019   1:19:45 PM            Page  4


   Peak  ROI  ROI    Peak    Energy   FWHM  Net Peak  Net Area  Continuum 
    No. start end  centroid   (keV)   (keV)  Area     Uncert.    Counts 

   93  6854- 6883  6867.50  1873.38   0.68       117.6   54.33   5.96E+002 
   94  7472- 7485  7479.23  2040.27   0.27        14.7   26.10   2.40E+002 
   95  7661- 7685  7676.01  2093.96   0.43        68.0   42.69   4.25E+002 
 M 96  7698- 7742  7718.94  2105.67   3.13       862.2   42.25   6.16E+002 
 m 97  7698- 7742  7733.79  2109.72   3.13        41.4   25.22   4.64E+002 
   98  7743- 7755  7748.63  2113.77   0.86        29.9   25.10   2.28E+002 
   99  7760- 7792  7774.68  2120.88   1.89       359.7   56.63   5.53E+002 
  100  7834- 7845  7839.34  2138.52   0.27        32.0   22.64   1.92E+002 
  101  7883- 7903  7888.31  2151.88   0.35        97.0   35.42   3.19E+002 
  102  8056- 8072  8061.21  2199.05   0.44        50.3   30.03   2.72E+002 
  103  8073- 8103  8088.41  2206.47   2.31      1361.5   60.86   4.81E+002 

M = First peak in a multiplet region
m = Other peak in a multiplet region
F = Fitted singlet

Errors quoted at  1.000 sigma
Nuclide Identification Report        4/11/2019   1:19:48 PM        Page  5


No nuclide identification results available for reporting purposes
*************************************************************************
*****        G A M M A   S P E C T R U M    A N A L Y S I S         *****
*************************************************************************


Filename: DSA1000A                                                     

Report Generated On             : 4/11/2019   1:19:49 PM

Sample Title                    : Sample title.                          
Sample Description              :                                 
Sample Identification           :                 
Sample Type                     :                 
Sample Geometry                 :                 

Peak Locate Threshold           :  2.50
Peak Locate Range (in channels) :     1 - 65535
Peak Area Range (in channels)   :   290 -  8192
Identification Energy Tolerance :    3.000 keV

Sample Size                     :  1.000E+000 Unit    

Sample Taken On                 :                       
Acquisition Started             : 4/9/2019    2:58:28 PM

Live Time                       :   166579.6 seconds
Real Time                       :   166866.3 seconds

Dead Time                       :   0.17 %


              Energy Calibration Used Done On       : 6/23/2018 
              Efficiency Calibration Used Done On   : 2/21/2019 
              Efficiency ID                         :                        

Energy Calibration Report            4/11/2019   1:19:49 PM       Page  6


**************************************************************************
*****       E N E R G Y   C A L I B R A T I O N   R E P O R T        *****
**************************************************************************

     Detector Name:  DSA1000A                        
     Sample Title:   Sample title.                                     

       *************  ENERGY CALIBRATION COEFFICIENTS  *************

               Energy Calibrate Performed on:  6/23/2018  12:56:08 PM
                       by:                       
               Energy Calibrate Type:          POLY    

   Energy(keV) =    -0.253 +     0.273*ch +  0.00E+000*ch^2 +  0.00E+000*ch^3

       *************  SHAPE CALIBRATION COEFFICIENTS   *************

               Shape Calibrate Performed on:  6/23/2018  12:56:08 PM
                       by:                        

               FWHM     =     0.795  +   0.026*E^1/2

               LOW TAIL =   0.0E+000 +  0.0E+000*E

****************     ENERGY CALIBRATION RESULTS TABLE     ****************

                    Centroid      Centroid         Energy
                    Channel       error            (keV )
                      220.59        0.07             60.01
                      317.99        0.02             86.54
                      386.80        0.01            105.31
                      451.84        0.03            122.06
                     2426.14        0.01            661.66
                     3062.96        0.38            834.83

       *********     SHAPE CALIBRATION RESULTS TABLE      *********

             Energy     FWHM       FWHM         TAIL        TAIL
             (keV )     channels   error        channels    error
               60.01      3.13      0.17           0.00      0.00
               86.54      3.87      0.04           0.00      0.00
              105.31      3.88      0.01           0.00      0.00
              122.06      3.92      0.07           0.00      0.00
              661.66      5.34      0.01           0.00      0.00
              834.83      1.36      0.55           0.00      0.00
Efficiency Calibration Report             4/11/2019   1:19:49 PM   Page  7


**************************************************************************
*****   E F F I C I E N C Y   C A L I B R A T I O N    R E P O R T   *****
**************************************************************************

     Detector Name:  DSA1000A                        
     Sample Title:   Sample title.                                     

     Geometry Description:                 
     Efficiency Calibration Performed on:  2/21/2019   3:50:31 PM
                       by:                         
     Geometry Type Used:   INTERPOL        

                            Efficiency Triplets
                            ===================

                   Energy         Efficiency        Error

                     60.01         1.99E-002      1.47E-003
                     86.55         7.35E-002      3.68E-003
                    105.31         9.20E-002      4.60E-003
                    176.33         9.74E-002      4.89E-003
                    427.89         4.81E-002      2.41E-003
                    463.38         4.48E-002      2.26E-003
                    600.56         3.53E-002      1.77E-003
                    606.64         3.50E-002      1.78E-003
                    635.90         3.41E-002      1.72E-003
                    834.85         2.61E-002      1.38E-003
                   1173.24         1.85E-002      9.27E-004
                   1332.50         1.66E-002      8.32E-004

                      DUAL Efficiency Calibration Equation
                      ====================================

         Single Equation Terms ->   Offset:     -594.233
                                     Slope:      481.755
                                 Quadratic:     -156.075
                                     Cubic:       25.207
                                 4th Order:       -2.032
                                 5th Order:        0.065
                                 6th Order:        0.000
                                 7th Order:        0.000
                                 8th Order:        0.000
                                 9th Order:        0.000
Efficiency Calibration Report             4/11/2019   1:19:49 PM   Page  8


                      EMPIRICAL Efficiency Calibration Equation
                      =========================================

      Empirical Equation Terms ->  Scaling:      696.255
                                    Offset:       -3.475
                                     Slope:        0.951
                                 Quadratic:       -0.096
                                     Cubic:       -0.022
                                 4th Order:        0.109
                                 5th Order:       -0.065

                      LINEAR Efficiency Calibration Equation
                      ======================================

         Linear Equation Terms ->   Offset:       -0.000
                                     Slope:       -1.666
                                 Quadratic:      257.368
                                     Cubic:   -32179.611
                                 4th Order:  1699257.375
                                 5th Order:  -41984524.0
                                 6th Order:        0.000
                                 7th Order:        0.000
                                 8th Order:        0.000
                                 9th Order:        0.000
Peak-to-Total Calibration Report          4/11/2019   1:19:49 PM   Page  9


**************************************************************************
**   P E A K - T O - T O T A L   C A L I B R A T I O N   R E P O R T   ***
**************************************************************************

     Detector Name:  DSA1000A                        
     Sample Title:   Sample title.                                     


                  Peak-to-Total Calibration Equation
                  =============================================

                                 No Peak-to-Total Equation

Peak Locate Analysis Report             4/11/2019   1:19:49 PM     Page 10

**************************************************************************
*****             P E A K    L O C A T E    R E P O R T              *****
**************************************************************************

     Detector Name:  DSA1000A                        
     Sample Title:   Sample title.                                     
               Peak Locate Performed on:  4/11/2019   1:19:44 PM
               Peak Locate From Channel:      1
               Peak Locate To Channel:    65535
               Peak Search Sensitivity:     2.50

     Peak   Centroid    Centroid     Energy       Peak
      No.    Channel   Uncertainty   (keV)    Significance

       1      311.49      <NA>         84.73      <NA> 
       2      320.84      <NA>         87.28      <NA> 
       3      340.26      <NA>         92.58      <NA> 
       4      418.61      <NA>        113.95      <NA> 
       5      449.67      <NA>        122.43      <NA> 
       6      510.78      <NA>        139.50      <NA> 
       7      518.00      <NA>        141.11      <NA> 
       8      613.99      <NA>        167.30      <NA> 
       9      620.65      <NA>        169.65      <NA> 
      10      637.00      <NA>        173.54      <NA> 
      11      655.30      <NA>        178.53      <NA> 
      12      681.63      <NA>        185.71      <NA> 
      13      728.24      <NA>        198.43      <NA> 
      14      875.33      <NA>        238.56      <NA> 
      15      887.51      <NA>        241.88      <NA> 
      16      977.22      <NA>        266.36      <NA> 
      17     1082.23      <NA>        295.01      <NA> 
      18     1100.59      <NA>        300.02      <NA> 
      19     1142.71      <NA>        311.51      <NA> 
      20     1203.14      <NA>        327.99      <NA> 
      21     1240.47      <NA>        338.18      <NA> 
      22     1290.13      <NA>        351.73      <NA> 
      23     1419.59      <NA>        387.05      <NA> 
      24     1465.83      <NA>        399.66      <NA> 
      25     1509.96      <NA>        411.70      <NA> 
      26     1610.04      <NA>        439.01      <NA> 
      27     1697.81      <NA>        462.95      <NA> 
      28     1785.91      <NA>        486.99      <NA> 
      29     1832.19      <NA>        499.62      <NA> 
      30     1873.46      <NA>        510.87      <NA> 
      31     1960.47      <NA>        534.61      <NA> 
      32     2138.07      <NA>        583.07      <NA> 
      33     2186.11      <NA>        596.17      <NA> 
      34     2234.03      <NA>        609.25      <NA> 
      35     2296.91      <NA>        626.40      <NA> 
      36     2400.32      <NA>        654.61      <NA> 
      37     2425.95      <NA>        661.61      <NA> 
      38     2439.81      <NA>        665.39      <NA> 
      39     2520.00      <NA>        687.27      <NA> 
      40     2564.21      <NA>        699.33      <NA> 
      41     2666.56      <NA>        727.25      <NA> 
Peak Locate Analysis Report             4/11/2019   1:19:49 PM     Page 11


     Peak   Centroid    Centroid     Energy       Peak
      No.    Channel   Uncertainty   (keV)    Significance

      42     2692.00      <NA>        734.19      <NA> 
      43     2817.45      <NA>        768.42      <NA> 
      44     2832.24      <NA>        772.45      <NA> 
      45     2882.45      <NA>        786.15      <NA> 
      46     2914.54      <NA>        794.91      <NA> 
      47     2955.12      <NA>        805.98      <NA> 
      48     3065.21      <NA>        836.01      <NA> 
      49     3080.44      <NA>        840.17      <NA> 
      50     3096.46      <NA>        844.54      <NA> 
      51     3131.64      <NA>        854.14      <NA> 
      52     3155.48      <NA>        860.64      <NA> 
      53     3341.49      <NA>        911.39      <NA> 
      54     3424.85      <NA>        934.13      <NA> 
      55     3456.86      <NA>        942.87      <NA> 
      56     3484.08      <NA>        950.00      <NA> 
      57     3503.51      <NA>        956.30      <NA> 
      58     3537.73      <NA>        964.93      <NA> 
      59     3553.62      <NA>        969.27      <NA> 
      60     3671.94      <NA>       1001.55      <NA> 
      61     3751.96      <NA>       1023.38      <NA> 
      62     3822.61      <NA>       1042.65      <NA> 
      63     3943.97      <NA>       1075.76      <NA> 
      64     3983.95      <NA>       1086.67      <NA> 
      65     4108.72      <NA>       1120.71      <NA> 
      66     4237.64      <NA>       1155.88      <NA> 
      67     4300.58      <NA>       1173.06      <NA> 
      68     4542.06      <NA>       1238.94      <NA> 
      69     4698.58      <NA>       1281.64      <NA> 
      70     4888.08      <NA>       1333.34      <NA> 
      71     5053.42      <NA>       1378.45      <NA> 
      72     5079.34      <NA>       1385.52      <NA> 
      73     5140.53      <NA>       1402.21      <NA> 
      74     5164.77      <NA>       1408.83      <NA> 
      75     5358.81      <NA>       1461.77      <NA> 
      76     5488.53      <NA>       1497.16      <NA> 
      77     5503.93      <NA>       1501.36      <NA> 
      78     5536.46      <NA>       1510.23      <NA> 
      79     5626.06      <NA>       1534.68      <NA> 
      80     5643.31      <NA>       1539.38      <NA> 
      81     5807.64      <NA>       1584.22      <NA> 
      82     5825.79      <NA>       1589.17      <NA> 
      83     5841.80      <NA>       1593.54      <NA> 
      84     5869.58      <NA>       1601.12      <NA> 
      85     5946.70      <NA>       1622.16      <NA> 
      86     5983.02      <NA>       1632.07      <NA> 
      87     6094.59      <NA>       1662.51      <NA> 
      88     6248.68      <NA>       1704.55      <NA> 
      89     6345.54      <NA>       1730.97      <NA> 
      90     6474.04      <NA>       1766.03      <NA> 
      91     6561.04      <NA>       1789.76      <NA> 
Peak Locate Analysis Report             4/11/2019   1:19:49 PM     Page 12


     Peak   Centroid    Centroid     Energy       Peak
      No.    Channel   Uncertainty   (keV)    Significance

      92     6778.29      <NA>       1849.03      <NA> 
      93     6867.50      <NA>       1873.38      <NA> 
      94     7479.23      <NA>       2040.27      <NA> 
      95     7676.01      <NA>       2093.96      <NA> 
      96     7719.42      <NA>       2105.67      <NA> 
      97     7733.00      <NA>       2109.72      <NA> 
      98     7748.63      <NA>       2113.77      <NA> 
      99     7774.68      <NA>       2120.88      <NA> 
     100     7839.34      <NA>       2138.52      <NA> 
     101     7888.31      <NA>       2151.88      <NA> 
     102     8061.21      <NA>       2199.05      <NA> 
     103     8088.41      <NA>       2206.47      <NA> 

? = Adjacent peak noted

Errors quoted at  1.000 sigma
Peak Analysis Report             4/11/2019   1:19:49 PM            Page 13


**************************************************************************
*****           P E A K    A N A L Y S I S    R E P O R T            *****
**************************************************************************


     Detector Name:  DSA1000A                        
     Sample Title:   Sample title.                                     
     Peak Analysis Performed on:  4/11/2019   1:19:45 PM
               Peak Analysis From Channel:    290
               Peak Analysis To Channel:     8192

   Peak  ROI  ROI    Peak    Energy   FWHM  Net Peak  Net Area  Continuum 
    No. start end  centroid   (keV)   (keV)  Area     Uncert.    Counts 

    1   303-  317   311.49    84.73   1.11      5004.2  288.89   2.72E+004 
    2   317-  328   320.84    87.28   0.38      -688.6  238.66   2.28E+004 
    3   332-  345   340.26    92.58   0.39       763.9  261.12   2.44E+004 
    4   411-  426   418.61   113.95   0.27      -203.5  320.38   3.42E+004 
    5   446-  457   449.67   122.43   0.66        76.8  259.83   2.68E+004 
 M  6   502-  522   512.24   139.50   0.58       374.1  111.26   1.61E+004 
 m  7   502-  522   518.13   141.11   0.58       115.1   94.09   1.85E+004 
 M  8   605-  627   614.15   167.30   0.59       120.5  285.26   1.74E+004 
 m  9   605-  627   622.76   169.65   0.59        65.2  154.40   1.71E+004 
   10   633-  645   637.00   173.54   0.55       456.5  268.86   2.73E+004 
   11   652-  661   655.30   178.53   0.27       -86.7  217.18   2.09E+004 
   12   677-  689   681.63   185.71   1.09      1496.3  267.26   2.65E+004 
   13   721-  736   728.24   198.43   1.10      1346.6  302.89   3.01E+004 
   14   868-  881   875.33   238.56   1.20      2610.8  257.96   2.32E+004 
   15   881-  896   887.51   241.88   0.34      -559.0  280.20   2.63E+004 
   16   973-  981   977.22   266.36   0.48        10.0  159.54   1.19E+004 
   17  1077- 1091  1082.23   295.01   1.23      2251.1  226.92   1.71E+004 
   18  1097- 1106  1100.59   300.02   0.88       363.0  158.76   1.10E+004 
   19  1139- 1151  1142.71   311.51   0.71       274.5  189.73   1.36E+004 
   20  1197- 1207  1203.14   327.99   0.56       171.9  162.28   1.10E+004 
   21  1232- 1247  1240.47   338.18   0.96       948.5  215.04   1.51E+004 
   22  1279- 1299  1290.13   351.73   1.20      5123.2  266.19   1.81E+004 
   23  1415- 1423  1419.59   387.05   0.51        36.3  121.34   6.87E+003 
   24  1460- 1475  1465.83   399.66   0.27        86.6  186.58   1.16E+004 
   25  1498- 1516  1509.96   411.70   1.22      4494.0  221.90   1.33E+004 
   26  1604- 1616  1610.04   439.01   1.03       345.4  149.38   8.34E+003 
   27  1691- 1706  1697.81   462.95   0.95       543.6  171.98   9.65E+003 
   28  1781- 1791  1785.91   486.99   0.40      -101.4  120.34   6.11E+003 
   29  1825- 1838  1832.19   499.62   0.49       123.7  143.18   7.38E+003 
   30  1863- 1891  1873.46   510.87   2.35     12429.5  290.16   1.54E+004 
   31  1954- 1970  1960.47   534.61   0.38       -38.4  158.07   8.00E+003 
   32  2129- 2145  2138.07   583.07   1.43      3249.1  160.62   7.21E+003 
   33  2177- 2191  2186.11   596.17   1.06       416.7  133.47   6.04E+003 
   34  2226- 2244  2234.03   609.25   1.49      7920.2  182.92   7.51E+003 
   35  2286- 2301  2296.91   626.40   0.46        96.1  133.81   5.92E+003 
   36  2396- 2408  2400.32   654.61   0.27       -95.2  109.80   4.61E+003 
   37  2416- 2435  2425.95   661.61   1.45     18571.9  210.08   7.30E+003 
   38  2435- 2446  2439.81   665.39   0.27      -199.0  105.24   4.48E+003 
   39  2515- 2536  2520.00   687.27   0.27        83.9  163.85   7.12E+003 
   40  2560- 2569  2564.21   699.33   0.70         8.4   87.42   3.37E+003 
   41  2655- 2677  2666.56   727.25   1.87       946.6  167.72   7.01E+003 
   42  2685- 2707  2692.00   734.19   0.27       -88.7  164.13   6.97E+003 
Peak Analysis Report             4/11/2019   1:19:49 PM            Page 14


   Peak  ROI  ROI    Peak    Energy   FWHM  Net Peak  Net Area  Continuum 
    No. start end  centroid   (keV)   (keV)  Area     Uncert.    Counts 

   43  2804- 2825  2817.45   768.42   1.47       837.4  157.97   6.43E+003 
   44  2826- 2839  2832.24   772.45   1.22       286.1  104.68   3.87E+003 
   45  2878- 2888  2882.45   786.15   0.89       234.3   88.40   3.17E+003 
   46  2907- 2925  2914.54   794.91   1.61       529.5  134.44   5.18E+003 
   47  2951- 2961  2955.12   805.98   1.14       232.7   85.42   2.96E+003 
   48  3054- 3070  3065.21   836.01   0.34       158.6  117.53   4.36E+003 
   49  3076- 3085  3080.44   840.17   0.30       -31.3   77.36   2.65E+003 
   50  3090- 3101  3096.46   844.54   0.27       -35.7   89.14   3.18E+003 
   51  3127- 3142  3131.64   854.14   0.62       180.6  108.07   3.82E+003 
   52  3148- 3167  3155.48   860.64   2.02       641.7  133.49   4.89E+003 
   53  3332- 3351  3341.49   911.39   1.63      3551.0  141.91   4.73E+003 
   54  3418- 3432  3424.85   934.13   1.34       482.4  101.84   3.43E+003 
   55  3451- 3461  3456.86   942.87   0.46        38.8   75.87   2.40E+003 
 M 56  3474- 3508  3483.01   950.00   2.89       816.6   67.15   5.41E+003 
 m 57  3474- 3508  3506.11   956.30   2.90        47.8   48.32   4.08E+003 
   58  3531- 3545  3537.73   964.93   1.29       326.6  104.67   3.67E+003 
   59  3545- 3565  3553.62   969.27   1.55      2011.2  140.53   4.88E+003 
   60  3666- 3676  3671.94  1001.55   1.35       167.0   75.90   2.35E+003 
   61  3742- 3756  3751.96  1023.38   1.13       151.4   94.60   3.06E+003 
   62  3817- 3828  3822.61  1042.65   0.43        37.1   79.01   2.47E+003 
   63  3938- 3949  3943.97  1075.76   0.65         2.0   78.23   2.44E+003 
   64  3978- 3989  3983.95  1086.67   0.27        52.6   76.58   2.31E+003 
   65  4099- 4119  4108.72  1120.71   1.84      3560.1  138.61   4.30E+003 
   66  4217- 4249  4237.64  1155.88   1.17       627.4  184.64   6.53E+003 
   67  4290- 4311  4300.58  1173.06   1.86       418.3  129.86   4.38E+003 
   68  4523- 4560  4542.06  1238.94   1.76      1814.5  213.29   7.60E+003 
   69  4686- 4707  4698.58  1281.64   1.98       412.2  109.37   3.07E+003 
   70  4875- 4900  4888.08  1333.34   1.03       327.1  109.22   2.73E+003 
   71  5028- 5062  5053.42  1378.45   1.76      1026.5  129.72   2.92E+003 
   72  5073- 5088  5079.34  1385.52   1.19       224.5   63.02   1.24E+003 
   73  5130- 5152  5140.53  1402.21   1.77       334.8   86.63   1.85E+003 
   74  5152- 5175  5164.77  1408.83   1.52       562.1   91.31   1.94E+003 
   75  5345- 5371  5358.81  1461.77   1.95     63173.3  267.06   1.85E+003 
   76  5480- 5496  5488.53  1497.16   0.69       183.8   47.19   6.52E+002 
   77  5496- 5518  5503.93  1501.36   0.44        66.0   60.23   9.19E+002 
   78  5523- 5555  5536.46  1510.23   1.72       650.4   83.25   1.22E+003 
   79  5617- 5635  5626.06  1534.68   0.39       -22.3   49.38   7.25E+002 
   80  5635- 5655  5643.31  1539.38   0.96       189.9   54.58   7.61E+002 
   81  5802- 5816  5807.64  1584.22   0.32        43.2   43.19   6.30E+002 
   82  5816- 5834  5825.79  1589.17   1.51       420.4   52.95   7.06E+002 
   83  5835- 5856  5841.80  1593.54   1.25       499.0   57.75   7.54E+002 
   84  5859- 5882  5869.58  1601.12   0.41       179.6   53.89   6.80E+002 
   85  5938- 5955  5946.70  1622.16   1.54       242.9   44.04   5.21E+002 
   86  5972- 5995  5983.02  1632.07   1.55       287.1   55.95   7.09E+002 
   87  6088- 6105  6094.59  1662.51   2.12       230.2   44.83   5.41E+002 
   88  6243- 6254  6248.68  1704.55   1.01       -11.6   29.18   3.44E+002 
   89  6333- 6357  6345.54  1730.97   2.34       742.5   58.20   6.41E+002 
   90  6460- 6487  6474.04  1766.03   2.02      4146.1   83.74   6.37E+002 
   91  6556- 6568  6561.04  1789.76   0.27        26.4   27.13   2.69E+002 
   92  6769- 6791  6778.29  1849.03   1.70       521.2   49.78   5.01E+002 
Peak Analysis Report             4/11/2019   1:19:49 PM            Page 15


   Peak  ROI  ROI    Peak    Energy   FWHM  Net Peak  Net Area  Continuum 
    No. start end  centroid   (keV)   (keV)  Area     Uncert.    Counts 

   93  6854- 6883  6867.50  1873.38   0.68       117.6   54.33   5.96E+002 
   94  7472- 7485  7479.23  2040.27   0.27        14.7   26.10   2.40E+002 
   95  7661- 7685  7676.01  2093.96   0.43        68.0   42.69   4.25E+002 
 M 96  7698- 7742  7718.94  2105.67   3.13       862.2   42.25   6.16E+002 
 m 97  7698- 7742  7733.79  2109.72   3.13        41.4   25.22   4.64E+002 
   98  7743- 7755  7748.63  2113.77   0.86        29.9   25.10   2.28E+002 
   99  7760- 7792  7774.68  2120.88   1.89       359.7   56.63   5.53E+002 
  100  7834- 7845  7839.34  2138.52   0.27        32.0   22.64   1.92E+002 
  101  7883- 7903  7888.31  2151.88   0.35        97.0   35.42   3.19E+002 
  102  8056- 8072  8061.21  2199.05   0.44        50.3   30.03   2.72E+002 
  103  8073- 8103  8088.41  2206.47   2.31      1361.5   60.86   4.81E+002 

M = First peak in a multiplet region
m = Other peak in a multiplet region
F = Fitted singlet

Errors quoted at  1.000 sigma
Peak Analysis Report                    4/11/2019   1:19:49 PM          Page 16


*******************************************************************************
*****  S T A N D A R D   V M S   P E A K   A N A L Y S I S   R E P O R T  *****
*******************************************************************************

        Configuration Title:                                         
        Spectrum Title:              Sample title.            
        Peak Analysis Performed on:  4/11/19   1:19:45 PM
        Peak Analysis From Channel:    290    To Channel:     8192
        Peak Search Sensitivity:      2.50    Gaussian Sensitivity:  1.00
        Max Iterations: 15  Fit Singlets: No  Critical Level Test: No 
        Use Fixed FWHM: No  FWHM Reject:  No  FWHM Reject Ratio:  0.00 
        Peak Fit Engine Name: PANOLIN1        Continuum Type: STEP   

   Pk IT  Energy      Area   Bkgnd  FWHM Channel  Left  PW  Cts/Sec  %err   Fit

    1  0    84.73     5004   27155  1.11  311.49   303  15 3.0E-002   5.8   0.0
    2  0    87.28     -689   22830  0.38  320.84   317  12-4.1E-003 -34.7   0.0
    3  0    92.58      764   24427  0.39  340.26   332  14 4.6E-003  34.2   0.0
    4  0   113.95     -203   34179  0.27  418.61   411  16-1.2E-003 -157.   0.0
    5  0   122.43       77   26847  0.66  449.67   446  12 4.6E-004 338.4   0.0
 M  6 32   139.50      374   16147  0.58  512.24   502  21 2.2E-003  29.7   0.9
 m  7 32   141.11      115   18501  0.58  518.13   502  21 6.9E-004  81.8   0.9
 M  8 32   167.30      121   17356  0.59  614.15   605  23 7.2E-004 236.7   1.4
 m  9 32   169.65       65   17141  0.59  622.76   605  23 3.9E-004 236.8   1.4
   10  0   173.54      456   27281  0.55  637.00   633  13 2.7E-003  58.9   0.0
   11  0   178.53      -87   20883  0.27  655.30   652  10-5.2E-004 -250.   0.0
   12  0   185.71     1496   26524  1.09  681.63   677  13 9.0E-003  17.9   0.0
   13  0   198.43     1347   30063  1.10  728.24   721  16 8.1E-003  22.5   0.0
   14  0   238.56     2611   23193  1.20  875.33   868  14 1.6E-002   9.9   0.0
   15  0   241.88     -559   26278  0.34  887.51   881  16-3.4E-003 -50.1   0.0
   16  0   266.36       10   11914  0.48  977.22   973   9 6.0E-005 1599.   0.0
   17  0   295.01     2251   17059  1.23 1082.23  1077  15 1.4E-002  10.1   0.0
   18  0   300.02      363   10977  0.88 1100.59  1097  10 2.2E-003  43.7   0.0
   19  0   311.51      274   13574  0.71 1142.71  1139  13 1.6E-003  69.1   0.0
   20  0   327.99      172   10976  0.56 1203.14  1197  11 1.0E-003  94.4   0.0
   21  0   338.18      949   15058  0.96 1240.47  1232  16 5.7E-003  22.7   0.0
   22  0   351.73     5123   18132  1.20 1290.13  1279  21 3.1E-002   5.2   0.0
   23  0   387.05       36    6866  0.51 1419.59  1415   9 2.2E-004 334.7   0.0
   24  0   399.66       87   11550  0.27 1465.83  1460  16 5.2E-004 215.4   0.0
   25  0   411.70     4494   13257  1.22 1509.96  1498  19 2.7E-002   4.9   0.0
   26  0   439.01      345    8339  1.03 1610.04  1604  13 2.1E-003  43.3   0.0
   27  0   462.95      544    9648  0.95 1697.81  1691  16 3.3E-003  31.6   0.0
   28  0   486.99     -101    6105  0.40 1785.91  1781  11-6.1E-004 -118.   0.0
   29  0   499.62      124    7378  0.49 1832.19  1825  14 7.4E-004 115.7   0.0
   30  0   510.87    12429   15373  2.35 1873.46  1863  29 7.5E-002   2.3   0.0
   31  0   534.61      -38    7995  0.38 1960.47  1954  17-2.3E-004 -411.   0.0
   32  0   583.07     3249    7215  1.43 2138.07  2129  17 2.0E-002   4.9   0.0
   33  0   596.17      417    6035  1.06 2186.11  2177  15 2.5E-003  32.0   0.0
   34  0   609.25     7920    7513  1.49 2234.03  2226  19 4.8E-002   2.3   0.0
   35  0   626.40       96    5916  0.46 2296.91  2286  16 5.8E-004 139.3   0.0
   36  0   654.61      -95    4605  0.27 2400.32  2396  13-5.7E-004 -115.   0.0
   37  0   661.61    18572    7300  1.45 2425.95  2416  20 1.1E-001   1.1   0.0
   38  0   665.39     -199    4480  0.27 2439.81  2435  12-1.2E-003 -52.9   0.0
Peak Analysis Report                    4/11/2019   1:19:49 PM          Page 17


   Pk IT  Energy      Area   Bkgnd  FWHM Channel  Left  PW  Cts/Sec  %err   Fit

   39  0   687.27       84    7117  0.27 2520.00  2515  22 5.0E-004 195.2   0.0
   40  0   699.33        8    3373  0.70 2564.21  2560  10 5.1E-005 1035.   0.0
   41  0   727.25      947    7010  1.87 2666.56  2655  23 5.7E-003  17.7   0.0
   42  0   734.19      -89    6967  0.27 2692.00  2685  23-5.3E-004 -185.   0.0
   43  0   768.42      837    6430  1.47 2817.45  2804  22 5.0E-003  18.9   0.0
   44  0   772.45      286    3866  1.22 2832.24  2826  14 1.7E-003  36.6   0.0
   45  0   786.15      234    3172  0.89 2882.45  2878  11 1.4E-003  37.7   0.0
   46  0   794.91      530    5181  1.61 2914.54  2907  19 3.2E-003  25.4   0.0
   47  0   805.98      233    2964  1.14 2955.12  2951  11 1.4E-003  36.7   0.0
   48  0   836.01      159    4359  0.34 3065.21  3054  17 9.5E-004  74.1   0.0
   49  0   840.17      -31    2650  0.30 3080.44  3076  10-1.9E-004 -247.   0.0
   50  0   844.54      -36    3183  0.27 3096.46  3090  12-2.1E-004 -249.   0.0
   51  0   854.14      181    3823  0.62 3131.64  3127  16 1.1E-003  59.8   0.0
   52  0   860.64      642    4886  2.02 3155.48  3148  20 3.9E-003  20.8   0.0
   53  0   911.39     3551    4727  1.63 3341.49  3332  20 2.1E-002   4.0   0.0
   54  0   934.13      482    3434  1.34 3424.85  3418  15 2.9E-003  21.1   0.0
   55  0   942.87       39    2396  0.46 3456.86  3451  11 2.3E-004 195.5   0.0
 M 56 32   950.00      817    5412  2.89 3483.01  3474  35 4.9E-003   8.2   1.0
 m 57 32   956.30       48    4081  2.90 3506.11  3474  35 2.9E-004 101.0   1.0
   58  0   964.93      327    3672  1.29 3537.73  3531  15 2.0E-003  32.0   0.0
   59  0   969.27     2011    4876  1.55 3553.62  3545  21 1.2E-002   7.0   0.0
   60  0  1001.55      167    2346  1.35 3671.94  3666  11 1.0E-003  45.5   0.0
   61  0  1023.38      151    3056  1.13 3751.96  3742  15 9.1E-004  62.5   0.0
   62  0  1042.65       37    2472  0.43 3822.61  3817  12 2.2E-004 212.8   0.0
   63  0  1075.76        2    2438  0.65 3943.97  3938  12 1.2E-005 3997.   0.0
   64  0  1086.67       53    2307  0.27 3983.95  3978  12 3.2E-004 145.6   0.0
   65  0  1120.71     3560    4305  1.84 4108.72  4099  21 2.1E-002   3.9   0.0
   66  0  1155.88      627    6530  1.17 4237.64  4217  33 3.8E-003  29.4   0.0
   67  0  1173.06      418    4381  1.86 4300.58  4290  22 2.5E-003  31.0   0.0
   68  0  1238.94     1815    7598  1.76 4542.06  4523  38 1.1E-002  11.8   0.0
   69  0  1281.64      412    3075  1.98 4698.58  4686  22 2.5E-003  26.5   0.0
   70  0  1333.34      327    2727  1.03 4888.08  4875  26 2.0E-003  33.4   0.0
   71  0  1378.45     1026    2923  1.76 5053.42  5028  35 6.2E-003  12.6   0.0
   72  0  1385.52      224    1245  1.19 5079.34  5073  16 1.3E-003  28.1   0.0
   73  0  1402.21      335    1847  1.77 5140.53  5130  23 2.0E-003  25.9   0.0
   74  0  1408.83      562    1944  1.52 5164.77  5152  24 3.4E-003  16.2   0.0
   75  0  1461.77    63173    1855  1.95 5358.81  5345  27 3.8E-001   0.4   0.0
   76  0  1497.16      184     652  0.69 5488.53  5480  17 1.1E-003  25.7   0.0
   77  0  1501.36       66     919  0.44 5503.93  5496  23 4.0E-004  91.3   0.0
   78  0  1510.23      650    1223  1.72 5536.46  5523  33 3.9E-003  12.8   0.0
   79  0  1534.68      -22     725  0.39 5626.06  5617  19-1.3E-004 -221.   0.0
   80  0  1539.38      190     761  0.96 5643.31  5635  21 1.1E-003  28.7   0.0
   81  0  1584.22       43     630  0.32 5807.64  5802  15 2.6E-004  99.9   0.0
   82  0  1589.17      420     706  1.51 5825.79  5816  19 2.5E-003  12.6   0.0
   83  0  1593.54      499     754  1.25 5841.80  5835  22 3.0E-003  11.6   0.0
   84  0  1601.12      180     680  0.41 5869.58  5859  24 1.1E-003  30.0   0.0
   85  0  1622.16      243     521  1.54 5946.70  5938  18 1.5E-003  18.1   0.0
   86  0  1632.07      287     709  1.55 5983.02  5972  24 1.7E-003  19.5   0.0
   87  0  1662.51      230     541  2.12 6094.59  6088  18 1.4E-003  19.5   0.0
   88  0  1704.55      -12     344  1.01 6248.68  6243  12-7.0E-005 -250.   0.0
   89  0  1730.97      742     641  2.34 6345.54  6333  25 4.5E-003   7.8   0.0
Peak Analysis Report                    4/11/2019   1:19:49 PM          Page 18


   Pk IT  Energy      Area   Bkgnd  FWHM Channel  Left  PW  Cts/Sec  %err   Fit

   90  0  1766.03     4146     637  2.02 6474.04  6460  28 2.5E-002   2.0   0.0
   91  0  1789.76       26     269  0.27 6561.04  6556  13 1.6E-004 102.6   0.0
   92  0  1849.03      521     501  1.70 6778.29  6769  23 3.1E-003   9.6   0.0
   93  0  1873.38      118     596  0.68 6867.50  6854  30 7.1E-004  46.2   0.0
   94  0  2040.27       15     240  0.27 7479.23  7472  14 8.8E-005 177.7   0.0
   95  0  2093.96       68     425  0.43 7676.01  7661  25 4.1E-004  62.8   0.0
 M 96 14  2105.67      862     616  3.13 7718.94  7698  45 5.2E-003   4.9   0.8
 m 97 14  2109.72       41     464  3.13 7733.79  7698  45 2.5E-004  60.9   0.8
   98  0  2113.77       30     228  0.86 7748.63  7743  13 1.8E-004  84.0   0.0
   99  0  2120.88      360     553  1.89 7774.68  7760  33 2.2E-003  15.7   0.0
  100  0  2138.52       32     192  0.27 7839.34  7834  12 1.9E-004  70.7   0.0
  101  0  2151.88       97     319  0.35 7888.31  7883  21 5.8E-004  36.5   0.0
  102  0  2199.05       50     272  0.44 8061.21  8056  17 3.0E-004  59.7   0.0
  103  0  2206.47     1361     481  2.31 8088.41  8073  31 8.2E-003   4.5   0.0

M = First peak in a multiplet region
m = Other peak in a multiplet region
F = Fitted singlet

Errors quoted at  1.000 sigma
Peak Analysis Report             4/11/2019   1:19:49 PM            Page 19


**************************************************************************
*****           P E A K    A N A L Y S I S    R E P O R T            *****
**************************************************************************


     Detector Name:  DSA1000A                        
     Sample Title:   Sample title.                                     
     Peak Analysis Performed on:  4/11/2019   1:19:45 PM
               Peak Analysis From Channel:    290
               Peak Analysis To Channel:     8192

   Peak  ROI  ROI   Energy   Net Peak Net Area  Continuum  Critical 
    No. start end    (keV)     Area    Uncert.    Counts     Level

    1   303-  317    84.73      5004.2  288.89   2.72E+004  4.61E+002 
    2   317-  328    87.28      -688.6  238.66   2.28E+004  3.95E+002 
    3   332-  345    92.58       763.9  261.12   2.44E+004  4.27E+002 
    4   411-  426   113.95      -203.5  320.38   3.42E+004  5.28E+002 
    5   446-  457   122.43        76.8  259.83   2.68E+004  4.27E+002 
 M  6   502-  522   139.50       374.1  111.26   1.61E+004  2.96E+002 
 m  7   502-  522   141.11       115.1   94.09   1.85E+004  3.16E+002 
 M  8   605-  627   167.30       120.5  285.26   1.74E+004  3.06E+002 
 m  9   605-  627   169.65        65.2  154.40   1.71E+004  3.05E+002 
   10   633-  645   173.54       456.5  268.86   2.73E+004  4.41E+002 
   11   652-  661   178.53       -86.7  217.18   2.09E+004  3.58E+002 
   12   677-  689   185.71      1496.3  267.26   2.65E+004  4.35E+002 
   13   721-  736   198.43      1346.6  302.89   3.01E+004  4.95E+002 
   14   868-  881   238.56      2610.8  257.96   2.32E+004  4.16E+002 
   15   881-  896   241.88      -559.0  280.20   2.63E+004  4.63E+002 
   16   973-  981   266.36        10.0  159.54   1.19E+004  2.62E+002 
   17  1077- 1091   295.01      2251.1  226.92   1.71E+004  3.65E+002 
   18  1097- 1106   300.02       363.0  158.76   1.10E+004  2.59E+002 
   19  1139- 1151   311.51       274.5  189.73   1.36E+004  3.11E+002 
   20  1197- 1207   327.99       171.9  162.28   1.10E+004  2.66E+002 
   21  1232- 1247   338.18       948.5  215.04   1.51E+004  3.50E+002 
   22  1279- 1299   351.73      5123.2  266.19   1.81E+004  4.22E+002 
   23  1415- 1423   387.05        36.3  121.34   6.87E+003  1.99E+002 
   24  1460- 1475   399.66        86.6  186.58   1.16E+004  3.07E+002 
   25  1498- 1516   411.70      4494.0  221.90   1.33E+004  3.48E+002 
   26  1604- 1616   439.01       345.4  149.38   8.34E+003  2.44E+002 
   27  1691- 1706   462.95       543.6  171.98   9.65E+003  2.80E+002 
   28  1781- 1791   486.99      -101.4  120.34   6.11E+003  1.99E+002 
   29  1825- 1838   499.62       123.7  143.18   7.38E+003  2.35E+002 
   30  1863- 1891   510.87     12429.5  290.16   1.54E+004  4.41E+002 
   31  1954- 1970   534.61       -38.4  158.07   8.00E+003  2.60E+002 
   32  2129- 2145   583.07      3249.1  160.62   7.21E+003  2.47E+002 
   33  2177- 2191   596.17       416.7  133.47   6.04E+003  2.17E+002 
   34  2226- 2244   609.25      7920.2  182.92   7.51E+003  2.63E+002 
   35  2286- 2301   626.40        96.1  133.81   5.92E+003  2.20E+002 
   36  2396- 2408   654.61       -95.2  109.80   4.61E+003  1.81E+002 
   37  2416- 2435   661.61     18571.9  210.08   7.30E+003  2.63E+002 
   38  2435- 2446   665.39      -199.0  105.24   4.48E+003  1.75E+002 
   39  2515- 2536   687.27        83.9  163.85   7.12E+003  2.69E+002 
   40  2560- 2569   699.33         8.4   87.42   3.37E+003  1.44E+002 
   41  2655- 2677   727.25       946.6  167.72   7.01E+003  2.71E+002 
   42  2685- 2707   734.19       -88.7  164.13   6.97E+003  2.70E+002 
Peak Analysis Report             4/11/2019   1:19:49 PM            Page 20


   Peak  ROI  ROI   Energy   Net Peak Net Area  Continuum  Critical 
    No. start end    (keV)     Area    Uncert.    Counts     Level

   43  2804- 2825   768.42       837.4  157.97   6.43E+003  2.55E+002 
   44  2826- 2839   772.45       286.1  104.68   3.87E+003  1.70E+002 
   45  2878- 2888   786.15       234.3   88.40   3.17E+003  1.43E+002 
   46  2907- 2925   794.91       529.5  134.44   5.18E+003  2.18E+002 
   47  2951- 2961   805.98       232.7   85.42   2.96E+003  1.38E+002 
   48  3054- 3070   836.01       158.6  117.53   4.36E+003  1.92E+002 
   49  3076- 3085   840.17       -31.3   77.36   2.65E+003  1.28E+002 
   50  3090- 3101   844.54       -35.7   89.14   3.18E+003  1.47E+002 
   51  3127- 3142   854.14       180.6  108.07   3.82E+003  1.76E+002 
   52  3148- 3167   860.64       641.7  133.49   4.89E+003  2.16E+002 
   53  3332- 3351   911.39      3551.0  141.91   4.73E+003  2.12E+002 
   54  3418- 3432   934.13       482.4  101.84   3.43E+003  1.64E+002 
   55  3451- 3461   942.87        38.8   75.87   2.40E+003  1.24E+002 
 M 56  3474- 3508   950.00       816.6   67.15   5.41E+003  1.71E+002 
 m 57  3474- 3508   956.30        47.8   48.32   4.08E+003  1.49E+002 
   58  3531- 3545   964.93       326.6  104.67   3.67E+003  1.70E+002 
   59  3545- 3565   969.27      2011.2  140.53   4.88E+003  2.19E+002 
   60  3666- 3676  1001.55       167.0   75.90   2.35E+003  1.23E+002 
   61  3742- 3756  1023.38       151.4   94.60   3.06E+003  1.54E+002 
   62  3817- 3828  1042.65        37.1   79.01   2.47E+003  1.30E+002 
   63  3938- 3949  1075.76         2.0   78.23   2.44E+003  1.29E+002 
   64  3978- 3989  1086.67        52.6   76.58   2.31E+003  1.25E+002 
   65  4099- 4119  1120.71      3560.1  138.61   4.30E+003  2.06E+002 
   66  4217- 4249  1155.88       627.4  184.64   6.53E+003  3.01E+002 
   67  4290- 4311  1173.06       418.3  129.86   4.38E+003  2.11E+002 
   68  4523- 4560  1238.94      1814.5  213.29   7.60E+003  3.44E+002 
   69  4686- 4707  1281.64       412.2  109.37   3.07E+003  1.77E+002 
   70  4875- 4900  1333.34       327.1  109.22   2.73E+003  1.77E+002 
   71  5028- 5062  1378.45      1026.5  129.72   2.92E+003  2.07E+002 
   72  5073- 5088  1385.52       224.5   63.02   1.24E+003  1.01E+002 
   73  5130- 5152  1402.21       334.8   86.63   1.85E+003  1.39E+002 
   74  5152- 5175  1408.83       562.1   91.31   1.94E+003  1.45E+002 
   75  5345- 5371  1461.77     63173.3  267.06   1.85E+003  1.48E+002 
   76  5480- 5496  1497.16       183.8   47.19   6.52E+002  7.44E+001 
   77  5496- 5518  1501.36        66.0   60.23   9.19E+002  9.82E+001 
   78  5523- 5555  1510.23       650.4   83.25   1.22E+003  1.30E+002 
   79  5617- 5635  1534.68       -22.3   49.38   7.25E+002  8.16E+001 
   80  5635- 5655  1539.38       189.9   54.58   7.61E+002  8.69E+001 
   81  5802- 5816  1584.22        43.2   43.19   6.30E+002  7.02E+001 
   82  5816- 5834  1589.17       420.4   52.95   7.06E+002  8.03E+001 
   83  5835- 5856  1593.54       499.0   57.75   7.54E+002  8.76E+001 
   84  5859- 5882  1601.12       179.6   53.89   6.80E+002  8.59E+001 
   85  5938- 5955  1622.16       242.9   44.04   5.21E+002  6.78E+001 
   86  5972- 5995  1632.07       287.1   55.95   7.09E+002  8.77E+001 
   87  6088- 6105  1662.51       230.2   44.83   5.41E+002  6.94E+001 
   88  6243- 6254  1704.55       -11.6   29.18   3.44E+002  4.83E+001 
   89  6333- 6357  1730.97       742.5   58.20   6.41E+002  8.46E+001 
   90  6460- 6487  1766.03      4146.1   83.74   6.37E+002  8.81E+001 
   91  6556- 6568  1789.76        26.4   27.13   2.69E+002  4.38E+001 
   92  6769- 6791  1849.03       521.2   49.78   5.01E+002  7.28E+001 
Peak Analysis Report             4/11/2019   1:19:49 PM            Page 21


   Peak  ROI  ROI   Energy   Net Peak Net Area  Continuum  Critical 
    No. start end    (keV)     Area    Uncert.    Counts     Level

   93  6854- 6883  1873.38       117.6   54.33   5.96E+002  8.76E+001 
   94  7472- 7485  2040.27        14.7   26.10   2.40E+002  4.25E+001 
   95  7661- 7685  2093.96        68.0   42.69   4.25E+002  6.89E+001 
 M 96  7698- 7742  2105.67       862.2   42.25   6.16E+002  5.78E+001 
 m 97  7698- 7742  2109.72        41.4   25.22   4.64E+002  5.01E+001 
   98  7743- 7755  2113.77        29.9   25.10   2.28E+002  4.03E+001 
   99  7760- 7792  2120.88       359.7   56.63   5.53E+002  8.78E+001 
  100  7834- 7845  2138.52        32.0   22.64   1.92E+002  3.61E+001 
  101  7883- 7903  2151.88        97.0   35.42   3.19E+002  5.60E+001 
  102  8056- 8072  2199.05        50.3   30.03   2.72E+002  4.80E+001 
  103  8073- 8103  2206.47      1361.5   60.86   4.81E+002  7.96E+001 

M = First peak in a multiplet region
m = Other peak in a multiplet region
F = Fitted singlet

Errors quoted at  1.000 sigma
Peak with NID Report             4/11/2019   1:19:49 PM            Page 22


**************************************************************************
*****           P E A K    W I T H   N I D    R E P O R T            *****
**************************************************************************


     Detector Name:  DSA1000A                        
     Sample Title:   Sample title.                                     
     Peak Analysis Performed on:  4/11/2019   1:19:45 PM
               Peak Analysis From Channel:    290
               Peak Analysis To Channel:     8192
     Tentative NID Library:   C:\GENIE2K\CAMFILES\NAA LIB LONG.NLB     
     Peak Match Tolerance :    3.000 keV

   Peak  ROI  ROI    Peak    Energy   Net Peak Net Area  Continuum  Tentative
    No. Start End  Centroid   (keV)     Area    Uncert.    Counts    Nuclide 

    1   303-  317   311.49    84.73  5.00E+003  288.89   2.72E+004   .....    
    2   317-  328   320.84    87.28 -6.89E+002  238.66   2.28E+004   .....    
    3   332-  345   340.26    92.58  7.64E+002  261.12   2.44E+004   ND-147   
    4   411-  426   418.61   113.95 -2.03E+002  320.38   3.42E+004   LU-177x  
                                                                     LU-177   
    5   446-  457   449.67   122.43  7.68E+001  259.83   2.68E+004   EU-154   
                                                                     EU-152x  
                                                                     SE-75    
                                                                     BA-131   
 M  6   502-  522   512.24   139.50  3.74E+002  111.26   1.61E+004   RE-186   
 m  7   502-  522   518.13   141.11  1.15E+002   94.09   1.85E+004   .....    
 M  8   605-  627   614.15   167.30  1.21E+002  285.26   1.74E+004   PM-151   
                                                                     CE-139   
 m  9   605-  627   622.76   169.65  6.52E+001  154.40   1.71E+004   PM-151   
                                                                     LU-177x  
                                                                     XE-127   
   10   633-  645   637.00   173.54  4.56E+002  268.86   2.73E+004   LU-177x  
                                                                     XE-127   
                                                                     AS-71    
                                                                     LU-177x  
                                                                     SB-125   
   11   652-  661   655.30   178.53 -8.67E+001  217.18   2.09E+004   YB-169   
                                                                     AU-198m  
                                                                     SB-125   
                                                                     MO-99    
   12   677-  689   681.63   185.71  1.50E+003  267.26   2.65E+004   HO-166   
                                                                     XE-125   
   13   721-  736   728.24   198.43  1.35E+003  302.89   3.01E+004   YB-169   
                                                                     TB-160   
                                                                     XE-129m  
                                                                     TE-131x  
   14   868-  881   875.33   238.56  2.61E+003  257.96   2.32E+004   AS-77    
                                                                     TE-131x  
   15   881-  896   887.51   241.88 -5.59E+002  280.20   2.63E+004   TE-131x  
                                                                     XE-125   
                                                                     EU-152x  
                                                                     AS-77    
   16   973-  981   977.22   266.36  9.98E+000  159.54   1.19E+004   BI-210x  
                                                                     BI-210   
                                                                     SE-75    
                                                                     GE-77    
Peak with NID Report             4/11/2019   1:19:49 PM            Page 23

   17  1077- 1091  1082.23   295.01  2.25E+003  226.92   1.71E+004   IR-192   
                                                                     LU-177x  
                                                                     CE-143   
   18  1097- 1106  1100.59   300.02  3.63E+002  158.76   1.10E+004   TB-160   
                                                                     BA-133   
   19  1139- 1151  1142.71   311.51  2.74E+002  189.73   1.36E+004   .....    
   20  1197- 1207  1203.14   327.99  1.72E+002  162.28   1.10E+004   LU-177x  
                                                                     IR-194   
                                                                     LA-140   
   21  1232- 1247  1240.47   338.18  9.49E+002  215.04   1.51E+004   PM-151   
                                                                     CD-115   
   22  1279- 1299  1290.13   351.73  5.12E+003  266.19   1.81E+004   .....    
   23  1415- 1423  1419.59   387.05  3.63E+001  121.34   6.87E+003   PA-232   
   24  1460- 1475  1465.83   399.66  8.66E+001  186.58   1.16E+004   SE-75    
   25  1498- 1516  1509.96   411.70  4.49E+003  221.90   1.33E+004   AU-198   
                                                                     HO-166   
                                                                     LU-177x  
   26  1604- 1616  1610.04   439.01  3.45E+002  149.38   8.34E+003   ZN-69m   
   27  1691- 1706  1697.81   462.95  5.44E+002  171.98   9.65E+003   SB-125   
   28  1781- 1791  1785.91   486.99 -1.01E+002  120.34   6.11E+003   LA-140   
                                                                     Ca-47    
   29  1825- 1838  1832.19   499.62  1.24E+002  143.18   7.38E+003   RU-103   
   30  1863- 1891  1873.46   510.87  1.24E+004  290.16   1.54E+004   AS-71    
                                                                     ZN-65    
   31  1954- 1970  1960.47   534.61 -3.84E+001  158.07   8.00E+003   .....    
   32  2129- 2145  2138.07   583.07  3.25E+003  160.62   7.21E+003   PA-232   
   33  2177- 2191  2186.11   596.17  4.17E+002  133.47   6.04E+003   .....    
   34  2226- 2244  2234.03   609.25  7.92E+003  182.92   7.51E+003   RU-103   
                                                                     SB-125   
   35  2286- 2301  2296.91   626.40  9.61E+001  133.81   5.92E+003   .....    
   36  2396- 2408  2400.32   654.61 -9.52E+001  109.80   4.61E+003   AS-76    
   37  2416- 2435  2425.95   661.61  1.86E+004  210.08   7.30E+003   CE-143   
   38  2435- 2446  2439.81   665.39 -1.99E+002  105.24   4.48E+003   CE-143   
Peak with NID Report             4/11/2019   1:19:49 PM            Page 24


   Peak  ROI  ROI    Peak    Energy   Net Peak Net Area  Continuum  Tentative
    No. start end  centroid   (keV)     Area    Uncert.    Counts    Nuclide 

   39  2515- 2536  2520.00   687.27  8.39E+001  163.85   7.12E+003   AG-110m  
                                                                     W-187    
   40  2560- 2569  2564.21   699.33  8.44E+000   87.42   3.37E+003   BR-82x   
   41  2655- 2677  2666.56   727.25  9.47E+002  167.72   7.01E+003   IN-114m  
   42  2685- 2707  2692.00   734.19 -8.87E+001  164.13   6.97E+003   .....    
   43  2804- 2825  2817.45   768.42  8.37E+002  157.97   6.43E+003   .....    
   44  2826- 2839  2832.24   772.45  2.86E+002  104.68   3.87E+003   TE-131x  
   45  2878- 2888  2882.45   786.15  2.34E+002   88.40   3.17E+003   .....    
   46  2907- 2925  2914.54   794.91  5.30E+002  134.44   5.18E+003   CS-134   
                                                                     TE-131x  
   47  2951- 2961  2955.12   805.98  2.33E+002   85.42   2.96E+003   Ca-47    
   48  3054- 3070  3065.21   836.01  1.59E+002  117.53   4.36E+003   GA-72    
   49  3076- 3085  3080.44   840.17 -3.13E+001   77.36   2.65E+003   .....    
   50  3090- 3101  3096.46   844.54 -3.57E+001   89.14   3.18E+003   .....    
   51  3127- 3142  3131.64   854.14  1.81E+002  108.07   3.82E+003   TE-131x  
   52  3148- 3167  3155.48   860.64  6.42E+002  133.49   4.89E+003   .....    
   53  3332- 3351  3341.49   911.39  3.55E+003  141.91   4.73E+003   .....    
   54  3418- 3432  3424.85   934.13  4.82E+002  101.84   3.43E+003   .....    
   55  3451- 3461  3456.86   942.87  3.88E+001   75.87   2.40E+003   .....    
 M 56  3474- 3508  3483.01   950.00  8.17E+002   67.15   5.41E+003   .....    
 m 57  3474- 3508  3506.11   956.30  4.78E+001   48.32   4.08E+003   .....    
   58  3531- 3545  3537.73   964.93  3.27E+002  104.67   3.67E+003   EU-152x  
                                                                     TB-160   
   59  3545- 3565  3553.62   969.27  2.01E+003  140.53   4.88E+003   PA-232   
   60  3666- 3676  3671.94  1001.55  1.67E+002   75.90   2.35E+003   .....    
   61  3742- 3756  3751.96  1023.38  1.51E+002   94.60   3.06E+003   .....    
   62  3817- 3828  3822.61  1042.65  3.71E+001   79.01   2.47E+003   BR-82x   
   63  3938- 3949  3943.97  1075.76  1.96E+000   78.23   2.44E+003   RB-86    
   64  3978- 3989  3983.95  1086.67  5.26E+001   76.58   2.31E+003   EU-152x  
                                                                     GE-77    
   65  4099- 4119  4108.72  1120.71  3.56E+003  138.61   4.30E+003   SC-46    
                                                                     TA-182   
   66  4217- 4249  4237.64  1155.88  6.27E+002  184.64   6.53E+003   .....    
   67  4290- 4311  4300.58  1173.06  4.18E+002  129.86   4.38E+003   CO-60    
   68  4523- 4560  4542.06  1238.94  1.81E+003  213.29   7.60E+003   .....    
   69  4686- 4707  4698.58  1281.64  4.12E+002  109.37   3.07E+003   .....    
   70  4875- 4900  4888.08  1333.34  3.27E+002  109.22   2.73E+003   CO-60    
   71  5028- 5062  5053.42  1378.45  1.03E+003  129.72   2.92E+003   .....    
   72  5073- 5088  5079.34  1385.52  2.24E+002   63.02   1.24E+003   AG-110m  
   73  5130- 5152  5140.53  1402.21  3.35E+002   86.63   1.85E+003   .....    
   74  5152- 5175  5164.77  1408.83  5.62E+002   91.31   1.94E+003   EU-152x  
   75  5345- 5371  5358.81  1461.77  6.32E+004  267.06   1.85E+003   .....    
   76  5480- 5496  5488.53  1497.16  1.84E+002   47.19   6.52E+002   .....    
   77  5496- 5518  5503.93  1501.36  6.60E+001   60.23   9.19E+002   .....    
   78  5523- 5555  5536.46  1510.23  6.50E+002   83.25   1.22E+003   .....    
   79  5617- 5635  5626.06  1534.68 -2.23E+001   49.38   7.25E+002   .....    
   80  5635- 5655  5643.31  1539.38  1.90E+002   54.58   7.61E+002   .....    
   81  5802- 5816  5807.64  1584.22  4.32E+001   43.19   6.30E+002   .....    
   82  5816- 5834  5825.79  1589.17  4.20E+002   52.95   7.06E+002   .....    
   83  5835- 5856  5841.80  1593.54  4.99E+002   57.75   7.54E+002   LA-140   
   84  5859- 5882  5869.58  1601.12  1.80E+002   53.89   6.80E+002   .....    
   85  5938- 5955  5946.70  1622.16  2.43E+002   44.04   5.21E+002   .....    
   86  5972- 5995  5983.02  1632.07  2.87E+002   55.95   7.09E+002   .....    
   87  6088- 6105  6094.59  1662.51  2.30E+002   44.83   5.41E+002   .....    
Peak with NID Report             4/11/2019   1:19:49 PM            Page 25

   88  6243- 6254  6248.68  1704.55 -1.16E+001   29.18   3.44E+002   .....    
Peak with NID Report             4/11/2019   1:19:49 PM            Page 26


   Peak  ROI  ROI    Peak    Energy   Net Peak Net Area  Continuum  Tentative
    No. start end  centroid   (keV)     Area    Uncert.    Counts    Nuclide 

   89  6333- 6357  6345.54  1730.97  7.42E+002   58.20   6.41E+002   .....    
   90  6460- 6487  6474.04  1766.03  4.15E+003   83.74   6.37E+002   .....    
   91  6556- 6568  6561.04  1789.76  2.64E+001   27.13   2.69E+002   .....    
   92  6769- 6791  6778.29  1849.03  5.21E+002   49.78   5.01E+002   .....    
   93  6854- 6883  6867.50  1873.38  1.18E+002   54.33   5.96E+002   .....    
   94  7472- 7485  7479.23  2040.27  1.47E+001   26.10   2.40E+002   .....    
   95  7661- 7685  7676.01  2093.96  6.80E+001   42.69   4.25E+002   .....    
 M 96  7698- 7742  7718.94  2105.67  8.62E+002   42.25   6.16E+002   .....    
 m 97  7698- 7742  7733.79  2109.72  4.14E+001   25.22   4.64E+002   .....    
   98  7743- 7755  7748.63  2113.77  2.99E+001   25.10   2.28E+002   .....    
   99  7760- 7792  7774.68  2120.88  3.60E+002   56.63   5.53E+002   .....    
  100  7834- 7845  7839.34  2138.52  3.20E+001   22.64   1.92E+002   .....    
  101  7883- 7903  7888.31  2151.88  9.70E+001   35.42   3.19E+002   .....    
  102  8056- 8072  8061.21  2199.05  5.03E+001   30.03   2.72E+002   GA-72    
  103  8073- 8103  8088.41  2206.47  1.36E+003   60.86   4.81E+002   .....    

M = First peak in a multiplet region
m = Other peak in a multiplet region
F = Fitted singlet

Errors quoted at  1.000 sigma
Peak Efficiency Report             4/11/2019   1:19:49 PM          Page 27


**************************************************************************
*****         P E A K    E F F I C I E N C Y    R E P O R T          *****
**************************************************************************

     Detector Name:  DSA1000A                        
     Sample Title:   Sample title.                                     
     Peak Analysis Performed on:  4/11/2019   1:19:45 PM


 Peak  Energy   Net Peak  Net Area       Peak     Efficiency
 No.   (keV)      Area   Uncertainty  Efficiency  Uncertainty

    1    84.73  5.00E+003   288.89     6.82E-002    3.49E-003
    2    87.28 -6.89E+002   238.66     7.42E-002    3.71E-003
    3    92.58  7.64E+002   261.12     7.94E-002    3.97E-003
    4   113.95 -2.03E+002   320.38     9.28E-002    4.65E-003
    5   122.43  7.68E+001   259.83     9.36E-002    4.68E-003
 M  6   139.50  3.74E+002   111.26     9.49E-002    4.76E-003
 m  7   141.11  1.15E+002    94.09     9.50E-002    4.76E-003
 M  8   167.30  1.21E+002   285.26     9.68E-002    4.86E-003
 m  9   169.65  6.52E+001   154.40     9.70E-002    4.86E-003
   10   173.54  4.56E+002   268.86     9.72E-002    4.88E-003
   11   178.53 -8.67E+001   217.18     9.64E-002    4.84E-003
   12   185.71  1.50E+003   267.26     9.35E-002    4.69E-003
   13   198.43  1.35E+003   302.89     8.87E-002    4.45E-003
   14   238.56  2.61E+003   257.96     7.66E-002    3.84E-003
   15   241.88 -5.59E+002   280.20     7.58E-002    3.80E-003
   16   266.36  9.98E+000   159.54     7.02E-002    3.52E-003
   17   295.01  2.25E+003   226.92     6.47E-002    3.24E-003
   18   300.02  3.63E+002   158.76     6.38E-002    3.20E-003
   19   311.51  2.74E+002   189.73     6.20E-002    3.10E-003
   20   327.99  1.72E+002   162.28     5.95E-002    2.98E-003
   21   338.18  9.49E+002   215.04     5.80E-002    2.91E-003
   22   351.73  5.12E+003   266.19     5.63E-002    2.82E-003
   23   387.05  3.63E+001   121.34     5.21E-002    2.61E-003
   24   399.66  8.66E+001   186.58     5.08E-002    2.55E-003
   25   411.70  4.49E+003   221.90     4.96E-002    2.49E-003
   26   439.01  3.45E+002   149.38     4.70E-002    2.36E-003
   27   462.95  5.44E+002   171.98     4.48E-002    2.26E-003
   28   486.99 -1.01E+002   120.34     4.28E-002    2.16E-003
   29   499.62  1.24E+002   143.18     4.18E-002    2.10E-003
   30   510.87  1.24E+004   290.16     4.10E-002    2.06E-003
   31   534.61 -3.84E+001   158.07     3.93E-002    1.98E-003
   32   583.07  3.25E+003   160.62     3.63E-002    1.82E-003
   33   596.17  4.17E+002   133.47     3.56E-002    1.78E-003
   34   609.25  7.92E+003   182.92     3.50E-002    1.77E-003
   35   626.40  9.61E+001   133.81     3.44E-002    1.74E-003
   36   654.61 -9.52E+001   109.80     3.31E-002    1.68E-003
   37   661.61  1.86E+004   210.08     3.28E-002    1.67E-003
   38   665.39 -1.99E+002   105.24     3.26E-002    1.66E-003
   39   687.27  8.39E+001   163.85     3.16E-002    1.62E-003
   40   699.33  8.44E+000    87.42     3.11E-002    1.59E-003
   41   727.25  9.47E+002   167.72     2.99E-002    1.54E-003
   42   734.19 -8.87E+001   164.13     2.96E-002    1.53E-003
Peak Efficiency Report             4/11/2019   1:19:49 PM          Page 28


 Peak  Energy   Net Peak  Net Area       Peak     Efficiency
 No.   (keV)      Area   Uncertainty  Efficiency  Uncertainty

   43   768.42  8.37E+002   157.97     2.83E-002    1.47E-003
   44   772.45  2.86E+002   104.68     2.82E-002    1.47E-003
   45   786.15  2.34E+002    88.40     2.77E-002    1.45E-003
   46   794.91  5.30E+002   134.44     2.74E-002    1.43E-003
   47   805.98  2.33E+002    85.42     2.71E-002    1.42E-003
   48   836.01  1.59E+002   117.53     2.61E-002    1.37E-003
   49   840.17 -3.13E+001    77.36     2.60E-002    1.37E-003
   50   844.54 -3.57E+001    89.14     2.58E-002    1.36E-003
   51   854.14  1.81E+002   108.07     2.55E-002    1.34E-003
   52   860.64  6.42E+002   133.49     2.53E-002    1.33E-003
   53   911.39  3.55E+003   141.91     2.39E-002    1.24E-003
   54   934.13  4.82E+002   101.84     2.33E-002    1.21E-003
   55   942.87  3.88E+001    75.87     2.31E-002    1.20E-003
 M 56   950.00  8.17E+002    67.15     2.29E-002    1.18E-003
 m 57   956.30  4.78E+001    48.32     2.28E-002    1.18E-003
   58   964.93  3.27E+002   104.67     2.26E-002    1.16E-003
   59   969.27  2.01E+003   140.53     2.25E-002    1.16E-003
   60  1001.55  1.67E+002    75.90     2.17E-002    1.11E-003
   61  1023.38  1.51E+002    94.60     2.13E-002    1.09E-003
   62  1042.65  3.71E+001    79.01     2.09E-002    1.06E-003
   63  1075.76  1.96E+000    78.23     2.02E-002    1.03E-003
   64  1086.67  5.26E+001    76.58     2.00E-002    1.01E-003
   65  1120.71  3.56E+003   138.61     1.94E-002    9.77E-004
   66  1155.88  6.27E+002   184.64     1.88E-002    9.43E-004
   67  1173.06  4.18E+002   129.86     1.85E-002    9.27E-004
   68  1238.94  1.81E+003   213.29     1.77E-002    8.85E-004
   69  1281.64  4.12E+002   109.37     1.72E-002    8.60E-004
   70  1333.34  3.27E+002   109.22     1.66E-002    8.32E-004
   71  1378.45  1.03E+003   129.72     1.66E-002    8.32E-004
   72  1385.52  2.24E+002    63.02     1.66E-002    8.32E-004
   73  1402.21  3.35E+002    86.63     1.66E-002    8.32E-004
   74  1408.83  5.62E+002    91.31     1.66E-002    8.32E-004
   75  1461.77  6.32E+004   267.06     1.66E-002    8.32E-004
   76  1497.16  1.84E+002    47.19     1.66E-002    8.32E-004
   77  1501.36  6.60E+001    60.23     1.66E-002    8.32E-004
   78  1510.23  6.50E+002    83.25     1.66E-002    8.32E-004
   79  1534.68 -2.23E+001    49.38     1.66E-002    8.32E-004
   80  1539.38  1.90E+002    54.58     1.66E-002    8.32E-004
   81  1584.22  4.32E+001    43.19     1.66E-002    8.32E-004
   82  1589.17  4.20E+002    52.95     1.66E-002    8.32E-004
   83  1593.54  4.99E+002    57.75     1.66E-002    8.32E-004
   84  1601.12  1.80E+002    53.89     1.66E-002    8.32E-004
   85  1622.16  2.43E+002    44.04     1.66E-002    8.32E-004
   86  1632.07  2.87E+002    55.95     1.66E-002    8.32E-004
   87  1662.51  2.30E+002    44.83     1.66E-002    8.32E-004
   88  1704.55 -1.16E+001    29.18     1.66E-002    8.32E-004
   89  1730.97  7.42E+002    58.20     1.66E-002    8.32E-004
   90  1766.03  4.15E+003    83.74     1.66E-002    8.32E-004
   91  1789.76  2.64E+001    27.13     1.66E-002    8.32E-004
   92  1849.03  5.21E+002    49.78     1.66E-002    8.32E-004
Peak Efficiency Report             4/11/2019   1:19:49 PM          Page 29


 Peak  Energy   Net Peak  Net Area       Peak     Efficiency
 No.   (keV)      Area   Uncertainty  Efficiency  Uncertainty

   93  1873.38  1.18E+002    54.33     1.66E-002    8.32E-004
   94  2040.27  1.47E+001    26.10     1.66E-002    8.32E-004
   95  2093.96  6.80E+001    42.69     1.66E-002    8.32E-004
 M 96  2105.67  8.62E+002    42.25     1.66E-002    8.32E-004
 m 97  2109.72  4.14E+001    25.22     1.66E-002    8.32E-004
   98  2113.77  2.99E+001    25.10     1.66E-002    8.32E-004
   99  2120.88  3.60E+002    56.63     1.66E-002    8.32E-004
  100  2138.52  3.20E+001    22.64     1.66E-002    8.32E-004
  101  2151.88  9.70E+001    35.42     1.66E-002    8.32E-004
  102  2199.05  5.03E+001    30.03     1.66E-002    8.32E-004
  103  2206.47  1.36E+003    60.86     1.66E-002    8.32E-004


M = First peak in a multiplet region
m = Other peak in a multiplet region
F = Fitted singlet

Errors quoted at  1.000 sigma
Background Subtract Report             4/11/2019   1:19:49 PM      Page 30

No background subtract performed on this spectrum.
No area correction performed on this spectrum.
Nuclide Identification Report        4/11/2019   1:19:49 PM        Page 31


*************************************************************************
*****   N U C L I D E   I D E N T I F I C A T I O N   R E P O R T   *****
*************************************************************************

     Sample Title:         Sample title.                           
     Nuclide Library Used: C:\GENIE2K\CAMFILES\MGS_2_Cal_and_Au_Act

   ....................    IDENTIFIED NUCLIDES     ....................

   Nuclide    Id       Energy   Yield     Activity     Activity
   Name    Confidence  (keV)     (%)     (uCi/Unit)   Uncertainty

   Mn-54     0.976    834.85*   99.98    9.880E-007   7.341E-007
   CO-60     0.993   1173.24*   99.90    3.667E-006   1.153E-006
                     1332.50*   99.98    3.193E-006   1.078E-006
   Eu-155    0.307     60.01     1.22
                       86.55*   30.70   -4.902E-006   1.717E-006
                      105.31    21.10
   AU-198    1.000    411.80*   95.58    1.950E-005   1.372E-006

       * = Energy line found in the spectrum.
       Energy Tolerance :    3.000 keV
       Nuclide confidence index threshold =   0.05
       Errors quoted at  1.000 sigma

Nuclide Identification Report        4/11/2019   1:19:49 PM        Page 32


   **********   U N I D E N T I F I E D   P E A K S   **********

               Peak Locate Performed on:  4/11/2019   1:19:44 PM
               Peak Locate From Channel:      1
               Peak Locate To Channel:    65535

       Peak   Energy           Peak Size in        Peak CPS
        No.   (keV)          Counts per Second   % Uncertainty

         1    84.73             3.0041E-002           5.77
         3    92.58             4.5860E-003          34.18
         4   113.95            -1.2214E-003        -157.46
         5   122.43             4.6096E-004         338.37
      M  6   139.50             2.2457E-003          29.74
      m  7   141.11             6.9083E-004          81.76
      M  8   167.30             7.2338E-004         236.73
      m  9   169.65             3.9135E-004         236.84
        10   173.54             2.7403E-003          58.90
        11   178.53            -5.2020E-004        -250.63
        12   185.71             8.9824E-003          17.86
        13   198.43             8.0836E-003          22.49
        14   238.56             1.5673E-002           9.88
        15   241.88            -3.3557E-003         -50.13
        16   266.36             5.9885E-005        1599.29
        17   295.01             1.3514E-002          10.08
        18   300.02             2.1789E-003          43.74
        19   311.51             1.6476E-003          69.13
        20   327.99             1.0320E-003          94.40
        21   338.18             5.6942E-003          22.67
        22   351.73             3.0756E-002           5.20
        23   387.05             2.1764E-004         334.69
        24   399.66             5.1990E-004         215.43
        26   439.01             2.0734E-003          43.25
        27   462.95             3.2630E-003          31.64
        28   486.99            -6.0843E-004        -118.73
        29   499.62             7.4283E-004         115.71
        30   510.87             7.4616E-002           2.33
        31   534.61            -2.3047E-004        -411.73
        32   583.07             1.9505E-002           4.94
        33   596.17             2.5014E-003          32.03
        34   609.25             4.7546E-002           2.31
        35   626.40             5.7660E-004         139.31
        36   654.61            -5.7152E-004        -115.33
        37   661.61             1.1149E-001           1.13
        38   665.39            -1.1945E-003         -52.89
        39   687.27             5.0387E-004         195.21
        40   699.33             5.0690E-005        1035.34
        41   727.25             5.6824E-003          17.72
        42   734.19            -5.3229E-004        -185.10
        43   768.42             5.0271E-003          18.86
        44   772.45             1.7173E-003          36.59
        45   786.15             1.4063E-003          37.74
        46   794.91             3.1789E-003          25.39
        47   805.98             1.3971E-003          36.71
        49   840.17            -1.8773E-004        -247.39
        50   844.54            -2.1416E-004        -249.88
        51   854.14             1.0845E-003          59.82
Nuclide Identification Report        4/11/2019   1:19:49 PM        Page 33

        52   860.64             3.8523E-003          20.80
Nuclide Identification Report        4/11/2019   1:19:49 PM        Page 34


       Peak   Energy               Peak Size in        Peak CPS
        No.   (keV)    Channel   Counts per Second   % Uncertainty

        53   911.39             2.1317E-002           4.00
        54   934.13             2.8959E-003          21.11
        55   942.87             2.3301E-004         195.47
      M 56   950.00             4.9025E-003           8.22
      m 57   956.30             2.8711E-004         101.03
        58   964.93             1.9608E-003          32.04
        59   969.27             1.2074E-002           6.99
        60  1001.55             1.0025E-003          45.45
        61  1023.38             9.0887E-004          62.49
        62  1042.65             2.2288E-004         212.80
        63  1075.76             1.1748E-005        3997.57
        64  1086.67             3.1577E-004         145.58
        65  1120.71             2.1372E-002           3.89
        66  1155.88             3.7664E-003          29.43
        68  1238.94             1.0893E-002          11.75
        69  1281.64             2.4746E-003          26.53
        71  1378.45             6.1622E-003          12.64
        72  1385.52             1.3476E-003          28.07
        73  1402.21             2.0097E-003          25.88
        74  1408.83             3.3744E-003          16.24
        75  1461.77             3.7924E-001           0.42
        76  1497.16             1.1031E-003          25.68
        77  1501.36             3.9591E-004          91.33
        78  1510.23             3.9045E-003          12.80
        79  1534.68            -1.3385E-004        -221.47
        80  1539.38             1.1402E-003          28.73
        81  1584.22             2.5953E-004          99.90
        82  1589.17             2.5235E-003          12.60
        83  1593.54             2.9957E-003          11.57
        84  1601.12             1.0783E-003          30.00
        85  1622.16             1.4579E-003          18.13
        86  1632.07             1.7238E-003          19.49
        87  1662.51             1.3818E-003          19.47
        88  1704.55            -6.9818E-005        -250.91
        89  1730.97             4.4573E-003           7.84
        90  1766.03             2.4889E-002           2.02
        91  1789.76             1.5869E-004         102.62
        92  1849.03             3.1286E-003           9.55
        93  1873.38             7.0613E-004          46.18
        94  2040.27             8.8134E-005         177.75
        95  2093.96             4.0821E-004          62.78
      M 96  2105.67             5.1762E-003           4.90
      m 97  2109.72             2.4838E-004          60.95
        98  2113.77             1.7941E-004          83.98
        99  2120.88             2.1595E-003          15.74
       100  2138.52             1.9210E-004          70.75
       101  2151.88             5.8204E-004          36.53
       102  2199.05             3.0198E-004          59.69
       103  2206.47             8.1732E-003           4.47

       M = First peak in a multiplet region
       m = Other peak in a multiplet region
       F = Fitted singlet

Nuclide Identification Report        4/11/2019   1:19:49 PM        Page 35

       Errors quoted at  1.000 sigma

*************************************************************************
*****   N U C L I D E   I D E N T I F I C A T I O N   R E P O R T   *****
*************************************************************************

     Sample Title:         Sample title.                           
     Nuclide Library Used: C:\GENIE2K\CAMFILES\MGS_2_Cal_and_Au_Act

   ....................    IDENTIFIED NUCLIDES     ....................

   Nuclide    Id       Energy    Yield     Activity     Activity
   Name    Confidence  (keV)      (%)     (uCi/Unit)   Uncertainty

   Mn-54     0.976    834.85*    99.98   9.87960E-007  7.34090E-007
   CO-60     0.993   1173.24*    99.90   3.66707E-006  1.15306E-006
                     1332.50*    99.98   3.19323E-006  1.07821E-006
   Eu-155    0.307     60.01      1.22
                       86.55*    30.70  -4.90221E-006  1.71662E-006
                      105.31     21.10
   AU-198    1.000    411.80*    95.58   1.95047E-005  1.37215E-006

       * = Energy line found in the spectrum.
       @ = Energy line not used for Weighted Mean Activity
       Energy Tolerance :    3.000 keV
       Nuclide confidence index threshold =   0.05
       Errors quoted at  1.000 sigma

Interference Corrected Activity Report    4/11/2019   1:19:49 PM   Page 36


*************************************************************************
*****   I N T E R F E R E N C E   C O R R E C T E D   R E P O R T   *****
*************************************************************************


                 Nuclide       Wt mean         Wt mean
       Nuclide     Id          Activity        Activity
       Name     Confidence    (uCi/Unit)      Uncertainty

       Mn-54      0.976      9.879598E-007   7.340898E-007
       CO-60      0.993      3.414272E-006   7.875411E-007
       Eu-155     0.307     -4.902205E-006   1.716621E-006
       AU-198     1.000      1.950473E-005   1.372151E-006

       ? = nuclide is part of an undetermined solution
       X = nuclide rejected by the interference analysis
       @ = nuclide contains energy lines not used in Weighted Mean Activity

       Errors quoted at  1.000 sigma

Interference Corrected Activity Report    4/11/2019   1:19:49 PM   Page 37


   **********   U N I D E N T I F I E D   P E A K S   **********

               Peak Locate Performed on:  4/11/2019   1:19:44 PM
               Peak Locate From Channel:      1
               Peak Locate To Channel:    65535

       Peak   Energy           Peak Size in        Peak CPS
        No.   (keV)          Counts per Second   % Uncertainty

         1    84.73             3.0041E-002           5.77
         3    92.58             4.5860E-003          34.18
         4   113.95            -1.2214E-003        -157.46
         5   122.43             4.6096E-004         338.37
      M  6   139.50             2.2457E-003          29.74
      m  7   141.11             6.9083E-004          81.76
      M  8   167.30             7.2338E-004         236.73
      m  9   169.65             3.9135E-004         236.84
        10   173.54             2.7403E-003          58.90
        11   178.53            -5.2020E-004        -250.63
        12   185.71             8.9824E-003          17.86
        13   198.43             8.0836E-003          22.49
        14   238.56             1.5673E-002           9.88
        15   241.88            -3.3557E-003         -50.13
        16   266.36             5.9885E-005        1599.29
        17   295.01             1.3514E-002          10.08
        18   300.02             2.1789E-003          43.74
        19   311.51             1.6476E-003          69.13
        20   327.99             1.0320E-003          94.40
        21   338.18             5.6942E-003          22.67
        22   351.73             3.0756E-002           5.20
        23   387.05             2.1764E-004         334.69
        24   399.66             5.1990E-004         215.43
        26   439.01             2.0734E-003          43.25
        27   462.95             3.2630E-003          31.64
        28   486.99            -6.0843E-004        -118.73
        29   499.62             7.4283E-004         115.71
        30   510.87             7.4616E-002           2.33
        31   534.61            -2.3047E-004        -411.73
        32   583.07             1.9505E-002           4.94
        33   596.17             2.5014E-003          32.03
        34   609.25             4.7546E-002           2.31
        35   626.40             5.7660E-004         139.31
        36   654.61            -5.7152E-004        -115.33
        37   661.61             1.1149E-001           1.13
        38   665.39            -1.1945E-003         -52.89
        39   687.27             5.0387E-004         195.21
        40   699.33             5.0690E-005        1035.34
        41   727.25             5.6824E-003          17.72
        42   734.19            -5.3229E-004        -185.10
        43   768.42             5.0271E-003          18.86
        44   772.45             1.7173E-003          36.59
        45   786.15             1.4063E-003          37.74
        46   794.91             3.1789E-003          25.39
        47   805.98             1.3971E-003          36.71
        49   840.17            -1.8773E-004        -247.39
        50   844.54            -2.1416E-004        -249.88
        51   854.14             1.0845E-003          59.82
Interference Corrected Activity Report    4/11/2019   1:19:49 PM   Page 38

        52   860.64             3.8523E-003          20.80
Interference Corrected Activity Report    4/11/2019   1:19:49 PM   Page 39


       Peak   Energy               Peak Size in        Peak CPS
        No.   (keV)    Channel   Counts per Second   % Uncertainty

        53   911.39             2.1317E-002           4.00
        54   934.13             2.8959E-003          21.11
        55   942.87             2.3301E-004         195.47
      M 56   950.00             4.9025E-003           8.22
      m 57   956.30             2.8711E-004         101.03
        58   964.93             1.9608E-003          32.04
        59   969.27             1.2074E-002           6.99
        60  1001.55             1.0025E-003          45.45
        61  1023.38             9.0887E-004          62.49
        62  1042.65             2.2288E-004         212.80
        63  1075.76             1.1748E-005        3997.57
        64  1086.67             3.1577E-004         145.58
        65  1120.71             2.1372E-002           3.89
        66  1155.88             3.7664E-003          29.43
        68  1238.94             1.0893E-002          11.75
        69  1281.64             2.4746E-003          26.53
        71  1378.45             6.1622E-003          12.64
        72  1385.52             1.3476E-003          28.07
        73  1402.21             2.0097E-003          25.88
        74  1408.83             3.3744E-003          16.24
        75  1461.77             3.7924E-001           0.42
        76  1497.16             1.1031E-003          25.68
        77  1501.36             3.9591E-004          91.33
        78  1510.23             3.9045E-003          12.80
        79  1534.68            -1.3385E-004        -221.47
        80  1539.38             1.1402E-003          28.73
        81  1584.22             2.5953E-004          99.90
        82  1589.17             2.5235E-003          12.60
        83  1593.54             2.9957E-003          11.57
        84  1601.12             1.0783E-003          30.00
        85  1622.16             1.4579E-003          18.13
        86  1632.07             1.7238E-003          19.49
        87  1662.51             1.3818E-003          19.47
        88  1704.55            -6.9818E-005        -250.91
        89  1730.97             4.4573E-003           7.84
        90  1766.03             2.4889E-002           2.02
        91  1789.76             1.5869E-004         102.62
        92  1849.03             3.1286E-003           9.55
        93  1873.38             7.0613E-004          46.18
        94  2040.27             8.8134E-005         177.75
        95  2093.96             4.0821E-004          62.78
      M 96  2105.67             5.1762E-003           4.90
      m 97  2109.72             2.4838E-004          60.95
        98  2113.77             1.7941E-004          83.98
        99  2120.88             2.1595E-003          15.74
       100  2138.52             1.9210E-004          70.75
       101  2151.88             5.8204E-004          36.53
       102  2199.05             3.0198E-004          59.69
       103  2206.47             8.1732E-003           4.47

       M = First peak in a multiplet region
       m = Other peak in a multiplet region
       F = Fitted singlet

Interference Corrected Activity Report    4/11/2019   1:19:49 PM   Page 40

       Errors quoted at  1.000 sigma

No MDA analysis results available for reporting purposes
Nuclide MDA Report                      4/11/2019   1:19:49 PM     Page 41


No MDA analysis results available for reporting purposes
Action Level Summary Report             4/11/2019   1:19:49 PM     Page 42


No Action Level results available for reporting purposes
Auto Gain Adjust                     4/11/2019   1:19:49 PM       Page 43


*************************************************************************
*****                 A U T O  G A I N   A D J U S T                *****
*************************************************************************

Report Generated On:                               4/11/2019   1:19:49 PM


Status:                                                                 
No AGA results for reporting.


This report is valid only if a Certificate was the source of the true values.


Status:                                                                 
No AGA results for reporting.

