*************************************************************************
*****        G A M M A   S P E C T R U M    A N A L Y S I S         *****
*************************************************************************


Filename: DSA1000A                                                     

Report Generated On             : 4/13/2019  12:25:33 PM

Sample Title                    : Sample title.                          
Sample Description              :                                 
Sample Identification           :                 
Sample Type                     :                 
Sample Geometry                 :                 

Peak Locate Threshold           :  2.50
Peak Locate Range (in channels) :     1 - 65535
Peak Area Range (in channels)   :   100 -  8172
Identification Energy Tolerance :    3.000 keV

Sample Size                     :  1.000E+000 Unit    

Sample Taken On                 :                       
Acquisition Started             : 4/11/2019   1:21:11 PM

Live Time                       :   169146.6 seconds
Real Time                       :   169437.1 seconds

Dead Time                       :   0.17 %


              Energy Calibration Used Done On       : 6/23/2018 
              Efficiency Calibration Used Done On   : 2/21/2019 
              Efficiency ID                         :                        

Peak Analysis Report             4/13/2019  12:25:34 PM            Page  2


**************************************************************************
*****           P E A K    A N A L Y S I S    R E P O R T            *****
**************************************************************************


     Detector Name:  DSA1000A                        
     Sample Title:   Sample title.                                     
     Peak Analysis Performed on:  4/13/2019  12:25:34 PM
               Peak Analysis From Channel:    290
               Peak Analysis To Channel:     8192

   Peak  ROI  ROI    Peak    Energy   FWHM  Net Peak  Net Area  Continuum 
    No. start end  centroid   (keV)   (keV)  Area     Uncert.    Counts 

    1   303-  317   311.52    84.74   1.12      4588.0  290.70   2.76E+004 
    2   317-  327   320.90    87.30   0.80      -390.0  224.55   2.12E+004 
    3   334-  344   340.13    92.54   1.30       984.7  216.87   1.93E+004 
    4   356-  364   360.84    98.19   0.46        12.4  189.47   1.68E+004 
    5   416-  424   419.82   114.29   0.50      -251.6  204.09   1.96E+004 
    6   553-  564   557.46   151.84   0.27       -46.8  263.77   2.77E+004 
    7   663-  670   666.64   181.62   0.27        17.9  183.63   1.67E+004 
    8   673-  689   681.34   185.64   1.06      1419.5  334.00   3.52E+004 
    9   716-  728   720.20   196.24   0.47        77.8  261.34   2.59E+004 
   10   841-  853   844.38   230.12   0.55       182.4  238.43   2.15E+004 
   11   854-  863   859.01   234.11   0.27       -75.1  193.35   1.66E+004 
   12   871-  880   875.41   238.58   1.05      2998.8  201.33   1.66E+004 
   13   882-  894   887.67   241.93   1.22       609.0  236.38   2.10E+004 
   14   985- 1001   994.29   271.01   0.61       754.6  265.34   2.22E+004 
   15  1076- 1091  1082.26   295.02   1.19      2812.1  240.65   1.83E+004 
   16  1160- 1167  1163.73   317.24   0.44       156.6  129.42   8.24E+003 
 M 17  1210- 1233  1213.54   330.83   0.32      -149.0  179.60   4.98E+003 
 m 18  1210- 1233  1231.30   335.68   0.32      -106.5  128.45   4.89E+003 
   19  1235- 1249  1240.17   338.10   0.61       815.2  204.53   1.42E+004 
   20  1265- 1279  1272.59   346.94   0.33        17.3  198.89   1.37E+004 
   21  1281- 1298  1290.44   351.81   1.16      5151.0  238.37   1.59E+004 
   22  1395- 1403  1399.34   381.52   0.30       -30.0  122.52   7.03E+003 
   23  1436- 1448  1442.07   393.18   0.72       148.7  158.94   9.53E+003 
 M 24  1494- 1516  1501.97   409.52   1.29       264.1   78.27   1.14E+004 
 m 25  1494- 1516  1509.89   411.68   1.29      2321.1  106.07   1.06E+004 
   26  1657- 1664  1660.09   452.66   0.46         7.5   99.70   4.93E+003 
   27  1690- 1705  1696.67   462.64   0.72       487.9  173.15   9.81E+003 
   28  1754- 1777  1761.00   480.19   0.36       194.7  233.50   1.36E+004 
   29  1801- 1814  1809.39   493.40   0.27        53.1  145.02   7.60E+003 
   30  1837- 1852  1845.48   503.24   0.46       -94.5  161.15   8.67E+003 
   31  1860- 1883  1873.58   510.91   2.45     11950.4  252.74   1.30E+004 
   32  1954- 1976  1961.08   534.78   0.67       330.4  206.43   1.09E+004 
   33  2012- 2028  2022.88   551.64   0.65       -76.5  155.81   7.77E+003 
   34  2064- 2073  2068.30   564.03   0.46       135.3  101.55   4.50E+003 
   35  2131- 2148  2138.09   583.07   1.40      3240.6  168.84   7.74E+003 
 M 36  2217- 2242  2221.36   605.79   1.45        51.2   33.73   5.50E+003 
 m 37  2217- 2242  2234.00   609.24   1.45      8765.6   75.15   6.46E+003 
   38  2263- 2275  2270.70   619.25   0.74       157.3  114.27   4.90E+003 
   39  2344- 2373  2368.46   645.92   0.33        70.3  227.01   1.08E+004 
   40  2373- 2386  2381.25   649.41   0.42        63.2  118.46   5.06E+003 
   41  2418- 2435  2425.96   661.61   1.45     18554.7  201.06   6.66E+003 
   42  2468- 2481  2474.54   674.86   0.27      -151.1  116.10   4.94E+003 
Peak Analysis Report             4/13/2019  12:25:34 PM            Page  3


   Peak  ROI  ROI    Peak    Energy   FWHM  Net Peak  Net Area  Continuum 
    No. start end  centroid   (keV)   (keV)  Area     Uncert.    Counts 

   43  2515- 2531  2523.95   688.34   0.70        35.9  132.70   5.61E+003 
   44  2568- 2590  2579.49   703.50   0.37        75.6  172.40   7.64E+003 
   45  2616- 2625  2620.68   714.73   0.47        30.2   84.42   3.13E+003 
   46  2660- 2677  2666.12   727.13   1.75       812.4  138.31   5.61E+003 
   47  2765- 2778  2770.66   755.65   0.50       157.5  107.17   4.10E+003 
 M 48  2806- 2844  2817.44   768.42   1.68      1069.4   74.45   5.47E+003 
 m 49  2806- 2844  2832.86   772.62   1.68       302.4   58.49   5.54E+003 
 M 50  2871- 2902  2881.67   785.94   1.57       382.3   65.51   4.98E+003 
 m 51  2871- 2902  2896.03   789.86   1.58       162.4   56.06   4.34E+003 
   52  2909- 2922  2917.22   795.64   0.77       401.1  105.35   3.88E+003 
   53  2949- 2963  2956.88   806.46   0.94       200.9  109.30   4.07E+003 
   54  2991- 3000  2995.91   817.11   0.79        88.3   77.44   2.60E+003 
   55  3146- 3162  3154.65   860.42   1.42       685.9  118.01   4.23E+003 
   56  3228- 3239  3234.68   882.25   0.72       110.2   86.07   2.91E+003 
   57  3308- 3330  3313.93   903.87   0.57        98.3  148.81   5.68E+003 
   58  3331- 3352  3341.86   911.49   1.59      3684.8  152.39   5.20E+003 
   59  3418- 3432  3425.32   934.26   1.69       603.9  103.91   3.53E+003 
   60  3476- 3496  3480.44   949.30   2.11       560.1  132.92   4.70E+003 
   61  3529- 3543  3537.57   964.89   1.52       763.9  102.26   3.37E+003 
   62  3546- 3565  3553.36   969.19   1.66      2118.4  132.48   4.38E+003 
   63  3658- 3677  3670.35  1001.11   0.86       425.3  123.19   4.21E+003 
   64  4096- 4120  4108.71  1120.71   1.69      3833.9  156.33   5.00E+003 
   65  4225- 4250  4237.82  1155.93   1.27       502.6  150.75   5.23E+003 
   66  4293- 4312  4303.00  1173.71   1.20       520.5  122.11   4.10E+003 
   67  4532- 4559  4541.28  1238.72   1.77      1426.9  165.06   5.71E+003 
   68  4688- 4716  4698.38  1281.58   1.31       491.4  136.88   3.94E+003 
   69  4880- 4894  4887.28  1333.12   0.57       261.0   69.78   1.60E+003 
   70  5044- 5066  5053.67  1378.52   1.76      1089.1   92.44   1.92E+003 
   71  5073- 5091  5082.43  1386.36   2.18       229.6   73.17   1.52E+003 
   72  5127- 5150  5140.29  1402.15   1.58       299.9   89.28   1.92E+003 
   73  5157- 5174  5164.76  1408.82   1.68       701.3   70.86   1.32E+003 
   74  5340- 5371  5358.72  1461.74   1.92     64463.0  274.89   2.08E+003 
   75  5409- 5420  5414.78  1477.04   0.78         8.5   35.27   4.93E+002 
   76  5526- 5547  5536.11  1510.14   1.60       426.3   63.25   9.49E+002 
   77  5800- 5817  5808.95  1584.58   1.03        53.2   49.31   7.30E+002 
   78  5818- 5834  5826.37  1589.33   1.57       353.1   50.34   6.92E+002 
   79  5835- 5855  5842.60  1593.76   1.63       485.8   56.74   7.51E+002 
   80  5932- 5957  5945.07  1621.71   1.66       158.8   60.46   8.22E+002 
   81  5957- 5969  5963.69  1626.79   0.32        70.9   31.58   3.52E+002 
   82  5971- 5995  5981.61  1631.68   1.32       304.5   56.09   6.88E+002 
   83  6004- 6018  6012.28  1640.05   1.22        30.0   36.24   4.45E+002 
   84  6030- 6043  6035.27  1646.32   0.33        18.9   33.15   3.91E+002 
   85  6086- 6106  6093.77  1662.28   1.52       256.9   49.82   6.13E+002 
   86  6252- 6263  6257.90  1707.06   0.66         8.6   25.99   2.66E+002 
   87  6329- 6362  6345.58  1730.98   2.12       784.4   74.24   8.96E+002 
   88  6460- 6487  6473.94  1766.00   2.14      4355.2   84.04   6.02E+002 
   89  6548- 6562  6553.71  1787.77   0.32        35.0   30.42   3.06E+002 
   90  6569- 6589  6581.79  1795.42   0.27       -17.7   40.11   4.49E+002 
   91  6766- 6788  6778.19  1849.01   1.94       502.1   50.77   5.35E+002 
   92  6862- 6878  6870.62  1874.23   0.36        80.7   34.40   3.51E+002 
Peak Analysis Report             4/13/2019  12:25:34 PM            Page  4


   Peak  ROI  ROI    Peak    Energy   FWHM  Net Peak  Net Area  Continuum 
    No. start end  centroid   (keV)   (keV)  Area     Uncert.    Counts 

   93  7490- 7504  7496.69  2045.03   0.34        27.5   28.24   2.68E+002 
   94  7610- 7622  7616.67  2077.77   0.42        14.8   24.09   2.12E+002 
   95  7704- 7734  7717.41  2105.25   3.09       740.7   60.89   6.08E+002 
   96  7761- 7787  7775.69  2121.15   2.07       355.4   46.81   4.20E+002 
   97  7996- 8010  8004.20  2183.50   0.32        -7.3   27.54   2.66E+002 
   98  8076- 8102  8088.92  2206.61   1.87      1372.6   58.73   4.74E+002 

M = First peak in a multiplet region
m = Other peak in a multiplet region
F = Fitted singlet

Errors quoted at  1.000 sigma
Nuclide Identification Report        4/13/2019  12:25:34 PM        Page  5


No nuclide identification results available for reporting purposes
*************************************************************************
*****        G A M M A   S P E C T R U M    A N A L Y S I S         *****
*************************************************************************


Filename: DSA1000A                                                     

Report Generated On             : 4/13/2019  12:25:35 PM

Sample Title                    : Sample title.                          
Sample Description              :                                 
Sample Identification           :                 
Sample Type                     :                 
Sample Geometry                 :                 

Peak Locate Threshold           :  2.50
Peak Locate Range (in channels) :     1 - 65535
Peak Area Range (in channels)   :   290 -  8192
Identification Energy Tolerance :    3.000 keV

Sample Size                     :  1.000E+000 Unit    

Sample Taken On                 :                       
Acquisition Started             : 4/11/2019   1:21:11 PM

Live Time                       :   169146.6 seconds
Real Time                       :   169437.1 seconds

Dead Time                       :   0.17 %


              Energy Calibration Used Done On       : 6/23/2018 
              Efficiency Calibration Used Done On   : 2/21/2019 
              Efficiency ID                         :                        

Energy Calibration Report            4/13/2019  12:25:35 PM       Page  6


**************************************************************************
*****       E N E R G Y   C A L I B R A T I O N   R E P O R T        *****
**************************************************************************

     Detector Name:  DSA1000A                        
     Sample Title:   Sample title.                                     

       *************  ENERGY CALIBRATION COEFFICIENTS  *************

               Energy Calibrate Performed on:  6/23/2018  12:56:08 PM
                       by:                       
               Energy Calibrate Type:          POLY    

   Energy(keV) =    -0.253 +     0.273*ch +  0.00E+000*ch^2 +  0.00E+000*ch^3

       *************  SHAPE CALIBRATION COEFFICIENTS   *************

               Shape Calibrate Performed on:  6/23/2018  12:56:08 PM
                       by:                        

               FWHM     =     0.795  +   0.026*E^1/2

               LOW TAIL =   0.0E+000 +  0.0E+000*E

****************     ENERGY CALIBRATION RESULTS TABLE     ****************

                    Centroid      Centroid         Energy
                    Channel       error            (keV )
                      220.59        0.07             60.01
                      317.99        0.02             86.54
                      386.80        0.01            105.31
                      451.84        0.03            122.06
                     2426.14        0.01            661.66
                     3062.96        0.38            834.83

       *********     SHAPE CALIBRATION RESULTS TABLE      *********

             Energy     FWHM       FWHM         TAIL        TAIL
             (keV )     channels   error        channels    error
               60.01      3.13      0.17           0.00      0.00
               86.54      3.87      0.04           0.00      0.00
              105.31      3.88      0.01           0.00      0.00
              122.06      3.92      0.07           0.00      0.00
              661.66      5.34      0.01           0.00      0.00
              834.83      1.36      0.55           0.00      0.00
Efficiency Calibration Report             4/13/2019  12:25:35 PM   Page  7


**************************************************************************
*****   E F F I C I E N C Y   C A L I B R A T I O N    R E P O R T   *****
**************************************************************************

     Detector Name:  DSA1000A                        
     Sample Title:   Sample title.                                     

     Geometry Description:                 
     Efficiency Calibration Performed on:  2/21/2019   3:50:31 PM
                       by:                         
     Geometry Type Used:   INTERPOL        

                            Efficiency Triplets
                            ===================

                   Energy         Efficiency        Error

                     60.01         1.99E-002      1.47E-003
                     86.55         7.35E-002      3.68E-003
                    105.31         9.20E-002      4.60E-003
                    176.33         9.74E-002      4.89E-003
                    427.89         4.81E-002      2.41E-003
                    463.38         4.48E-002      2.26E-003
                    600.56         3.53E-002      1.77E-003
                    606.64         3.50E-002      1.78E-003
                    635.90         3.41E-002      1.72E-003
                    834.85         2.61E-002      1.38E-003
                   1173.24         1.85E-002      9.27E-004
                   1332.50         1.66E-002      8.32E-004

                      DUAL Efficiency Calibration Equation
                      ====================================

         Single Equation Terms ->   Offset:     -594.233
                                     Slope:      481.755
                                 Quadratic:     -156.075
                                     Cubic:       25.207
                                 4th Order:       -2.032
                                 5th Order:        0.065
                                 6th Order:        0.000
                                 7th Order:        0.000
                                 8th Order:        0.000
                                 9th Order:        0.000
Efficiency Calibration Report             4/13/2019  12:25:35 PM   Page  8


                      EMPIRICAL Efficiency Calibration Equation
                      =========================================

      Empirical Equation Terms ->  Scaling:      696.255
                                    Offset:       -3.475
                                     Slope:        0.951
                                 Quadratic:       -0.096
                                     Cubic:       -0.022
                                 4th Order:        0.109
                                 5th Order:       -0.065

                      LINEAR Efficiency Calibration Equation
                      ======================================

         Linear Equation Terms ->   Offset:       -0.000
                                     Slope:       -1.666
                                 Quadratic:      257.368
                                     Cubic:   -32179.611
                                 4th Order:  1699257.375
                                 5th Order:  -41984524.0
                                 6th Order:        0.000
                                 7th Order:        0.000
                                 8th Order:        0.000
                                 9th Order:        0.000
Peak-to-Total Calibration Report          4/13/2019  12:25:35 PM   Page  9


**************************************************************************
**   P E A K - T O - T O T A L   C A L I B R A T I O N   R E P O R T   ***
**************************************************************************

     Detector Name:  DSA1000A                        
     Sample Title:   Sample title.                                     


                  Peak-to-Total Calibration Equation
                  =============================================

                                 No Peak-to-Total Equation

Peak Locate Analysis Report             4/13/2019  12:25:35 PM     Page 10

**************************************************************************
*****             P E A K    L O C A T E    R E P O R T              *****
**************************************************************************

     Detector Name:  DSA1000A                        
     Sample Title:   Sample title.                                     
               Peak Locate Performed on:  4/13/2019  12:25:33 PM
               Peak Locate From Channel:      1
               Peak Locate To Channel:    65535
               Peak Search Sensitivity:     2.50

     Peak   Centroid    Centroid     Energy       Peak
      No.    Channel   Uncertainty   (keV)    Significance

       1      311.52      <NA>         84.74      <NA> 
       2      320.90      <NA>         87.30      <NA> 
       3      340.13      <NA>         92.54      <NA> 
       4      360.84      <NA>         98.19      <NA> 
       5      419.82      <NA>        114.29      <NA> 
       6      557.46      <NA>        151.84      <NA> 
       7      666.64      <NA>        181.62      <NA> 
       8      681.34      <NA>        185.64      <NA> 
       9      720.20      <NA>        196.24      <NA> 
      10      844.38      <NA>        230.12      <NA> 
      11      859.01      <NA>        234.11      <NA> 
      12      875.41      <NA>        238.58      <NA> 
      13      887.67      <NA>        241.93      <NA> 
      14      994.29      <NA>        271.01      <NA> 
      15     1082.26      <NA>        295.02      <NA> 
      16     1163.73      <NA>        317.24      <NA> 
      17     1214.12      <NA>        330.83      <NA> 
      18     1228.59      <NA>        335.68      <NA> 
      19     1240.17      <NA>        338.10      <NA> 
      20     1272.59      <NA>        346.94      <NA> 
      21     1290.44      <NA>        351.81      <NA> 
      22     1399.34      <NA>        381.52      <NA> 
      23     1442.07      <NA>        393.18      <NA> 
      24     1500.00      <NA>        409.52      <NA> 
      25     1510.05      <NA>        411.68      <NA> 
      26     1660.09      <NA>        452.66      <NA> 
      27     1696.67      <NA>        462.64      <NA> 
      28     1761.00      <NA>        480.19      <NA> 
      29     1809.39      <NA>        493.40      <NA> 
      30     1845.48      <NA>        503.24      <NA> 
      31     1873.58      <NA>        510.91      <NA> 
      32     1961.08      <NA>        534.78      <NA> 
      33     2022.88      <NA>        551.64      <NA> 
      34     2068.30      <NA>        564.03      <NA> 
      35     2138.09      <NA>        583.07      <NA> 
      36     2221.74      <NA>        605.79      <NA> 
      37     2234.02      <NA>        609.24      <NA> 
      38     2270.70      <NA>        619.25      <NA> 
      39     2368.46      <NA>        645.92      <NA> 
      40     2381.25      <NA>        649.41      <NA> 
      41     2425.96      <NA>        661.61      <NA> 
Peak Locate Analysis Report             4/13/2019  12:25:35 PM     Page 11


     Peak   Centroid    Centroid     Energy       Peak
      No.    Channel   Uncertainty   (keV)    Significance

      42     2474.54      <NA>        674.86      <NA> 
      43     2523.95      <NA>        688.34      <NA> 
      44     2579.49      <NA>        703.50      <NA> 
      45     2620.68      <NA>        714.73      <NA> 
      46     2666.12      <NA>        727.13      <NA> 
      47     2770.66      <NA>        755.65      <NA> 
      48     2817.23      <NA>        768.42      <NA> 
      49     2833.00      <NA>        772.62      <NA> 
      50     2881.84      <NA>        785.94      <NA> 
      51     2896.39      <NA>        789.86      <NA> 
      52     2917.22      <NA>        795.64      <NA> 
      53     2956.88      <NA>        806.46      <NA> 
      54     2995.91      <NA>        817.11      <NA> 
      55     3154.65      <NA>        860.42      <NA> 
      56     3234.68      <NA>        882.25      <NA> 
      57     3313.93      <NA>        903.87      <NA> 
      58     3341.86      <NA>        911.49      <NA> 
      59     3425.32      <NA>        934.26      <NA> 
      60     3480.44      <NA>        949.30      <NA> 
      61     3537.57      <NA>        964.89      <NA> 
      62     3553.36      <NA>        969.19      <NA> 
      63     3670.35      <NA>       1001.11      <NA> 
      64     4108.71      <NA>       1120.71      <NA> 
      65     4237.82      <NA>       1155.93      <NA> 
      66     4303.00      <NA>       1173.71      <NA> 
      67     4541.28      <NA>       1238.72      <NA> 
      68     4698.38      <NA>       1281.58      <NA> 
      69     4887.28      <NA>       1333.12      <NA> 
      70     5053.67      <NA>       1378.52      <NA> 
      71     5082.43      <NA>       1386.36      <NA> 
      72     5140.29      <NA>       1402.15      <NA> 
      73     5164.76      <NA>       1408.82      <NA> 
      74     5358.72      <NA>       1461.74      <NA> 
      75     5414.78      <NA>       1477.04      <NA> 
      76     5536.11      <NA>       1510.14      <NA> 
      77     5808.95      <NA>       1584.58      <NA> 
      78     5826.37      <NA>       1589.33      <NA> 
      79     5842.60      <NA>       1593.76      <NA> 
      80     5945.07      <NA>       1621.71      <NA> 
      81     5963.69      <NA>       1626.79      <NA> 
      82     5981.61      <NA>       1631.68      <NA> 
      83     6012.28      <NA>       1640.05      <NA> 
      84     6035.27      <NA>       1646.32      <NA> 
      85     6093.77      <NA>       1662.28      <NA> 
      86     6257.90      <NA>       1707.06      <NA> 
      87     6345.58      <NA>       1730.98      <NA> 
      88     6473.94      <NA>       1766.00      <NA> 
      89     6553.71      <NA>       1787.77      <NA> 
      90     6581.79      <NA>       1795.42      <NA> 
      91     6778.19      <NA>       1849.01      <NA> 
Peak Locate Analysis Report             4/13/2019  12:25:35 PM     Page 12


     Peak   Centroid    Centroid     Energy       Peak
      No.    Channel   Uncertainty   (keV)    Significance

      92     6870.62      <NA>       1874.23      <NA> 
      93     7496.69      <NA>       2045.03      <NA> 
      94     7616.67      <NA>       2077.77      <NA> 
      95     7717.41      <NA>       2105.25      <NA> 
      96     7775.69      <NA>       2121.15      <NA> 
      97     8004.20      <NA>       2183.50      <NA> 
      98     8088.92      <NA>       2206.61      <NA> 

? = Adjacent peak noted

Errors quoted at  1.000 sigma
Peak Analysis Report             4/13/2019  12:25:35 PM            Page 13


**************************************************************************
*****           P E A K    A N A L Y S I S    R E P O R T            *****
**************************************************************************


     Detector Name:  DSA1000A                        
     Sample Title:   Sample title.                                     
     Peak Analysis Performed on:  4/13/2019  12:25:34 PM
               Peak Analysis From Channel:    290
               Peak Analysis To Channel:     8192

   Peak  ROI  ROI    Peak    Energy   FWHM  Net Peak  Net Area  Continuum 
    No. start end  centroid   (keV)   (keV)  Area     Uncert.    Counts 

    1   303-  317   311.52    84.74   1.12      4588.0  290.70   2.76E+004 
    2   317-  327   320.90    87.30   0.80      -390.0  224.55   2.12E+004 
    3   334-  344   340.13    92.54   1.30       984.7  216.87   1.93E+004 
    4   356-  364   360.84    98.19   0.46        12.4  189.47   1.68E+004 
    5   416-  424   419.82   114.29   0.50      -251.6  204.09   1.96E+004 
    6   553-  564   557.46   151.84   0.27       -46.8  263.77   2.77E+004 
    7   663-  670   666.64   181.62   0.27        17.9  183.63   1.67E+004 
    8   673-  689   681.34   185.64   1.06      1419.5  334.00   3.52E+004 
    9   716-  728   720.20   196.24   0.47        77.8  261.34   2.59E+004 
   10   841-  853   844.38   230.12   0.55       182.4  238.43   2.15E+004 
   11   854-  863   859.01   234.11   0.27       -75.1  193.35   1.66E+004 
   12   871-  880   875.41   238.58   1.05      2998.8  201.33   1.66E+004 
   13   882-  894   887.67   241.93   1.22       609.0  236.38   2.10E+004 
   14   985- 1001   994.29   271.01   0.61       754.6  265.34   2.22E+004 
   15  1076- 1091  1082.26   295.02   1.19      2812.1  240.65   1.83E+004 
   16  1160- 1167  1163.73   317.24   0.44       156.6  129.42   8.24E+003 
 M 17  1210- 1233  1213.54   330.83   0.32      -149.0  179.60   4.98E+003 
 m 18  1210- 1233  1231.30   335.68   0.32      -106.5  128.45   4.89E+003 
   19  1235- 1249  1240.17   338.10   0.61       815.2  204.53   1.42E+004 
   20  1265- 1279  1272.59   346.94   0.33        17.3  198.89   1.37E+004 
   21  1281- 1298  1290.44   351.81   1.16      5151.0  238.37   1.59E+004 
   22  1395- 1403  1399.34   381.52   0.30       -30.0  122.52   7.03E+003 
   23  1436- 1448  1442.07   393.18   0.72       148.7  158.94   9.53E+003 
 M 24  1494- 1516  1501.97   409.52   1.29       264.1   78.27   1.14E+004 
 m 25  1494- 1516  1509.89   411.68   1.29      2321.1  106.07   1.06E+004 
   26  1657- 1664  1660.09   452.66   0.46         7.5   99.70   4.93E+003 
   27  1690- 1705  1696.67   462.64   0.72       487.9  173.15   9.81E+003 
   28  1754- 1777  1761.00   480.19   0.36       194.7  233.50   1.36E+004 
   29  1801- 1814  1809.39   493.40   0.27        53.1  145.02   7.60E+003 
   30  1837- 1852  1845.48   503.24   0.46       -94.5  161.15   8.67E+003 
   31  1860- 1883  1873.58   510.91   2.45     11950.4  252.74   1.30E+004 
   32  1954- 1976  1961.08   534.78   0.67       330.4  206.43   1.09E+004 
   33  2012- 2028  2022.88   551.64   0.65       -76.5  155.81   7.77E+003 
   34  2064- 2073  2068.30   564.03   0.46       135.3  101.55   4.50E+003 
   35  2131- 2148  2138.09   583.07   1.40      3240.6  168.84   7.74E+003 
 M 36  2217- 2242  2221.36   605.79   1.45        51.2   33.73   5.50E+003 
 m 37  2217- 2242  2234.00   609.24   1.45      8765.6   75.15   6.46E+003 
   38  2263- 2275  2270.70   619.25   0.74       157.3  114.27   4.90E+003 
   39  2344- 2373  2368.46   645.92   0.33        70.3  227.01   1.08E+004 
   40  2373- 2386  2381.25   649.41   0.42        63.2  118.46   5.06E+003 
   41  2418- 2435  2425.96   661.61   1.45     18554.7  201.06   6.66E+003 
   42  2468- 2481  2474.54   674.86   0.27      -151.1  116.10   4.94E+003 
Peak Analysis Report             4/13/2019  12:25:35 PM            Page 14


   Peak  ROI  ROI    Peak    Energy   FWHM  Net Peak  Net Area  Continuum 
    No. start end  centroid   (keV)   (keV)  Area     Uncert.    Counts 

   43  2515- 2531  2523.95   688.34   0.70        35.9  132.70   5.61E+003 
   44  2568- 2590  2579.49   703.50   0.37        75.6  172.40   7.64E+003 
   45  2616- 2625  2620.68   714.73   0.47        30.2   84.42   3.13E+003 
   46  2660- 2677  2666.12   727.13   1.75       812.4  138.31   5.61E+003 
   47  2765- 2778  2770.66   755.65   0.50       157.5  107.17   4.10E+003 
 M 48  2806- 2844  2817.44   768.42   1.68      1069.4   74.45   5.47E+003 
 m 49  2806- 2844  2832.86   772.62   1.68       302.4   58.49   5.54E+003 
 M 50  2871- 2902  2881.67   785.94   1.57       382.3   65.51   4.98E+003 
 m 51  2871- 2902  2896.03   789.86   1.58       162.4   56.06   4.34E+003 
   52  2909- 2922  2917.22   795.64   0.77       401.1  105.35   3.88E+003 
   53  2949- 2963  2956.88   806.46   0.94       200.9  109.30   4.07E+003 
   54  2991- 3000  2995.91   817.11   0.79        88.3   77.44   2.60E+003 
   55  3146- 3162  3154.65   860.42   1.42       685.9  118.01   4.23E+003 
   56  3228- 3239  3234.68   882.25   0.72       110.2   86.07   2.91E+003 
   57  3308- 3330  3313.93   903.87   0.57        98.3  148.81   5.68E+003 
   58  3331- 3352  3341.86   911.49   1.59      3684.8  152.39   5.20E+003 
   59  3418- 3432  3425.32   934.26   1.69       603.9  103.91   3.53E+003 
   60  3476- 3496  3480.44   949.30   2.11       560.1  132.92   4.70E+003 
   61  3529- 3543  3537.57   964.89   1.52       763.9  102.26   3.37E+003 
   62  3546- 3565  3553.36   969.19   1.66      2118.4  132.48   4.38E+003 
   63  3658- 3677  3670.35  1001.11   0.86       425.3  123.19   4.21E+003 
   64  4096- 4120  4108.71  1120.71   1.69      3833.9  156.33   5.00E+003 
   65  4225- 4250  4237.82  1155.93   1.27       502.6  150.75   5.23E+003 
   66  4293- 4312  4303.00  1173.71   1.20       520.5  122.11   4.10E+003 
   67  4532- 4559  4541.28  1238.72   1.77      1426.9  165.06   5.71E+003 
   68  4688- 4716  4698.38  1281.58   1.31       491.4  136.88   3.94E+003 
   69  4880- 4894  4887.28  1333.12   0.57       261.0   69.78   1.60E+003 
   70  5044- 5066  5053.67  1378.52   1.76      1089.1   92.44   1.92E+003 
   71  5073- 5091  5082.43  1386.36   2.18       229.6   73.17   1.52E+003 
   72  5127- 5150  5140.29  1402.15   1.58       299.9   89.28   1.92E+003 
   73  5157- 5174  5164.76  1408.82   1.68       701.3   70.86   1.32E+003 
   74  5340- 5371  5358.72  1461.74   1.92     64463.0  274.89   2.08E+003 
   75  5409- 5420  5414.78  1477.04   0.78         8.5   35.27   4.93E+002 
   76  5526- 5547  5536.11  1510.14   1.60       426.3   63.25   9.49E+002 
   77  5800- 5817  5808.95  1584.58   1.03        53.2   49.31   7.30E+002 
   78  5818- 5834  5826.37  1589.33   1.57       353.1   50.34   6.92E+002 
   79  5835- 5855  5842.60  1593.76   1.63       485.8   56.74   7.51E+002 
   80  5932- 5957  5945.07  1621.71   1.66       158.8   60.46   8.22E+002 
   81  5957- 5969  5963.69  1626.79   0.32        70.9   31.58   3.52E+002 
   82  5971- 5995  5981.61  1631.68   1.32       304.5   56.09   6.88E+002 
   83  6004- 6018  6012.28  1640.05   1.22        30.0   36.24   4.45E+002 
   84  6030- 6043  6035.27  1646.32   0.33        18.9   33.15   3.91E+002 
   85  6086- 6106  6093.77  1662.28   1.52       256.9   49.82   6.13E+002 
   86  6252- 6263  6257.90  1707.06   0.66         8.6   25.99   2.66E+002 
   87  6329- 6362  6345.58  1730.98   2.12       784.4   74.24   8.96E+002 
   88  6460- 6487  6473.94  1766.00   2.14      4355.2   84.04   6.02E+002 
   89  6548- 6562  6553.71  1787.77   0.32        35.0   30.42   3.06E+002 
   90  6569- 6589  6581.79  1795.42   0.27       -17.7   40.11   4.49E+002 
   91  6766- 6788  6778.19  1849.01   1.94       502.1   50.77   5.35E+002 
   92  6862- 6878  6870.62  1874.23   0.36        80.7   34.40   3.51E+002 
Peak Analysis Report             4/13/2019  12:25:35 PM            Page 15


   Peak  ROI  ROI    Peak    Energy   FWHM  Net Peak  Net Area  Continuum 
    No. start end  centroid   (keV)   (keV)  Area     Uncert.    Counts 

   93  7490- 7504  7496.69  2045.03   0.34        27.5   28.24   2.68E+002 
   94  7610- 7622  7616.67  2077.77   0.42        14.8   24.09   2.12E+002 
   95  7704- 7734  7717.41  2105.25   3.09       740.7   60.89   6.08E+002 
   96  7761- 7787  7775.69  2121.15   2.07       355.4   46.81   4.20E+002 
   97  7996- 8010  8004.20  2183.50   0.32        -7.3   27.54   2.66E+002 
   98  8076- 8102  8088.92  2206.61   1.87      1372.6   58.73   4.74E+002 

M = First peak in a multiplet region
m = Other peak in a multiplet region
F = Fitted singlet

Errors quoted at  1.000 sigma
Peak Analysis Report                    4/13/2019  12:25:35 PM          Page 16


*******************************************************************************
*****  S T A N D A R D   V M S   P E A K   A N A L Y S I S   R E P O R T  *****
*******************************************************************************

        Configuration Title:                                         
        Spectrum Title:              Sample title.            
        Peak Analysis Performed on:  4/13/19  12:25:34 PM
        Peak Analysis From Channel:    290    To Channel:     8192
        Peak Search Sensitivity:      2.50    Gaussian Sensitivity:  1.00
        Max Iterations: 15  Fit Singlets: No  Critical Level Test: No 
        Use Fixed FWHM: No  FWHM Reject:  No  FWHM Reject Ratio:  0.00 
        Peak Fit Engine Name: PANOLIN1        Continuum Type: STEP   

   Pk IT  Energy      Area   Bkgnd  FWHM Channel  Left  PW  Cts/Sec  %err   Fit

    1  0    84.74     4588   27614  1.12  311.52   303  15 2.7E-002   6.3   0.0
    2  0    87.30     -390   21199  0.80  320.90   317  11-2.3E-003 -57.6   0.0
    3  0    92.54      985   19324  1.30  340.13   334  11 5.8E-003  22.0   0.0
    4  0    98.19       12   16782  0.46  360.84   356   9 7.3E-005 1526.   0.0
    5  0   114.29     -252   19587  0.50  419.82   416   9-1.5E-003 -81.1   0.0
    6  0   151.84      -47   27731  0.27  557.46   553  12-2.8E-004 -563.   0.0
    7  0   181.62       18   16738  0.27  666.64   663   8 1.1E-004 1028.   0.0
    8  0   185.64     1420   35163  1.06  681.34   673  17 8.4E-003  23.5   0.0
    9  0   196.24       78   25905  0.47  720.20   716  13 4.6E-004 335.7   0.0
   10  0   230.12      182   21515  0.55  844.38   841  13 1.1E-003 130.7   0.0
   11  0   234.11      -75   16570  0.27  859.01   854  10-4.4E-004 -257.   0.0
   12  0   238.58     2999   16586  1.05  875.41   871  10 1.8E-002   6.7   0.0
   13  0   241.93      609   20981  1.22  887.67   882  13 3.6E-003  38.8   0.0
   14  0   271.01      755   22236  0.61  994.29   985  17 4.5E-003  35.2   0.0
   15  0   295.02     2812   18311  1.19 1082.26  1076  16 1.7E-002   8.6   0.0
   16  0   317.24      157    8235  0.44 1163.73  1160   8 9.3E-004  82.6   0.0
 M 17 32   330.83     -149    4984  0.32 1213.54  1210  24-8.8E-004 -120.   1.1
 m 18 32   335.68     -107    4889  0.32 1231.30  1210  24-6.3E-004 -120.   1.1
   19  0   338.10      815   14218  0.61 1240.17  1235  15 4.8E-003  25.1   0.0
   20  0   346.94       17   13722  0.33 1272.59  1265  15 1.0E-004 1150.   0.0
   21  0   351.81     5151   15889  1.16 1290.44  1281  18 3.0E-002   4.6   0.0
   22  0   381.52      -30    7032  0.30 1399.34  1395   9-1.8E-004 -408.   0.0
   23  0   393.18      149    9534  0.72 1442.07  1436  13 8.8E-004 106.9   0.0
 M 24 10   409.52      264   11404  1.29 1501.97  1494  23 1.6E-003  29.6   1.0
 m 25 10   411.68     2321   10630  1.29 1509.89  1494  23 1.4E-002   4.6   1.0
   26  0   452.66        8    4925  0.46 1660.09  1657   8 4.4E-005 1328.   0.0
   27  0   462.64      488    9805  0.72 1696.67  1690  16 2.9E-003  35.5   0.0
   28  0   480.19      195   13560  0.36 1761.00  1754  24 1.2E-003 119.9   0.0
   29  0   493.40       53    7603  0.27 1809.39  1801  14 3.1E-004 273.0   0.0
   30  0   503.24      -95    8673  0.46 1845.48  1837  16-5.6E-004 -170.   0.0
   31  0   510.91    11950   12972  2.45 1873.58  1860  24 7.1E-002   2.1   0.0
   32  0   534.78      330   10890  0.67 1961.08  1954  23 2.0E-003  62.5   0.0
   33  0   551.64      -77    7775  0.65 2022.88  2012  17-4.5E-004 -203.   0.0
   34  0   564.03      135    4496  0.46 2068.30  2064  10 8.0E-004  75.0   0.0
   35  0   583.07     3241    7738  1.40 2138.09  2131  18 1.9E-002   5.2   0.0
 M 36 32   605.79       51    5497  1.45 2221.36  2217  26 3.0E-004  65.9   1.1
 m 37 32   609.24     8766    6455  1.45 2234.00  2217  26 5.2E-002   0.9   1.1
   38  0   619.25      157    4901  0.74 2270.70  2263  13 9.3E-004  72.6   0.0
Peak Analysis Report                    4/13/2019  12:25:35 PM          Page 17


   Pk IT  Energy      Area   Bkgnd  FWHM Channel  Left  PW  Cts/Sec  %err   Fit

   39  0   645.92       70   10828  0.33 2368.46  2344  30 4.2E-004 323.0   0.0
   40  0   649.41       63    5059  0.42 2381.25  2373  14 3.7E-004 187.5   0.0
   41  0   661.61    18555    6657  1.45 2425.96  2418  18 1.1E-001   1.1   0.0
   42  0   674.86     -151    4944  0.27 2474.54  2468  14-8.9E-004 -76.8   0.0
   43  0   688.34       36    5611  0.70 2523.95  2515  17 2.1E-004 370.1   0.0
   44  0   703.50       76    7638  0.37 2579.49  2568  23 4.5E-004 228.0   0.0
   45  0   714.73       30    3135  0.47 2620.68  2616  10 1.8E-004 279.4   0.0
   46  0   727.13      812    5607  1.75 2666.12  2660  18 4.8E-003  17.0   0.0
   47  0   755.65      157    4103  0.50 2770.66  2765  14 9.3E-004  68.0   0.0
 M 48  6   768.42     1069    5475  1.68 2817.44  2806  39 6.3E-003   7.0   1.1
 m 49  6   772.62      302    5540  1.68 2832.86  2806  39 1.8E-003  19.3   1.1
 M 50  6   785.94      382    4985  1.57 2881.67  2871  32 2.3E-003  17.1   0.6
 m 51  6   789.86      162    4344  1.58 2896.03  2871  32 9.6E-004  34.5   0.6
   52  0   795.64      401    3880  0.77 2917.22  2909  14 2.4E-003  26.3   0.0
   53  0   806.46      201    4072  0.94 2956.88  2949  15 1.2E-003  54.4   0.0
   54  0   817.11       88    2603  0.79 2995.91  2991  10 5.2E-004  87.7   0.0
   55  0   860.42      686    4232  1.42 3154.65  3146  17 4.1E-003  17.2   0.0
   56  0   882.25      110    2911  0.72 3234.68  3228  12 6.5E-004  78.1   0.0
   57  0   903.87       98    5680  0.57 3313.93  3308  23 5.8E-004 151.4   0.0
   58  0   911.49     3685    5201  1.59 3341.86  3331  22 2.2E-002   4.1   0.0
   59  0   934.26      604    3531  1.69 3425.32  3418  15 3.6E-003  17.2   0.0
   60  0   949.30      560    4698  2.11 3480.44  3476  21 3.3E-003  23.7   0.0
   61  0   964.89      764    3370  1.52 3537.57  3529  15 4.5E-003  13.4   0.0
   62  0   969.19     2118    4377  1.66 3553.36  3546  20 1.3E-002   6.3   0.0
   63  0  1001.11      425    4213  0.86 3670.35  3658  20 2.5E-003  29.0   0.0
   64  0  1120.71     3834    4995  1.69 4108.71  4096  25 2.3E-002   4.1   0.0
   65  0  1155.93      503    5226  1.27 4237.82  4225  26 3.0E-003  30.0   0.0
   66  0  1173.71      520    4105  1.20 4303.00  4293  20 3.1E-003  23.5   0.0
   67  0  1238.72     1427    5705  1.77 4541.28  4532  28 8.4E-003  11.6   0.0
   68  0  1281.58      491    3936  1.31 4698.38  4688  29 2.9E-003  27.9   0.0
   69  0  1333.12      261    1599  0.57 4887.28  4880  15 1.5E-003  26.7   0.0
   70  0  1378.52     1089    1916  1.76 5053.67  5044  23 6.4E-003   8.5   0.0
   71  0  1386.36      230    1515  2.18 5082.43  5073  19 1.4E-003  31.9   0.0
   72  0  1402.15      300    1917  1.58 5140.29  5127  24 1.8E-003  29.8   0.0
   73  0  1408.82      701    1324  1.68 5164.76  5157  18 4.1E-003  10.1   0.0
   74  0  1461.74    64463    2083  1.92 5358.72  5340  32 3.8E-001   0.4   0.0
   75  0  1477.04        9     493  0.78 5414.78  5409  12 5.0E-005 414.8   0.0
   76  0  1510.14      426     949  1.60 5536.11  5526  22 2.5E-003  14.8   0.0
   77  0  1584.58       53     730  1.03 5808.95  5800  18 3.1E-004  92.6   0.0
   78  0  1589.33      353     692  1.57 5826.37  5818  17 2.1E-003  14.3   0.0
   79  0  1593.76      486     751  1.63 5842.60  5835  21 2.9E-003  11.7   0.0
   80  0  1621.71      159     822  1.66 5945.07  5932  26 9.4E-004  38.1   0.0
   81  0  1626.79       71     352  0.32 5963.69  5957  13 4.2E-004  44.5   0.0
   82  0  1631.68      305     688  1.32 5981.61  5971  25 1.8E-003  18.4   0.0
   83  0  1640.05       30     445  1.22 6012.28  6004  15 1.8E-004 120.9   0.0
   84  0  1646.32       19     391  0.33 6035.27  6030  14 1.1E-004 175.0   0.0
   85  0  1662.28      257     613  1.52 6093.77  6086  21 1.5E-003  19.4   0.0
   86  0  1707.06        9     266  0.66 6257.90  6252  12 5.1E-005 302.8   0.0
   87  0  1730.98      784     896  2.12 6345.58  6329  34 4.6E-003   9.5   0.0
   88  0  1766.00     4355     602  2.14 6473.94  6460  28 2.6E-002   1.9   0.0
   89  0  1787.77       35     306  0.32 6553.71  6548  15 2.1E-004  86.8   0.0
Peak Analysis Report                    4/13/2019  12:25:35 PM          Page 18


   Pk IT  Energy      Area   Bkgnd  FWHM Channel  Left  PW  Cts/Sec  %err   Fit

   90  0  1795.42      -18     449  0.27 6581.79  6569  21-1.0E-004 -226.   0.0
   91  0  1849.01      502     535  1.94 6778.19  6766  23 3.0E-003  10.1   0.0
   92  0  1874.23       81     351  0.36 6870.62  6862  17 4.8E-004  42.6   0.0
   93  0  2045.03       27     268  0.34 7496.69  7490  15 1.6E-004 102.7   0.0
   94  0  2077.77       15     212  0.42 7616.67  7610  13 8.8E-005 162.3   0.0
   95  0  2105.25      741     608  3.09 7717.41  7704  31 4.4E-003   8.2   0.0
   96  0  2121.15      355     420  2.07 7775.69  7761  27 2.1E-003  13.2   0.0
   97  0  2183.50       -7     266  0.32 8004.20  7996  15-4.3E-005 -379.   0.0
   98  0  2206.61     1373     474  1.87 8088.92  8076  27 8.1E-003   4.3   0.0

M = First peak in a multiplet region
m = Other peak in a multiplet region
F = Fitted singlet

Errors quoted at  1.000 sigma
Peak Analysis Report             4/13/2019  12:25:35 PM            Page 19


**************************************************************************
*****           P E A K    A N A L Y S I S    R E P O R T            *****
**************************************************************************


     Detector Name:  DSA1000A                        
     Sample Title:   Sample title.                                     
     Peak Analysis Performed on:  4/13/2019  12:25:34 PM
               Peak Analysis From Channel:    290
               Peak Analysis To Channel:     8192

   Peak  ROI  ROI   Energy   Net Peak Net Area  Continuum  Critical 
    No. start end    (keV)     Area    Uncert.    Counts     Level

    1   303-  317    84.74      4588.0  290.70   2.76E+004  4.65E+002 
    2   317-  327    87.30      -390.0  224.55   2.12E+004  3.71E+002 
    3   334-  344    92.54       984.7  216.87   1.93E+004  3.53E+002 
    4   356-  364    98.19        12.4  189.47   1.68E+004  3.12E+002 
    5   416-  424   114.29      -251.6  204.09   1.96E+004  3.37E+002 
    6   553-  564   151.84       -46.8  263.77   2.77E+004  4.34E+002 
    7   663-  670   181.62        17.9  183.63   1.67E+004  3.02E+002 
    8   673-  689   185.64      1419.5  334.00   3.52E+004  5.46E+002 
    9   716-  728   196.24        77.8  261.34   2.59E+004  4.30E+002 
   10   841-  853   230.12       182.4  238.43   2.15E+004  3.92E+002 
   11   854-  863   234.11       -75.1  193.35   1.66E+004  3.18E+002 
   12   871-  880   238.58      2998.8  201.33   1.66E+004  3.19E+002 
   13   882-  894   241.93       609.0  236.38   2.10E+004  3.87E+002 
   14   985- 1001   271.01       754.6  265.34   2.22E+004  4.34E+002 
   15  1076- 1091   295.02      2812.1  240.65   1.83E+004  3.86E+002 
   16  1160- 1167   317.24       156.6  129.42   8.24E+003  2.12E+002 
 M 17  1210- 1233   330.83      -149.0  179.60   4.98E+003  1.64E+002 
 m 18  1210- 1233   335.68      -106.5  128.45   4.89E+003  1.63E+002 
   19  1235- 1249   338.10       815.2  204.53   1.42E+004  3.33E+002 
   20  1265- 1279   346.94        17.3  198.89   1.37E+004  3.27E+002 
   21  1281- 1298   351.81      5151.0  238.37   1.59E+004  3.74E+002 
   22  1395- 1403   381.52       -30.0  122.52   7.03E+003  2.02E+002 
   23  1436- 1448   393.18       148.7  158.94   9.53E+003  2.61E+002 
 M 24  1494- 1516   409.52       264.1   78.27   1.14E+004  2.48E+002 
 m 25  1494- 1516   411.68      2321.1  106.07   1.06E+004  2.40E+002 
   26  1657- 1664   452.66         7.5   99.70   4.93E+003  1.64E+002 
   27  1690- 1705   462.64       487.9  173.15   9.81E+003  2.83E+002 
   28  1754- 1777   480.19       194.7  233.50   1.36E+004  3.83E+002 
   29  1801- 1814   493.40        53.1  145.02   7.60E+003  2.38E+002 
   30  1837- 1852   503.24       -94.5  161.15   8.67E+003  2.66E+002 
   31  1860- 1883   510.91     11950.4  252.74   1.30E+004  3.75E+002 
   32  1954- 1976   534.78       330.4  206.43   1.09E+004  3.38E+002 
   33  2012- 2028   551.64       -76.5  155.81   7.77E+003  2.57E+002 
   34  2064- 2073   564.03       135.3  101.55   4.50E+003  1.66E+002 
   35  2131- 2148   583.07      3240.6  168.84   7.74E+003  2.61E+002 
 M 36  2217- 2242   605.79        51.2   33.73   5.50E+003  1.72E+002 
 m 37  2217- 2242   609.24      8765.6   75.15   6.46E+003  1.87E+002 
   38  2263- 2275   619.25       157.3  114.27   4.90E+003  1.87E+002 
   39  2344- 2373   645.92        70.3  227.01   1.08E+004  3.73E+002 
   40  2373- 2386   649.41        63.2  118.46   5.06E+003  1.94E+002 
   41  2418- 2435   661.61     18554.7  201.06   6.66E+003  2.43E+002 
   42  2468- 2481   674.86      -151.1  116.10   4.94E+003  1.92E+002 
Peak Analysis Report             4/13/2019  12:25:35 PM            Page 20


   Peak  ROI  ROI   Energy   Net Peak Net Area  Continuum  Critical 
    No. start end    (keV)     Area    Uncert.    Counts     Level

   43  2515- 2531   688.34        35.9  132.70   5.61E+003  2.18E+002 
   44  2568- 2590   703.50        75.6  172.40   7.64E+003  2.83E+002 
   45  2616- 2625   714.73        30.2   84.42   3.13E+003  1.39E+002 
   46  2660- 2677   727.13       812.4  138.31   5.61E+003  2.23E+002 
   47  2765- 2778   755.65       157.5  107.17   4.10E+003  1.75E+002 
 M 48  2806- 2844   768.42      1069.4   74.45   5.47E+003  1.72E+002 
 m 49  2806- 2844   772.62       302.4   58.49   5.54E+003  1.73E+002 
 M 50  2871- 2902   785.94       382.3   65.51   4.98E+003  1.64E+002 
 m 51  2871- 2902   789.86       162.4   56.06   4.34E+003  1.53E+002 
   52  2909- 2922   795.64       401.1  105.35   3.88E+003  1.70E+002 
   53  2949- 2963   806.46       200.9  109.30   4.07E+003  1.78E+002 
   54  2991- 3000   817.11        88.3   77.44   2.60E+003  1.26E+002 
   55  3146- 3162   860.42       685.9  118.01   4.23E+003  1.89E+002 
   56  3228- 3239   882.25       110.2   86.07   2.91E+003  1.41E+002 
   57  3308- 3330   903.87        98.3  148.81   5.68E+003  2.44E+002 
   58  3331- 3352   911.49      3684.8  152.39   5.20E+003  2.30E+002 
   59  3418- 3432   934.26       603.9  103.91   3.53E+003  1.66E+002 
   60  3476- 3496   949.30       560.1  132.92   4.70E+003  2.15E+002 
   61  3529- 3543   964.89       763.9  102.26   3.37E+003  1.62E+002 
   62  3546- 3565   969.19      2118.4  132.48   4.38E+003  2.04E+002 
   63  3658- 3677  1001.11       425.3  123.19   4.21E+003  2.00E+002 
   64  4096- 4120  1120.71      3833.9  156.33   5.00E+003  2.36E+002 
   65  4225- 4250  1155.93       502.6  150.75   5.23E+003  2.45E+002 
   66  4293- 4312  1173.71       520.5  122.11   4.10E+003  1.97E+002 
   67  4532- 4559  1238.72      1426.9  165.06   5.71E+003  2.64E+002 
   68  4688- 4716  1281.58       491.4  136.88   3.94E+003  2.22E+002 
   69  4880- 4894  1333.12       261.0   69.78   1.60E+003  1.12E+002 
   70  5044- 5066  1378.52      1089.1   92.44   1.92E+003  1.42E+002 
   71  5073- 5091  1386.36       229.6   73.17   1.52E+003  1.18E+002 
   72  5127- 5150  1402.15       299.9   89.28   1.92E+003  1.44E+002 
   73  5157- 5174  1408.82       701.3   70.86   1.32E+003  1.08E+002 
   74  5340- 5371  1461.74     64463.0  274.89   2.08E+003  1.73E+002 
   75  5409- 5420  1477.04         8.5   35.27   4.93E+002  5.78E+001 
   76  5526- 5547  1510.14       426.3   63.25   9.49E+002  9.83E+001 
   77  5800- 5817  1584.58        53.2   49.31   7.30E+002  8.02E+001 
   78  5818- 5834  1589.33       353.1   50.34   6.92E+002  7.68E+001 
   79  5835- 5855  1593.76       485.8   56.74   7.51E+002  8.60E+001 
   80  5932- 5957  1621.71       158.8   60.46   8.22E+002  9.73E+001 
   81  5957- 5969  1626.79        70.9   31.58   3.52E+002  5.01E+001 
   82  5971- 5995  1631.68       304.5   56.09   6.88E+002  8.77E+001 
   83  6004- 6018  1640.05        30.0   36.24   4.45E+002  5.89E+001 
   84  6030- 6043  1646.32        18.9   33.15   3.91E+002  5.41E+001 
   85  6086- 6106  1662.28       256.9   49.82   6.13E+002  7.76E+001 
   86  6252- 6263  1707.06         8.6   25.99   2.66E+002  4.25E+001 
   87  6329- 6362  1730.98       784.4   74.24   8.96E+002  1.13E+002 
   88  6460- 6487  1766.00      4355.2   84.04   6.02E+002  8.56E+001 
   89  6548- 6562  1787.77        35.0   30.42   3.06E+002  4.91E+001 
   90  6569- 6589  1795.42       -17.7   40.11   4.49E+002  6.63E+001 
   91  6766- 6788  1849.01       502.1   50.77   5.35E+002  7.49E+001 
   92  6862- 6878  1874.23        80.7   34.40   3.51E+002  5.46E+001 
Peak Analysis Report             4/13/2019  12:25:35 PM            Page 21


   Peak  ROI  ROI   Energy   Net Peak Net Area  Continuum  Critical 
    No. start end    (keV)     Area    Uncert.    Counts     Level

   93  7490- 7504  2045.03        27.5   28.24   2.68E+002  4.56E+001 
   94  7610- 7622  2077.77        14.8   24.09   2.12E+002  3.91E+001 
   95  7704- 7734  2105.25       740.7   60.89   6.08E+002  8.96E+001 
   96  7761- 7787  2121.15       355.4   46.81   4.20E+002  7.05E+001 
   97  7996- 8010  2183.50        -7.3   27.54   2.66E+002  4.55E+001 
   98  8076- 8102  2206.61      1372.6   58.73   4.74E+002  7.50E+001 

M = First peak in a multiplet region
m = Other peak in a multiplet region
F = Fitted singlet

Errors quoted at  1.000 sigma
Peak with NID Report             4/13/2019  12:25:35 PM            Page 22


**************************************************************************
*****           P E A K    W I T H   N I D    R E P O R T            *****
**************************************************************************


     Detector Name:  DSA1000A                        
     Sample Title:   Sample title.                                     
     Peak Analysis Performed on:  4/13/2019  12:25:34 PM
               Peak Analysis From Channel:    290
               Peak Analysis To Channel:     8192
     Tentative NID Library:   C:\GENIE2K\CAMFILES\NAA LIB LONG.NLB     
     Peak Match Tolerance :    3.000 keV

   Peak  ROI  ROI    Peak    Energy   Net Peak Net Area  Continuum  Tentative
    No. Start End  Centroid   (keV)     Area    Uncert.    Counts    Nuclide 

    1   303-  317   311.52    84.74  4.59E+003  290.70   2.76E+004   .....    
    2   317-  327   320.90    87.30 -3.90E+002  224.55   2.12E+004   .....    
    3   334-  344   340.13    92.54  9.85E+002  216.87   1.93E+004   ND-147   
    4   356-  364   360.84    98.19  1.24E+001  189.47   1.68E+004   GD-153   
                                                                     TA-182   
    5   416-  424   419.82   114.29 -2.52E+002  204.09   1.96E+004   LU-177x  
                                                                     LU-177   
    6   553-  564   557.46   151.84 -4.68E+001  263.77   2.77E+004   TA-182   
                                                                     LU-177x  
                                                                     PA-232   
                                                                     TE-131x  
    7   663-  670   666.64   181.62  1.79E+001  183.63   1.67E+004   MO-99    
                                                                     AU-198m  
                                                                     HO-166   
    8   673-  689   681.34   185.64  1.42E+003  334.00   3.52E+004   HO-166   
                                                                     XE-125   
    9   716-  728   720.20   196.24  7.78E+001  261.34   2.59E+004   XE-129m  
                                                                     TB-160   
                                                                     YB-169   
   10   841-  853   844.38   230.12  1.82E+002  238.43   2.15E+004   LU-177x  
   11   854-  863   859.01   234.11 -7.51E+001  193.35   1.66E+004   LU-177x  
                                                                     XE-133m  
   12   871-  880   875.41   238.58  3.00E+003  201.33   1.66E+004   AS-77    
                                                                     TE-131x  
   13   882-  894   887.67   241.93  6.09E+002  236.38   2.10E+004   TE-131x  
                                                                     XE-125   
                                                                     EU-152x  
                                                                     AS-77    
   14   985- 1001   994.29   271.01  7.55E+002  265.34   2.22E+004   .....    
   15  1076- 1091  1082.26   295.02  2.81E+003  240.65   1.83E+004   IR-192   
                                                                     LU-177x  
                                                                     CE-143   
   16  1160- 1167  1163.73   317.24  1.57E+002  129.42   8.24E+003   IR-192   
                                                                     RH-105   
                                                                     LU-177x  
                                                                     CR-51    
 M 17  1210- 1233  1213.54   330.83 -1.49E+002  179.60   4.98E+003   LA-140   
                                                                     IR-194   
 m 18  1210- 1233  1231.30   335.68 -1.07E+002  128.45   4.89E+003   CD-115   
                                                                     TE-131x  
   19  1235- 1249  1240.17   338.10  8.15E+002  204.53   1.42E+004   CD-115   
Peak with NID Report             4/13/2019  12:25:35 PM            Page 23

                                                                     PM-151   
   20  1265- 1279  1272.59   346.94  1.73E+001  198.89   1.37E+004   PT-197m  
                                                                     HF-181   
                                                                     EU-152x  
   21  1281- 1298  1290.44   351.81  5.15E+003  238.37   1.59E+004   .....    
   22  1395- 1403  1399.34   381.52 -3.00E+001  122.52   7.03E+003   BA-133   
   23  1436- 1448  1442.07   393.18  1.49E+002  158.94   9.53E+003   .....    
 M 24  1494- 1516  1501.97   409.52  2.64E+002   78.27   1.14E+004   HO-166   
                                                                     AU-198   
 m 25  1494- 1516  1509.89   411.68  2.32E+003  106.07   1.06E+004   AU-198   
                                                                     HO-166   
                                                                     LU-177x  
   26  1657- 1664  1660.09   452.66  7.51E+000   99.70   4.93E+003   PA-232   
   27  1690- 1705  1696.67   462.64  4.88E+002  173.15   9.81E+003   SB-125   
   28  1754- 1777  1761.00   480.19  1.95E+002  233.50   1.36E+004   W-187    
                                                                     HF-181   
   29  1801- 1814  1809.39   493.40  5.31E+001  145.02   7.60E+003   BA-131   
   30  1837- 1852  1845.48   503.24 -9.45E+001  161.15   8.67E+003   .....    
   31  1860- 1883  1873.58   510.91  1.20E+004  252.74   1.30E+004   AS-71    
                                                                     ZN-65    
   32  1954- 1976  1961.08   534.78  3.30E+002  206.43   1.09E+004   .....    
   33  2012- 2028  2022.88   551.64 -7.65E+001  155.81   7.77E+003   W-187    
                                                                     BR-82x   
   34  2064- 2073  2068.30   564.03  1.35E+002  101.55   4.50E+003   SB-122   
                                                                     CS-134   
   35  2131- 2148  2138.09   583.07  3.24E+003  168.84   7.74E+003   PA-232   
 M 36  2217- 2242  2221.36   605.79  5.12E+001   33.73   5.50E+003   SB-125   
                                                                     CS-134   
                                                                     IR-192   
 m 37  2217- 2242  2234.00   609.24  8.77E+003   75.15   6.46E+003   RU-103   
                                                                     SB-125   
   38  2263- 2275  2270.70   619.25  1.57E+002  114.27   4.90E+003   BR-82x   
                                                                     W-187    
                                                                     AG-110m  
Peak with NID Report             4/13/2019  12:25:35 PM            Page 24


   Peak  ROI  ROI    Peak    Energy   Net Peak Net Area  Continuum  Tentative
    No. start end  centroid   (keV)     Area    Uncert.    Counts    Nuclide 

   39  2344- 2373  2368.46   645.92  7.03E+001  227.01   1.08E+004   SB-124   
                                                                     OS-185   
   40  2373- 2386  2381.25   649.41  6.32E+001  118.46   5.06E+003   .....    
   41  2418- 2435  2425.96   661.61  1.86E+004  201.06   6.66E+003   CE-143   
   42  2468- 2481  2474.54   674.86 -1.51E+002  116.10   4.94E+003   AG-110m  
   43  2515- 2531  2523.95   688.34  3.59E+001  132.70   5.61E+003   AG-110m  
                                                                     W-187    
   44  2568- 2590  2579.49   703.50  7.56E+001  172.40   7.64E+003   NB-94x   
   45  2616- 2625  2620.68   714.73  3.02E+001   84.42   3.13E+003   GE-77    
   46  2660- 2677  2666.12   727.13  8.12E+002  138.31   5.61E+003   IN-114m  
                                                                     ZR-95    
   47  2765- 2778  2770.66   755.65  1.57E+002  107.17   4.10E+003   ZR-95    
 M 48  2806- 2844  2817.44   768.42  1.07E+003   74.45   5.47E+003   .....    
 m 49  2806- 2844  2832.86   772.62  3.02E+002   58.49   5.54E+003   TE-131x  
 M 50  2871- 2902  2881.67   785.94  3.82E+002   65.51   4.98E+003   .....    
 m 51  2871- 2902  2896.03   789.86  1.62E+002   56.06   4.34E+003   .....    
   52  2909- 2922  2917.22   795.64  4.01E+002  105.35   3.88E+003   CS-134   
                                                                     TE-131x  
   53  2949- 2963  2956.88   806.46  2.01E+002  109.30   4.07E+003   Ca-47    
   54  2991- 3000  2995.91   817.11  8.83E+001   77.44   2.60E+003   AG-110m  
                                                                     LA-140   
                                                                     PA-232   
   55  3146- 3162  3154.65   860.42  6.86E+002  118.01   4.23E+003   .....    
   56  3228- 3239  3234.68   882.25  1.10E+002   86.07   2.91E+003   OS-185   
                                                                     AG-110m  
                                                                     TB-160   
   57  3308- 3330  3313.93   903.87  9.83E+001  148.81   5.68E+003   .....    
   58  3331- 3352  3341.86   911.49  3.68E+003  152.39   5.20E+003   .....    
   59  3418- 3432  3425.32   934.26  6.04E+002  103.91   3.53E+003   .....    
   60  3476- 3496  3480.44   949.30  5.60E+002  132.92   4.70E+003   .....    
   61  3529- 3543  3537.57   964.89  7.64E+002  102.26   3.37E+003   EU-152x  
                                                                     TB-160   
   62  3546- 3565  3553.36   969.19  2.12E+003  132.48   4.38E+003   PA-232   
   63  3658- 3677  3670.35  1001.11  4.25E+002  123.19   4.21E+003   .....    
   64  4096- 4120  4108.71  1120.71  3.83E+003  156.33   5.00E+003   SC-46    
                                                                     TA-182   
   65  4225- 4250  4237.82  1155.93  5.03E+002  150.75   5.23E+003   .....    
   66  4293- 4312  4303.00  1173.71  5.20E+002  122.11   4.10E+003   CO-60    
   67  4532- 4559  4541.28  1238.72  1.43E+003  165.06   5.71E+003   .....    
   68  4688- 4716  4698.38  1281.58  4.91E+002  136.88   3.94E+003   .....    
   69  4880- 4894  4887.28  1333.12  2.61E+002   69.78   1.60E+003   CO-60    
   70  5044- 5066  5053.67  1378.52  1.09E+003   92.44   1.92E+003   .....    
   71  5073- 5091  5082.43  1386.36  2.30E+002   73.17   1.52E+003   AG-110m  
   72  5127- 5150  5140.29  1402.15  3.00E+002   89.28   1.92E+003   .....    
   73  5157- 5174  5164.76  1408.82  7.01E+002   70.86   1.32E+003   EU-152x  
   74  5340- 5371  5358.72  1461.74  6.45E+004  274.89   2.08E+003   .....    
   75  5409- 5420  5414.78  1477.04  8.50E+000   35.27   4.93E+002   BR-82x   
   76  5526- 5547  5536.11  1510.14  4.26E+002   63.25   9.49E+002   .....    
   77  5800- 5817  5808.95  1584.58  5.32E+001   49.31   7.30E+002   .....    
   78  5818- 5834  5826.37  1589.33  3.53E+002   50.34   6.92E+002   .....    
   79  5835- 5855  5842.60  1593.76  4.86E+002   56.74   7.51E+002   LA-140   
   80  5932- 5957  5945.07  1621.71  1.59E+002   60.46   8.22E+002   .....    
   81  5957- 5969  5963.69  1626.79  7.09E+001   31.58   3.52E+002   .....    
   82  5971- 5995  5981.61  1631.68  3.05E+002   56.09   6.88E+002   .....    
Peak with NID Report             4/13/2019  12:25:35 PM            Page 25

   83  6004- 6018  6012.28  1640.05  3.00E+001   36.24   4.45E+002   CL-38    
   84  6030- 6043  6035.27  1646.32  1.89E+001   33.15   3.91E+002   .....    
   85  6086- 6106  6093.77  1662.28  2.57E+002   49.82   6.13E+002   .....    
   86  6252- 6263  6257.90  1707.06  8.58E+000   25.99   2.66E+002   .....    
   87  6329- 6362  6345.58  1730.98  7.84E+002   74.24   8.96E+002   .....    
   88  6460- 6487  6473.94  1766.00  4.36E+003   84.04   6.02E+002   .....    
Peak with NID Report             4/13/2019  12:25:35 PM            Page 26


   Peak  ROI  ROI    Peak    Energy   Net Peak Net Area  Continuum  Tentative
    No. start end  centroid   (keV)     Area    Uncert.    Counts    Nuclide 

   89  6548- 6562  6553.71  1787.77  3.50E+001   30.42   3.06E+002   .....    
   90  6569- 6589  6581.79  1795.42 -1.77E+001   40.11   4.49E+002   .....    
   91  6766- 6788  6778.19  1849.01  5.02E+002   50.77   5.35E+002   .....    
   92  6862- 6878  6870.62  1874.23  8.07E+001   34.40   3.51E+002   .....    
   93  7490- 7504  7496.69  2045.03  2.75E+001   28.24   2.68E+002   .....    
   94  7610- 7622  7616.67  2077.77  1.48E+001   24.09   2.12E+002   .....    
   95  7704- 7734  7717.41  2105.25  7.41E+002   60.89   6.08E+002   .....    
   96  7761- 7787  7775.69  2121.15  3.55E+002   46.81   4.20E+002   .....    
   97  7996- 8010  8004.20  2183.50 -7.25E+000   27.54   2.66E+002   .....    
   98  8076- 8102  8088.92  2206.61  1.37E+003   58.73   4.74E+002   .....    

M = First peak in a multiplet region
m = Other peak in a multiplet region
F = Fitted singlet

Errors quoted at  1.000 sigma
Peak Efficiency Report             4/13/2019  12:25:35 PM          Page 27


**************************************************************************
*****         P E A K    E F F I C I E N C Y    R E P O R T          *****
**************************************************************************

     Detector Name:  DSA1000A                        
     Sample Title:   Sample title.                                     
     Peak Analysis Performed on:  4/13/2019  12:25:34 PM


 Peak  Energy   Net Peak  Net Area       Peak     Efficiency
 No.   (keV)      Area   Uncertainty  Efficiency  Uncertainty

    1    84.74  4.59E+003   290.70     6.82E-002    3.49E-003
    2    87.30 -3.90E+002   224.55     7.43E-002    3.71E-003
    3    92.54  9.85E+002   216.87     7.94E-002    3.97E-003
    4    98.19  1.24E+001   189.47     8.49E-002    4.25E-003
    5   114.29 -2.52E+002   204.09     9.29E-002    4.65E-003
    6   151.84 -4.68E+001   263.77     9.58E-002    4.80E-003
    7   181.62  1.79E+001   183.63     9.51E-002    4.77E-003
    8   185.64  1.42E+003   334.00     9.35E-002    4.69E-003
    9   196.24  7.78E+001   261.34     8.95E-002    4.49E-003
   10   230.12  1.82E+002   238.43     7.88E-002    3.95E-003
   11   234.11 -7.51E+001   193.35     7.78E-002    3.90E-003
   12   238.58  3.00E+003   201.33     7.66E-002    3.84E-003
   13   241.93  6.09E+002   236.38     7.57E-002    3.80E-003
   14   271.01  7.55E+002   265.34     6.92E-002    3.47E-003
   15   295.02  2.81E+003   240.65     6.47E-002    3.24E-003
   16   317.24  1.57E+002   129.42     6.11E-002    3.06E-003
 M 17   330.83 -1.49E+002   179.60     5.91E-002    2.96E-003
 m 18   335.68 -1.07E+002   128.45     5.84E-002    2.93E-003
   19   338.10  8.15E+002   204.53     5.80E-002    2.91E-003
   20   346.94  1.73E+001   198.89     5.69E-002    2.85E-003
   21   351.81  5.15E+003   238.37     5.62E-002    2.82E-003
   22   381.52 -3.00E+001   122.52     5.27E-002    2.64E-003
   23   393.18  1.49E+002   158.94     5.15E-002    2.58E-003
 M 24   409.52  2.64E+002    78.27     4.98E-002    2.50E-003
 m 25   411.68  2.32E+003   106.07     4.96E-002    2.49E-003
   26   452.66  7.51E+000    99.70     4.58E-002    2.30E-003
   27   462.64  4.88E+002   173.15     4.49E-002    2.26E-003
   28   480.19  1.95E+002   233.50     4.34E-002    2.18E-003
   29   493.40  5.31E+001   145.02     4.23E-002    2.13E-003
   30   503.24 -9.45E+001   161.15     4.15E-002    2.09E-003
   31   510.91  1.20E+004   252.74     4.10E-002    2.06E-003
   32   534.78  3.30E+002   206.43     3.93E-002    1.97E-003
   33   551.64 -7.65E+001   155.81     3.82E-002    1.92E-003
   34   564.03  1.35E+002   101.55     3.74E-002    1.88E-003
   35   583.07  3.24E+003   168.84     3.63E-002    1.82E-003
 M 36   605.79  5.12E+001    33.73     3.51E-002    1.78E-003
 m 37   609.24  8.77E+003    75.15     3.50E-002    1.77E-003
   38   619.25  1.57E+002   114.27     3.46E-002    1.75E-003
   39   645.92  7.03E+001   227.01     3.36E-002    1.70E-003
   40   649.41  6.32E+001   118.46     3.34E-002    1.69E-003
   41   661.61  1.86E+004   201.06     3.28E-002    1.67E-003
   42   674.86 -1.51E+002   116.10     3.22E-002    1.64E-003
Peak Efficiency Report             4/13/2019  12:25:35 PM          Page 28


 Peak  Energy   Net Peak  Net Area       Peak     Efficiency
 No.   (keV)      Area   Uncertainty  Efficiency  Uncertainty

   43   688.34  3.59E+001   132.70     3.16E-002    1.61E-003
   44   703.50  7.56E+001   172.40     3.09E-002    1.59E-003
   45   714.73  3.02E+001    84.42     3.04E-002    1.57E-003
   46   727.13  8.12E+002   138.31     2.99E-002    1.54E-003
   47   755.65  1.57E+002   107.17     2.88E-002    1.49E-003
 M 48   768.42  1.07E+003    74.45     2.83E-002    1.47E-003
 m 49   772.62  3.02E+002    58.49     2.82E-002    1.47E-003
 M 50   785.94  3.82E+002    65.51     2.77E-002    1.45E-003
 m 51   789.86  1.62E+002    56.06     2.76E-002    1.44E-003
   52   795.64  4.01E+002   105.35     2.74E-002    1.43E-003
   53   806.46  2.01E+002   109.30     2.70E-002    1.42E-003
   54   817.11  8.83E+001    77.44     2.67E-002    1.40E-003
   55   860.42  6.86E+002   118.01     2.54E-002    1.33E-003
   56   882.25  1.10E+002    86.07     2.47E-002    1.29E-003
   57   903.87  9.83E+001   148.81     2.41E-002    1.26E-003
   58   911.49  3.68E+003   152.39     2.39E-002    1.24E-003
   59   934.26  6.04E+002   103.91     2.33E-002    1.21E-003
   60   949.30  5.60E+002   132.92     2.30E-002    1.19E-003
   61   964.89  7.64E+002   102.26     2.26E-002    1.16E-003
   62   969.19  2.12E+003   132.48     2.25E-002    1.16E-003
   63  1001.11  4.25E+002   123.19     2.18E-002    1.11E-003
   64  1120.71  3.83E+003   156.33     1.94E-002    9.77E-004
   65  1155.93  5.03E+002   150.75     1.88E-002    9.43E-004
   66  1173.71  5.20E+002   122.11     1.85E-002    9.26E-004
   67  1238.72  1.43E+003   165.06     1.77E-002    8.85E-004
   68  1281.58  4.91E+002   136.88     1.72E-002    8.60E-004
   69  1333.12  2.61E+002    69.78     1.66E-002    8.32E-004
   70  1378.52  1.09E+003    92.44     1.66E-002    8.32E-004
   71  1386.36  2.30E+002    73.17     1.66E-002    8.32E-004
   72  1402.15  3.00E+002    89.28     1.66E-002    8.32E-004
   73  1408.82  7.01E+002    70.86     1.66E-002    8.32E-004
   74  1461.74  6.45E+004   274.89     1.66E-002    8.32E-004
   75  1477.04  8.50E+000    35.27     1.66E-002    8.32E-004
   76  1510.14  4.26E+002    63.25     1.66E-002    8.32E-004
   77  1584.58  5.32E+001    49.31     1.66E-002    8.32E-004
   78  1589.33  3.53E+002    50.34     1.66E-002    8.32E-004
   79  1593.76  4.86E+002    56.74     1.66E-002    8.32E-004
   80  1621.71  1.59E+002    60.46     1.66E-002    8.32E-004
   81  1626.79  7.09E+001    31.58     1.66E-002    8.32E-004
   82  1631.68  3.05E+002    56.09     1.66E-002    8.32E-004
   83  1640.05  3.00E+001    36.24     1.66E-002    8.32E-004
   84  1646.32  1.89E+001    33.15     1.66E-002    8.32E-004
   85  1662.28  2.57E+002    49.82     1.66E-002    8.32E-004
   86  1707.06  8.58E+000    25.99     1.66E-002    8.32E-004
   87  1730.98  7.84E+002    74.24     1.66E-002    8.32E-004
   88  1766.00  4.36E+003    84.04     1.66E-002    8.32E-004
   89  1787.77  3.50E+001    30.42     1.66E-002    8.32E-004
   90  1795.42 -1.77E+001    40.11     1.66E-002    8.32E-004
   91  1849.01  5.02E+002    50.77     1.66E-002    8.32E-004
   92  1874.23  8.07E+001    34.40     1.66E-002    8.32E-004
Peak Efficiency Report             4/13/2019  12:25:35 PM          Page 29


 Peak  Energy   Net Peak  Net Area       Peak     Efficiency
 No.   (keV)      Area   Uncertainty  Efficiency  Uncertainty

   93  2045.03  2.75E+001    28.24     1.66E-002    8.32E-004
   94  2077.77  1.48E+001    24.09     1.66E-002    8.32E-004
   95  2105.25  7.41E+002    60.89     1.66E-002    8.32E-004
   96  2121.15  3.55E+002    46.81     1.66E-002    8.32E-004
   97  2183.50 -7.25E+000    27.54     1.66E-002    8.32E-004
   98  2206.61  1.37E+003    58.73     1.66E-002    8.32E-004


M = First peak in a multiplet region
m = Other peak in a multiplet region
F = Fitted singlet

Errors quoted at  1.000 sigma
Background Subtract Report             4/13/2019  12:25:35 PM      Page 30

No background subtract performed on this spectrum.
No area correction performed on this spectrum.
Nuclide Identification Report        4/13/2019  12:25:35 PM        Page 31


*************************************************************************
*****   N U C L I D E   I D E N T I F I C A T I O N   R E P O R T   *****
*************************************************************************

     Sample Title:         Sample title.                           
     Nuclide Library Used: C:\GENIE2K\CAMFILES\MGS_2_Cal_and_Au_Act

   ....................    IDENTIFIED NUCLIDES     ....................

   Nuclide    Id       Energy   Yield     Activity     Activity
   Name    Confidence  (keV)     (%)     (uCi/Unit)   Uncertainty

   CO-60     0.995   1173.24*   99.90    4.496E-006   1.078E-006
                     1332.50*   99.98    2.509E-006   6.825E-007
   Eu-155    0.307     60.01     1.22
                       86.55*   30.70   -2.734E-006   1.580E-006
                      105.31    21.10
   AU-198    1.000    411.80*   95.58    9.956E-006   6.752E-007

       * = Energy line found in the spectrum.
       Energy Tolerance :    3.000 keV
       Nuclide confidence index threshold =   0.05
       Errors quoted at  1.000 sigma

Nuclide Identification Report        4/13/2019  12:25:35 PM        Page 32


   **********   U N I D E N T I F I E D   P E A K S   **********

               Peak Locate Performed on:  4/13/2019  12:25:33 PM
               Peak Locate From Channel:      1
               Peak Locate To Channel:    65535

       Peak   Energy           Peak Size in        Peak CPS
        No.   (keV)          Counts per Second   % Uncertainty

         1    84.74             2.7124E-002           6.34
         3    92.54             5.8217E-003          22.02
         4    98.19             7.3392E-005        1526.26
         5   114.29            -1.4876E-003         -81.11
         6   151.84            -2.7681E-004        -563.35
         7   181.62             1.0557E-004        1028.33
         8   185.64             8.3922E-003          23.53
         9   196.24             4.6021E-004         335.73
        10   230.12             1.0785E-003         130.71
        11   234.11            -4.4418E-004        -257.35
        12   238.58             1.7729E-002           6.71
        13   241.93             3.6004E-003          38.81
        14   271.01             4.4613E-003          35.16
        15   295.02             1.6625E-002           8.56
        16   317.24             9.2592E-004          82.63
      M 17   330.83            -8.8103E-004        -120.52
      m 18   335.68            -6.2965E-004        -120.61
        19   338.10             4.8196E-003          25.09
        20   346.94             1.0218E-004        1150.75
        21   351.81             3.0453E-002           4.63
        22   381.52            -1.7754E-004        -407.97
        23   393.18             8.7929E-004         106.87
      M 24   409.52             1.5615E-003          29.63
        26   452.66             4.4386E-005        1327.95
        27   462.64             2.8847E-003          35.49
        28   480.19             1.1510E-003         119.94
        29   493.40             3.1400E-004         273.04
        30   503.24            -5.5881E-004        -170.49
        31   510.91             7.0651E-002           2.11
        32   534.78             1.9534E-003          62.48
        33   551.64            -4.5256E-004        -203.55
        34   564.03             7.9998E-004          75.05
        35   583.07             1.9158E-002           5.21
      M 36   605.79             3.0253E-004          65.92
      m 37   609.24             5.1823E-002           0.86
        38   619.25             9.3016E-004          72.63
        39   645.92             4.1556E-004         322.96
        40   649.41             3.7345E-004         187.53
        41   661.61             1.0970E-001           1.08
        42   674.86            -8.9318E-004         -76.85
        43   688.34             2.1197E-004         370.11
        44   703.50             4.4693E-004         228.04
        45   714.73             1.7862E-004         279.42
        46   727.13             4.8027E-003          17.03
        47   755.65             9.3108E-004          68.05
      M 48   768.42             6.3221E-003           6.96
      m 49   772.62             1.7879E-003          19.34
      M 50   785.94             2.2600E-003          17.14
Nuclide Identification Report        4/13/2019  12:25:35 PM        Page 33

      m 51   789.86             9.6007E-004          34.52
Nuclide Identification Report        4/13/2019  12:25:35 PM        Page 34


       Peak   Energy               Peak Size in        Peak CPS
        No.   (keV)    Channel   Counts per Second   % Uncertainty

        52   795.64             2.3711E-003          26.27
        53   806.46             1.1878E-003          54.40
        54   817.11             5.2205E-004          87.69
        55   860.42             4.0550E-003          17.20
        56   882.25             6.5180E-004          78.07
        57   903.87             5.8122E-004         151.36
        58   911.49             2.1785E-002           4.14
        59   934.26             3.5704E-003          17.21
        60   949.30             3.3111E-003          23.73
        61   964.89             4.5160E-003          13.39
        62   969.19             1.2524E-002           6.25
        63  1001.11             2.5145E-003          28.96
        64  1120.71             2.2666E-002           4.08
        65  1155.93             2.9712E-003          29.99
        67  1238.72             8.4357E-003          11.57
        68  1281.58             2.9051E-003          27.85
        70  1378.52             6.4387E-003           8.49
        71  1386.36             1.3571E-003          31.87
        72  1402.15             1.7732E-003          29.77
        73  1408.82             4.1463E-003          10.10
        74  1461.74             3.8111E-001           0.43
        75  1477.04             5.0276E-005         414.77
        76  1510.14             2.5201E-003          14.84
        77  1584.58             3.1473E-004          92.62
        78  1589.33             2.0876E-003          14.26
        79  1593.76             2.8720E-003          11.68
        80  1621.71             9.3912E-004          38.06
        81  1626.79             4.1914E-004          44.55
        82  1631.68             1.8002E-003          18.42
        83  1640.05             1.7723E-004         120.89
        84  1646.32             1.1202E-004         174.97
        85  1662.28             1.5186E-003          19.40
        86  1707.06             5.0736E-005         302.82
        87  1730.98             4.6372E-003           9.46
        88  1766.00             2.5748E-002           1.93
        89  1787.77             2.0715E-004          86.83
        90  1795.42            -1.0462E-004        -226.67
        91  1849.01             2.9682E-003          10.11
        92  1874.23             4.7704E-004          42.63
        93  2045.03             1.6252E-004         102.72
        94  2077.77             8.7762E-005         162.26
        95  2105.25             4.3791E-003           8.22
        96  2121.15             2.1009E-003          13.17
        97  2183.50            -4.2862E-005        -379.84
        98  2206.61             8.1147E-003           4.28

       M = First peak in a multiplet region
       m = Other peak in a multiplet region
       F = Fitted singlet

       Errors quoted at  1.000 sigma
Interference Corrected Activity Report    4/13/2019  12:25:35 PM   Page 35


*************************************************************************
*****   N U C L I D E   I D E N T I F I C A T I O N   R E P O R T   *****
*************************************************************************

     Sample Title:         Sample title.                           
     Nuclide Library Used: C:\GENIE2K\CAMFILES\MGS_2_Cal_and_Au_Act

   ....................    IDENTIFIED NUCLIDES     ....................

   Nuclide    Id       Energy    Yield     Activity     Activity
   Name    Confidence  (keV)      (%)     (uCi/Unit)   Uncertainty

   CO-60     0.995   1173.24*    99.90   4.49570E-006  1.07845E-006
                     1332.50*    99.98   2.50917E-006  6.82531E-007
   Eu-155    0.307     60.01      1.22
                       86.55*    30.70  -2.73365E-006  1.57992E-006
                      105.31     21.10
   AU-198    1.000    411.80*    95.58   9.95577E-006  6.75177E-007

       * = Energy line found in the spectrum.
       @ = Energy line not used for Weighted Mean Activity
       Energy Tolerance :    3.000 keV
       Nuclide confidence index threshold =   0.05
       Errors quoted at  1.000 sigma

Interference Corrected Activity Report    4/13/2019  12:25:35 PM   Page 36


*************************************************************************
*****   I N T E R F E R E N C E   C O R R E C T E D   R E P O R T   *****
*************************************************************************


                 Nuclide       Wt mean         Wt mean
       Nuclide     Id          Activity        Activity
       Name     Confidence    (uCi/Unit)      Uncertainty

       CO-60      0.995      3.077293E-006   5.767332E-007
       Eu-155     0.307     -2.733650E-006   1.579921E-006
       AU-198     1.000      9.955767E-006   6.751770E-007

       ? = nuclide is part of an undetermined solution
       X = nuclide rejected by the interference analysis
       @ = nuclide contains energy lines not used in Weighted Mean Activity

       Errors quoted at  1.000 sigma

Interference Corrected Activity Report    4/13/2019  12:25:35 PM   Page 37


   **********   U N I D E N T I F I E D   P E A K S   **********

               Peak Locate Performed on:  4/13/2019  12:25:33 PM
               Peak Locate From Channel:      1
               Peak Locate To Channel:    65535

       Peak   Energy           Peak Size in        Peak CPS
        No.   (keV)          Counts per Second   % Uncertainty

         1    84.74             2.7124E-002           6.34
         3    92.54             5.8217E-003          22.02
         4    98.19             7.3392E-005        1526.26
         5   114.29            -1.4876E-003         -81.11
         6   151.84            -2.7681E-004        -563.35
         7   181.62             1.0557E-004        1028.33
         8   185.64             8.3922E-003          23.53
         9   196.24             4.6021E-004         335.73
        10   230.12             1.0785E-003         130.71
        11   234.11            -4.4418E-004        -257.35
        12   238.58             1.7729E-002           6.71
        13   241.93             3.6004E-003          38.81
        14   271.01             4.4613E-003          35.16
        15   295.02             1.6625E-002           8.56
        16   317.24             9.2592E-004          82.63
      M 17   330.83            -8.8103E-004        -120.52
      m 18   335.68            -6.2965E-004        -120.61
        19   338.10             4.8196E-003          25.09
        20   346.94             1.0218E-004        1150.75
        21   351.81             3.0453E-002           4.63
        22   381.52            -1.7754E-004        -407.97
        23   393.18             8.7929E-004         106.87
      M 24   409.52             1.5615E-003          29.63
        26   452.66             4.4386E-005        1327.95
        27   462.64             2.8847E-003          35.49
        28   480.19             1.1510E-003         119.94
        29   493.40             3.1400E-004         273.04
        30   503.24            -5.5881E-004        -170.49
        31   510.91             7.0651E-002           2.11
        32   534.78             1.9534E-003          62.48
        33   551.64            -4.5256E-004        -203.55
        34   564.03             7.9998E-004          75.05
        35   583.07             1.9158E-002           5.21
      M 36   605.79             3.0253E-004          65.92
      m 37   609.24             5.1823E-002           0.86
        38   619.25             9.3016E-004          72.63
        39   645.92             4.1556E-004         322.96
        40   649.41             3.7345E-004         187.53
        41   661.61             1.0970E-001           1.08
        42   674.86            -8.9318E-004         -76.85
        43   688.34             2.1197E-004         370.11
        44   703.50             4.4693E-004         228.04
        45   714.73             1.7862E-004         279.42
        46   727.13             4.8027E-003          17.03
        47   755.65             9.3108E-004          68.05
      M 48   768.42             6.3221E-003           6.96
      m 49   772.62             1.7879E-003          19.34
      M 50   785.94             2.2600E-003          17.14
Interference Corrected Activity Report    4/13/2019  12:25:35 PM   Page 38

      m 51   789.86             9.6007E-004          34.52
Interference Corrected Activity Report    4/13/2019  12:25:35 PM   Page 39


       Peak   Energy               Peak Size in        Peak CPS
        No.   (keV)    Channel   Counts per Second   % Uncertainty

        52   795.64             2.3711E-003          26.27
        53   806.46             1.1878E-003          54.40
        54   817.11             5.2205E-004          87.69
        55   860.42             4.0550E-003          17.20
        56   882.25             6.5180E-004          78.07
        57   903.87             5.8122E-004         151.36
        58   911.49             2.1785E-002           4.14
        59   934.26             3.5704E-003          17.21
        60   949.30             3.3111E-003          23.73
        61   964.89             4.5160E-003          13.39
        62   969.19             1.2524E-002           6.25
        63  1001.11             2.5145E-003          28.96
        64  1120.71             2.2666E-002           4.08
        65  1155.93             2.9712E-003          29.99
        67  1238.72             8.4357E-003          11.57
        68  1281.58             2.9051E-003          27.85
        70  1378.52             6.4387E-003           8.49
        71  1386.36             1.3571E-003          31.87
        72  1402.15             1.7732E-003          29.77
        73  1408.82             4.1463E-003          10.10
        74  1461.74             3.8111E-001           0.43
        75  1477.04             5.0276E-005         414.77
        76  1510.14             2.5201E-003          14.84
        77  1584.58             3.1473E-004          92.62
        78  1589.33             2.0876E-003          14.26
        79  1593.76             2.8720E-003          11.68
        80  1621.71             9.3912E-004          38.06
        81  1626.79             4.1914E-004          44.55
        82  1631.68             1.8002E-003          18.42
        83  1640.05             1.7723E-004         120.89
        84  1646.32             1.1202E-004         174.97
        85  1662.28             1.5186E-003          19.40
        86  1707.06             5.0736E-005         302.82
        87  1730.98             4.6372E-003           9.46
        88  1766.00             2.5748E-002           1.93
        89  1787.77             2.0715E-004          86.83
        90  1795.42            -1.0462E-004        -226.67
        91  1849.01             2.9682E-003          10.11
        92  1874.23             4.7704E-004          42.63
        93  2045.03             1.6252E-004         102.72
        94  2077.77             8.7762E-005         162.26
        95  2105.25             4.3791E-003           8.22
        96  2121.15             2.1009E-003          13.17
        97  2183.50            -4.2862E-005        -379.84
        98  2206.61             8.1147E-003           4.28

       M = First peak in a multiplet region
       m = Other peak in a multiplet region
       F = Fitted singlet

       Errors quoted at  1.000 sigma
Nuclide MDA Report                      4/13/2019  12:25:35 PM     Page 40


No MDA analysis results available for reporting purposes
Nuclide MDA Report                      4/13/2019  12:25:35 PM     Page 41


No MDA analysis results available for reporting purposes
Action Level Summary Report             4/13/2019  12:25:35 PM     Page 42


No Action Level results available for reporting purposes
Auto Gain Adjust                     4/13/2019  12:25:35 PM       Page 43


*************************************************************************
*****                 A U T O  G A I N   A D J U S T                *****
*************************************************************************

Report Generated On:                               4/13/2019  12:25:35 PM


Status:                                                                 
No AGA results for reporting.


This report is valid only if a Certificate was the source of the true values.


Status:                                                                 
No AGA results for reporting.

